<?xml version='1.0' encoding='UTF-8'?>
<dataset>
  <CORE_DETAILS ID="-44" FIRST_NAME="Bronwen" TITLE="Mrs" PREF_GIVEN_NAME="Bronwen Cassidy" SECOND_NAME="Cassidy"/>
  <USERS CD_ID="-44" ID="-44" USER_TYPE="SYSTEMSUBJECT" IS_ACTIVE="T" IS_ROOT="F"/>
  <NODES ID="-33" NODE_TYPE="S" IS_ACTIVE="T"/>
  <NODES ID="-26" NODE_TYPE="Q" IS_ACTIVE="T"/>
  <NODES ID="-27" NODE_TYPE="Q" IS_ACTIVE="T"/>
  <NODES ID="-28" NODE_TYPE="Q" IS_ACTIVE="T"/>
  <NODES ID="-29" NODE_TYPE="Q" IS_ACTIVE="T"/>
  <NODES ID="-30" NODE_TYPE="Q" IS_ACTIVE="T"/>
  <LOGINS USER_ID="-44" USERNAME="bcassidy12" PASSWORD="786744FA2FE0D56A5FDA1DB8356B83C8" EXPIRES="2020-06-21 00:00:00.0" LOCKED="F" FORCE_PWD_CHANGE="F"/>
  <SUBJECTS CD_ID="-44" NODE_ID="-33" USER_ID="-44"/>
  <SUBJECT_ASSOCIATIONS VALUE_ID="402" ID="164" POSITION_ID="1" SUBJECT_ID="-33"/>
  <QUE_DEFINITIONS ID="-11" LABEL="Manager Evaluation2" TITLE="Performance Management"/>
  <QUE_DEFINITIONS ID="-12" LABEL="General Evaluation2" TITLE="Performance Management"/>
  <PERFORMANCE_REVIEWS ID="-4" LABEL="Self Appraisals Q1-1" STATUS="PENDING"/>
  <QUE_WORKFLOWS ID="5" QD_ID="-11" PERFORMANCE_ID="-4" WORKFLOW_TYPE="PERFORMANCE_REVIEW_MANAGER" LABEL="Manager Evaluation Self Appraisals Q1" USER_ID="-44" EXPIRED_DATE="[NULL]" STATUS="COMPLETED" INDIVIDUAL_READ='F' INDIVIDUAL_WRITE='F' MANAGER_READ='F' MANAGER_WRITE='F'/>
  <QUE_WORKFLOWS ID="6" QD_ID="-12" PERFORMANCE_ID="-4" WORKFLOW_TYPE="PERFORMANCE_REVIEW_EVALUATOR" LABEL="General Evaluation Self Appraisals Q1" USER_ID="-44" EXPIRED_DATE="[NULL]" STATUS="COMPLETED" INDIVIDUAL_READ='F' INDIVIDUAL_WRITE='F' MANAGER_READ='F' MANAGER_WRITE='F'/>
  <QUE_WORKFLOWS ID="14" QD_ID="-12" WORKFLOW_TYPE="QUESTIONNARE_GENERAL" LABEL="Test Ordering" USER_ID="-44" EXPIRED_DATE="[CURRENT_DATE]" STATUS="PUBLISHED" INDIVIDUAL_READ='F' INDIVIDUAL_WRITE='F' MANAGER_READ='F' MANAGER_WRITE='F'/>
  <QUE_WORKFLOWS ID="15" QD_ID="-12" WORKFLOW_TYPE="INFO_FORM" LABEL="Info Form 1" USER_ID="-44" EXPIRED_DATE="[CURRENT_DATE]" STATUS="PUBLISHED" INDIVIDUAL_READ='T' INDIVIDUAL_WRITE='T' MANAGER_READ='T' MANAGER_WRITE='T'/>
  <QUE_WORKFLOWS ID="16" QD_ID="-12" WORKFLOW_TYPE="INFO_FORM" LABEL="Info Form 2" USER_ID="-44" EXPIRED_DATE="[NULL]" STATUS="PUBLISHED" INDIVIDUAL_READ='T' INDIVIDUAL_WRITE='T' MANAGER_READ='F' MANAGER_WRITE='F'/>
  <QUE_WORKFLOWS ID="17" QD_ID="-12" WORKFLOW_TYPE="INFO_FORM" LABEL="Info Form 3 (Expired)" USER_ID="-44" EXPIRED_DATE="2006-01-31 00:00:00.0" STATUS="PUBLISHED" INDIVIDUAL_READ='F' INDIVIDUAL_WRITE='F' MANAGER_READ='T' MANAGER_WRITE='T'/>
  <QUE_DEFINITION_MODELS QUE_DEF_ID="-11"/>
  <QUE_DEFINITION_MODELS QUE_DEF_ID="-12"/>
  <QUE_WF_PARTICIPANTS QUE_WF_ID="15" SUBJECT_ID="-33"/>
  <QUE_WF_PARTICIPANTS QUE_WF_ID="16" SUBJECT_ID="-33"/>
  <QUE_WF_PARTICIPANTS QUE_WF_ID="17" SUBJECT_ID="-33"/>
  <QUESTIONNAIRES NODE_ID="-26" QWF_ID="6" USER_ID="-44" SUBJECT_ID="-33" IS_COMPLETED="T" NOTIFICATION_ID="-1379" COMPLETED_DATE="2006-06-01 14:58:06.0" ROLE="414"/>
  <QUESTIONNAIRES NODE_ID="-27" QWF_ID="6" USER_ID="-44" SUBJECT_ID="-33" IS_COMPLETED="T" NOTIFICATION_ID="-1378" COMPLETED_DATE="2006-06-01 14:58:06.0" ROLE="415"/>
  <QUESTIONNAIRES NODE_ID="-28" QWF_ID="6" USER_ID="-44" SUBJECT_ID="-33" IS_COMPLETED="T" NOTIFICATION_ID="-1377" COMPLETED_DATE="2006-06-01 14:58:06.0" ROLE="416"/>
  <QUESTIONNAIRES NODE_ID="-29" QWF_ID="5" USER_ID="1" SUBJECT_ID="-33" IS_COMPLETED="T" NOTIFICATION_ID="-1376" COMPLETED_DATE="2006-06-01 14:58:06.0"/>
  <QUESTIONNAIRES NODE_ID="-30" QWF_ID="14" USER_ID="-44" SUBJECT_ID="-33" IS_COMPLETED="T" NOTIFICATION_ID="-1381" COMPLETED_DATE="2006-06-01 15:02:39.0"/>
</dataset>
