<?xml version='1.0' encoding='UTF-8'?>
<dataset>
    <QUE_DEFINITIONS ID="1" LABEL="Manager Evaluation" TITLE="Performance Management"/>
    <QUE_DEFINITIONS ID="2" LABEL="General Evaluation" TITLE="Performance Management"/>

    <PERFORMANCE_REVIEWS ID="4" LABEL="Pending Expires Today" STATUS="PENDING"/>
    <PERFORMANCE_REVIEWS ID="5" LABEL="Completed Expires Today" STATUS="COMPLETED"/>
    <PERFORMANCE_REVIEWS ID="6" LABEL="New Expires Today" STATUS="NEW"/>

    <PERFORMANCE_REVIEWS ID="7" LABEL="Pending Expired" STATUS="PENDING"/>
    <PERFORMANCE_REVIEWS ID="8" LABEL="Completed Expired" STATUS="COMPLETED"/>
    <PERFORMANCE_REVIEWS ID="9" LABEL="New Expired" STATUS="NEW"/>

    <PERFORMANCE_REVIEWS ID="10" LABEL="Pending No Expiry" STATUS="PENDING"/>
    <PERFORMANCE_REVIEWS ID="11" LABEL="Completed No Expiry" STATUS="COMPLETED"/>
    <PERFORMANCE_REVIEWS ID="12" LABEL="New No Expiry" STATUS="NEW"/>

    <QUE_WORKFLOWS ID="5" QD_ID="1" PERFORMANCE_ID="4" WORKFLOW_TYPE="PERFORMANCE_REVIEW_MANAGER" LABEL="Pending Expires Today" USER_ID="0" EXPIRED_DATE="[CURRENT_DATE]" STATUS="PENDING"/>
    <QUE_WORKFLOWS ID="6" QD_ID="1" PERFORMANCE_ID="5" WORKFLOW_TYPE="PERFORMANCE_REVIEW_MANAGER" LABEL="Completed Expires Today" USER_ID="0" EXPIRED_DATE="[CURRENT_DATE]" STATUS="COMPLETED"/>
    <QUE_WORKFLOWS ID="7" QD_ID="1" PERFORMANCE_ID="6" WORKFLOW_TYPE="PERFORMANCE_REVIEW_MANAGER" LABEL="New Expires Today" USER_ID="0" EXPIRED_DATE="[CURRENT_DATE]" STATUS="NEW"/>

    <QUE_WORKFLOWS ID="8" QD_ID="1" PERFORMANCE_ID="7" WORKFLOW_TYPE="PERFORMANCE_REVIEW_MANAGER" LABEL="Pending Expired" USER_ID="0" EXPIRED_DATE="2006-01-31 00:00:00.0" STATUS="PENDING"/>
    <QUE_WORKFLOWS ID="9" QD_ID="1" PERFORMANCE_ID="8" WORKFLOW_TYPE="PERFORMANCE_REVIEW_MANAGER" LABEL="Completed Expired" USER_ID="0" EXPIRED_DATE="2006-01-31 00:00:00.0" STATUS="COMPLETED"/>
    <QUE_WORKFLOWS ID="10" QD_ID="1" PERFORMANCE_ID="9" WORKFLOW_TYPE="PERFORMANCE_REVIEW_MANAGER" LABEL="New Expired" USER_ID="0" EXPIRED_DATE="2006-01-31 00:00:00.0" STATUS="NEW"/>

    <QUE_WORKFLOWS ID="11" QD_ID="1" PERFORMANCE_ID="10" WORKFLOW_TYPE="PERFORMANCE_REVIEW_MANAGER" LABEL="Pending No Expiry" USER_ID="0" EXPIRED_DATE="[NULL]" STATUS="PENDING"/>
    <QUE_WORKFLOWS ID="12" QD_ID="1" PERFORMANCE_ID="11" WORKFLOW_TYPE="PERFORMANCE_REVIEW_MANAGER" LABEL="Completed No Expiry" USER_ID="0" EXPIRED_DATE="[NULL]" STATUS="COMPLETED"/>
    <QUE_WORKFLOWS ID="13" QD_ID="1" PERFORMANCE_ID="12" WORKFLOW_TYPE="PERFORMANCE_REVIEW_MANAGER" LABEL="New No Expiry" USER_ID="0" EXPIRED_DATE="[NULL]" STATUS="NEW"/>

    <QUE_WORKFLOWS ID="14" QD_ID="2" WORKFLOW_TYPE="QUESTIONNARE_GENERAL" LABEL="Published Expires Today" USER_ID="0" EXPIRED_DATE="[CURRENT_DATE]" STATUS="PUBLISHED"/>
    <QUE_WORKFLOWS ID="15" QD_ID="2" WORKFLOW_TYPE="QUESTIONNARE_GENERAL" LABEL="Completed Expires Today" USER_ID="0" EXPIRED_DATE="[CURRENT_DATE]" STATUS="COMPLETED"/>
    <QUE_WORKFLOWS ID="16" QD_ID="2" WORKFLOW_TYPE="QUESTIONNARE_GENERAL" LABEL="New Expires Today" USER_ID="0" EXPIRED_DATE="[CURRENT_DATE]" STATUS="NEW"/>

    <QUE_WORKFLOWS ID="17" QD_ID="2" WORKFLOW_TYPE="QUESTIONNARE_GENERAL" LABEL="Published No Expiry" USER_ID="0" EXPIRED_DATE="[NULL]" STATUS="PUBLISHED"/>
    <QUE_WORKFLOWS ID="18" QD_ID="2" WORKFLOW_TYPE="QUESTIONNARE_GENERAL" LABEL="Completed No Expiry" USER_ID="0" EXPIRED_DATE="[NULL]" STATUS="COMPLETED"/>
    <QUE_WORKFLOWS ID="19" QD_ID="2" WORKFLOW_TYPE="QUESTIONNARE_GENERAL" LABEL="New No Expiry" USER_ID="0" EXPIRED_DATE="[NULL]" STATUS="NEW"/>

    <QUE_WORKFLOWS ID="20" QD_ID="2" WORKFLOW_TYPE="QUESTIONNARE_GENERAL" LABEL="Published Expired" USER_ID="0" EXPIRED_DATE="2006-01-31 00:00:00.0" STATUS="PUBLISHED"/>
    <QUE_WORKFLOWS ID="21" QD_ID="2" WORKFLOW_TYPE="QUESTIONNARE_GENERAL" LABEL="Completed Expired" USER_ID="0" EXPIRED_DATE="2006-01-31 00:00:00.0" STATUS="COMPLETED"/>
    <QUE_WORKFLOWS ID="22" QD_ID="2" WORKFLOW_TYPE="QUESTIONNARE_GENERAL" LABEL="New Expired" USER_ID="0" EXPIRED_DATE="2006-01-31 00:00:00.0" STATUS="PUBLISHED"/>

    <QUE_DEFINITION_MODELS QUE_DEF_ID="1"/>
    <QUE_DEFINITION_MODELS QUE_DEF_ID="2"/>
</dataset>
