<?xml version='1.0' encoding='UTF-8'?>
<dataset>
    <QUE_DEFINITIONS ID="-21" LABEL="Manager Evaluation2" TITLE="Performance Management"/>
    <QUE_WORKFLOWS ID="-1" QD_ID="-21" WORKFLOW_TYPE="QUESTIONNARE_GENERAL" LABEL="Test Workflow 1" USER_ID="1" EXPIRED_DATE="2007-01-31"
                   STATUS="PUBLISHED"/>
    <DYNAMIC_ATTRIBUTES ID="-10015" LABEL="Comments1" TYPE="TEXTAREA" ARTEFACT_TYPE="Q" QD_ID="-21" IS_MANDATORY="F" IS_ACTIVE="F" IS_SEARCHABLE="F"
                        DESCRIPTION="Record here your overall assessment of the employees Behavioral Competencies" MODIFIED_LABEL="16"/>
    <DYNAMIC_ATTRIBUTES ID="-10022" LABEL="Comments12" TYPE="TEXTAREA" ARTEFACT_TYPE="Q" QD_ID="-21" IS_MANDATORY="F" IS_ACTIVE="F" IS_SEARCHABLE="F"
                        DESCRIPTION="Record here your overall assessment of the employees Leadership Capabilities" MODIFIED_LABEL="23"/>
    <QUE_DEFINITION_MODELS QUE_DEF_ID="-21"/>
</dataset>
