<?xml version='1.0' encoding='UTF-8'?>
<dataset>
    <!--Sarah and Fred populations-->
     <POPULATIONS ID="-3" TYPE="S" USER_ID="1" LABEL="People called Sarah" COMPILED_SQL="[NULL]" SCOPE="Public" DESCRIPTION="This population  contains people called Sarah."/>
     <POPULATIONS ID="-4" TYPE="S" USER_ID="1" LABEL="People called Fred" COMPILED_SQL="[NULL]" SCOPE="Public" DESCRIPTION="This population contains people called Fred."/>
     <POPULATION_CRITERIAS ID="-3" POPULATION_ID="-3" POSITION="0" TYPE="O" REF_VALUE="Sarah" ATTRIBUTE="coreDetail.firstName" OPERATOR="[NULL]" COMPARATOR=" = " QUE_WF_ID="[NULL]" ROLE="[NULL]"/>
     <POPULATION_CRITERIAS ID="-4" POPULATION_ID="-4" POSITION="0" TYPE="O" REF_VALUE="Fred" ATTRIBUTE="coreDetail.firstName" OPERATOR="[NULL]" COMPARATOR=" = " QUE_WF_ID="[NULL]" ROLE="[NULL]"/>

    <!--test subjects-->
    <CORE_DETAILS ID="-34" FIRST_NAME="Sarah" TITLE="Miss" PREF_GIVEN_NAME="Janey" SECOND_NAME="Eyre"/>
    <CORE_DETAILS ID="-321" FIRST_NAME="Sarah" TITLE="Mrs" PREF_GIVEN_NAME="Jul" SECOND_NAME="Verne"/>
    <CORE_DETAILS ID="-322" FIRST_NAME="Fred" TITLE="Mr" PREF_GIVEN_NAME="Santa" SECOND_NAME="Battaglia"/>
    <CORE_DETAILS ID="-323" FIRST_NAME="Fred" TITLE="Mr" PREF_GIVEN_NAME="Olly" SECOND_NAME="Twist"/>
    <CORE_DETAILS ID="-44" FIRST_NAME="Sarah" TITLE="Mrs" PREF_GIVEN_NAME="Bronwen Cassidy" SECOND_NAME="Cassidy"/>

    <USERS CD_ID="-44" ID="-44" USER_TYPE="SYSTEMSUBJECT" IS_ACTIVE="T" IS_ROOT="F"/>
    <USERS CD_ID="-34" ID="-34" USER_TYPE="SYSTEMSUBJECT" IS_ACTIVE="F" IS_ROOT="F"/>
    <USERS CD_ID="-321" ID="-321" USER_TYPE="SYSTEMSUBJECT" IS_ACTIVE="T" IS_ROOT="F"/>
    <USERS CD_ID="-322" ID="-322" USER_TYPE="SYSTEMSUBJECT" IS_ACTIVE="T" IS_ROOT="F"/>
    <USERS CD_ID="-323" ID="-323" USER_TYPE="SYSTEMSUBJECT" IS_ACTIVE="T" IS_ROOT="F"/>

    <NODES ID="-44" NODE_TYPE="S" IS_ACTIVE="T"/>
    <NODES ID="-34" NODE_TYPE="S" IS_ACTIVE="T"/>
    <NODES ID="-321" NODE_TYPE="S" IS_ACTIVE="T"/>
    <NODES ID="-322" NODE_TYPE="S" IS_ACTIVE="T"/>
    <NODES ID="-323" NODE_TYPE="S" IS_ACTIVE="T"/>

    <LOGINS USER_ID="-34" USERNAME="janey" PASSWORD="307F8FB6854CF98B" EXPIRES="2016-04-30" LOCKED="F" FORCE_PWD_CHANGE="F"/>
    <LOGINS USER_ID="-321" USERNAME="jules" PASSWORD="788DD935141A9E65" EXPIRES="2016-04-30" LOCKED="F" FORCE_PWD_CHANGE="F"/>
    <LOGINS USER_ID="-322" USERNAME="oliver" PASSWORD="DD8AED00B4FEBD40" EXPIRES="2016-04-30" LOCKED="F" FORCE_PWD_CHANGE="F"/>
    <LOGINS USER_ID="-323" USERNAME="santa" PASSWORD="3AB4662B149E1309" EXPIRES="2016-04-30" LOCKED="F" FORCE_PWD_CHANGE="F"/>
    <LOGINS USER_ID="-44" USERNAME="bcassidy12" PASSWORD="786744FA2FE0D56A5FDA1DB8356B83C8" EXPIRES="2020-06-21 00:00:00.0" LOCKED="F" FORCE_PWD_CHANGE="F"/>

    <SUBJECTS CD_ID="-44" NODE_ID="-44" USER_ID="[NULL]"/>
    <SUBJECTS CD_ID="-34" NODE_ID="-34" USER_ID="-34"/>
    <SUBJECTS CD_ID="-321" NODE_ID="-321" USER_ID="-321"/>
    <SUBJECTS CD_ID="-322" NODE_ID="-322" USER_ID="-322"/>
    <SUBJECTS CD_ID="-323" NODE_ID="-323" USER_ID="-323"/>

  <NODES ID="-26" NODE_TYPE="Q" IS_ACTIVE="T"/>
  <NODES ID="-27" NODE_TYPE="Q" IS_ACTIVE="T"/>
  <NODES ID="-28" NODE_TYPE="Q" IS_ACTIVE="T"/>
  <NODES ID="-29" NODE_TYPE="Q" IS_ACTIVE="T"/>
  <NODES ID="-30" NODE_TYPE="Q" IS_ACTIVE="T"/>
  <SUBJECT_ASSOCIATIONS VALUE_ID="402" ID="164" POSITION_ID="1" SUBJECT_ID="-44"/>
  <QUE_DEFINITIONS ID="-11" LABEL="Manager Evaluation2" TITLE="Performance Management"/>
  <QUE_DEFINITIONS ID="-12" LABEL="General Evaluation2" TITLE="Performance Management"/>
  <PERFORMANCE_REVIEWS ID="-4" LABEL="Self Appraisals Q1-1" STATUS="PENDING"/>
  <QUE_WORKFLOWS ID="5" QD_ID="-11" PERFORMANCE_ID="-4" WORKFLOW_TYPE="PERFORMANCE_REVIEW_MANAGER" LABEL="Manager Evaluation Self Appraisals Q1" USER_ID="-44" EXPIRED_DATE="[NULL]" STATUS="PENDING" POPULATION_ID="-2" INDIVIDUAL_READ='F' INDIVIDUAL_WRITE='F' MANAGER_READ='F' MANAGER_WRITE='F'/>
  <QUE_WORKFLOWS ID="6" QD_ID="-12" PERFORMANCE_ID="-4" WORKFLOW_TYPE="PERFORMANCE_REVIEW_EVALUATOR" LABEL="General Evaluation Self Appraisals Q1" USER_ID="-44" EXPIRED_DATE="[NULL]" STATUS="PENDING" POPULATION_ID="-2" INDIVIDUAL_READ='F' INDIVIDUAL_WRITE='F' MANAGER_READ='F' MANAGER_WRITE='F'/>
  <QUE_WORKFLOWS ID="14" QD_ID="-12" WORKFLOW_TYPE="QUESTIONNARE_GENERAL" LABEL="Test Ordering" USER_ID="-44" EXPIRED_DATE="[CURRENT_DATE]" STATUS="PUBLISHED" POPULATION_ID="-2" INDIVIDUAL_READ='F' INDIVIDUAL_WRITE='F' MANAGER_READ='F' MANAGER_WRITE='F'/>
  <QUE_WORKFLOWS ID="15" QD_ID="-12" WORKFLOW_TYPE="INFO_FORM" LABEL="SARAH INFO FORM" USER_ID="-44" EXPIRED_DATE="[NULL]" STATUS="PUBLISHED" POPULATION_ID="-3" INDIVIDUAL_READ='T' INDIVIDUAL_WRITE='T' MANAGER_READ='T' MANAGER_WRITE='T'/>
  <QUE_WORKFLOWS ID="16" QD_ID="-12" WORKFLOW_TYPE="INFO_FORM" LABEL="ALL PEOPLE INFO FORM" USER_ID="-44" EXPIRED_DATE="[NULL]" STATUS="PUBLISHED" POPULATION_ID="-2" INDIVIDUAL_READ='T' INDIVIDUAL_WRITE='T' MANAGER_READ='T' MANAGER_WRITE='T'/>
  <QUE_WORKFLOWS ID="17" QD_ID="-12" WORKFLOW_TYPE="INFO_FORM" LABEL="FRED INFO FORM" USER_ID="-44" EXPIRED_DATE="[NULL]" STATUS="PUBLISHED" POPULATION_ID="-4" INDIVIDUAL_READ='T' INDIVIDUAL_WRITE='T' MANAGER_READ='T' MANAGER_WRITE='T'/>
  <QUE_DEFINITION_MODELS QUE_DEF_ID="-11"/>
  <QUE_DEFINITION_MODELS QUE_DEF_ID="-12"/>

  <QUE_WF_PARTICIPANTS QUE_WF_ID="16" SUBJECT_ID="-44"/>
  <QUE_WF_PARTICIPANTS QUE_WF_ID="16" SUBJECT_ID="-34"/>
  <QUE_WF_PARTICIPANTS QUE_WF_ID="16" SUBJECT_ID="-321"/>

    <!--mapping for people called Sarah workflow-->
  <QUE_WF_PARTICIPANTS QUE_WF_ID="15" SUBJECT_ID="-44"/>
  <QUE_WF_PARTICIPANTS QUE_WF_ID="15" SUBJECT_ID="-34"/>
  <QUE_WF_PARTICIPANTS QUE_WF_ID="15" SUBJECT_ID="-321"/>

    <!--mapping for people called Fred workflow-->
  <QUE_WF_PARTICIPANTS QUE_WF_ID="17" SUBJECT_ID="-322"/>
  <QUE_WF_PARTICIPANTS QUE_WF_ID="17" SUBJECT_ID="-323"/>

  <QUESTIONNAIRES NODE_ID="-26" QWF_ID="6" USER_ID="-44" SUBJECT_ID="-44" IS_COMPLETED="T" NOTIFICATION_ID="-1379" COMPLETED_DATE="2006-06-01 14:58:06.0" ROLE="414"/>
  <QUESTIONNAIRES NODE_ID="-27" QWF_ID="6" USER_ID="-44" SUBJECT_ID="-44" IS_COMPLETED="T" NOTIFICATION_ID="-1378" COMPLETED_DATE="2006-06-01 14:58:06.0" ROLE="415"/>
  <QUESTIONNAIRES NODE_ID="-28" QWF_ID="6" USER_ID="-44" SUBJECT_ID="-44" IS_COMPLETED="T" NOTIFICATION_ID="-1377" COMPLETED_DATE="2006-06-01 14:58:06.0" ROLE="416"/>
  <QUESTIONNAIRES NODE_ID="-29" QWF_ID="5" USER_ID="1" SUBJECT_ID="-44" IS_COMPLETED="T" NOTIFICATION_ID="-1376" COMPLETED_DATE="2006-06-01 14:58:06.0"/>
  <QUESTIONNAIRES NODE_ID="-30" QWF_ID="14" USER_ID="-44" SUBJECT_ID="-44" IS_COMPLETED="T" NOTIFICATION_ID="-1381" COMPLETED_DATE="2006-06-01 15:02:39.0"/>

</dataset>