<?xml version='1.0' encoding='UTF-8'?>
<dataset>
  <REPORTS ID="-101" ACCESS_TYPE="Public" REP_TYPE="STANDARD" LABEL="CT Artefact Report" DEFAULT_POPULATION_ID="-1" USER_ID="1" POPULATION_TYPE="P"
           JASPER_DEFINITION="rO0ABXNyAEJjb20uenluYXAudGFsZW50c3R1ZGlvLmFuYWx5c2lzLnJlcG9ydHMuamFzcGVyLlRh
YnVsYXJSZXBvcnREZXNpZ27/0r/THWMB6AIAAUwAEHN1YlJlcG9ydHNEZXNpZ250AA9MamF2YS91
dGlsL01hcDt4cgBBY29tLnp5bmFwLnRhbGVudHN0dWRpby5hbmFseXNpcy5yZXBvcnRzLmphc3Bl
ci5KYXNwZXJSZXBvcnREZXNpZ27Pnxr11INVBQIAAUwADGphc3BlclJlcG9ydHQAKkxuZXQvc2Yv
amFzcGVycmVwb3J0cy9lbmdpbmUvSmFzcGVyUmVwb3J0O3hwc3IAKG5ldC5zZi5qYXNwZXJyZXBv
cnRzLmVuZ2luZS5KYXNwZXJSZXBvcnQAAAAAAAAn2AIAA0wAC2NvbXBpbGVEYXRhdAAWTGphdmEv
aW8vU2VyaWFsaXphYmxlO0wAEWNvbXBpbGVOYW1lU3VmZml4dAASTGphdmEvbGFuZy9TdHJpbmc7
TAANY29tcGlsZXJDbGFzc3EAfgAHeHIALW5ldC5zZi5qYXNwZXJyZXBvcnRzLmVuZ2luZS5iYXNl
LkpSQmFzZVJlcG9ydAAAAAAAACfYAgAjSQAMYm90dG9tTWFyZ2luSQALY29sdW1uQ291bnRJAA1j
b2x1bW5TcGFjaW5nSQALY29sdW1uV2lkdGhaABBpZ25vcmVQYWdpbmF0aW9uWgATaXNGbG9hdENv
bHVtbkZvb3RlcloAEGlzU3VtbWFyeU5ld1BhZ2VaAA5pc1RpdGxlTmV3UGFnZUkACmxlZnRNYXJn
aW5CAAtvcmllbnRhdGlvbkkACnBhZ2VIZWlnaHRJAAlwYWdlV2lkdGhCAApwcmludE9yZGVySQAL
cmlnaHRNYXJnaW5JAAl0b3BNYXJnaW5CAA53aGVuTm9EYXRhVHlwZUwACmJhY2tncm91bmR0ACRM
bmV0L3NmL2phc3BlcnJlcG9ydHMvZW5naW5lL0pSQmFuZDtMAAxjb2x1bW5Gb290ZXJxAH4ACUwA
DGNvbHVtbkhlYWRlcnEAfgAJWwAIZGF0YXNldHN0AChbTG5ldC9zZi9qYXNwZXJyZXBvcnRzL2Vu
Z2luZS9KUkRhdGFzZXQ7TAALZGVmYXVsdEZvbnR0ACpMbmV0L3NmL2phc3BlcnJlcG9ydHMvZW5n
aW5lL0pSUmVwb3J0Rm9udDtMAAxkZWZhdWx0U3R5bGV0ACVMbmV0L3NmL2phc3BlcnJlcG9ydHMv
ZW5naW5lL0pSU3R5bGU7TAAGZGV0YWlscQB+AAlbAAVmb250c3QAK1tMbmV0L3NmL2phc3BlcnJl
cG9ydHMvZW5naW5lL0pSUmVwb3J0Rm9udDtMABJmb3JtYXRGYWN0b3J5Q2xhc3NxAH4AB0wACmlt
cG9ydHNTZXR0AA9MamF2YS91dGlsL1NldDtMAAhsYW5ndWFnZXEAfgAHTAAObGFzdFBhZ2VGb290
ZXJxAH4ACUwAC21haW5EYXRhc2V0dAAnTG5ldC9zZi9qYXNwZXJyZXBvcnRzL2VuZ2luZS9KUkRh
dGFzZXQ7TAAEbmFtZXEAfgAHTAAKcGFnZUZvb3RlcnEAfgAJTAAKcGFnZUhlYWRlcnEAfgAJWwAG
c3R5bGVzdAAmW0xuZXQvc2YvamFzcGVycmVwb3J0cy9lbmdpbmUvSlJTdHlsZTtMAAdzdW1tYXJ5
cQB+AAlMAAV0aXRsZXEAfgAJeHAAAAAAAAAABAAAAAAAAAFeAQAAAAAAAAABAAAAtAAABXgBAAAA
AAAAAAABcHBwcHBzcgAsbmV0LnNmLmphc3BlcnJlcG9ydHMuZW5naW5lLmJhc2UuSlJCYXNlU3R5
bGUAAAAAAAAnEQIALVoACWlzRGVmYXVsdEwACWJhY2tjb2xvcnQAEExqYXZhL2F3dC9Db2xvcjtM
AAZib3JkZXJ0ABBMamF2YS9sYW5nL0J5dGU7TAALYm9yZGVyQ29sb3JxAH4AE0wADGJvdHRvbUJv
cmRlcnEAfgAUTAARYm90dG9tQm9yZGVyQ29sb3JxAH4AE0wADWJvdHRvbVBhZGRpbmd0ABNMamF2
YS9sYW5nL0ludGVnZXI7WwARY29uZGl0aW9uYWxTdHlsZXN0ADFbTG5ldC9zZi9qYXNwZXJyZXBv
cnRzL2VuZ2luZS9KUkNvbmRpdGlvbmFsU3R5bGU7TAAUZGVmYXVsdFN0eWxlUHJvdmlkZXJ0ADRM
bmV0L3NmL2phc3BlcnJlcG9ydHMvZW5naW5lL0pSRGVmYXVsdFN0eWxlUHJvdmlkZXI7TAAEZmls
bHEAfgAUTAAIZm9udE5hbWVxAH4AB0wACGZvbnRTaXplcQB+ABVMAAlmb3JlY29sb3JxAH4AE0wA
E2hvcml6b250YWxBbGlnbm1lbnRxAH4AFEwAD2lzQmxhbmtXaGVuTnVsbHQAE0xqYXZhL2xhbmcv
Qm9vbGVhbjtMAAZpc0JvbGRxAH4AGEwACGlzSXRhbGljcQB+ABhMAA1pc1BkZkVtYmVkZGVkcQB+
ABhMAA9pc1N0cmlrZVRocm91Z2hxAH4AGEwADGlzU3R5bGVkVGV4dHEAfgAYTAALaXNVbmRlcmxp
bmVxAH4AGEwACmxlZnRCb3JkZXJxAH4AFEwAD2xlZnRCb3JkZXJDb2xvcnEAfgATTAALbGVmdFBh
ZGRpbmdxAH4AFUwAC2xpbmVTcGFjaW5ncQB+ABRMAARtb2RlcQB+ABRMAARuYW1lcQB+AAdMAAdw
YWRkaW5ncQB+ABVMAAtwYXJlbnRTdHlsZXEAfgAMTAAHcGF0dGVybnEAfgAHTAALcGRmRW5jb2Rp
bmdxAH4AB0wAC3BkZkZvbnROYW1lcQB+AAdMAANwZW5xAH4AFEwADHBvc2l0aW9uVHlwZXEAfgAU
TAAGcmFkaXVzcQB+ABVMAAtyaWdodEJvcmRlcnEAfgAUTAAQcmlnaHRCb3JkZXJDb2xvcnEAfgAT
TAAMcmlnaHRQYWRkaW5ncQB+ABVMAAhyb3RhdGlvbnEAfgAUTAAKc2NhbGVJbWFnZXEAfgAUTAAL
c3RyZXRjaFR5cGVxAH4AFEwACXRvcEJvcmRlcnEAfgAUTAAOdG9wQm9yZGVyQ29sb3JxAH4AE0wA
CnRvcFBhZGRpbmdxAH4AFUwAEXZlcnRpY2FsQWxpZ25tZW50cQB+ABR4cAFwcHBwcHBwcHB0AAVB
cmlhbHNyABFqYXZhLmxhbmcuSW50ZWdlchLioKT3gYc4AgABSQAFdmFsdWV4cgAQamF2YS5sYW5n
Lk51bWJlcoaslR0LlOCLAgAAeHAAAAAMcHBwc3IAEWphdmEubGFuZy5Cb29sZWFuzSBygNWc+u4C
AAFaAAV2YWx1ZXhwAHEAfgAfcQB+AB9xAH4AH3BxAH4AH3BwcHBwdAATdGVtcGxhdGVEZXRhaWxT
dHlsZXBwcHQABkNwMTI1MnQACUhlbHZldGljYXBwcHBwcHBwcHBwcHBzcgArbmV0LnNmLmphc3Bl
cnJlcG9ydHMuZW5naW5lLmJhc2UuSlJCYXNlQmFuZAAAAAAAACfYAgADSQAGaGVpZ2h0WgAOaXNT
cGxpdEFsbG93ZWRMABNwcmludFdoZW5FeHByZXNzaW9udAAqTG5ldC9zZi9qYXNwZXJyZXBvcnRz
L2VuZ2luZS9KUkV4cHJlc3Npb247eHIAM25ldC5zZi5qYXNwZXJyZXBvcnRzLmVuZ2luZS5iYXNl
LkpSQmFzZUVsZW1lbnRHcm91cAAAAAAAACfYAgACTAAIY2hpbGRyZW50ABBMamF2YS91dGlsL0xp
c3Q7TAAMZWxlbWVudEdyb3VwdAAsTG5ldC9zZi9qYXNwZXJyZXBvcnRzL2VuZ2luZS9KUkVsZW1l
bnRHcm91cDt4cHNyABNqYXZhLnV0aWwuQXJyYXlMaXN0eIHSHZnHYZ0DAAFJAARzaXpleHAAAAAE
dwQAAAAKc3IAMW5ldC5zZi5qYXNwZXJyZXBvcnRzLmVuZ2luZS5iYXNlLkpSQmFzZVN0YXRpY1Rl
eHQAAAAAAAAn2AIAAUwABHRleHRxAH4AB3hyADJuZXQuc2YuamFzcGVycmVwb3J0cy5lbmdpbmUu
YmFzZS5KUkJhc2VUZXh0RWxlbWVudAAAAAAAACfYAgAeTAAGYm9yZGVycQB+ABRMAAtib3JkZXJD
b2xvcnEAfgATTAAMYm90dG9tQm9yZGVycQB+ABRMABFib3R0b21Cb3JkZXJDb2xvcnEAfgATTAAN
Ym90dG9tUGFkZGluZ3EAfgAVTAAIZm9udE5hbWVxAH4AB0wACGZvbnRTaXplcQB+ABVMABNob3Jp
em9udGFsQWxpZ25tZW50cQB+ABRMAAZpc0JvbGRxAH4AGEwACGlzSXRhbGljcQB+ABhMAA1pc1Bk
ZkVtYmVkZGVkcQB+ABhMAA9pc1N0cmlrZVRocm91Z2hxAH4AGEwADGlzU3R5bGVkVGV4dHEAfgAY
TAALaXNVbmRlcmxpbmVxAH4AGEwACmxlZnRCb3JkZXJxAH4AFEwAD2xlZnRCb3JkZXJDb2xvcnEA
fgATTAALbGVmdFBhZGRpbmdxAH4AFUwAC2xpbmVTcGFjaW5ncQB+ABRMAAdwYWRkaW5ncQB+ABVM
AAtwZGZFbmNvZGluZ3EAfgAHTAALcGRmRm9udE5hbWVxAH4AB0wACnJlcG9ydEZvbnRxAH4AC0wA
C3JpZ2h0Qm9yZGVycQB+ABRMABByaWdodEJvcmRlckNvbG9ycQB+ABNMAAxyaWdodFBhZGRpbmdx
AH4AFUwACHJvdGF0aW9ucQB+ABRMAAl0b3BCb3JkZXJxAH4AFEwADnRvcEJvcmRlckNvbG9ycQB+
ABNMAAp0b3BQYWRkaW5ncQB+ABVMABF2ZXJ0aWNhbEFsaWdubWVudHEAfgAUeHIALm5ldC5zZi5q
YXNwZXJyZXBvcnRzLmVuZ2luZS5iYXNlLkpSQmFzZUVsZW1lbnQAAAAAAAAn2AIAE0kABmhlaWdo
dFoAF2lzUHJpbnRJbkZpcnN0V2hvbGVCYW5kWgAVaXNQcmludFJlcGVhdGVkVmFsdWVzWgAaaXNQ
cmludFdoZW5EZXRhaWxPdmVyZmxvd3NaABVpc1JlbW92ZUxpbmVXaGVuQmxhbmtCAAxwb3NpdGlv
blR5cGVCAAtzdHJldGNoVHlwZUkABXdpZHRoSQABeEkAAXlMAAliYWNrY29sb3JxAH4AE0wAFGRl
ZmF1bHRTdHlsZVByb3ZpZGVycQB+ABdMAAxlbGVtZW50R3JvdXBxAH4AJ0wACWZvcmVjb2xvcnEA
fgATTAADa2V5cQB+AAdMAARtb2RlcQB+ABRMAAtwYXJlbnRTdHlsZXEAfgAMTAATcHJpbnRXaGVu
RXhwcmVzc2lvbnEAfgAkTAAVcHJpbnRXaGVuR3JvdXBDaGFuZ2VzdAAlTG5ldC9zZi9qYXNwZXJy
ZXBvcnRzL2VuZ2luZS9KUkdyb3VwO3hwAAAADwABAQACAAAAAV4AAAAAAAAAFHBxAH4AEXEAfgAo
cHBwc3EAfgASAHBwcHBwcHBwcHQABUFyaWFsc3EAfgAbAAAADHBwcHNxAH4AHgFxAH4AH3EAfgAf
cQB+AB9wcQB+AB9wcHBwcHQAEnRlbXBsYXRlR3JvdXBTdHlsZXBwcHQABkNwMTI1MnQADkhlbHZl
dGljYS1Cb2xkcHBwcHBwcHBwcHBwcHBwcHBwcHBwcHBwcHBwcHBwcHBwcHBwcHBwcHBwcHBwdAAB
IHNyADBuZXQuc2YuamFzcGVycmVwb3J0cy5lbmdpbmUuYmFzZS5KUkJhc2VUZXh0RmllbGQAAAAA
AAAn2AIAEEkADWJvb2ttYXJrTGV2ZWxCAA5ldmFsdWF0aW9uVGltZUIAD2h5cGVybGlua1Rhcmdl
dEIADWh5cGVybGlua1R5cGVaABVpc1N0cmV0Y2hXaXRoT3ZlcmZsb3dMABRhbmNob3JOYW1lRXhw
cmVzc2lvbnEAfgAkTAAPZXZhbHVhdGlvbkdyb3VwcQB+AC5MAApleHByZXNzaW9ucQB+ACRMABlo
eXBlcmxpbmtBbmNob3JFeHByZXNzaW9ucQB+ACRMABdoeXBlcmxpbmtQYWdlRXhwcmVzc2lvbnEA
fgAkWwATaHlwZXJsaW5rUGFyYW1ldGVyc3QAM1tMbmV0L3NmL2phc3BlcnJlcG9ydHMvZW5naW5l
L0pSSHlwZXJsaW5rUGFyYW1ldGVyO0wAHGh5cGVybGlua1JlZmVyZW5jZUV4cHJlc3Npb25xAH4A
JEwAGmh5cGVybGlua1Rvb2x0aXBFeHByZXNzaW9ucQB+ACRMAA9pc0JsYW5rV2hlbk51bGxxAH4A
GEwACGxpbmtUeXBlcQB+AAdMAAdwYXR0ZXJucQB+AAd4cQB+ACwAAAAPAAEBAAIAAAABXgAAAV4A
AAAUcHEAfgARcQB+AChwcHBxAH4AGXBwcHBwcHBwcHBwcHBwcHBwcHBwcHBwcHBwcHBwcHBwAAAA
AAEBAAFwcHNyADFuZXQuc2YuamFzcGVycmVwb3J0cy5lbmdpbmUuYmFzZS5KUkJhc2VFeHByZXNz
aW9uAAAAAAAAJ9gCAANJAAJpZFsABmNodW5rc3QAMFtMbmV0L3NmL2phc3BlcnJlcG9ydHMvZW5n
aW5lL0pSRXhwcmVzc2lvbkNodW5rO0wADnZhbHVlQ2xhc3NOYW1lcQB+AAd4cAAAABR1cgAwW0xu
ZXQuc2YuamFzcGVycmVwb3J0cy5lbmdpbmUuSlJFeHByZXNzaW9uQ2h1bms7bVnP3mlLo1UCAAB4
cAAAAANzcgA2bmV0LnNmLmphc3BlcnJlcG9ydHMuZW5naW5lLmJhc2UuSlJCYXNlRXhwcmVzc2lv
bkNodW5rAAAAAAAAJ9gCAAJCAAR0eXBlTAAEdGV4dHEAfgAHeHABdABCY29tLnp5bmFwLnRhbGVu
dHN0dWRpby5hbmFseXNpcy5yZXBvcnRzLkRhdGFGb3JtYXR0ZXIuZm9ybWF0VmFsdWUoc3EAfgBA
A3QABXRpdGxlc3EAfgBAAXQAASl0ABBqYXZhLmxhbmcuU3RyaW5ncHBwc3EAfgA7AAAAFXVxAH4A
PgAAAANzcQB+AEABdAAlIl9fcG9zaXRpb25VcmxfXyZjb21tYW5kLm5vZGUuaWQ9IiArIHNxAH4A
QAN0AAJpZHNxAH4AQAF0AAEgcQB+AEdwcHQACVJlZmVyZW5jZXBzcQB+ACsAAAAPAAEBAAIAAAAB
XgAAArwAAAAUcHEAfgARcQB+AChwcHBxAH4AGXBwcHBwcHBwcHBwcHBwcHBwcHBwcHBwcHBwcHBw
cHBwcQB+ADdzcQB+ADgAAAAPAAEBAAIAAAABXgAABBoAAAAUcHEAfgARcQB+AChwcHBxAH4AGXBw
cHBwcHBwcHBwcHBwcHBwcHBwcHBwcHBwcHBwcHBwAAAAAAEBAAFwcHNxAH4AOwAAABZ1cQB+AD4A
AAADc3EAfgBAAXQAQmNvbS56eW5hcC50YWxlbnRzdHVkaW8uYW5hbHlzaXMucmVwb3J0cy5EYXRh
Rm9ybWF0dGVyLmZvcm1hdFZhbHVlKHNxAH4AQAN0AAIzOHNxAH4AQAF0AAEpcQB+AEdwcHBwcHBw
cHhwAAAAUAFwcHBwdAAEamF2YXBzcgAubmV0LnNmLmphc3BlcnJlcG9ydHMuZW5naW5lLmJhc2Uu
SlJCYXNlRGF0YXNldAAAAAAAACfYAgANWgAGaXNNYWluQgAXd2hlblJlc291cmNlTWlzc2luZ1R5
cGVbAAZmaWVsZHN0ACZbTG5ldC9zZi9qYXNwZXJyZXBvcnRzL2VuZ2luZS9KUkZpZWxkO0wAEGZp
bHRlckV4cHJlc3Npb25xAH4AJFsABmdyb3Vwc3QAJltMbmV0L3NmL2phc3BlcnJlcG9ydHMvZW5n
aW5lL0pSR3JvdXA7TAAEbmFtZXEAfgAHWwAKcGFyYW1ldGVyc3QAKltMbmV0L3NmL2phc3BlcnJl
cG9ydHMvZW5naW5lL0pSUGFyYW1ldGVyO0wADXByb3BlcnRpZXNNYXB0AC1MbmV0L3NmL2phc3Bl
cnJlcG9ydHMvZW5naW5lL0pSUHJvcGVydGllc01hcDtMAAVxdWVyeXQAJUxuZXQvc2YvamFzcGVy
cmVwb3J0cy9lbmdpbmUvSlJRdWVyeTtMAA5yZXNvdXJjZUJ1bmRsZXEAfgAHTAAOc2NyaXB0bGV0
Q2xhc3NxAH4AB1sACnNvcnRGaWVsZHN0ACpbTG5ldC9zZi9qYXNwZXJyZXBvcnRzL2VuZ2luZS9K
UlNvcnRGaWVsZDtbAAl2YXJpYWJsZXN0AClbTG5ldC9zZi9qYXNwZXJyZXBvcnRzL2VuZ2luZS9K
UlZhcmlhYmxlO3hwAQF1cgAmW0xuZXQuc2YuamFzcGVycmVwb3J0cy5lbmdpbmUuSlJGaWVsZDsC
PN/HTirycAIAAHhwAAAABXNyACxuZXQuc2YuamFzcGVycmVwb3J0cy5lbmdpbmUuYmFzZS5KUkJh
c2VGaWVsZAAAAAAAACfYAgADTAALZGVzY3JpcHRpb25xAH4AB0wABG5hbWVxAH4AB0wADnZhbHVl
Q2xhc3NOYW1lcQB+AAd4cHB0AAIzMnQAEGphdmEubGFuZy5PYmplY3RzcQB+AGdwdAAFdGl0bGVx
AH4AR3NxAH4AZ3B0AAJpZHEAfgBHc3EAfgBncHQAFm9yZ2FuaXNhdGlvblVuaXQubGFiZWxxAH4A
R3NxAH4AZ3B0AAIzOHEAfgBqcHVyACZbTG5ldC5zZi5qYXNwZXJyZXBvcnRzLmVuZ2luZS5KUkdy
b3VwO0CjX3pM/XjqAgAAeHAAAAACc3IALG5ldC5zZi5qYXNwZXJyZXBvcnRzLmVuZ2luZS5iYXNl
LkpSQmFzZUdyb3VwAAAAAAAAJ9gCAApaABlpc1JlcHJpbnRIZWFkZXJPbkVhY2hQYWdlWgARaXNS
ZXNldFBhZ2VOdW1iZXJaABBpc1N0YXJ0TmV3Q29sdW1uWgAOaXNTdGFydE5ld1BhZ2VJABdtaW5I
ZWlnaHRUb1N0YXJ0TmV3UGFnZUwADWNvdW50VmFyaWFibGV0AChMbmV0L3NmL2phc3BlcnJlcG9y
dHMvZW5naW5lL0pSVmFyaWFibGU7TAAKZXhwcmVzc2lvbnEAfgAkTAALZ3JvdXBGb290ZXJxAH4A
CUwAC2dyb3VwSGVhZGVycQB+AAlMAARuYW1lcQB+AAd4cAAAAAAAAAAAc3IAL25ldC5zZi5qYXNw
ZXJyZXBvcnRzLmVuZ2luZS5iYXNlLkpSQmFzZVZhcmlhYmxlAAAAAAAAJ9gCAAtCAAtjYWxjdWxh
dGlvbkIADWluY3JlbWVudFR5cGVaAA9pc1N5c3RlbURlZmluZWRCAAlyZXNldFR5cGVMAApleHBy
ZXNzaW9ucQB+ACRMAA5pbmNyZW1lbnRHcm91cHEAfgAuTAAbaW5jcmVtZW50ZXJGYWN0b3J5Q2xh
c3NOYW1lcQB+AAdMABZpbml0aWFsVmFsdWVFeHByZXNzaW9ucQB+ACRMAARuYW1lcQB+AAdMAApy
ZXNldEdyb3VwcQB+AC5MAA52YWx1ZUNsYXNzTmFtZXEAfgAHeHABBQEEc3EAfgA7AAAACHVxAH4A
PgAAAAFzcQB+AEABdAAObmV3IEludGVnZXIoMSl0ABFqYXZhLmxhbmcuSW50ZWdlcnBwc3EAfgA7
AAAACXVxAH4APgAAAAFzcQB+AEABdAAObmV3IEludGVnZXIoMClxAH4AfnQACDMyX0NPVU5UcQB+
AHdxAH4AfnNxAH4AOwAAAAx1cQB+AD4AAAADc3EAfgBAAXQAQmNvbS56eW5hcC50YWxlbnRzdHVk
aW8uYW5hbHlzaXMucmVwb3J0cy5EYXRhRm9ybWF0dGVyLmZvcm1hdFZhbHVlKHNxAH4AQAN0AAIz
MnNxAH4AQAF0AAEpcQB+AEdwc3EAfgAjc3EAfgApAAAAAXcEAAAACnNxAH4AOAAAAA8AAQEAAgAA
AAFeAAAAAAAAAABwcQB+ABFxAH4AjHBwcHEAfgAwcHBwcHBwcHBwcHBwcHBwcHBwcHBwcHBwcHBw
cHBwcHAAAAAABQEAAXBxAH4Ad3NxAH4AOwAAAA11cQB+AD4AAAADc3EAfgBAAXQAQmNvbS56eW5h
cC50YWxlbnRzdHVkaW8uYW5hbHlzaXMucmVwb3J0cy5EYXRhRm9ybWF0dGVyLmZvcm1hdFZhbHVl
KHNxAH4AQAN0AAIzMnNxAH4AQAF0AAEpcQB+AEdwcHBwcHBwcHhwAAAAFAFwcQB+AGlzcQB+AHUA
AAAAAAAAAHNxAH4AeAEFAQRzcQB+ADsAAAAKdXEAfgA+AAAAAXNxAH4AQAF0AA5uZXcgSW50ZWdl
cigxKXEAfgB+cHBzcQB+ADsAAAALdXEAfgA+AAAAAXNxAH4AQAF0AA5uZXcgSW50ZWdlcigwKXEA
fgB+dAAcb3JnYW5pc2F0aW9uVW5pdC5sYWJlbF9DT1VOVHEAfgCXcQB+AH5zcQB+ADsAAAAOdXEA
fgA+AAAAA3NxAH4AQAF0AEJjb20uenluYXAudGFsZW50c3R1ZGlvLmFuYWx5c2lzLnJlcG9ydHMu
RGF0YUZvcm1hdHRlci5mb3JtYXRWYWx1ZShzcQB+AEADdAAWb3JnYW5pc2F0aW9uVW5pdC5sYWJl
bHNxAH4AQAF0AAEpcQB+AEdwc3EAfgAjc3EAfgApAAAAAXcEAAAACnNxAH4AOAAAAA8AAQEAAgAA
AAFeAAACvAAAAABwcQB+ABFxAH4AqnBwcHEAfgAZcHBwcHBwcHBwcHBwcHBwcHBwcHBwcHBwcHBw
cHBwcHAAAAAABQEAAXBxAH4Al3NxAH4AOwAAAA91cQB+AD4AAAADc3EAfgBAAXQAQmNvbS56eW5h
cC50YWxlbnRzdHVkaW8uYW5hbHlzaXMucmVwb3J0cy5EYXRhRm9ybWF0dGVyLmZvcm1hdFZhbHVl
KHNxAH4AQAN0ABZvcmdhbmlzYXRpb25Vbml0LmxhYmVsc3EAfgBAAXQAASlxAH4AR3BwcHBwcHBw
eHAAAAAUAXBxAH4AcHQAEERhdGFTb3VyY2VSZXBvcnR1cgAqW0xuZXQuc2YuamFzcGVycmVwb3J0
cy5lbmdpbmUuSlJQYXJhbWV0ZXI7IgAMjSrDYCECAAB4cAAAABNzcgAwbmV0LnNmLmphc3BlcnJl
cG9ydHMuZW5naW5lLmJhc2UuSlJCYXNlUGFyYW1ldGVyAAAAAAAAJ9gCAAZaAA5pc0ZvclByb21w
dGluZ1oAD2lzU3lzdGVtRGVmaW5lZEwAFmRlZmF1bHRWYWx1ZUV4cHJlc3Npb25xAH4AJEwAC2Rl
c2NyaXB0aW9ucQB+AAdMAARuYW1lcQB+AAdMAA52YWx1ZUNsYXNzTmFtZXEAfgAHeHABAXBwdAAV
UkVQT1JUX1BBUkFNRVRFUlNfTUFQdAANamF2YS51dGlsLk1hcHNxAH4AuAEBcHB0ABFSRVBPUlRf
Q09OTkVDVElPTnQAE2phdmEuc3FsLkNvbm5lY3Rpb25zcQB+ALgBAXBwdAAQUkVQT1JUX01BWF9D
T1VOVHEAfgB+c3EAfgC4AQFwcHQAElJFUE9SVF9EQVRBX1NPVVJDRXQAKG5ldC5zZi5qYXNwZXJy
ZXBvcnRzLmVuZ2luZS5KUkRhdGFTb3VyY2VzcQB+ALgBAXBwdAAQUkVQT1JUX1NDUklQVExFVHQA
L25ldC5zZi5qYXNwZXJyZXBvcnRzLmVuZ2luZS5KUkFic3RyYWN0U2NyaXB0bGV0c3EAfgC4AQFw
cHQADVJFUE9SVF9MT0NBTEV0ABBqYXZhLnV0aWwuTG9jYWxlc3EAfgC4AQFwcHQAFlJFUE9SVF9S
RVNPVVJDRV9CVU5ETEV0ABhqYXZhLnV0aWwuUmVzb3VyY2VCdW5kbGVzcQB+ALgBAXBwdAAQUkVQ
T1JUX1RJTUVfWk9ORXQAEmphdmEudXRpbC5UaW1lWm9uZXNxAH4AuAEBcHB0ABpSRVBPUlRfREFU
RV9GT1JNQVRfRkFDVE9SWXQALm5ldC5zZi5qYXNwZXJyZXBvcnRzLmVuZ2luZS51dGlsLkZvcm1h
dEZhY3RvcnlzcQB+ALgBAXBwdAATUkVQT1JUX0NMQVNTX0xPQURFUnQAFWphdmEubGFuZy5DbGFz
c0xvYWRlcnNxAH4AuAEBcHB0ABpSRVBPUlRfVVJMX0hBTkRMRVJfRkFDVE9SWXQAIGphdmEubmV0
LlVSTFN0cmVhbUhhbmRsZXJGYWN0b3J5c3EAfgC4AQFwcHQAElJFUE9SVF9WSVJUVUFMSVpFUnQA
KW5ldC5zZi5qYXNwZXJyZXBvcnRzLmVuZ2luZS5KUlZpcnR1YWxpemVyc3EAfgC4AQFwcHQAFElT
X0lHTk9SRV9QQUdJTkFUSU9OdAARamF2YS5sYW5nLkJvb2xlYW5zcQB+ALgBAHBwdAAKc3ViamVj
dFVybHQAEGphdmEubGFuZy5TdHJpbmdzcQB+ALgBAHBwdAALcG9zaXRpb25Vcmx0ABBqYXZhLmxh
bmcuU3RyaW5nc3EAfgC4AQBwcHQABnJlcG9ydHQALmNvbS56eW5hcC50YWxlbnRzdHVkaW8uYW5h
bHlzaXMucmVwb3J0cy5SZXBvcnRzcQB+ALgBAHBwdAAEdXNlcnQAG2NvbS56eW5hcC5kb21haW4u
YWRtaW4uVXNlcnNxAH4AuAEAcHB0ABFfRFNfRkFDVE9SWV9QQVJBTXQARmNvbS56eW5hcC50YWxl
bnRzdHVkaW8uYW5hbHlzaXMucmVwb3J0cy5qYXNwZXIuSmFzcGVyRGF0YVNvdXJjZUZhY3Rvcnlz
cQB+ALgBAHBwdAAOX2RlY2ltYWxwbGFjZXNxAH4AfnNyACtuZXQuc2YuamFzcGVycmVwb3J0cy5l
bmdpbmUuSlJQcm9wZXJ0aWVzTWFwAAAAAAAAJ9gCAAFMAA1wcm9wZXJ0aWVzTWFwcQB+AAF4cHNy
AC9vcmcuYXBhY2hlLmNvbW1vbnMuY29sbGVjdGlvbnMuU2VxdWVuY2VkSGFzaE1hcC7qIpOpIiYS
DAAAeHB3BAAAAAB4cHBwcHVyAClbTG5ldC5zZi5qYXNwZXJyZXBvcnRzLmVuZ2luZS5KUlZhcmlh
YmxlO2Lmg3yYLLdEAgAAeHAAAAAHc3EAfgB4CAUBAXBwcHNxAH4AOwAAAAB1cQB+AD4AAAABc3EA
fgBAAXQADm5ldyBJbnRlZ2VyKDEpcQB+AH50AAtQQUdFX05VTUJFUnBxAH4AfnNxAH4AeAgFAQJw
cHBzcQB+ADsAAAABdXEAfgA+AAAAAXNxAH4AQAF0AA5uZXcgSW50ZWdlcigxKXEAfgB+dAANQ09M
VU1OX05VTUJFUnBxAH4AfnNxAH4AeAEFAQFzcQB+ADsAAAACdXEAfgA+AAAAAXNxAH4AQAF0AA5u
ZXcgSW50ZWdlcigxKXEAfgB+cHBzcQB+ADsAAAADdXEAfgA+AAAAAXNxAH4AQAF0AA5uZXcgSW50
ZWdlcigwKXEAfgB+dAAMUkVQT1JUX0NPVU5UcHEAfgB+c3EAfgB4AQUBAnNxAH4AOwAAAAR1cQB+
AD4AAAABc3EAfgBAAXQADm5ldyBJbnRlZ2VyKDEpcQB+AH5wcHNxAH4AOwAAAAV1cQB+AD4AAAAB
c3EAfgBAAXQADm5ldyBJbnRlZ2VyKDApcQB+AH50AApQQUdFX0NPVU5UcHEAfgB+c3EAfgB4AQUB
A3NxAH4AOwAAAAZ1cQB+AD4AAAABc3EAfgBAAXQADm5ldyBJbnRlZ2VyKDEpcQB+AH5wcHNxAH4A
OwAAAAd1cQB+AD4AAAABc3EAfgBAAXQADm5ldyBJbnRlZ2VyKDApcQB+AH50AAxDT0xVTU5fQ09V
TlRwcQB+AH5xAH4AeXEAfgCYcQB+ALVwc3EAfgAjc3EAfgApAAAABHcEAAAACnNxAH4AOAAAAA8A
AQEAAgAAAAFeAAAAAAAAAABwcQB+ABFxAH4BIHBwcHNxAH4AEgBwcHBwcHBwcHB0AAVBcmlhbHNx
AH4AGwAAAAxwcHBxAH4AM3EAfgAfcQB+AB9xAH4AH3BxAH4AH3BwcHBwdAATdGVtcGxhdGVIZWFk
ZXJTdHlsZXBwcHQABkNwMTI1MnQADkhlbHZldGljYS1Cb2xkcHBwcHBwcHBwcHBwcHBwcHBwcHBw
cHBwcHBwcHBwcHBwcHBwcHBwcHBwcHBwAAAAAAEBAAFwcHNxAH4AOwAAABB1cQB+AD4AAAABc3EA
fgBAAXQADiJLZXkgUG9zaXRpb24icQB+AEdwcHBwcHBwcHNxAH4AOAAAAA8AAQEAAgAAAAFeAAAB
XgAAAABwcQB+ABFxAH4BIHBwcHEAfgEjcHBwcHBwcHBwcHBwcHBwcHBwcHBwcHBwcHBwcHBwcHAA
AAAAAQEAAXBwc3EAfgA7AAAAEXVxAH4APgAAAAFzcQB+AEABdAAHIlRpdGxlInEAfgBHcHBwcHBw
cHBzcQB+ADgAAAAPAAEBAAIAAAABXgAAArwAAAAAcHEAfgARcQB+ASBwcHBxAH4BI3BwcHBwcHBw
cHBwcHBwcHBwcHBwcHBwcHBwcHBwcHBwAAAAAAEBAAFwcHNxAH4AOwAAABJ1cQB+AD4AAAABc3EA
fgBAAXQAEyJPcmdhbmlzYXRpb24gVW5pdCJxAH4AR3BwcHBwcHBwc3EAfgA4AAAADwABAQACAAAA
AV4AAAQaAAAAAHBxAH4AEXEAfgEgcHBwcQB+ASNwcHBwcHBwcHBwcHBwcHBwcHBwcHBwcHBwcHBw
cHBwcAAAAAABAQABcHBzcQB+ADsAAAATdXEAfgA+AAAAAXNxAH4AQAF0AAciR3JhZGUicQB+AEdw
cHBwcHBwcHhwAAAAFAFwdXIAJltMbmV0LnNmLmphc3BlcnJlcG9ydHMuZW5naW5lLkpSU3R5bGU7
1JzDEdkFcjUCAAB4cAAAAANxAH4AGXEAfgEjcQB+ADBwcHNyADZuZXQuc2YuamFzcGVycmVwb3J0
cy5lbmdpbmUuZGVzaWduLkpSUmVwb3J0Q29tcGlsZURhdGEAAAAAAAAn2AIAA0wAE2Nyb3NzdGFi
Q29tcGlsZURhdGFxAH4AAUwAEmRhdGFzZXRDb21waWxlRGF0YXEAfgABTAAWbWFpbkRhdGFzZXRD
b21waWxlRGF0YXEAfgAGeHBzcgARamF2YS51dGlsLkhhc2hNYXAFB9rBwxZg0QMAAkYACmxvYWRG
YWN0b3JJAAl0aHJlc2hvbGR4cD9AAAAAAAAMdwgAAAAQAAAAAHhzcQB+AUA/QAAAAAAADHcIAAAA
EAAAAAB4dXIAAltCrPMX+AYIVOACAAB4cAAAGQXK/rq+AAAAMQDzCgBXAIwJAFYAjQkAVgCOCQBW
AI8JAFYAkAkAVgCRCQBWAJIJAFYAkwkAVgCUCQBWAJUJAFYAlgkAVgCXCQBWAJgJAFYAmQkAVgCa
CQBWAJsJAFYAnAkAVgCdCQBWAJ4JAFYAnwkAVgCgCQBWAKEJAFYAogkAVgCjCQBWAKQJAFYApQkA
VgCmCQBWAKcJAFYAqAkAVgCpCQBWAKoJAFYAqwoAVgCsCgBWAK0KAFYArggArwsAsACxBwCyCACz
CAC0CAC1CAC2CAC3CAC4CAC5CAC6CAC7CAC8CAC9CAC+CAC/CADACADBCADCCADDCADECADFBwDG
CADHCADICADJCADKCADLBwDMCADNCADOCADPCADQCADRCADSBwDTCgBHANQKADoA1QoA1gDXBwDY
CADZCADaCADbCADcBwDdCgBQAIwIAN4KAFAA3woAUADgCgA6AOEHAOIHAOMBACBwYXJhbWV0ZXJf
UkVQT1JUX1JFU09VUkNFX0JVTkRMRQEAMkxuZXQvc2YvamFzcGVycmVwb3J0cy9lbmdpbmUvZmls
bC9KUkZpbGxQYXJhbWV0ZXI7AQAYcGFyYW1ldGVyX19kZWNpbWFscGxhY2VzAQAOcGFyYW1ldGVy
X3VzZXIBACRwYXJhbWV0ZXJfUkVQT1JUX0RBVEVfRk9STUFUX0ZBQ1RPUlkBAB1wYXJhbWV0ZXJf
UkVQT1JUX0NMQVNTX0xPQURFUgEAGnBhcmFtZXRlcl9SRVBPUlRfVElNRV9aT05FAQAQcGFyYW1l
dGVyX3JlcG9ydAEAFXBhcmFtZXRlcl9wb3NpdGlvblVybAEAHHBhcmFtZXRlcl9SRVBPUlRfREFU
QV9TT1VSQ0UBABdwYXJhbWV0ZXJfUkVQT1JUX0xPQ0FMRQEAJHBhcmFtZXRlcl9SRVBPUlRfVVJM
X0hBTkRMRVJfRkFDVE9SWQEAH3BhcmFtZXRlcl9SRVBPUlRfUEFSQU1FVEVSU19NQVABABtwYXJh
bWV0ZXJfUkVQT1JUX0NPTk5FQ1RJT04BAB5wYXJhbWV0ZXJfSVNfSUdOT1JFX1BBR0lOQVRJT04B
ABtwYXJhbWV0ZXJfX0RTX0ZBQ1RPUllfUEFSQU0BABxwYXJhbWV0ZXJfUkVQT1JUX1ZJUlRVQUxJ
WkVSAQAUcGFyYW1ldGVyX3N1YmplY3RVcmwBABpwYXJhbWV0ZXJfUkVQT1JUX1NDUklQVExFVAEA
GnBhcmFtZXRlcl9SRVBPUlRfTUFYX0NPVU5UAQAJZmllbGRfNTEyAQAuTG5ldC9zZi9qYXNwZXJy
ZXBvcnRzL2VuZ2luZS9maWxsL0pSRmlsbEZpZWxkOwEAC2ZpZWxkX3RpdGxlAQAJZmllbGRfNTE4
AQAdZmllbGRfb3JnYW5pc2F0aW9uVW5pdDQ2bGFiZWwBAAhmaWVsZF9pZAEAFHZhcmlhYmxlX1BB
R0VfTlVNQkVSAQAxTG5ldC9zZi9qYXNwZXJyZXBvcnRzL2VuZ2luZS9maWxsL0pSRmlsbFZhcmlh
YmxlOwEAFnZhcmlhYmxlX0NPTFVNTl9OVU1CRVIBABV2YXJpYWJsZV9SRVBPUlRfQ09VTlQBABN2
YXJpYWJsZV9QQUdFX0NPVU5UAQAVdmFyaWFibGVfQ09MVU1OX0NPVU5UAQASdmFyaWFibGVfNTEy
X0NPVU5UAQAmdmFyaWFibGVfb3JnYW5pc2F0aW9uVW5pdDQ2bGFiZWxfQ09VTlQBAAY8aW5pdD4B
AAMoKVYBAARDb2RlAQAPTGluZU51bWJlclRhYmxlAQAOY3VzdG9taXplZEluaXQBADAoTGphdmEv
dXRpbC9NYXA7TGphdmEvdXRpbC9NYXA7TGphdmEvdXRpbC9NYXA7KVYBAAppbml0UGFyYW1zAQAS
KExqYXZhL3V0aWwvTWFwOylWAQAKaW5pdEZpZWxkcwEACGluaXRWYXJzAQAIZXZhbHVhdGUBABUo
SSlMamF2YS9sYW5nL09iamVjdDsBAApFeGNlcHRpb25zBwDkAQALZXZhbHVhdGVPbGQBABFldmFs
dWF0ZUVzdGltYXRlZAEAClNvdXJjZUZpbGUBACpEYXRhU291cmNlUmVwb3J0XzExODc5NTQ5NzMx
NzFfMjAyNDQ0LmphdmEMAHoAewwAWABZDABaAFkMAFsAWQwAXABZDABdAFkMAF4AWQwAXwBZDABg
AFkMAGEAWQwAYgBZDABjAFkMAGQAWQwAZQBZDABmAFkMAGcAWQwAaABZDABpAFkMAGoAWQwAawBZ
DABsAG0MAG4AbQwAbwBtDABwAG0MAHEAbQwAcgBzDAB0AHMMAHUAcwwAdgBzDAB3AHMMAHgAcwwA
eQBzDACAAIEMAIIAgQwAgwCBAQAWUkVQT1JUX1JFU09VUkNFX0JVTkRMRQcA5QwA5gDnAQAwbmV0
L3NmL2phc3BlcnJlcG9ydHMvZW5naW5lL2ZpbGwvSlJGaWxsUGFyYW1ldGVyAQAOX2RlY2ltYWxw
bGFjZXMBAAR1c2VyAQAaUkVQT1JUX0RBVEVfRk9STUFUX0ZBQ1RPUlkBABNSRVBPUlRfQ0xBU1Nf
TE9BREVSAQAQUkVQT1JUX1RJTUVfWk9ORQEABnJlcG9ydAEAC3Bvc2l0aW9uVXJsAQASUkVQT1JU
X0RBVEFfU09VUkNFAQANUkVQT1JUX0xPQ0FMRQEAGlJFUE9SVF9VUkxfSEFORExFUl9GQUNUT1JZ
AQAVUkVQT1JUX1BBUkFNRVRFUlNfTUFQAQARUkVQT1JUX0NPTk5FQ1RJT04BABRJU19JR05PUkVf
UEFHSU5BVElPTgEAEV9EU19GQUNUT1JZX1BBUkFNAQASUkVQT1JUX1ZJUlRVQUxJWkVSAQAKc3Vi
amVjdFVybAEAEFJFUE9SVF9TQ1JJUFRMRVQBABBSRVBPUlRfTUFYX0NPVU5UAQACMzIBACxuZXQv
c2YvamFzcGVycmVwb3J0cy9lbmdpbmUvZmlsbC9KUkZpbGxGaWVsZAEABXRpdGxlAQACMzgBABZv
cmdhbmlzYXRpb25Vbml0LmxhYmVsAQACaWQBAAtQQUdFX05VTUJFUgEAL25ldC9zZi9qYXNwZXJy
ZXBvcnRzL2VuZ2luZS9maWxsL0pSRmlsbFZhcmlhYmxlAQANQ09MVU1OX05VTUJFUgEADFJFUE9S
VF9DT1VOVAEAClBBR0VfQ09VTlQBAAxDT0xVTU5fQ09VTlQBAAgzMl9DT1VOVAEAHG9yZ2FuaXNh
dGlvblVuaXQubGFiZWxfQ09VTlQBABFqYXZhL2xhbmcvSW50ZWdlcgwAegDoDADpAOoHAOsMAOwA
7QEAEGphdmEvbGFuZy9TdHJpbmcBAAxLZXkgUG9zaXRpb24BAAVUaXRsZQEAEU9yZ2FuaXNhdGlv
biBVbml0AQAFR3JhZGUBABdqYXZhL2xhbmcvU3RyaW5nQnVpbGRlcgEAIF9fcG9zaXRpb25Vcmxf
XyZjb21tYW5kLm5vZGUuaWQ9DADuAO8MAPAA8QwA8gDqAQAlRGF0YVNvdXJjZVJlcG9ydF8xMTg3
OTU0OTczMTcxXzIwMjQ0NAEALG5ldC9zZi9qYXNwZXJyZXBvcnRzL2VuZ2luZS9maWxsL0pSRXZh
bHVhdG9yAQATamF2YS9sYW5nL1Rocm93YWJsZQEADWphdmEvdXRpbC9NYXABAANnZXQBACYoTGph
dmEvbGFuZy9PYmplY3Q7KUxqYXZhL2xhbmcvT2JqZWN0OwEABChJKVYBAAhnZXRWYWx1ZQEAFCgp
TGphdmEvbGFuZy9PYmplY3Q7AQA1Y29tL3p5bmFwL3RhbGVudHN0dWRpby9hbmFseXNpcy9yZXBv
cnRzL0RhdGFGb3JtYXR0ZXIBAAtmb3JtYXRWYWx1ZQEAJihMamF2YS9sYW5nL09iamVjdDspTGph
dmEvbGFuZy9TdHJpbmc7AQAGYXBwZW5kAQAtKExqYXZhL2xhbmcvU3RyaW5nOylMamF2YS9sYW5n
L1N0cmluZ0J1aWxkZXI7AQAIdG9TdHJpbmcBABQoKUxqYXZhL2xhbmcvU3RyaW5nOwEAC2dldE9s
ZFZhbHVlACEAVgBXAAAAHwACAFgAWQAAAAIAWgBZAAAAAgBbAFkAAAACAFwAWQAAAAIAXQBZAAAA
AgBeAFkAAAACAF8AWQAAAAIAYABZAAAAAgBhAFkAAAACAGIAWQAAAAIAYwBZAAAAAgBkAFkAAAAC
AGUAWQAAAAIAZgBZAAAAAgBnAFkAAAACAGgAWQAAAAIAaQBZAAAAAgBqAFkAAAACAGsAWQAAAAIA
bABtAAAAAgBuAG0AAAACAG8AbQAAAAIAcABtAAAAAgBxAG0AAAACAHIAcwAAAAIAdABzAAAAAgB1
AHMAAAACAHYAcwAAAAIAdwBzAAAAAgB4AHMAAAACAHkAcwAAAAgAAQB6AHsAAQB8AAABNAACAAEA
AACgKrcAASoBtQACKgG1AAMqAbUABCoBtQAFKgG1AAYqAbUAByoBtQAIKgG1AAkqAbUACioBtQAL
KgG1AAwqAbUADSoBtQAOKgG1AA8qAbUAECoBtQARKgG1ABIqAbUAEyoBtQAUKgG1ABUqAbUAFioB
tQAXKgG1ABgqAbUAGSoBtQAaKgG1ABsqAbUAHCoBtQAdKgG1AB4qAbUAHyoBtQAgsQAAAAEAfQAA
AIIAIAAAABIABAAZAAkAGgAOABsAEwAcABgAHQAdAB4AIgAfACcAIAAsACEAMQAiADYAIwA7ACQA
QAAlAEUAJgBKACcATwAoAFQAKQBZACoAXgArAGMALABoAC0AbQAuAHIALwB3ADAAfAAxAIEAMgCG
ADMAiwA0AJAANQCVADYAmgA3AAEAfgB/AAEAfAAAADQAAgAEAAAAECortwAhKiy3ACIqLbcAI7EA
AAABAH0AAAASAAQAAABDAAUARAAKAEUADwBGAAIAgACBAAEAfAAAAYIAAwACAAABHiorEiS5ACUC
AMAAJrUAAiorEie5ACUCAMAAJrUAAyorEii5ACUCAMAAJrUABCorEim5ACUCAMAAJrUABSorEiq5
ACUCAMAAJrUABiorEiu5ACUCAMAAJrUAByorEiy5ACUCAMAAJrUACCorEi25ACUCAMAAJrUACSor
Ei65ACUCAMAAJrUACiorEi+5ACUCAMAAJrUACyorEjC5ACUCAMAAJrUADCorEjG5ACUCAMAAJrUA
DSorEjK5ACUCAMAAJrUADiorEjO5ACUCAMAAJrUADyorEjS5ACUCAMAAJrUAECorEjW5ACUCAMAA
JrUAESorEja5ACUCAMAAJrUAEiorEje5ACUCAMAAJrUAEyorEji5ACUCAMAAJrUAFLEAAAABAH0A
AABSABQAAABOAA8ATwAeAFAALQBRADwAUgBLAFMAWgBUAGkAVQB4AFYAhwBXAJYAWAClAFkAtABa
AMMAWwDSAFwA4QBdAPAAXgD/AF8BDgBgAR0AYQACAIIAgQABAHwAAAB4AAMAAgAAAEwqKxI5uQAl
AgDAADq1ABUqKxI7uQAlAgDAADq1ABYqKxI8uQAlAgDAADq1ABcqKxI9uQAlAgDAADq1ABgqKxI+
uQAlAgDAADq1ABmxAAAAAQB9AAAAGgAGAAAAaQAPAGoAHgBrAC0AbAA8AG0ASwBuAAIAgwCBAAEA
fAAAAJ4AAwACAAAAaiorEj+5ACUCAMAAQLUAGiorEkG5ACUCAMAAQLUAGyorEkK5ACUCAMAAQLUA
HCorEkO5ACUCAMAAQLUAHSorEkS5ACUCAMAAQLUAHiorEkW5ACUCAMAAQLUAHyorEka5ACUCAMAA
QLUAILEAAAABAH0AAAAiAAgAAAB2AA8AdwAeAHgALQB5ADwAegBLAHsAWgB8AGkAfQABAIQAhQAC
AHwAAAJrAAMAAwAAAZMBTRuqAAABjgAAAAAAAAAWAAAAaQAAAHUAAACBAAAAjQAAAJkAAAClAAAA
sQAAAL0AAADJAAAA1QAAAOEAAADtAAAA+QAAAQcAAAEVAAABJgAAATcAAAE9AAABQwAAAUkAAAFP
AAABYAAAAYC7AEdZBLcASE2nARy7AEdZBLcASE2nARC7AEdZBLcASE2nAQS7AEdZA7cASE2nAPi7
AEdZBLcASE2nAOy7AEdZA7cASE2nAOC7AEdZBLcASE2nANS7AEdZA7cASE2nAMi7AEdZBLcASE2n
ALy7AEdZA7cASE2nALC7AEdZBLcASE2nAKS7AEdZA7cASE2nAJgqtAAVtgBJuABKTacAiiq0ABW2
AEm4AEpNpwB8KrQAGLYAScAAS7gASk2nAGsqtAAYtgBJwABLuABKTacAWhJMTacAVBJNTacAThJO
TacASBJPTacAQiq0ABa2AEnAAEu4AEpNpwAxuwBQWbcAURJStgBTKrQAGbYAScAAS7YAU7YAVE2n
ABEqtAAXtgBJuABKTacAAyywAAAAAQB9AAAAxgAxAAAAhQACAIcAbACLAHUAjAB4AJAAgQCRAIQA
lQCNAJYAkACaAJkAmwCcAJ8ApQCgAKgApACxAKUAtACpAL0AqgDAAK4AyQCvAMwAswDVALQA2AC4
AOEAuQDkAL0A7QC+APAAwgD5AMMA/ADHAQcAyAEKAMwBFQDNARgA0QEmANIBKQDWATcA1wE6ANsB
PQDcAUAA4AFDAOEBRgDlAUkA5gFMAOoBTwDrAVIA7wFgAPABYwD0AYAA9QGDAPkBjgD6AZEBAQCG
AAAABAABAIcAAQCIAIUAAgB8AAACawADAAMAAAGTAU0bqgAAAY4AAAAAAAAAFgAAAGkAAAB1AAAA
gQAAAI0AAACZAAAApQAAALEAAAC9AAAAyQAAANUAAADhAAAA7QAAAPkAAAEHAAABFQAAASYAAAE3
AAABPQAAAUMAAAFJAAABTwAAAWAAAAGAuwBHWQS3AEhNpwEcuwBHWQS3AEhNpwEQuwBHWQS3AEhN
pwEEuwBHWQO3AEhNpwD4uwBHWQS3AEhNpwDsuwBHWQO3AEhNpwDguwBHWQS3AEhNpwDUuwBHWQO3
AEhNpwDIuwBHWQS3AEhNpwC8uwBHWQO3AEhNpwCwuwBHWQS3AEhNpwCkuwBHWQO3AEhNpwCYKrQA
FbYAVbgASk2nAIoqtAAVtgBVuABKTacAfCq0ABi2AFXAAEu4AEpNpwBrKrQAGLYAVcAAS7gASk2n
AFoSTE2nAFQSTU2nAE4STk2nAEgST02nAEIqtAAWtgBVwABLuABKTacAMbsAUFm3AFESUrYAUyq0
ABm2AFXAAEu2AFO2AFRNpwARKrQAF7YAVbgASk2nAAMssAAAAAEAfQAAAMYAMQAAAQoAAgEMAGwB
EAB1AREAeAEVAIEBFgCEARoAjQEbAJABHwCZASAAnAEkAKUBJQCoASkAsQEqALQBLgC9AS8AwAEz
AMkBNADMATgA1QE5ANgBPQDhAT4A5AFCAO0BQwDwAUcA+QFIAPwBTAEHAU0BCgFRARUBUgEYAVYB
JgFXASkBWwE3AVwBOgFgAT0BYQFAAWUBQwFmAUYBagFJAWsBTAFvAU8BcAFSAXQBYAF1AWMBeQGA
AXoBgwF+AY4BfwGRAYYAhgAAAAQAAQCHAAEAiQCFAAIAfAAAAmsAAwADAAABkwFNG6oAAAGOAAAA
AAAAABYAAABpAAAAdQAAAIEAAACNAAAAmQAAAKUAAACxAAAAvQAAAMkAAADVAAAA4QAAAO0AAAD5
AAABBwAAARUAAAEmAAABNwAAAT0AAAFDAAABSQAAAU8AAAFgAAABgLsAR1kEtwBITacBHLsAR1kE
twBITacBELsAR1kEtwBITacBBLsAR1kDtwBITacA+LsAR1kEtwBITacA7LsAR1kDtwBITacA4LsA
R1kEtwBITacA1LsAR1kDtwBITacAyLsAR1kEtwBITacAvLsAR1kDtwBITacAsLsAR1kEtwBITacA
pLsAR1kDtwBITacAmCq0ABW2AEm4AEpNpwCKKrQAFbYASbgASk2nAHwqtAAYtgBJwABLuABKTacA
ayq0ABi2AEnAAEu4AEpNpwBaEkxNpwBUEk1NpwBOEk5NpwBIEk9NpwBCKrQAFrYAScAAS7gASk2n
ADG7AFBZtwBRElK2AFMqtAAZtgBJwABLtgBTtgBUTacAESq0ABe2AEm4AEpNpwADLLAAAAABAH0A
AADGADEAAAGPAAIBkQBsAZUAdQGWAHgBmgCBAZsAhAGfAI0BoACQAaQAmQGlAJwBqQClAaoAqAGu
ALEBrwC0AbMAvQG0AMABuADJAbkAzAG9ANUBvgDYAcIA4QHDAOQBxwDtAcgA8AHMAPkBzQD8AdEB
BwHSAQoB1gEVAdcBGAHbASYB3AEpAeABNwHhAToB5QE9AeYBQAHqAUMB6wFGAe8BSQHwAUwB9AFP
AfUBUgH5AWAB+gFjAf4BgAH/AYMCAwGOAgQBkQILAIYAAAAEAAEAhwABAIoAAAACAIt0ABVfMTE4
Nzk1NDk3MzE3MV8yMDI0NDR0ADJuZXQuc2YuamFzcGVycmVwb3J0cy5lbmdpbmUuZGVzaWduLkpS
SmF2YWNDb21waWxlcnNxAH4BQD9AAAAAAAAMdwgAAAAQAAAAAHg="/>
<REPORTS ID="-102" ACCESS_TYPE="Public" REP_TYPE="CROSSTAB" LABEL="OU per Key Positions" DEFAULT_POPULATION_ID="-1" USER_ID="1" POPULATION_TYPE="P"/>
  <REPORT_COLUMNS SOURCE="NA" ID="-281" REF_VALUE="organisationUnit.label" LABEL="Organisation Unit" REP_ID="-101" POSITION="0" COLUMN_TYPE="TEXT" MANDATORY="F" IS_COLOR_DISPLAYABLE="F" IS_FORMULA="F" IS_GROUPED="T"/>
  <REPORT_COLUMNS SOURCE="NA" ID="-282" REF_VALUE="32" LABEL="Key Position" REP_ID="-101" POSITION="1" COLUMN_TYPE="STRUCT" MANDATORY="F" IS_COLOR_DISPLAYABLE="F" IS_FORMULA="F" IS_GROUPED="T"/>
  <REPORT_COLUMNS SOURCE="NA" ID="-283" REF_VALUE="title" LABEL="Title" REP_ID="-101" POSITION="2" COLUMN_TYPE="TEXT" MANDATORY="F" IS_COLOR_DISPLAYABLE="F" IS_FORMULA="F" IS_GROUPED="F"/>
  <REPORT_COLUMNS SOURCE="NA" ID="-284" REF_VALUE="38" LABEL="Grade" REP_ID="-101" POSITION="3" COLUMN_TYPE="STRUCT" MANDATORY="F" IS_COLOR_DISPLAYABLE="F" IS_FORMULA="F" IS_GROUPED="F"/>
  <REPORT_COLUMNS SOURCE="Horizontal" ID="-285" REF_VALUE="32" LABEL="Key Position" REP_ID="-102" POSITION="1" COLUMN_TYPE="STRUCT" MANDATORY="F" IS_COLOR_DISPLAYABLE="F" IS_FORMULA="F" IS_GROUPED="F"/>
  <REPORT_COLUMNS SOURCE="Vertical" ID="-286" REF_VALUE="organisationUnit.id" LABEL="Organisation Unit" REP_ID="-102" POSITION="0" COLUMN_TYPE="ORGANISATION" MANDATORY="F" IS_COLOR_DISPLAYABLE="F" IS_FORMULA="F" IS_GROUPED="F"/>
</dataset>
