<?xml version='1.0' encoding='UTF-8'?>
<dataset>
    <NODES ID="-22" NODE_TYPE="O" IS_ACTIVE="T"/>
    <NODES ID="-23" NODE_TYPE="O" IS_ACTIVE="T"/>
    <NODES ID="-24" NODE_TYPE="O" IS_ACTIVE="T"/>
    <NODES ID="-25" NODE_TYPE="O" IS_ACTIVE="T"/>
    <NODES ID="-9" NODE_TYPE="O" IS_ACTIVE="T"/>
    <NODES ID="-10" NODE_TYPE="O" IS_ACTIVE="T"/>

    <ORGANIZATION_UNITS NODE_ID="-22" PARENT_ID="0" LABEL="Marketing"/>
    <ORGANIZATION_UNITS NODE_ID="-23" PARENT_ID="0" LABEL="Accounts"/>
    <ORGANIZATION_UNITS NODE_ID="-24" PARENT_ID="0" LABEL="IT"/>
    <ORGANIZATION_UNITS NODE_ID="-25" PARENT_ID="-24" LABEL="Engineering"/>
    <ORGANIZATION_UNITS NODE_ID="-10" PARENT_ID="-25" LABEL="Development"/>
    <ORGANIZATION_UNITS NODE_ID="-9" PARENT_ID="-10" LABEL="Java"/>

    <CALCULATIONS ID="-1" TYPE="DATE" FORMAT="0"/>

    <DYNAMIC_ATTRIBUTES ID="-1" LABEL="Contract NUM" TYPE="NUMBER" REFERS_TO="[NULL]" ARTEFACT_TYPE="O" CALCULATION_ID="[NULL]" IS_CALCULATED="F" IS_MANDATORY="F" IS_ACTIVE="T" IS_SEARCHABLE="T" DESCRIPTION="a1" MODIFIED_LABEL="cd1"/>
    <DYNAMIC_ATTRIBUTES ID="-2" LABEL="Contract TEXT" TYPE="TEXT" REFERS_TO="[NULL]" ARTEFACT_TYPE="O" CALCULATION_ID="[NULL]" IS_CALCULATED="F" IS_MANDATORY="F" IS_ACTIVE="T" IS_SEARCHABLE="T" DESCRIPTION="a2" MODIFIED_LABEL="cd2"/>
    <DYNAMIC_ATTRIBUTES ID="-3" LABEL="Contract Date" TYPE="DATE" REFERS_TO="[NULL]" ARTEFACT_TYPE="O" CALCULATION_ID="[NULL]" IS_CALCULATED="F" IS_MANDATORY="F" IS_ACTIVE="T" IS_SEARCHABLE="T" DESCRIPTION="a3" MODIFIED_LABEL="cd3"/>
    <DYNAMIC_ATTRIBUTES ID="-4" LABEL="Calculated Date" TYPE="DATE" REFERS_TO="[NULL]" ARTEFACT_TYPE="O" CALCULATION_ID="-1" IS_CALCULATED="T" IS_MANDATORY="F" IS_ACTIVE="T" IS_SEARCHABLE="T" DESCRIPTION="a4" MODIFIED_LABEL="cd4"/>
    <DYNAMIC_ATTRIBUTES ID="-5" LABEL="Cont Struct" TYPE="STRUCT" REFERS_TO="CHOICE" ARTEFACT_TYPE="O" CALCULATION_ID="[NULL]" IS_CALCULATED="F" IS_MANDATORY="F" IS_ACTIVE="T" IS_SEARCHABLE="T" DESCRIPTION="a4" MODIFIED_LABEL="cd4"/>
    <DYNAMIC_ATTRIBUTES ID="-6" LABEL="Cont multi" TYPE="MULTISELECT" REFERS_TO="COUNTRY" ARTEFACT_TYPE="O" CALCULATION_ID="[NULL]" IS_CALCULATED="F" IS_MANDATORY="F" IS_ACTIVE="T" IS_SEARCHABLE="T" DESCRIPTION="a4" MODIFIED_LABEL="cd4"/>

    <CALCULATION_EXPRESSIONS ID="1" CALCULATION_ID="-1" ATTRIBUTE="49" VALUE="[NULL]" FORMAT="0" OPERATOR="+" POSITION="0"/>
    <CALCULATION_EXPRESSIONS ID="2" CALCULATION_ID="-1" ATTRIBUTE="-3" VALUE="[NULL]" FORMAT="0" OPERATOR="[NULL]" POSITION="1"/>

    <NODE_DAS ID="1" NODE_ID="-24" VALUE="123" DA_ID="-1"/>
    <NODE_DAS ID="2" NODE_ID="-24" VALUE="Need to add selections and multis" DA_ID="-2"/>
    <NODE_DAS ID="3" NODE_ID="-24" VALUE="2009-08-20" DA_ID="-3"/>
    <NODE_DAS ID="4" NODE_ID="-24" VALUE="233" DA_ID="-6"/>
    <NODE_DAS ID="5" NODE_ID="-24" VALUE="259" DA_ID="-6"/>
    <NODE_DAS ID="6" NODE_ID="-24" VALUE="253" DA_ID="-6"/>
    <NODE_DAS ID="6" NODE_ID="-24" VALUE="6" DA_ID="-5"/>

</dataset>
