<?xml version='1.0' encoding='UTF-8'?>
<dataset>
   <LOOKUP_TYPES ID="B0.9742890170140794741" DESCRIPTION="B-B" TYPE="QUESTIONNAIRE" IS_ACTIVE="T" IS_SYSTEM="T" LABEL="B0.9742890170140794"/>
  <LOOKUP_TYPES ID="C0.968795280182981742" DESCRIPTION="C-C" TYPE="QUESTIONNAIRE" IS_ACTIVE="T" IS_SYSTEM="T" LABEL="C0.968795280182981"/>
  <LOOKUP_TYPES ID="A0.5507773549508882740" DESCRIPTION="A-A" TYPE="QUESTIONNAIRE" IS_ACTIVE="T" IS_SYSTEM="T" LABEL="A0.5507773549508882"/>
  <LOOKUP_TYPES ID="D0.5333942724012624743" DESCRIPTION="D-D" TYPE="QUESTIONNAIRE" IS_ACTIVE="T" IS_SYSTEM="T" LABEL="D0.5333942724012624"/>
  <LOOKUP_TYPES ID="FINALPERFORMANCERATING0.30839298034594487744" DESCRIPTION="Final Performance Rating-Final Performance Rating" TYPE="QUESTIONNAIRE" IS_ACTIVE="T" IS_SYSTEM="T" LABEL="Final Performance Rating0.30839298034594487"/>
  <LOOKUP_TYPES ID="SELECTNAME0.21614258411960063745" DESCRIPTION="Select Name-Select Title" TYPE="QUESTIONNAIRE" IS_ACTIVE="T" IS_SYSTEM="T" LABEL="Select Name0.21614258411960063"/>
  <LOOKUP_TYPES ID="RADIONAME0.10597917840270366746" DESCRIPTION="Radio Name-Radio Title" TYPE="QUESTIONNAIRE" IS_ACTIVE="T" IS_SYSTEM="T" LABEL="Radio Name0.10597917840270366"/>
  <LOOKUP_TYPES ID="SCALAR0.057773000478273495747" DESCRIPTION="Scalar-Scalar" TYPE="QUESTIONNAIRE" IS_ACTIVE="T" IS_SYSTEM="T" LABEL="Scalar0.057773000478273495"/>
  <LOOKUP_TYPES ID="ENUMMAPPINGONELEVEL0.562696694322486203" DESCRIPTION="EnumMapping - One Level-EnumMapping - One Level" TYPE="QUESTIONNAIRE" IS_ACTIVE="T" IS_SYSTEM="T" LABEL="EnumMapping - One Level0.562696694322486"/>
  <LOOKUP_TYPES ID="FINALPERFORMANCERATING0.5061741214092975204" DESCRIPTION="Final Performance Rating-Final Performance Rating" TYPE="QUESTIONNAIRE" IS_ACTIVE="T" IS_SYSTEM="T" LABEL="Final Performance Rating0.5061741214092975"/>
  <LOOKUP_TYPES ID="ENUMMAPPINGTWOLEVELS0.5398115159366205" DESCRIPTION="EnumMapping - Two Levels-EnumMapping - Two Levels" TYPE="QUESTIONNAIRE" IS_ACTIVE="T" IS_SYSTEM="T" LABEL="EnumMapping - Two Levels0.5398115159366"/>
  <LOOKUP_VALUES ID="592" TYPE_ID="ENUMMAPPINGONELEVEL0.562696694322486203" VALUE_ID="LOW" SHORT_DESC="Low" DESCRIPTION="Low" IS_ACTIVE="T" IS_SYSTEM="F" SORT_ORDER="0"/>
  <LOOKUP_VALUES ID="593" TYPE_ID="ENUMMAPPINGONELEVEL0.562696694322486203" VALUE_ID="MEDIUM" SHORT_DESC="Medium" DESCRIPTION="Medium" IS_ACTIVE="T" IS_SYSTEM="F" SORT_ORDER="0"/>
  <LOOKUP_VALUES ID="594" TYPE_ID="ENUMMAPPINGONELEVEL0.562696694322486203" VALUE_ID="HIGH" SHORT_DESC="High" DESCRIPTION="High" IS_ACTIVE="T" IS_SYSTEM="F" SORT_ORDER="0"/>
  <LOOKUP_VALUES ID="595" TYPE_ID="FINALPERFORMANCERATING0.5061741214092975204" VALUE_ID="1" SHORT_DESC="1" DESCRIPTION="1" IS_ACTIVE="T" IS_SYSTEM="F" SORT_ORDER="0"/>
  <LOOKUP_VALUES ID="596" TYPE_ID="FINALPERFORMANCERATING0.5061741214092975204" VALUE_ID="2" SHORT_DESC="2" DESCRIPTION="2" IS_ACTIVE="T" IS_SYSTEM="F" SORT_ORDER="1"/>
  <LOOKUP_VALUES ID="597" TYPE_ID="FINALPERFORMANCERATING0.5061741214092975204" VALUE_ID="3" SHORT_DESC="3" DESCRIPTION="3" IS_ACTIVE="T" IS_SYSTEM="F" SORT_ORDER="2"/>
  <LOOKUP_VALUES ID="598" TYPE_ID="FINALPERFORMANCERATING0.5061741214092975204" VALUE_ID="4" SHORT_DESC="4" DESCRIPTION="4" IS_ACTIVE="T" IS_SYSTEM="F" SORT_ORDER="3"/>
  <LOOKUP_VALUES ID="599" TYPE_ID="FINALPERFORMANCERATING0.5061741214092975204" VALUE_ID="5" SHORT_DESC="5" DESCRIPTION="5" IS_ACTIVE="T" IS_SYSTEM="F" SORT_ORDER="4"/>
  <LOOKUP_VALUES ID="600" TYPE_ID="ENUMMAPPINGTWOLEVELS0.5398115159366205" VALUE_ID="POOR PERFORMER" SHORT_DESC="Poor Performer" DESCRIPTION="Fall within low and score 1 or 2 within Final Performance Rating" IS_ACTIVE="T" IS_SYSTEM="F" SORT_ORDER="0"/>
  <LOOKUP_VALUES ID="601" TYPE_ID="ENUMMAPPINGTWOLEVELS0.5398115159366205" VALUE_ID="GOOD SOLID PERFORMER" SHORT_DESC="Good Solid Performer" DESCRIPTION="Fall within low and score 3 within Final Performance Rating" IS_ACTIVE="T" IS_SYSTEM="F" SORT_ORDER="0"/>
  <LOOKUP_VALUES ID="602" TYPE_ID="ENUMMAPPINGTWOLEVELS0.5398115159366205" VALUE_ID="UNDER PERFORMER" SHORT_DESC="Under Performer" DESCRIPTION="Fall within medium and score 1 or 2 within Final Performance Rating" IS_ACTIVE="T" IS_SYSTEM="F" SORT_ORDER="0"/>
  <LOOKUP_VALUES ID="603" TYPE_ID="ENUMMAPPINGTWOLEVELS0.5398115159366205" VALUE_ID="GOOD SOLID PERFORMER (WITH POTENTIAL)" SHORT_DESC="Good Solid Performer (with Potential)" DESCRIPTION="Fall within medium and score 3 within Final Performance Rating" IS_ACTIVE="T" IS_SYSTEM="F" SORT_ORDER="0"/>
  <LOOKUP_VALUES ID="604" TYPE_ID="ENUMMAPPINGTWOLEVELS0.5398115159366205" VALUE_ID="UNDER PERFORMER (WITH HIGH POTENTIAL)" SHORT_DESC="Under Performer (with High Potential)" DESCRIPTION="Fall within high and score 1 or 2 within Final Performance Rating" IS_ACTIVE="T" IS_SYSTEM="F" SORT_ORDER="0"/>
  <LOOKUP_VALUES ID="605" TYPE_ID="ENUMMAPPINGTWOLEVELS0.5398115159366205" VALUE_ID="GOOD SOLID PERFORMER (WITH HIGH POTENTIAL)" SHORT_DESC="Good Solid Performer (with High Potential)" DESCRIPTION="Fall within high and score 3 within Final Performance Rating" IS_ACTIVE="T" IS_SYSTEM="F" SORT_ORDER="0"/>
  <LOOKUP_VALUES ID="625" TYPE_ID="A0.5507773549508882740" VALUE_ID="1" SHORT_DESC="1" DESCRIPTION="1" IS_ACTIVE="T" IS_SYSTEM="F" SORT_ORDER="0"/>
  <LOOKUP_VALUES ID="626" TYPE_ID="A0.5507773549508882740" VALUE_ID="2" SHORT_DESC="2" DESCRIPTION="2" IS_ACTIVE="T" IS_SYSTEM="F" SORT_ORDER="1"/>
  <LOOKUP_VALUES ID="627" TYPE_ID="A0.5507773549508882740" VALUE_ID="3" SHORT_DESC="3" DESCRIPTION="3" IS_ACTIVE="T" IS_SYSTEM="F" SORT_ORDER="2"/>
  <LOOKUP_VALUES ID="628" TYPE_ID="B0.9742890170140794741" VALUE_ID="1" SHORT_DESC="1" DESCRIPTION="1" IS_ACTIVE="T" IS_SYSTEM="F" SORT_ORDER="0"/>
  <LOOKUP_VALUES ID="629" TYPE_ID="B0.9742890170140794741" VALUE_ID="2" SHORT_DESC="2" DESCRIPTION="2" IS_ACTIVE="T" IS_SYSTEM="F" SORT_ORDER="1"/>
  <LOOKUP_VALUES ID="630" TYPE_ID="B0.9742890170140794741" VALUE_ID="3" SHORT_DESC="3" DESCRIPTION="3" IS_ACTIVE="T" IS_SYSTEM="F" SORT_ORDER="2"/>
  <LOOKUP_VALUES ID="631" TYPE_ID="C0.968795280182981742" VALUE_ID="1" SHORT_DESC="1" DESCRIPTION="1" IS_ACTIVE="T" IS_SYSTEM="F" SORT_ORDER="0"/>
  <LOOKUP_VALUES ID="632" TYPE_ID="C0.968795280182981742" VALUE_ID="2" SHORT_DESC="2" DESCRIPTION="2" IS_ACTIVE="T" IS_SYSTEM="F" SORT_ORDER="1"/>
  <LOOKUP_VALUES ID="633" TYPE_ID="C0.968795280182981742" VALUE_ID="3" SHORT_DESC="3" DESCRIPTION="3" IS_ACTIVE="T" IS_SYSTEM="F" SORT_ORDER="2"/>
  <LOOKUP_VALUES ID="634" TYPE_ID="D0.5333942724012624743" VALUE_ID="1" SHORT_DESC="1" DESCRIPTION="1" IS_ACTIVE="T" IS_SYSTEM="F" SORT_ORDER="0"/>
  <LOOKUP_VALUES ID="635" TYPE_ID="D0.5333942724012624743" VALUE_ID="2" SHORT_DESC="2" DESCRIPTION="2" IS_ACTIVE="T" IS_SYSTEM="F" SORT_ORDER="1"/>
  <LOOKUP_VALUES ID="636" TYPE_ID="D0.5333942724012624743" VALUE_ID="3" SHORT_DESC="3" DESCRIPTION="3" IS_ACTIVE="T" IS_SYSTEM="F" SORT_ORDER="2"/>
  <LOOKUP_VALUES ID="637" TYPE_ID="FINALPERFORMANCERATING0.30839298034594487744" VALUE_ID="1" SHORT_DESC="1" DESCRIPTION="1" IS_ACTIVE="T" IS_SYSTEM="F" SORT_ORDER="0"/>
  <LOOKUP_VALUES ID="638" TYPE_ID="FINALPERFORMANCERATING0.30839298034594487744" VALUE_ID="2" SHORT_DESC="2" DESCRIPTION="2" IS_ACTIVE="T" IS_SYSTEM="F" SORT_ORDER="1"/>
  <LOOKUP_VALUES ID="639" TYPE_ID="FINALPERFORMANCERATING0.30839298034594487744" VALUE_ID="3" SHORT_DESC="3" DESCRIPTION="3" IS_ACTIVE="T" IS_SYSTEM="F" SORT_ORDER="2"/>
  <LOOKUP_VALUES ID="640" TYPE_ID="FINALPERFORMANCERATING0.30839298034594487744" VALUE_ID="4" SHORT_DESC="4" DESCRIPTION="4" IS_ACTIVE="T" IS_SYSTEM="F" SORT_ORDER="3"/>
  <LOOKUP_VALUES ID="641" TYPE_ID="FINALPERFORMANCERATING0.30839298034594487744" VALUE_ID="5" SHORT_DESC="5" DESCRIPTION="5" IS_ACTIVE="T" IS_SYSTEM="F" SORT_ORDER="4"/>
  <LOOKUP_VALUES ID="642" TYPE_ID="SELECTNAME0.21614258411960063745" VALUE_ID="Select Value1" SHORT_DESC="Select Text1" DESCRIPTION="Select Text1" IS_ACTIVE="T" IS_SYSTEM="F" SORT_ORDER="0"/>
  <LOOKUP_VALUES ID="643" TYPE_ID="SELECTNAME0.21614258411960063745" VALUE_ID="Select Value2" SHORT_DESC="Select Text2" DESCRIPTION="Select Text2" IS_ACTIVE="T" IS_SYSTEM="F" SORT_ORDER="1"/>
  <LOOKUP_VALUES ID="644" TYPE_ID="SELECTNAME0.21614258411960063745" VALUE_ID="Select Value3" SHORT_DESC="Select Text3" DESCRIPTION="Select Text3" IS_ACTIVE="T" IS_SYSTEM="F" SORT_ORDER="2"/>
  <LOOKUP_VALUES ID="645" TYPE_ID="SELECTNAME0.21614258411960063745" VALUE_ID="Select Value4" SHORT_DESC="Select Text4" DESCRIPTION="Select Text4" IS_ACTIVE="T" IS_SYSTEM="F" SORT_ORDER="3"/>
  <LOOKUP_VALUES ID="646" TYPE_ID="SELECTNAME0.21614258411960063745" VALUE_ID="Select Value5" SHORT_DESC="Select Text5" DESCRIPTION="Select Text5" IS_ACTIVE="T" IS_SYSTEM="F" SORT_ORDER="4"/>
  <LOOKUP_VALUES ID="647" TYPE_ID="RADIONAME0.10597917840270366746" VALUE_ID="Radio Value 1" SHORT_DESC="Radio Text 1" DESCRIPTION="Radio Text 1" IS_ACTIVE="T" IS_SYSTEM="F" SORT_ORDER="0"/>
  <LOOKUP_VALUES ID="648" TYPE_ID="RADIONAME0.10597917840270366746" VALUE_ID="Radio Value 2" SHORT_DESC="Radio Text 2" DESCRIPTION="Radio Text 2" IS_ACTIVE="T" IS_SYSTEM="F" SORT_ORDER="1"/>
  <LOOKUP_VALUES ID="649" TYPE_ID="RADIONAME0.10597917840270366746" VALUE_ID="Radio Value 3" SHORT_DESC="Radio Text 3" DESCRIPTION="Radio Text 3" IS_ACTIVE="T" IS_SYSTEM="F" SORT_ORDER="2"/>
  <LOOKUP_VALUES ID="650" TYPE_ID="SCALAR0.057773000478273495747" VALUE_ID="100" SHORT_DESC="Hundred" DESCRIPTION="Hundred" IS_ACTIVE="T" IS_SYSTEM="F" SORT_ORDER="0"/>
  <LOOKUP_VALUES ID="651" TYPE_ID="SCALAR0.057773000478273495747" VALUE_ID="1000" SHORT_DESC="Thousand" DESCRIPTION="Thousand" IS_ACTIVE="T" IS_SYSTEM="F" SORT_ORDER="1"/>
  <QUE_DEFINITIONS ID="82" LABEL="NewQuestions" TITLE="newq"/>
  <QUE_WORKFLOWS ID="65" QD_ID="82" WORKFLOW_TYPE="QUESTIONNARE_GENERAL" LABEL="Q1 2006" USER_ID="1" EXPIRED_DATE="2006-09-30 00:00:00.0" STATUS="COMPLETED"/>
  <QUE_WORKFLOWS ID="67" QD_ID="82" WORKFLOW_TYPE="QUESTIONNARE_GENERAL" LABEL="q2" USER_ID="1" EXPIRED_DATE="2006-09-30 00:00:00.0" STATUS="COMPLETED"/>
  <DYNAMIC_ATTRIBUTES ID="748" LABEL="A" TYPE="STRUCT" ARTEFACT_TYPE="Q" QD_ID="82" IS_MANDATORY="F" IS_ACTIVE="F" IS_SEARCHABLE="F" IS_DYNAMIC="F" REFERS_TO="A0.5507773549508882740" MODIFIED_LABEL="1" UNIQUE_NUMBER="0.23538976357710895"/>
  <DYNAMIC_ATTRIBUTES ID="749" LABEL="Total" TYPE="SUM" ARTEFACT_TYPE="Q" QD_ID="82" IS_MANDATORY="F" IS_ACTIVE="F" IS_SEARCHABLE="F" IS_DYNAMIC="F" MODIFIED_LABEL="5" UNIQUE_NUMBER="0.9215881304923412"/>
  <DYNAMIC_ATTRIBUTES ID="750" LABEL="B" TYPE="STRUCT" ARTEFACT_TYPE="Q" QD_ID="82" IS_MANDATORY="F" IS_ACTIVE="F" IS_SEARCHABLE="F" IS_DYNAMIC="F" REFERS_TO="B0.9742890170140794741" MODIFIED_LABEL="2" UNIQUE_NUMBER="0.9110859584055482"/>
  <DYNAMIC_ATTRIBUTES ID="751" LABEL="C" TYPE="STRUCT" ARTEFACT_TYPE="Q" QD_ID="82" IS_MANDATORY="F" IS_ACTIVE="F" IS_SEARCHABLE="F" IS_DYNAMIC="F" REFERS_TO="C0.968795280182981742" MODIFIED_LABEL="3" UNIQUE_NUMBER="0.6030374274022541"/>
  <DYNAMIC_ATTRIBUTES ID="752" LABEL="D" TYPE="STRUCT" ARTEFACT_TYPE="Q" QD_ID="82" IS_MANDATORY="F" IS_ACTIVE="F" IS_SEARCHABLE="F" IS_DYNAMIC="F" REFERS_TO="D0.5333942724012624743" MODIFIED_LABEL="4" UNIQUE_NUMBER="0.48020421198300567"/>
  <DYNAMIC_ATTRIBUTES ID="753" LABEL="EnumMapping - One Level" TYPE="ENUM_MAPPING" ARTEFACT_TYPE="Q" QD_ID="82" IS_MANDATORY="F" IS_ACTIVE="F" IS_SEARCHABLE="F" IS_DYNAMIC="F" MODIFIED_LABEL="6" UNIQUE_NUMBER="0.43365307853978785"/>
  <DYNAMIC_ATTRIBUTES ID="754" LABEL="EnumMapping - Two Levels" TYPE="ENUM_MAPPING" ARTEFACT_TYPE="Q" QD_ID="82" IS_MANDATORY="F" IS_ACTIVE="F" IS_SEARCHABLE="F" IS_DYNAMIC="F" MODIFIED_LABEL="8" UNIQUE_NUMBER="0.7071756847984205"/>
  <DYNAMIC_ATTRIBUTES ID="755" LABEL="Final Performance Rating" TYPE="STRUCT" ARTEFACT_TYPE="Q" QD_ID="82" IS_MANDATORY="F" IS_ACTIVE="F" IS_SEARCHABLE="F" IS_DYNAMIC="F" REFERS_TO="FINALPERFORMANCERATING0.30839298034594487744" MODIFIED_LABEL="7" UNIQUE_NUMBER="0.7955711415506762"/>
  <DYNAMIC_ATTRIBUTES ID="756" LABEL="Country" TYPE="TEXT" ARTEFACT_TYPE="Q" QD_ID="82" IS_MANDATORY="F" IS_ACTIVE="F" IS_SEARCHABLE="F" IS_DYNAMIC="T" DESCRIPTION="Dynamic line-item - Country" MODIFIED_LABEL="9_0" UNIQUE_NUMBER="0.1809326498706496"/>
  <DYNAMIC_ATTRIBUTES ID="757" LABEL="Duration" TYPE="NUMBER" ARTEFACT_TYPE="Q" QD_ID="82" MIN_SIZE="0" IS_MANDATORY="T" IS_ACTIVE="F" IS_SEARCHABLE="F" IS_DYNAMIC="T" DESCRIPTION="Dynamic line-item - Duration" MODIFIED_LABEL="10_0" UNIQUE_NUMBER="0.39646417265684797"/>
  <DYNAMIC_ATTRIBUTES ID="758" LABEL="Additional Comments" TYPE="TEXTAREA" ARTEFACT_TYPE="Q" QD_ID="82" IS_MANDATORY="F" IS_ACTIVE="F" IS_SEARCHABLE="F" IS_DYNAMIC="T" DESCRIPTION="Dynamic line-item - Additional Comments" MODIFIED_LABEL="11_0" UNIQUE_NUMBER="0.31641302772225"/>
  <DYNAMIC_ATTRIBUTES ID="759" LABEL="Date Name" TYPE="DATE" ARTEFACT_TYPE="Q" QD_ID="82" IS_MANDATORY="T" IS_ACTIVE="F" IS_SEARCHABLE="F" IS_DYNAMIC="T" DESCRIPTION="Dynamic line-item - Date Title" MODIFIED_LABEL="12_0" UNIQUE_NUMBER="0.2081395054555727"/>
  <DYNAMIC_ATTRIBUTES ID="760" LABEL="Select Name" TYPE="STRUCT" ARTEFACT_TYPE="Q" QD_ID="82" IS_MANDATORY="T" IS_ACTIVE="F" IS_SEARCHABLE="F" IS_DYNAMIC="T" DESCRIPTION="Dynamic line-item - Select Title" REFERS_TO="SELECTNAME0.21614258411960063745" MODIFIED_LABEL="13_0" UNIQUE_NUMBER="0.45656484616769955"/>
  <DYNAMIC_ATTRIBUTES ID="761" LABEL="Radio Name" TYPE="STRUCT" ARTEFACT_TYPE="Q" QD_ID="82" IS_MANDATORY="F" IS_ACTIVE="F" IS_SEARCHABLE="F" IS_DYNAMIC="T" DESCRIPTION="Dynamic line-item - Radio Title" REFERS_TO="RADIONAME0.10597917840270366746" MODIFIED_LABEL="14_0" UNIQUE_NUMBER="0.7337068789309958"/>
  <DYNAMIC_ATTRIBUTES ID="762" LABEL="Last Updated (Date)" TYPE="LAST_UPDATED" ARTEFACT_TYPE="Q" QD_ID="82" IS_MANDATORY="F" IS_ACTIVE="F" IS_SEARCHABLE="F" IS_DYNAMIC="F" MODIFIED_LABEL="15" UNIQUE_NUMBER="0.44653798374939735"/>
  <DYNAMIC_ATTRIBUTES ID="763" LABEL="Last Updated (User)" TYPE="LAST_UPDATED_BY" ARTEFACT_TYPE="Q" QD_ID="82" IS_MANDATORY="F" IS_ACTIVE="F" IS_SEARCHABLE="F" IS_DYNAMIC="F" MODIFIED_LABEL="16" UNIQUE_NUMBER="0.31112853832342313"/>
  <DYNAMIC_ATTRIBUTES ID="764" LABEL="Target" TYPE="TEXT" ARTEFACT_TYPE="Q" QD_ID="82" IS_MANDATORY="F" IS_ACTIVE="F" IS_SEARCHABLE="F" IS_DYNAMIC="F" DESCRIPTION="Challenge - Please enter your Challenge target" MODIFIED_LABEL="17_0" UNIQUE_NUMBER="0.308629681546415"/>
  <DYNAMIC_ATTRIBUTES ID="765" LABEL="Scalar" TYPE="STRUCT" ARTEFACT_TYPE="Q" QD_ID="82" IS_MANDATORY="F" IS_ACTIVE="F" IS_SEARCHABLE="F" IS_DYNAMIC="F" DESCRIPTION="Challenge - Scalar" REFERS_TO="SCALAR0.057773000478273495747" MODIFIED_LABEL="18_0" UNIQUE_NUMBER="0.9478689495984247"/>
  <DYNAMIC_ATTR_REFERENCES ID="137" TYPE="SUM" REFERENCE_DA_ID="748" PARENT_DA_ID="749"/>
  <DYNAMIC_ATTR_REFERENCES ID="138" TYPE="SUM" REFERENCE_DA_ID="750" PARENT_DA_ID="749"/>
  <DYNAMIC_ATTR_REFERENCES ID="139" TYPE="SUM" REFERENCE_DA_ID="751" PARENT_DA_ID="749"/>
  <DYNAMIC_ATTR_REFERENCES ID="140" TYPE="SUM" REFERENCE_DA_ID="752" PARENT_DA_ID="749"/>
  <DYNAMIC_ATTR_REFERENCES ID="141" LOOKUP_VALUE_ID="592" TYPE="ENUM_MAPPING" LOWER_BOUND="" UPPER_BOUND="4" REFERENCE_DA_ID="749" PARENT_DA_ID="753" PARENT_MAPPING_ID=""/>
  <DYNAMIC_ATTR_REFERENCES ID="142" LOOKUP_VALUE_ID="593" TYPE="ENUM_MAPPING" UPPER_BOUND="8" LOWER_BOUND="5" REFERENCE_DA_ID="749" PARENT_DA_ID="753"/>
  <DYNAMIC_ATTR_REFERENCES ID="143" LOOKUP_VALUE_ID="594" TYPE="ENUM_MAPPING" LOWER_BOUND="9" REFERENCE_DA_ID="749" PARENT_DA_ID="753"/>
  <DYNAMIC_ATTR_REFERENCES ID="144" TYPE="ENUM_MAPPING" UPPER_BOUND="4" REFERENCE_DA_ID="749" PARENT_DA_ID="754"/>
  <DYNAMIC_ATTR_REFERENCES ID="145" LOOKUP_VALUE_ID="600" TYPE="ENUM_MAPPING" UPPER_BOUND="2" REFERENCE_DA_ID="755" PARENT_DA_ID="754" PARENT_MAPPING_ID="144"/>
  <DYNAMIC_ATTR_REFERENCES ID="146" LOOKUP_VALUE_ID="601" TYPE="ENUM_MAPPING" UPPER_BOUND="3" LOWER_BOUND="3" REFERENCE_DA_ID="755" PARENT_DA_ID="754" PARENT_MAPPING_ID="144"/>
  <DYNAMIC_ATTR_REFERENCES ID="147" LOOKUP_VALUE_ID="602" TYPE="ENUM_MAPPING" UPPER_BOUND="2" REFERENCE_DA_ID="755" PARENT_DA_ID="754" PARENT_MAPPING_ID="151"/>
  <DYNAMIC_ATTR_REFERENCES ID="148" LOOKUP_VALUE_ID="603" TYPE="ENUM_MAPPING" UPPER_BOUND="3" LOWER_BOUND="3" REFERENCE_DA_ID="755" PARENT_DA_ID="754" PARENT_MAPPING_ID="151"/>
  <DYNAMIC_ATTR_REFERENCES ID="149" LOOKUP_VALUE_ID="604" TYPE="ENUM_MAPPING" UPPER_BOUND="2" REFERENCE_DA_ID="755" PARENT_DA_ID="754" PARENT_MAPPING_ID="152"/>
  <DYNAMIC_ATTR_REFERENCES ID="150" LOOKUP_VALUE_ID="605" TYPE="ENUM_MAPPING" UPPER_BOUND="3" LOWER_BOUND="3" REFERENCE_DA_ID="755" PARENT_DA_ID="754" PARENT_MAPPING_ID="152"/>
  <DYNAMIC_ATTR_REFERENCES ID="151" TYPE="ENUM_MAPPING" UPPER_BOUND="8" LOWER_BOUND="5" REFERENCE_DA_ID="749" PARENT_DA_ID="754"/>
  <DYNAMIC_ATTR_REFERENCES ID="152" TYPE="ENUM_MAPPING" LOWER_BOUND="9" REFERENCE_DA_ID="749" PARENT_DA_ID="754"/>
  <QUE_DEFINITION_MODELS QUE_DEF_ID="82"/>
  <QUESTION_GROUPS ID="1" QUE_DEF_MODEL_ID="82" LABEL="Sum" TITLE="[NULL]" DISPLAYABLE="T"/>
  <QUESTION_GROUPS ID="7" QUE_DEF_MODEL_ID="82" LABEL="EnumMapping - One Level" TITLE="[NULL]" DISPLAYABLE="T"/>
  <QUESTION_GROUPS ID="9" QUE_DEF_MODEL_ID="82" LABEL="EnumMapping - Two Levels" TITLE="[NULL]" DISPLAYABLE="T"/>
  <QUESTION_GROUPS ID="12" QUE_DEF_MODEL_ID="82" LABEL="Dynamic line-item" TITLE="[NULL]" DISPLAYABLE="T"/>
  <QUESTION_GROUPS ID="21" QUE_DEF_MODEL_ID="82" LABEL="Last Updated" TITLE="[NULL]" DISPLAYABLE="T"/>
  <QUESTION_GROUPS ID="24" QUE_DEF_MODEL_ID="82" LABEL="Multi Question Test" TITLE="[NULL]" DISPLAYABLE="T"/>  
  <MULTI_QUESTIONS QUE_GROUP_ID="12" LABEL="Dynamic" ID="13"/>
  <MULTI_QUESTIONS QUE_GROUP_ID="24" LABEL="Regular" ID="25"/>
  <QUESTION_LINE_ITEMS ID="14" MULTI_QUESTION_ID="13" LABEL="Dynamic line-item" DYNAMIC="T"/>
  <QUESTION_LINE_ITEMS ID="26" MULTI_QUESTION_ID="25" LABEL="Challenge" DYNAMIC="F"/>
  <QUESTIONS ID="2" QUE_GROUP_ID="1" DA_ID="748" QUESTION_LINE_ITEM_ID="[NULL]" QUESTION_TYPE="SELECT" NARRATIVE="[NULL]" TITLE="A" TARGET="[NULL]" TEXT_ID="1" LENGTH="[NULL]" LABEL_DISPLAYABLE="F" />
  <QUESTIONS ID="6" QUE_GROUP_ID="1" DA_ID="749" QUESTION_LINE_ITEM_ID="[NULL]" QUESTION_TYPE="SUM" NARRATIVE="[NULL]" TITLE="Total" TARGET="[NULL]" TEXT_ID="5" LENGTH="[NULL]" LABEL_DISPLAYABLE="F"/>
  <QUESTIONS ID="3" QUE_GROUP_ID="1" DA_ID="750" QUESTION_LINE_ITEM_ID="[NULL]" QUESTION_TYPE="SELECT" NARRATIVE="[NULL]" TITLE="B" TARGET="[NULL]" TEXT_ID="2" LENGTH="[NULL]" LABEL_DISPLAYABLE="F"/>
  <QUESTIONS ID="4" QUE_GROUP_ID="1" DA_ID="751" QUESTION_LINE_ITEM_ID="[NULL]" QUESTION_TYPE="SELECT" NARRATIVE="[NULL]" TITLE="C" TARGET="[NULL]" TEXT_ID="3" LENGTH="[NULL]" LABEL_DISPLAYABLE="F"/>
  <QUESTIONS ID="5" QUE_GROUP_ID="1" DA_ID="752" QUESTION_LINE_ITEM_ID="[NULL]" QUESTION_TYPE="SELECT" NARRATIVE="[NULL]" TITLE="D" TARGET="[NULL]" TEXT_ID="4" LENGTH="[NULL]" LABEL_DISPLAYABLE="F"/>
  <QUESTIONS ID="8" QUE_GROUP_ID="7" DA_ID="753" QUESTION_LINE_ITEM_ID="[NULL]" QUESTION_TYPE="ENUMMAPPING" NARRATIVE="[NULL]" TITLE="EnumMapping - One Level" TARGET="[NULL]" TEXT_ID="6" LENGTH="[NULL]" LABEL_DISPLAYABLE="F"/>
  <QUESTIONS ID="11" QUE_GROUP_ID="9" DA_ID="754" QUESTION_LINE_ITEM_ID="[NULL]" QUESTION_TYPE="ENUMMAPPING" NARRATIVE="[NULL]" TITLE="EnumMapping - Two Levels" TARGET="[NULL]" TEXT_ID="8" LENGTH="[NULL]" LABEL_DISPLAYABLE="F"/>
  <QUESTIONS ID="10" QUE_GROUP_ID="9" DA_ID="755" QUESTION_LINE_ITEM_ID="[NULL]" QUESTION_TYPE="SELECT" NARRATIVE="[NULL]" TITLE="Final Performance Rating" TARGET="[NULL]" TEXT_ID="7" LENGTH="[NULL]" LABEL_DISPLAYABLE="F"/>
  <QUESTIONS ID="15" QUE_GROUP_ID="[NULL]" DA_ID="756" QUESTION_LINE_ITEM_ID="14" QUESTION_TYPE="TEXT" NARRATIVE="[NULL]" TITLE="Country" TARGET="[NULL]" TEXT_ID="9_0" LENGTH="[NULL]" LABEL_DISPLAYABLE="F"/>
  <QUESTIONS ID="16" QUE_GROUP_ID="[NULL]" DA_ID="757" QUESTION_LINE_ITEM_ID="14" QUESTION_TYPE="POSITIVEINTEGER" NARRATIVE="[NULL]" TITLE="Duration" TARGET="[NULL]" TEXT_ID="10_0" LENGTH="[NULL]" LABEL_DISPLAYABLE="F"/>
  <QUESTIONS ID="17" QUE_GROUP_ID="[NULL]" DA_ID="758" QUESTION_LINE_ITEM_ID="14" QUESTION_TYPE="TEXTBOX" NARRATIVE="[NULL]" TITLE="Additional Comments" TARGET="[NULL]" TEXT_ID="11_0" LENGTH="[NULL]" LABEL_DISPLAYABLE="F"/>
  <QUESTIONS ID="18" QUE_GROUP_ID="[NULL]" DA_ID="759" QUESTION_LINE_ITEM_ID="14" QUESTION_TYPE="DATE" NARRATIVE="[NULL]" TITLE="Date Title" TARGET="[NULL]" TEXT_ID="12_0" LENGTH="[NULL]" LABEL_DISPLAYABLE="F"/>
  <QUESTIONS ID="19" QUE_GROUP_ID="[NULL]" DA_ID="760" QUESTION_LINE_ITEM_ID="14" QUESTION_TYPE="SELECT" NARRATIVE="[NULL]" TITLE="Select Title" TARGET="[NULL]" TEXT_ID="13_0" LENGTH="[NULL]" LABEL_DISPLAYABLE="F"/>
  <QUESTIONS ID="20" QUE_GROUP_ID="[NULL]" DA_ID="761" QUESTION_LINE_ITEM_ID="14" QUESTION_TYPE="RADIO" NARRATIVE="[NULL]" TITLE="Radio Title" TARGET="[NULL]" TEXT_ID="14_0" LENGTH="[NULL]" LABEL_DISPLAYABLE="F"/>
  <QUESTIONS ID="22" QUE_GROUP_ID="21" DA_ID="762" QUESTION_LINE_ITEM_ID="[NULL]" QUESTION_TYPE="LASTUPDATED" NARRATIVE="[NULL]" TITLE="[NULL]" TARGET="[NULL]" TEXT_ID="15" LENGTH="[NULL]" LABEL_DISPLAYABLE="F"/>
  <QUESTIONS ID="23" QUE_GROUP_ID="21" DA_ID="763" QUESTION_LINE_ITEM_ID="[NULL]" QUESTION_TYPE="LASTUPDATEDBY" NARRATIVE="[NULL]" TITLE="[NULL]" TARGET="[NULL]" TEXT_ID="16" LENGTH="[NULL]" LABEL_DISPLAYABLE="F"/>
  <QUESTIONS ID="27" QUE_GROUP_ID="[NULL]" DA_ID="764" QUESTION_LINE_ITEM_ID="26" QUESTION_TYPE="TEXT" NARRATIVE="[NULL]" TITLE="Please enter your Challenge target" TARGET="[NULL]" TEXT_ID="17_0" LENGTH="[NULL]" LABEL_DISPLAYABLE="F"/>
  <QUESTIONS ID="28" QUE_GROUP_ID="[NULL]" DA_ID="765" QUESTION_LINE_ITEM_ID="26" QUESTION_TYPE="SELECT" NARRATIVE="[NULL]" TITLE="Scalar" TARGET="[NULL]" TEXT_ID="18_0" LENGTH="[NULL]" LABEL_DISPLAYABLE="F"/>
</dataset>
