<?xml version='1.0' encoding='UTF-8'?>
<dataset>
  <CORE_DETAILS ID="-81" FIRST_NAME="Home" TITLE="Mr" SECOND_NAME="User"/>
  <CORE_DETAILS ID="-82" FIRST_NAME="Talent" TITLE="Mr" SECOND_NAME="Identifier"/>
  <CORE_DETAILS ID="-83" FIRST_NAME="All" TITLE="Mr" SECOND_NAME="Arenas"/>
  <USERS CD_ID="-81" ID="-81" USER_TYPE="SYSTEM" IS_ACTIVE="T" IS_ROOT="F"/>
  <USERS CD_ID="-82" ID="-82" USER_TYPE="SYSTEM" IS_ACTIVE="T" IS_ROOT="F"/>
  <USERS CD_ID="-83" ID="-83" USER_TYPE="SYSTEMSUBJECT" IS_ACTIVE="T" IS_ROOT="F"/>

  <APP_ROLES_USERS USER_ID="-81" ROLE_ID="8"/>
  <APP_ROLES_USERS USER_ID="-82" ROLE_ID="4"/>
  <APP_ROLES_USERS USER_ID="-82" ROLE_ID="8"/>

  <APP_ROLES_USERS USER_ID="-83" ROLE_ID="4"/>
  <APP_ROLES_USERS USER_ID="-83" ROLE_ID="5"/>
  <APP_ROLES_USERS USER_ID="-83" ROLE_ID="6"/>
  <APP_ROLES_USERS USER_ID="-83" ROLE_ID="7"/>
  <APP_ROLES_USERS USER_ID="-83" ROLE_ID="8"/>

  <REPORTS ID="101" ACCESS_TYPE="Public" REP_TYPE="STANDARD" LABEL="Test Position Report 1" DEFAULT_POPULATION_ID="-1" USER_ID="1" POPULATION_TYPE="P"/>
  <REPORT_COLUMNS SOURCE="NA" ID="161" REF_VALUE="title" LABEL="Title" REP_ID="101" POSITION="0" COLUMN_TYPE="TEXT" MANDATORY="F" IS_COLOR_DISPLAYABLE="F" IS_FORMULA="F" IS_GROUPED="F"/>
  <REPORT_COLUMNS SOURCE="NA" ID="162" REF_VALUE="organisationUnit.label" LABEL="Organisation Unit" REP_ID="101" POSITION="1" COLUMN_TYPE="TEXT" MANDATORY="F" IS_COLOR_DISPLAYABLE="F" IS_FORMULA="F" IS_GROUPED="F"/>
  <LOGINS USER_ID="-81" USERNAME="homeuser" PASSWORD="AF248D9CA466F60B" EXPIRES="2016-05-23 00:00:00.0" LOCKED="F" FORCE_PWD_CHANGE="F"/>
  <LOGINS USER_ID="-82" USERNAME="tidentifier" PASSWORD="5335CED3A26C18F6" EXPIRES="2016-05-23 00:00:00.0" LOCKED="F" FORCE_PWD_CHANGE="F"/>
  <LOGINS USER_ID="-83" USERNAME="allarenas" PASSWORD="5335CED3A26C18F6" EXPIRES="2016-05-23 00:00:00.0" LOCKED="F" FORCE_PWD_CHANGE="F"/>
  <MENU_ITEMS ID="1" MODULE_ID="MYZYNAPMODULE" SECTION_ID="PERFMANMODULE" LABEL="Test Position Report 1" SORT_ORDER="0" URL="runtabularreport.htm" PERMIT_ID="177" REPORT_ID="101"/>
  <MENU_ITEMS ID="2" MODULE_ID="MYZYNAPMODULE" SECTION_ID="TALENTIDENTIFIERMODULE" LABEL="Test Position Report 1" SORT_ORDER="0" URL="runtabularreport.htm" PERMIT_ID="177" REPORT_ID="101"/>
  <MENU_ITEMS ID="3" MODULE_ID="MYZYNAPMODULE" SECTION_ID="SUCCESSIONMODULE" LABEL="Test Position Report 1" SORT_ORDER="0" URL="runtabularreport.htm" PERMIT_ID="177" REPORT_ID="101"/>
</dataset>
