<?xml version='1.0' encoding='UTF-8'?>
<dataset>
    <CORE_DETAILS ID="18" FIRST_NAME="John Paul" PREF_GIVEN_NAME="John" SECOND_NAME="Jones"/>
    <NODES ID="16" NODE_TYPE="O" IS_ACTIVE="T"/>
    <NODES ID="19" NODE_TYPE="P" IS_ACTIVE="T"/>
    <NODES ID="23" NODE_TYPE="S" IS_ACTIVE="T"/>
    <ORGANIZATION_UNITS NODE_ID="16" PARENT_ID="0" LABEL="Led Zeppelin"/>
    <SUBJECTS CD_ID="18" NODE_ID="23"/>
    <POSITIONS NODE_ID="19" PARENT_ID="1" ORG_UNIT_ID="16" TITLE="Bass Guitar"/>
    <POSITION_ASSOCIATIONS ID="158" SOURCE_ID="19" TARGET_ID="1" VALUE_ID="20"/>
    <SUBJECT_ASSOCIATIONS VALUE_ID="402" ID="164" POSITION_ID="19" SUBJECT_ID="23"/>
    <LOOKUP_TYPES ID="SELECTNAME0.827795896666276345" DESCRIPTION="Select Name-Select Title" TYPE="QUESTIONNAIRE" IS_ACTIVE="T" IS_SYSTEM="T" LABEL="Select Name0.8277958966662763"/>
  <LOOKUP_TYPES ID="MOBILITYREGION0.514975863983472546" DESCRIPTION="Mobility Region-Mobility Region" TYPE="QUESTIONNAIRE" IS_ACTIVE="T" IS_SYSTEM="T" LABEL="Mobility Region0.5149758639834725"/>
  <LOOKUP_TYPES ID="RADIONAME0.774958499334985847" DESCRIPTION="Radio Name-Radio Title" TYPE="QUESTIONNAIRE" IS_ACTIVE="T" IS_SYSTEM="T" LABEL="Radio Name0.7749584993349858"/>
  <LOOKUP_TYPES ID="RADIONAME0.798684206636599848" DESCRIPTION="Radio Name-Radio Title" TYPE="QUESTIONNAIRE" IS_ACTIVE="T" IS_SYSTEM="T" LABEL="Radio Name0.7986842066365998"/>
  <LOOKUP_TYPES ID="RADIONAME0.3043260049841438649" DESCRIPTION="Radio Name-Radio Title" TYPE="QUESTIONNAIRE" IS_ACTIVE="T" IS_SYSTEM="T" LABEL="Radio Name0.30432600498414386"/>
  <LOOKUP_TYPES ID="SCALER0.765161635979205350" DESCRIPTION="Scaler-Scaler" TYPE="QUESTIONNAIRE" IS_ACTIVE="T" IS_SYSTEM="T" LABEL="Scaler0.7651616359792053"/>
  <LOOKUP_TYPES ID="SCALER0.0525261853774130551" DESCRIPTION="Scaler-Scaler" TYPE="QUESTIONNAIRE" IS_ACTIVE="T" IS_SYSTEM="T" LABEL="Scaler0.05252618537741305"/>
  <LOOKUP_TYPES ID="SCALER0.984513624654130252" DESCRIPTION="Scaler-Scaler" TYPE="QUESTIONNAIRE" IS_ACTIVE="T" IS_SYSTEM="T" LABEL="Scaler0.9845136246541302"/>
  <LOOKUP_TYPES ID="A0.754527173027450853" DESCRIPTION="A-A" TYPE="QUESTIONNAIRE" IS_ACTIVE="T" IS_SYSTEM="T" LABEL="A0.7545271730274508"/>
  <LOOKUP_TYPES ID="B0.1387212152463317454" DESCRIPTION="B-B" TYPE="QUESTIONNAIRE" IS_ACTIVE="T" IS_SYSTEM="T" LABEL="B0.13872121524633174"/>
  <LOOKUP_TYPES ID="C0.548225711130480555" DESCRIPTION="C-C" TYPE="QUESTIONNAIRE" IS_ACTIVE="T" IS_SYSTEM="T" LABEL="C0.5482257111304805"/>
  <LOOKUP_TYPES ID="D0.417384928421878756" DESCRIPTION="D-D" TYPE="QUESTIONNAIRE" IS_ACTIVE="T" IS_SYSTEM="T" LABEL="D0.4173849284218787"/>
  <LOOKUP_TYPES ID="ENUMMAPPINGONELEVEL0.0981790387931581557" DESCRIPTION="EnumMapping - One Level-EnumMapping - One Level" TYPE="QUESTIONNAIRE" IS_ACTIVE="T" IS_SYSTEM="T" LABEL="EnumMapping - One Level0.09817903879315815"/>
  <LOOKUP_TYPES ID="FINALPERFORMANCERATING0.690405933766324658" DESCRIPTION="Final Performance Rating-Final Performance Rating" TYPE="QUESTIONNAIRE" IS_ACTIVE="T" IS_SYSTEM="T" LABEL="Final Performance Rating0.6904059337663246"/>
  <LOOKUP_TYPES ID="ENUMMAPPINGTWOLEVELS0.934510892501440959" DESCRIPTION="EnumMapping - Two Levels-EnumMapping - Two Levels" TYPE="QUESTIONNAIRE" IS_ACTIVE="T" IS_SYSTEM="T" LABEL="EnumMapping - Two Levels0.9345108925014409"/>
  <LOOKUP_VALUES ID="417" TYPE_ID="SELECTNAME0.827795896666276345" VALUE_ID="Select Value1" SHORT_DESC="Select Text1" DESCRIPTION="Select Text1" IS_ACTIVE="T" IS_SYSTEM="F" SORT_ORDER="0"/>
  <LOOKUP_VALUES ID="418" TYPE_ID="SELECTNAME0.827795896666276345" VALUE_ID="Select Value2" SHORT_DESC="Select Text2" DESCRIPTION="Select Text2" IS_ACTIVE="T" IS_SYSTEM="F" SORT_ORDER="1"/>
  <LOOKUP_VALUES ID="419" TYPE_ID="SELECTNAME0.827795896666276345" VALUE_ID="Select Value3" SHORT_DESC="Select Text3" DESCRIPTION="Select Text3" IS_ACTIVE="T" IS_SYSTEM="F" SORT_ORDER="2"/>
  <LOOKUP_VALUES ID="420" TYPE_ID="SELECTNAME0.827795896666276345" VALUE_ID="Select Value4" SHORT_DESC="Select Text4" DESCRIPTION="Select Text4" IS_ACTIVE="T" IS_SYSTEM="F" SORT_ORDER="3"/>
  <LOOKUP_VALUES ID="421" TYPE_ID="SELECTNAME0.827795896666276345" VALUE_ID="Select Value5" SHORT_DESC="Select Text5" DESCRIPTION="Select Text5" IS_ACTIVE="T" IS_SYSTEM="F" SORT_ORDER="4"/>
  <LOOKUP_VALUES ID="422" TYPE_ID="MOBILITYREGION0.514975863983472546" VALUE_ID="Any Region" SHORT_DESC="Any Region" DESCRIPTION="Any Region" IS_ACTIVE="T" IS_SYSTEM="F" SORT_ORDER="0"/>
  <LOOKUP_VALUES ID="423" TYPE_ID="MOBILITYREGION0.514975863983472546" VALUE_ID="Europe Main" SHORT_DESC="Europe Main" DESCRIPTION="Europe Main" IS_ACTIVE="T" IS_SYSTEM="F" SORT_ORDER="1"/>
  <LOOKUP_VALUES ID="424" TYPE_ID="MOBILITYREGION0.514975863983472546" VALUE_ID="Europe Area I" SHORT_DESC="Europe Area I" DESCRIPTION="Europe Area I" IS_ACTIVE="T" IS_SYSTEM="F" SORT_ORDER="2"/>
  <LOOKUP_VALUES ID="425" TYPE_ID="MOBILITYREGION0.514975863983472546" VALUE_ID="Europe Area II" SHORT_DESC="Europe Area II" DESCRIPTION="Europe Area II" IS_ACTIVE="T" IS_SYSTEM="F" SORT_ORDER="3"/>
  <LOOKUP_VALUES ID="426" TYPE_ID="MOBILITYREGION0.514975863983472546" VALUE_ID="LAMEA" SHORT_DESC="LAMEA" DESCRIPTION="LAMEA" IS_ACTIVE="T" IS_SYSTEM="F" SORT_ORDER="4"/>
  <LOOKUP_VALUES ID="427" TYPE_ID="MOBILITYREGION0.514975863983472546" VALUE_ID="Asia Pacific" SHORT_DESC="Asia Pacific" DESCRIPTION="Asia Pacific" IS_ACTIVE="T" IS_SYSTEM="F" SORT_ORDER="5"/>
  <LOOKUP_VALUES ID="428" TYPE_ID="MOBILITYREGION0.514975863983472546" VALUE_ID="Japan" SHORT_DESC="Japan" DESCRIPTION="Japan" IS_ACTIVE="T" IS_SYSTEM="F" SORT_ORDER="6"/>
  <LOOKUP_VALUES ID="429" TYPE_ID="MOBILITYREGION0.514975863983472546" VALUE_ID="United States" SHORT_DESC="United States" DESCRIPTION="United States" IS_ACTIVE="T" IS_SYSTEM="F" SORT_ORDER="7"/>
  <LOOKUP_VALUES ID="430" TYPE_ID="MOBILITYREGION0.514975863983472546" VALUE_ID="ISMO Central Functions" SHORT_DESC="ISMO Central Functions" DESCRIPTION="ISMO Central Functions" IS_ACTIVE="T" IS_SYSTEM="F" SORT_ORDER="8"/>
  <LOOKUP_VALUES ID="431" TYPE_ID="RADIONAME0.774958499334985847" VALUE_ID="Radio Value1" SHORT_DESC="Radio Text1" DESCRIPTION="Radio Text1" IS_ACTIVE="T" IS_SYSTEM="F" SORT_ORDER="0"/>
  <LOOKUP_VALUES ID="432" TYPE_ID="RADIONAME0.774958499334985847" VALUE_ID="Radio Value2" SHORT_DESC="Radio Text2" DESCRIPTION="Radio Text2" IS_ACTIVE="T" IS_SYSTEM="F" SORT_ORDER="1"/>
  <LOOKUP_VALUES ID="433" TYPE_ID="RADIONAME0.774958499334985847" VALUE_ID="Radio Value3" SHORT_DESC="Radio Text3" DESCRIPTION="Radio Text3" IS_ACTIVE="T" IS_SYSTEM="F" SORT_ORDER="2"/>
  <LOOKUP_VALUES ID="434" TYPE_ID="RADIONAME0.774958499334985847" VALUE_ID="Radio Value4" SHORT_DESC="Radio Text4" DESCRIPTION="Radio Text4" IS_ACTIVE="T" IS_SYSTEM="F" SORT_ORDER="3"/>
  <LOOKUP_VALUES ID="435" TYPE_ID="RADIONAME0.774958499334985847" VALUE_ID="Radio Value5" SHORT_DESC="Radio Text5" DESCRIPTION="Radio Text5" IS_ACTIVE="T" IS_SYSTEM="F" SORT_ORDER="4"/>
  <LOOKUP_VALUES ID="436" TYPE_ID="RADIONAME0.798684206636599848" VALUE_ID="Radio Value 1" SHORT_DESC="Radio Text 1" DESCRIPTION="Radio Text 1" IS_ACTIVE="T" IS_SYSTEM="F" SORT_ORDER="0"/>
  <LOOKUP_VALUES ID="437" TYPE_ID="RADIONAME0.798684206636599848" VALUE_ID="Radio Value 2" SHORT_DESC="Radio Text 2" DESCRIPTION="Radio Text 2" IS_ACTIVE="T" IS_SYSTEM="F" SORT_ORDER="1"/>
  <LOOKUP_VALUES ID="438" TYPE_ID="RADIONAME0.798684206636599848" VALUE_ID="Radio Value 3" SHORT_DESC="Radio Text 3" DESCRIPTION="Radio Text 3" IS_ACTIVE="T" IS_SYSTEM="F" SORT_ORDER="2"/>
  <LOOKUP_VALUES ID="439" TYPE_ID="RADIONAME0.3043260049841438649" VALUE_ID="Radio Value 1" SHORT_DESC="Radio Text 1" DESCRIPTION="Radio Text 1" IS_ACTIVE="T" IS_SYSTEM="F" SORT_ORDER="0"/>
  <LOOKUP_VALUES ID="440" TYPE_ID="RADIONAME0.3043260049841438649" VALUE_ID="Radio Value 2" SHORT_DESC="Radio Text 2" DESCRIPTION="Radio Text 2" IS_ACTIVE="T" IS_SYSTEM="F" SORT_ORDER="1"/>
  <LOOKUP_VALUES ID="441" TYPE_ID="RADIONAME0.3043260049841438649" VALUE_ID="Radio Value 3" SHORT_DESC="Radio Text 3" DESCRIPTION="Radio Text 3" IS_ACTIVE="T" IS_SYSTEM="F" SORT_ORDER="2"/>
  <LOOKUP_VALUES ID="442" TYPE_ID="SCALER0.765161635979205350" VALUE_ID="1" SHORT_DESC="units" DESCRIPTION="units" IS_ACTIVE="T" IS_SYSTEM="F" SORT_ORDER="0"/>
  <LOOKUP_VALUES ID="443" TYPE_ID="SCALER0.765161635979205350" VALUE_ID="100" SHORT_DESC="Hundred" DESCRIPTION="Hundred" IS_ACTIVE="T" IS_SYSTEM="F" SORT_ORDER="1"/>
  <LOOKUP_VALUES ID="444" TYPE_ID="SCALER0.765161635979205350" VALUE_ID="1000" SHORT_DESC="Thousand" DESCRIPTION="Thousand" IS_ACTIVE="T" IS_SYSTEM="F" SORT_ORDER="2"/>
  <LOOKUP_VALUES ID="445" TYPE_ID="SCALER0.765161635979205350" VALUE_ID="1000000" SHORT_DESC="Million" DESCRIPTION="Million" IS_ACTIVE="T" IS_SYSTEM="F" SORT_ORDER="3"/>
  <LOOKUP_VALUES ID="446" TYPE_ID="SCALER0.0525261853774130551" VALUE_ID="1" SHORT_DESC="units" DESCRIPTION="units" IS_ACTIVE="T" IS_SYSTEM="F" SORT_ORDER="0"/>
  <LOOKUP_VALUES ID="447" TYPE_ID="SCALER0.0525261853774130551" VALUE_ID="100" SHORT_DESC="Hundred" DESCRIPTION="Hundred" IS_ACTIVE="T" IS_SYSTEM="F" SORT_ORDER="1"/>
  <LOOKUP_VALUES ID="448" TYPE_ID="SCALER0.0525261853774130551" VALUE_ID="1000" SHORT_DESC="Thousand" DESCRIPTION="Thousand" IS_ACTIVE="T" IS_SYSTEM="F" SORT_ORDER="2"/>
  <LOOKUP_VALUES ID="449" TYPE_ID="SCALER0.0525261853774130551" VALUE_ID="1000000" SHORT_DESC="Million" DESCRIPTION="Million" IS_ACTIVE="T" IS_SYSTEM="F" SORT_ORDER="3"/>
  <LOOKUP_VALUES ID="450" TYPE_ID="SCALER0.984513624654130252" VALUE_ID="1" SHORT_DESC="units" DESCRIPTION="units" IS_ACTIVE="T" IS_SYSTEM="F" SORT_ORDER="0"/>
  <LOOKUP_VALUES ID="451" TYPE_ID="SCALER0.984513624654130252" VALUE_ID="100" SHORT_DESC="Hundred" DESCRIPTION="Hundred" IS_ACTIVE="T" IS_SYSTEM="F" SORT_ORDER="1"/>
  <LOOKUP_VALUES ID="452" TYPE_ID="SCALER0.984513624654130252" VALUE_ID="1000" SHORT_DESC="Thousand" DESCRIPTION="Thousand" IS_ACTIVE="T" IS_SYSTEM="F" SORT_ORDER="2"/>
  <LOOKUP_VALUES ID="453" TYPE_ID="SCALER0.984513624654130252" VALUE_ID="1000000" SHORT_DESC="Million" DESCRIPTION="Million" IS_ACTIVE="T" IS_SYSTEM="F" SORT_ORDER="3"/>
  <LOOKUP_VALUES ID="454" TYPE_ID="A0.754527173027450853" VALUE_ID="1" SHORT_DESC="1" DESCRIPTION="1" IS_ACTIVE="T" IS_SYSTEM="F" SORT_ORDER="0"/>
  <LOOKUP_VALUES ID="455" TYPE_ID="A0.754527173027450853" VALUE_ID="2" SHORT_DESC="2" DESCRIPTION="2" IS_ACTIVE="T" IS_SYSTEM="F" SORT_ORDER="1"/>
  <LOOKUP_VALUES ID="456" TYPE_ID="A0.754527173027450853" VALUE_ID="3" SHORT_DESC="3" DESCRIPTION="3" IS_ACTIVE="T" IS_SYSTEM="F" SORT_ORDER="2"/>
  <LOOKUP_VALUES ID="457" TYPE_ID="B0.1387212152463317454" VALUE_ID="1" SHORT_DESC="1" DESCRIPTION="1" IS_ACTIVE="T" IS_SYSTEM="F" SORT_ORDER="0"/>
  <LOOKUP_VALUES ID="458" TYPE_ID="B0.1387212152463317454" VALUE_ID="2" SHORT_DESC="2" DESCRIPTION="2" IS_ACTIVE="T" IS_SYSTEM="F" SORT_ORDER="1"/>
  <LOOKUP_VALUES ID="459" TYPE_ID="B0.1387212152463317454" VALUE_ID="3" SHORT_DESC="3" DESCRIPTION="3" IS_ACTIVE="T" IS_SYSTEM="F" SORT_ORDER="2"/>
  <LOOKUP_VALUES ID="460" TYPE_ID="C0.548225711130480555" VALUE_ID="1" SHORT_DESC="1" DESCRIPTION="1" IS_ACTIVE="T" IS_SYSTEM="F" SORT_ORDER="0"/>
  <LOOKUP_VALUES ID="461" TYPE_ID="C0.548225711130480555" VALUE_ID="2" SHORT_DESC="2" DESCRIPTION="2" IS_ACTIVE="T" IS_SYSTEM="F" SORT_ORDER="1"/>
  <LOOKUP_VALUES ID="462" TYPE_ID="C0.548225711130480555" VALUE_ID="3" SHORT_DESC="3" DESCRIPTION="3" IS_ACTIVE="T" IS_SYSTEM="F" SORT_ORDER="2"/>
  <LOOKUP_VALUES ID="463" TYPE_ID="D0.417384928421878756" VALUE_ID="1" SHORT_DESC="1" DESCRIPTION="1" IS_ACTIVE="T" IS_SYSTEM="F" SORT_ORDER="0"/>
  <LOOKUP_VALUES ID="464" TYPE_ID="D0.417384928421878756" VALUE_ID="2" SHORT_DESC="2" DESCRIPTION="2" IS_ACTIVE="T" IS_SYSTEM="F" SORT_ORDER="1"/>
  <LOOKUP_VALUES ID="465" TYPE_ID="D0.417384928421878756" VALUE_ID="3" SHORT_DESC="3" DESCRIPTION="3" IS_ACTIVE="T" IS_SYSTEM="F" SORT_ORDER="2"/>
  <LOOKUP_VALUES ID="466" TYPE_ID="ENUMMAPPINGONELEVEL0.0981790387931581557" VALUE_ID="LOW" SHORT_DESC="Low" DESCRIPTION="Low" IS_ACTIVE="T" IS_SYSTEM="F" SORT_ORDER="0"/>
  <LOOKUP_VALUES ID="467" TYPE_ID="ENUMMAPPINGONELEVEL0.0981790387931581557" VALUE_ID="MEDIUM" SHORT_DESC="Medium" DESCRIPTION="Medium" IS_ACTIVE="T" IS_SYSTEM="F" SORT_ORDER="0"/>
  <LOOKUP_VALUES ID="468" TYPE_ID="ENUMMAPPINGONELEVEL0.0981790387931581557" VALUE_ID="HIGH" SHORT_DESC="High" DESCRIPTION="High" IS_ACTIVE="T" IS_SYSTEM="F" SORT_ORDER="0"/>
  <LOOKUP_VALUES ID="469" TYPE_ID="FINALPERFORMANCERATING0.690405933766324658" VALUE_ID="1" SHORT_DESC="1" DESCRIPTION="1" IS_ACTIVE="T" IS_SYSTEM="F" SORT_ORDER="0"/>
  <LOOKUP_VALUES ID="470" TYPE_ID="FINALPERFORMANCERATING0.690405933766324658" VALUE_ID="2" SHORT_DESC="2" DESCRIPTION="2" IS_ACTIVE="T" IS_SYSTEM="F" SORT_ORDER="1"/>
  <LOOKUP_VALUES ID="471" TYPE_ID="FINALPERFORMANCERATING0.690405933766324658" VALUE_ID="3" SHORT_DESC="3" DESCRIPTION="3" IS_ACTIVE="T" IS_SYSTEM="F" SORT_ORDER="2"/>
  <LOOKUP_VALUES ID="472" TYPE_ID="FINALPERFORMANCERATING0.690405933766324658" VALUE_ID="4" SHORT_DESC="4" DESCRIPTION="4" IS_ACTIVE="T" IS_SYSTEM="F" SORT_ORDER="3"/>
  <LOOKUP_VALUES ID="473" TYPE_ID="FINALPERFORMANCERATING0.690405933766324658" VALUE_ID="5" SHORT_DESC="5" DESCRIPTION="5" IS_ACTIVE="T" IS_SYSTEM="F" SORT_ORDER="4"/>
  <LOOKUP_VALUES ID="474" TYPE_ID="ENUMMAPPINGTWOLEVELS0.934510892501440959" VALUE_ID="POOR PERFORMER" SHORT_DESC="Poor Performer" DESCRIPTION="Fall within low and score 1 or 2 within Final Performance Rating" IS_ACTIVE="T" IS_SYSTEM="F" SORT_ORDER="0"/>
  <LOOKUP_VALUES ID="475" TYPE_ID="ENUMMAPPINGTWOLEVELS0.934510892501440959" VALUE_ID="GOOD SOLID PERFORMER" SHORT_DESC="Good Solid Performer" DESCRIPTION="Fall within low and score 3 within Final Performance Rating" IS_ACTIVE="T" IS_SYSTEM="F" SORT_ORDER="0"/>
  <LOOKUP_VALUES ID="476" TYPE_ID="ENUMMAPPINGTWOLEVELS0.934510892501440959" VALUE_ID="UNDER PERFORMER" SHORT_DESC="Under Performer" DESCRIPTION="Fall within medium and score 1 or 2 within Final Performance Rating" IS_ACTIVE="T" IS_SYSTEM="F" SORT_ORDER="0"/>
  <LOOKUP_VALUES ID="477" TYPE_ID="ENUMMAPPINGTWOLEVELS0.934510892501440959" VALUE_ID="GOOD SOLID PERFORMER (WITH POTENTIAL)" SHORT_DESC="Good Solid Performer (with Potential)" DESCRIPTION="Fall within medium and score 3 within Final Performance Rating" IS_ACTIVE="T" IS_SYSTEM="F" SORT_ORDER="0"/>
  <LOOKUP_VALUES ID="478" TYPE_ID="ENUMMAPPINGTWOLEVELS0.934510892501440959" VALUE_ID="UNDER PERFORMER (WITH HIGH POTENTIAL)" SHORT_DESC="Under Performer (with High Potential)" DESCRIPTION="Fall within high and score 1 or 2 within Final Performance Rating" IS_ACTIVE="T" IS_SYSTEM="F" SORT_ORDER="0"/>
  <LOOKUP_VALUES ID="479" TYPE_ID="ENUMMAPPINGTWOLEVELS0.934510892501440959" VALUE_ID="GOOD SOLID PERFORMER (WITH HIGH POTENTIAL)" SHORT_DESC="Good Solid Performer (with High Potential)" DESCRIPTION="Fall within high and score 3 within Final Performance Rating" IS_ACTIVE="T" IS_SYSTEM="F" SORT_ORDER="0"/>
  <QUE_DEFINITIONS ID="1" LABEL="AllQuestions" TITLE="allq" DESCRIPTION="[NULL]"/>
  <QUE_WORKFLOWS ID="1" QD_ID="1" PERFORMANCE_ID="[NULL]" WORKFLOW_TYPE="QUESTIONNARE_GENERAL" LABEL="q1"
                 DESCRIPTION=" " USER_ID="1" START_DATE="[NULL]" EXPIRED_DATE="2007-02-28 00:00:00.0" CLOSED_DATE="[NULL]" STATUS="PUBLISHED" POPULATION_ID="-2" MANAGER_READ="F" MANAGER_WRITE="F" INDIVIDUAL_READ="F" INDIVIDUAL_WRITE="F"/>
  <DYNAMIC_ATTRIBUTES ID="60" LABEL="No Title Name" TYPE="TEXT" ARTEFACT_TYPE="Q" QD_ID="1" MAX_SIZE="[NULL]" MIN_SIZE="[NULL]" IS_MANDATORY="T" IS_ACTIVE="F" IS_SEARCHABLE="F" IS_DYNAMIC="F" DESCRIPTION="[NULL]" REFERS_TO="[NULL]" LOCK_ID="[NULL]" MODIFIED_LABEL="1" UNIQUE_NUMBER="0.7285058031346613"/>
  <DYNAMIC_ATTRIBUTES ID="61" LABEL="Blank Title Name" TYPE="TEXT" ARTEFACT_TYPE="Q" QD_ID="1" MAX_SIZE="[NULL]" MIN_SIZE="[NULL]" IS_MANDATORY="T" IS_ACTIVE="F" IS_SEARCHABLE="F" IS_DYNAMIC="F" DESCRIPTION="[NULL]" REFERS_TO="[NULL]" LOCK_ID="[NULL]" MODIFIED_LABEL="2" UNIQUE_NUMBER="0.5706701708071796"/>
  <DYNAMIC_ATTRIBUTES ID="62" LABEL="Space Title Name" TYPE="TEXT" ARTEFACT_TYPE="Q" QD_ID="1" MAX_SIZE="[NULL]" MIN_SIZE="[NULL]" IS_MANDATORY="T" IS_ACTIVE="F" IS_SEARCHABLE="F" IS_DYNAMIC="F" DESCRIPTION=" " REFERS_TO="[NULL]" LOCK_ID="[NULL]" MODIFIED_LABEL="3" UNIQUE_NUMBER="0.1813195461630036"/>
  <DYNAMIC_ATTRIBUTES ID="63" LABEL="A title Name" TYPE="TEXT" ARTEFACT_TYPE="Q" QD_ID="1" MAX_SIZE="[NULL]" MIN_SIZE="[NULL]" IS_MANDATORY="T" IS_ACTIVE="F" IS_SEARCHABLE="F" IS_DYNAMIC="F" DESCRIPTION="This is the title" REFERS_TO="[NULL]" LOCK_ID="[NULL]" MODIFIED_LABEL="4" UNIQUE_NUMBER="0.8367827410890922"/>
  <DYNAMIC_ATTRIBUTES ID="64" LABEL="Text Name" TYPE="TEXT" ARTEFACT_TYPE="Q" QD_ID="1" MAX_SIZE="[NULL]" MIN_SIZE="[NULL]" IS_MANDATORY="T" IS_ACTIVE="F" IS_SEARCHABLE="F" IS_DYNAMIC="F" DESCRIPTION="Text Hover Title" REFERS_TO="[NULL]" LOCK_ID="[NULL]" MODIFIED_LABEL="5" UNIQUE_NUMBER="0.3893297023273945"/>
  <DYNAMIC_ATTRIBUTES ID="65" LABEL="Text Name" TYPE="TEXT" ARTEFACT_TYPE="Q" QD_ID="1" MAX_SIZE="[NULL]" MIN_SIZE="[NULL]" IS_MANDATORY="T" IS_ACTIVE="F" IS_SEARCHABLE="F" IS_DYNAMIC="F" DESCRIPTION="Text Hover Title" REFERS_TO="[NULL]" LOCK_ID="[NULL]" MODIFIED_LABEL="6" UNIQUE_NUMBER="0.8928494751292134"/>
  <DYNAMIC_ATTRIBUTES ID="66" LABEL="Date Name" TYPE="DATE" ARTEFACT_TYPE="Q" QD_ID="1" MAX_SIZE="[NULL]" MIN_SIZE="[NULL]" IS_MANDATORY="F" IS_ACTIVE="F" IS_SEARCHABLE="F" IS_DYNAMIC="F" DESCRIPTION="Date Title" REFERS_TO="[NULL]" LOCK_ID="[NULL]" MODIFIED_LABEL="7" UNIQUE_NUMBER="0.3342987498606498"/>
  <DYNAMIC_ATTRIBUTES ID="67" LABEL="Integer Name" TYPE="NUMBER" ARTEFACT_TYPE="Q" QD_ID="1" MAX_SIZE="[NULL]" MIN_SIZE="[NULL]" IS_MANDATORY="F" IS_ACTIVE="F" IS_SEARCHABLE="F" IS_DYNAMIC="F" DESCRIPTION="Integer Title" REFERS_TO="[NULL]" LOCK_ID="[NULL]" MODIFIED_LABEL="8" UNIQUE_NUMBER="0.5825815024651535"/>
  <DYNAMIC_ATTRIBUTES ID="68" LABEL="Positive Integer Name" TYPE="NUMBER" ARTEFACT_TYPE="Q" QD_ID="1" MAX_SIZE="[NULL]" MIN_SIZE="0" IS_MANDATORY="F" IS_ACTIVE="F" IS_SEARCHABLE="F" IS_DYNAMIC="F" DESCRIPTION="Positive Integer Title" REFERS_TO="[NULL]" LOCK_ID="[NULL]" MODIFIED_LABEL="9" UNIQUE_NUMBER="0.03752150126865628"/>
  <DYNAMIC_ATTRIBUTES ID="69" LABEL="Textbox Name" TYPE="TEXTAREA" ARTEFACT_TYPE="Q" QD_ID="1" MAX_SIZE="[NULL]" MIN_SIZE="[NULL]" IS_MANDATORY="F" IS_ACTIVE="F" IS_SEARCHABLE="F" IS_DYNAMIC="F" DESCRIPTION="Textbox Title" REFERS_TO="[NULL]" LOCK_ID="[NULL]" MODIFIED_LABEL="10" UNIQUE_NUMBER="0.42421890431219267"/>
  <DYNAMIC_ATTRIBUTES ID="70" LABEL="Select Name" TYPE="STRUCT" ARTEFACT_TYPE="Q" QD_ID="1" MAX_SIZE="[NULL]" MIN_SIZE="[NULL]" IS_MANDATORY="T" IS_ACTIVE="F" IS_SEARCHABLE="F" IS_DYNAMIC="F" DESCRIPTION="Select Title" REFERS_TO="SELECTNAME0.827795896666276345" LOCK_ID="[NULL]" MODIFIED_LABEL="11" UNIQUE_NUMBER="0.9598637711872737"/>
  <DYNAMIC_ATTRIBUTES ID="71" LABEL="Mobility Region" TYPE="MULTISELECT" ARTEFACT_TYPE="Q" QD_ID="1" MAX_SIZE="[NULL]" MIN_SIZE="[NULL]" IS_MANDATORY="F" IS_ACTIVE="F" IS_SEARCHABLE="F" IS_DYNAMIC="F" DESCRIPTION="Mobility Region" REFERS_TO="MOBILITYREGION0.514975863983472546" LOCK_ID="[NULL]" MODIFIED_LABEL="11B" UNIQUE_NUMBER="0.1420409225305752"/>
  <DYNAMIC_ATTRIBUTES ID="72" LABEL="Radio Name" TYPE="STRUCT" ARTEFACT_TYPE="Q" QD_ID="1" MAX_SIZE="[NULL]" MIN_SIZE="[NULL]" IS_MANDATORY="F" IS_ACTIVE="F" IS_SEARCHABLE="F" IS_DYNAMIC="F" DESCRIPTION="Radio Title" REFERS_TO="RADIONAME0.774958499334985847" LOCK_ID="[NULL]" MODIFIED_LABEL="12" UNIQUE_NUMBER="0.04947180133274487"/>
  <DYNAMIC_ATTRIBUTES ID="73" LABEL="Radio Name" TYPE="STRUCT" ARTEFACT_TYPE="Q" QD_ID="1" MAX_SIZE="[NULL]" MIN_SIZE="[NULL]" IS_MANDATORY="F" IS_ACTIVE="F" IS_SEARCHABLE="F" IS_DYNAMIC="F" DESCRIPTION="Line Item 1 - Radio Title" REFERS_TO="RADIONAME0.798684206636599848" LOCK_ID="[NULL]" MODIFIED_LABEL="13_0" UNIQUE_NUMBER="0.2772684470324742"/>
  <DYNAMIC_ATTRIBUTES ID="74" LABEL="Text Name" TYPE="TEXT" ARTEFACT_TYPE="Q" QD_ID="1" MAX_SIZE="[NULL]" MIN_SIZE="[NULL]" IS_MANDATORY="F" IS_ACTIVE="F" IS_SEARCHABLE="F" IS_DYNAMIC="F" DESCRIPTION="Line Item 1 - Text Title" REFERS_TO="[NULL]" LOCK_ID="[NULL]" MODIFIED_LABEL="27_0" UNIQUE_NUMBER="0.03492904003805508"/>
  <DYNAMIC_ATTRIBUTES ID="75" LABEL="Radio Name" TYPE="STRUCT" ARTEFACT_TYPE="Q" QD_ID="1" MAX_SIZE="[NULL]" MIN_SIZE="[NULL]" IS_MANDATORY="F" IS_ACTIVE="F" IS_SEARCHABLE="F" IS_DYNAMIC="F" DESCRIPTION="Line Item 2 - Radio Title" REFERS_TO="RADIONAME0.798684206636599848" LOCK_ID="[NULL]" MODIFIED_LABEL="13_1" UNIQUE_NUMBER="0.41601988583747873"/>
  <DYNAMIC_ATTRIBUTES ID="76" LABEL="Text Name" TYPE="TEXT" ARTEFACT_TYPE="Q" QD_ID="1" MAX_SIZE="[NULL]" MIN_SIZE="[NULL]" IS_MANDATORY="F" IS_ACTIVE="F" IS_SEARCHABLE="F" IS_DYNAMIC="F" DESCRIPTION="Line Item 2 - Text Title" REFERS_TO="[NULL]" LOCK_ID="[NULL]" MODIFIED_LABEL="27_1" UNIQUE_NUMBER="0.570789960437214"/>
  <DYNAMIC_ATTRIBUTES ID="77" LABEL="Radio Name" TYPE="STRUCT" ARTEFACT_TYPE="Q" QD_ID="1" MAX_SIZE="[NULL]" MIN_SIZE="[NULL]" IS_MANDATORY="F" IS_ACTIVE="F" IS_SEARCHABLE="F" IS_DYNAMIC="F" DESCRIPTION="Line Item 3 - Radio Title" REFERS_TO="RADIONAME0.798684206636599848" LOCK_ID="[NULL]" MODIFIED_LABEL="13_2" UNIQUE_NUMBER="0.23706434480070482"/>
  <DYNAMIC_ATTRIBUTES ID="78" LABEL="Text Name" TYPE="TEXT" ARTEFACT_TYPE="Q" QD_ID="1" MAX_SIZE="[NULL]" MIN_SIZE="[NULL]" IS_MANDATORY="F" IS_ACTIVE="F" IS_SEARCHABLE="F" IS_DYNAMIC="F" DESCRIPTION="Line Item 3 - Text Title" REFERS_TO="[NULL]" LOCK_ID="[NULL]" MODIFIED_LABEL="27_2" UNIQUE_NUMBER="0.07852642746440419"/>
  <DYNAMIC_ATTRIBUTES ID="79" LABEL="Radio Name" TYPE="STRUCT" ARTEFACT_TYPE="Q" QD_ID="1" MAX_SIZE="[NULL]" MIN_SIZE="[NULL]" IS_MANDATORY="F" IS_ACTIVE="F" IS_SEARCHABLE="F" IS_DYNAMIC="F" DESCRIPTION="Line Item 4 - Radio Title" REFERS_TO="RADIONAME0.798684206636599848" LOCK_ID="[NULL]" MODIFIED_LABEL="13_3" UNIQUE_NUMBER="0.04677283711694058"/>
  <DYNAMIC_ATTRIBUTES ID="80" LABEL="Text Name" TYPE="TEXT" ARTEFACT_TYPE="Q" QD_ID="1" MAX_SIZE="[NULL]" MIN_SIZE="[NULL]" IS_MANDATORY="F" IS_ACTIVE="F" IS_SEARCHABLE="F" IS_DYNAMIC="F" DESCRIPTION="Line Item 4 - Text Title" REFERS_TO="[NULL]" LOCK_ID="[NULL]" MODIFIED_LABEL="27_3" UNIQUE_NUMBER="0.2553279800469642"/>
  <DYNAMIC_ATTRIBUTES ID="81" LABEL="Radio Name" TYPE="STRUCT" ARTEFACT_TYPE="Q" QD_ID="1" MAX_SIZE="[NULL]" MIN_SIZE="[NULL]" IS_MANDATORY="F" IS_ACTIVE="F" IS_SEARCHABLE="F" IS_DYNAMIC="F" DESCRIPTION="Line Item 5 - Radio Title" REFERS_TO="RADIONAME0.798684206636599848" LOCK_ID="[NULL]" MODIFIED_LABEL="13_4" UNIQUE_NUMBER="0.16495524855860177"/>
  <DYNAMIC_ATTRIBUTES ID="82" LABEL="Text Name" TYPE="TEXT" ARTEFACT_TYPE="Q" QD_ID="1" MAX_SIZE="[NULL]" MIN_SIZE="[NULL]" IS_MANDATORY="F" IS_ACTIVE="F" IS_SEARCHABLE="F" IS_DYNAMIC="F" DESCRIPTION="Line Item 5 - Text Title" REFERS_TO="[NULL]" LOCK_ID="[NULL]" MODIFIED_LABEL="27_4" UNIQUE_NUMBER="0.8953863716791263"/>
  <DYNAMIC_ATTRIBUTES ID="83" LABEL="Radio Name" TYPE="STRUCT" ARTEFACT_TYPE="Q" QD_ID="1" MAX_SIZE="[NULL]" MIN_SIZE="[NULL]" IS_MANDATORY="F" IS_ACTIVE="F" IS_SEARCHABLE="F" IS_DYNAMIC="F" DESCRIPTION="Line Item 6 - Radio Title" REFERS_TO="RADIONAME0.798684206636599848" LOCK_ID="[NULL]" MODIFIED_LABEL="13_5" UNIQUE_NUMBER="0.4706658727903419"/>
  <DYNAMIC_ATTRIBUTES ID="84" LABEL="Text Name" TYPE="TEXT" ARTEFACT_TYPE="Q" QD_ID="1" MAX_SIZE="[NULL]" MIN_SIZE="[NULL]" IS_MANDATORY="F" IS_ACTIVE="F" IS_SEARCHABLE="F" IS_DYNAMIC="F" DESCRIPTION="Line Item 6 - Text Title" REFERS_TO="[NULL]" LOCK_ID="[NULL]" MODIFIED_LABEL="27_5" UNIQUE_NUMBER="0.4346293797825691"/>
  <DYNAMIC_ATTRIBUTES ID="85" LABEL="Radio Name" TYPE="STRUCT" ARTEFACT_TYPE="Q" QD_ID="1" MAX_SIZE="[NULL]" MIN_SIZE="[NULL]" IS_MANDATORY="F" IS_ACTIVE="F" IS_SEARCHABLE="F" IS_DYNAMIC="F" DESCRIPTION="Line Item 7 - Radio Title" REFERS_TO="RADIONAME0.798684206636599848" LOCK_ID="[NULL]" MODIFIED_LABEL="13_6" UNIQUE_NUMBER="0.5447141199272387"/>
  <DYNAMIC_ATTRIBUTES ID="86" LABEL="Text Name" TYPE="TEXT" ARTEFACT_TYPE="Q" QD_ID="1" MAX_SIZE="[NULL]" MIN_SIZE="[NULL]" IS_MANDATORY="F" IS_ACTIVE="F" IS_SEARCHABLE="F" IS_DYNAMIC="F" DESCRIPTION="Line Item 7 - Text Title" REFERS_TO="[NULL]" LOCK_ID="[NULL]" MODIFIED_LABEL="27_6" UNIQUE_NUMBER="0.8326153515481806"/>
  <DYNAMIC_ATTRIBUTES ID="87" LABEL="Radio Name" TYPE="STRUCT" ARTEFACT_TYPE="Q" QD_ID="1" MAX_SIZE="[NULL]" MIN_SIZE="[NULL]" IS_MANDATORY="F" IS_ACTIVE="F" IS_SEARCHABLE="F" IS_DYNAMIC="F" DESCRIPTION=" - Radio Title" REFERS_TO="RADIONAME0.3043260049841438649" LOCK_ID="[NULL]" MODIFIED_LABEL="14_0" UNIQUE_NUMBER="0.3139383426618607"/>
  <DYNAMIC_ATTRIBUTES ID="88" LABEL="Text Name" TYPE="TEXT" ARTEFACT_TYPE="Q" QD_ID="1" MAX_SIZE="[NULL]" MIN_SIZE="[NULL]" IS_MANDATORY="F" IS_ACTIVE="F" IS_SEARCHABLE="F" IS_DYNAMIC="F" DESCRIPTION=" - Text Title" REFERS_TO="[NULL]" LOCK_ID="[NULL]" MODIFIED_LABEL="28_0" UNIQUE_NUMBER="0.17018966282728676"/>
  <DYNAMIC_ATTRIBUTES ID="89" LABEL="Image name" TYPE="IMG" ARTEFACT_TYPE="Q" QD_ID="1" MAX_SIZE="[NULL]" MIN_SIZE="[NULL]" IS_MANDATORY="F" IS_ACTIVE="F" IS_SEARCHABLE="F" IS_DYNAMIC="F" DESCRIPTION="Image title?" REFERS_TO="[NULL]" LOCK_ID="[NULL]" MODIFIED_LABEL="15" UNIQUE_NUMBER="0.3023124322553"/>
  <DYNAMIC_ATTRIBUTES ID="90" LABEL="Organisation name" TYPE="ORGANISATION" ARTEFACT_TYPE="Q" QD_ID="1" MAX_SIZE="[NULL]" MIN_SIZE="[NULL]" IS_MANDATORY="F" IS_ACTIVE="F" IS_SEARCHABLE="F" IS_DYNAMIC="F" DESCRIPTION="Organisation title" REFERS_TO="[NULL]" LOCK_ID="[NULL]" MODIFIED_LABEL="16" UNIQUE_NUMBER="0.7126536075259898"/>
  <DYNAMIC_ATTRIBUTES ID="91" LABEL="Subject Name name" TYPE="SUBJECT" ARTEFACT_TYPE="Q" QD_ID="1" MAX_SIZE="[NULL]" MIN_SIZE="[NULL]" IS_MANDATORY="F" IS_ACTIVE="F" IS_SEARCHABLE="F" IS_DYNAMIC="F" DESCRIPTION="Subject Name title" REFERS_TO="[NULL]" LOCK_ID="[NULL]" MODIFIED_LABEL="17" UNIQUE_NUMBER="0.15138871528478348"/>
  <DYNAMIC_ATTRIBUTES ID="92" LABEL="Position Title name" TYPE="POSITION" ARTEFACT_TYPE="Q" QD_ID="1" MAX_SIZE="[NULL]" MIN_SIZE="[NULL]" IS_MANDATORY="F" IS_ACTIVE="F" IS_SEARCHABLE="F" IS_DYNAMIC="F" DESCRIPTION="Position title" REFERS_TO="[NULL]" LOCK_ID="[NULL]" MODIFIED_LABEL="18" UNIQUE_NUMBER="0.5088501713267246"/>
  <DYNAMIC_ATTRIBUTES ID="93" LABEL="Target" TYPE="TEXT" ARTEFACT_TYPE="Q" QD_ID="1" MAX_SIZE="[NULL]" MIN_SIZE="[NULL]" IS_MANDATORY="F" IS_ACTIVE="F" IS_SEARCHABLE="F" IS_DYNAMIC="F" DESCRIPTION="Challenge - Please enter your Challenge target" REFERS_TO="[NULL]" LOCK_ID="[NULL]" MODIFIED_LABEL="19_0" UNIQUE_NUMBER="0.7825068144006065"/>
  <DYNAMIC_ATTRIBUTES ID="94" LABEL="Scaler" TYPE="STRUCT" ARTEFACT_TYPE="Q" QD_ID="1" MAX_SIZE="[NULL]" MIN_SIZE="[NULL]" IS_MANDATORY="F" IS_ACTIVE="F" IS_SEARCHABLE="F" IS_DYNAMIC="F" DESCRIPTION="Challenge - Scaler" REFERS_TO="SCALER0.765161635979205350" LOCK_ID="[NULL]" MODIFIED_LABEL="20_0" UNIQUE_NUMBER="0.8267208697228016"/>
  <DYNAMIC_ATTRIBUTES ID="95" LABEL="Comment" TYPE="TEXT" ARTEFACT_TYPE="Q" QD_ID="1" MAX_SIZE="[NULL]" MIN_SIZE="[NULL]" IS_MANDATORY="F" IS_ACTIVE="F" IS_SEARCHABLE="F" IS_DYNAMIC="F" DESCRIPTION="Challenge - Please enter your Challenge comment" REFERS_TO="[NULL]" LOCK_ID="[NULL]" MODIFIED_LABEL="21_0" UNIQUE_NUMBER="0.32917931599764194"/>
  <DYNAMIC_ATTRIBUTES ID="96" LABEL="Target" TYPE="TEXT" ARTEFACT_TYPE="Q" QD_ID="1" MAX_SIZE="[NULL]" MIN_SIZE="[NULL]" IS_MANDATORY="F" IS_ACTIVE="F" IS_SEARCHABLE="F" IS_DYNAMIC="F" DESCRIPTION="Contribution - Please enter your Contribution target" REFERS_TO="[NULL]" LOCK_ID="[NULL]" MODIFIED_LABEL="22_0" UNIQUE_NUMBER="0.4710821741850014"/>
  <DYNAMIC_ATTRIBUTES ID="97" LABEL="Scaler" TYPE="STRUCT" ARTEFACT_TYPE="Q" QD_ID="1" MAX_SIZE="[NULL]" MIN_SIZE="[NULL]" IS_MANDATORY="F" IS_ACTIVE="F" IS_SEARCHABLE="F" IS_DYNAMIC="F" DESCRIPTION="Contribution - Scaler" REFERS_TO="SCALER0.0525261853774130551" LOCK_ID="[NULL]" MODIFIED_LABEL="23_0" UNIQUE_NUMBER="0.0008276579705918108"/>
  <DYNAMIC_ATTRIBUTES ID="98" LABEL="Comment" TYPE="TEXT" ARTEFACT_TYPE="Q" QD_ID="1" MAX_SIZE="[NULL]" MIN_SIZE="[NULL]" IS_MANDATORY="F" IS_ACTIVE="F" IS_SEARCHABLE="F" IS_DYNAMIC="F" DESCRIPTION="Contribution - Please enter your Contribution comment" REFERS_TO="[NULL]" LOCK_ID="[NULL]" MODIFIED_LABEL="29_0" UNIQUE_NUMBER="0.3641991951204313"/>
  <DYNAMIC_ATTRIBUTES ID="99" LABEL="Target" TYPE="TEXT" ARTEFACT_TYPE="Q" QD_ID="1" MAX_SIZE="[NULL]" MIN_SIZE="[NULL]" IS_MANDATORY="F" IS_ACTIVE="F" IS_SEARCHABLE="F" IS_DYNAMIC="F" DESCRIPTION="Achievement - Please enter your Achievement target" REFERS_TO="[NULL]" LOCK_ID="[NULL]" MODIFIED_LABEL="24_0" UNIQUE_NUMBER="0.020315498828449408"/>
  <DYNAMIC_ATTRIBUTES ID="100" LABEL="Scaler" TYPE="STRUCT" ARTEFACT_TYPE="Q" QD_ID="1" MAX_SIZE="[NULL]" MIN_SIZE="[NULL]" IS_MANDATORY="F" IS_ACTIVE="F" IS_SEARCHABLE="F" IS_DYNAMIC="F" DESCRIPTION="Achievement - Scaler" REFERS_TO="SCALER0.984513624654130252" LOCK_ID="[NULL]" MODIFIED_LABEL="25_0" UNIQUE_NUMBER="0.7010619365839855"/>
  <DYNAMIC_ATTRIBUTES ID="101" LABEL="Comment" TYPE="TEXT" ARTEFACT_TYPE="Q" QD_ID="1" MAX_SIZE="[NULL]" MIN_SIZE="[NULL]" IS_MANDATORY="F" IS_ACTIVE="F" IS_SEARCHABLE="F" IS_DYNAMIC="F" DESCRIPTION="Achievement - Please enter your Achievement comment" REFERS_TO="[NULL]" LOCK_ID="[NULL]" MODIFIED_LABEL="26_0" UNIQUE_NUMBER="0.8920535689195129"/>
  <DYNAMIC_ATTRIBUTES ID="102" LABEL="Last Updated (DateTime)" TYPE="LASTUPDATED" ARTEFACT_TYPE="Q" QD_ID="1" MAX_SIZE="[NULL]" MIN_SIZE="[NULL]" IS_MANDATORY="F" IS_ACTIVE="F" IS_SEARCHABLE="F" IS_DYNAMIC="F" DESCRIPTION="[NULL]" REFERS_TO="[NULL]" LOCK_ID="[NULL]" MODIFIED_LABEL="40" UNIQUE_NUMBER="0.3393473332193434"/>
  <DYNAMIC_ATTRIBUTES ID="103" LABEL="Last Updated (DateTimeUser)" TYPE="LASTUPDATEDBY" ARTEFACT_TYPE="Q" QD_ID="1" MAX_SIZE="[NULL]" MIN_SIZE="[NULL]" IS_MANDATORY="F" IS_ACTIVE="F" IS_SEARCHABLE="F" IS_DYNAMIC="F" DESCRIPTION="[NULL]" REFERS_TO="[NULL]" LOCK_ID="[NULL]" MODIFIED_LABEL="41" UNIQUE_NUMBER="0.8044313120391522"/>
  <DYNAMIC_ATTRIBUTES ID="104" LABEL="A" TYPE="STRUCT" ARTEFACT_TYPE="Q" QD_ID="1" MAX_SIZE="[NULL]" MIN_SIZE="[NULL]" IS_MANDATORY="F" IS_ACTIVE="F" IS_SEARCHABLE="F" IS_DYNAMIC="F" DESCRIPTION="A" REFERS_TO="A0.754527173027450853" LOCK_ID="[NULL]" MODIFIED_LABEL="32" UNIQUE_NUMBER="0.6235877397770978"/>
  <DYNAMIC_ATTRIBUTES ID="105" LABEL="Total" TYPE="SUM" ARTEFACT_TYPE="Q" QD_ID="1" MAX_SIZE="[NULL]" MIN_SIZE="[NULL]" IS_MANDATORY="F" IS_ACTIVE="F" IS_SEARCHABLE="F" IS_DYNAMIC="F" DESCRIPTION="Total" REFERS_TO="[NULL]" LOCK_ID="[NULL]" MODIFIED_LABEL="36" UNIQUE_NUMBER="0.8119033263119216"/>
  <DYNAMIC_ATTRIBUTES ID="106" LABEL="B" TYPE="STRUCT" ARTEFACT_TYPE="Q" QD_ID="1" MAX_SIZE="[NULL]" MIN_SIZE="[NULL]" IS_MANDATORY="F" IS_ACTIVE="F" IS_SEARCHABLE="F" IS_DYNAMIC="F" DESCRIPTION="B" REFERS_TO="B0.1387212152463317454" LOCK_ID="[NULL]" MODIFIED_LABEL="33" UNIQUE_NUMBER="0.508414800461504"/>
  <DYNAMIC_ATTRIBUTES ID="107" LABEL="C" TYPE="STRUCT" ARTEFACT_TYPE="Q" QD_ID="1" MAX_SIZE="[NULL]" MIN_SIZE="[NULL]" IS_MANDATORY="F" IS_ACTIVE="F" IS_SEARCHABLE="F" IS_DYNAMIC="F" DESCRIPTION="C" REFERS_TO="C0.548225711130480555" LOCK_ID="[NULL]" MODIFIED_LABEL="34" UNIQUE_NUMBER="0.2921281323180299"/>
  <DYNAMIC_ATTRIBUTES ID="108" LABEL="D" TYPE="STRUCT" ARTEFACT_TYPE="Q" QD_ID="1" MAX_SIZE="[NULL]" MIN_SIZE="[NULL]" IS_MANDATORY="F" IS_ACTIVE="F" IS_SEARCHABLE="F" IS_DYNAMIC="F" DESCRIPTION="D" REFERS_TO="D0.417384928421878756" LOCK_ID="[NULL]" MODIFIED_LABEL="35" UNIQUE_NUMBER="0.45462147191208524"/>
  <DYNAMIC_ATTRIBUTES ID="109" LABEL="EnumMapping - One Level" TYPE="ENUMMAPPING" ARTEFACT_TYPE="Q" QD_ID="1" MAX_SIZE="[NULL]" MIN_SIZE="[NULL]" IS_MANDATORY="F" IS_ACTIVE="F" IS_SEARCHABLE="F" IS_DYNAMIC="F" DESCRIPTION="EnumMapping - One Level" REFERS_TO="ENUMMAPPINGONELEVEL0.0981790387931581557" LOCK_ID="[NULL]" MODIFIED_LABEL="37" UNIQUE_NUMBER="0.6321787364888003"/>
  <DYNAMIC_ATTRIBUTES ID="110" LABEL="EnumMapping - Two Levels" TYPE="ENUMMAPPING" ARTEFACT_TYPE="Q" QD_ID="1" MAX_SIZE="[NULL]" MIN_SIZE="[NULL]" IS_MANDATORY="F" IS_ACTIVE="F" IS_SEARCHABLE="F" IS_DYNAMIC="F" DESCRIPTION="EnumMapping - Two Levels" REFERS_TO="ENUMMAPPINGTWOLEVELS0.934510892501440959" LOCK_ID="[NULL]" MODIFIED_LABEL="52" UNIQUE_NUMBER="0.4904285151455591"/>
  <DYNAMIC_ATTRIBUTES ID="111" LABEL="Final Performance Rating" TYPE="STRUCT" ARTEFACT_TYPE="Q" QD_ID="1" MAX_SIZE="[NULL]" MIN_SIZE="[NULL]" IS_MANDATORY="F" IS_ACTIVE="F" IS_SEARCHABLE="F" IS_DYNAMIC="F" DESCRIPTION="Final Performance Rating" REFERS_TO="FINALPERFORMANCERATING0.690405933766324658" LOCK_ID="[NULL]" MODIFIED_LABEL="51" UNIQUE_NUMBER="0.26788976128048403"/>
  <DYNAMIC_ATTRIBUTES ID="112" LABEL="Country" TYPE="TEXT" ARTEFACT_TYPE="Q" QD_ID="1" MAX_SIZE="[NULL]" MIN_SIZE="[NULL]" IS_MANDATORY="F" IS_ACTIVE="F" IS_SEARCHABLE="F" IS_DYNAMIC="T" DESCRIPTION="Dynamic line-item - Country" REFERS_TO="[NULL]" LOCK_ID="[NULL]" MODIFIED_LABEL="54_0" UNIQUE_NUMBER="0.6887354137356932"/>
  <DYNAMIC_ATTRIBUTES ID="113" LABEL="Duration" TYPE="NUMBER" ARTEFACT_TYPE="Q" QD_ID="1" MAX_SIZE="[NULL]" MIN_SIZE="0" IS_MANDATORY="F" IS_ACTIVE="F" IS_SEARCHABLE="F" IS_DYNAMIC="T" DESCRIPTION="Dynamic line-item - Duration" REFERS_TO="[NULL]" LOCK_ID="[NULL]" MODIFIED_LABEL="55_0" UNIQUE_NUMBER="0.7435699693115969"/>
  <DYNAMIC_ATTRIBUTES ID="114" LABEL="Years" TYPE="NUMBER" ARTEFACT_TYPE="Q" QD_ID="1" MAX_SIZE="[NULL]" MIN_SIZE="0" IS_MANDATORY="F" IS_ACTIVE="F" IS_SEARCHABLE="F" IS_DYNAMIC="T" DESCRIPTION="Dynamic line-item - Years" REFERS_TO="[NULL]" LOCK_ID="[NULL]" MODIFIED_LABEL="56_0" UNIQUE_NUMBER="0.3290411291815615"/>
  <DYNAMIC_ATTRIBUTES ID="115" LABEL="Working Language" TYPE="TEXT" ARTEFACT_TYPE="Q" QD_ID="1" MAX_SIZE="[NULL]" MIN_SIZE="[NULL]" IS_MANDATORY="F" IS_ACTIVE="F" IS_SEARCHABLE="F" IS_DYNAMIC="T" DESCRIPTION="Dynamic line-item - Working Language" REFERS_TO="[NULL]" LOCK_ID="[NULL]" MODIFIED_LABEL="57_0" UNIQUE_NUMBER="0.115861863650215"/>
  <DYNAMIC_ATTRIBUTES ID="116" LABEL="Additional Comments" TYPE="TEXTAREA" ARTEFACT_TYPE="Q" QD_ID="1" MAX_SIZE="[NULL]" MIN_SIZE="[NULL]" IS_MANDATORY="F" IS_ACTIVE="F" IS_SEARCHABLE="F" IS_DYNAMIC="T" DESCRIPTION="Dynamic line-item - Additional Comments" REFERS_TO="[NULL]" LOCK_ID="[NULL]" MODIFIED_LABEL="58_0" UNIQUE_NUMBER="0.7317398815570789"/>
  <DYNAMIC_ATTR_REFERENCES ID="1" TYPE="SUM" UPPER_BOUND="[NULL]" LOWER_BOUND="[NULL]" LOOKUP_VALUE_ID="[NULL]" REFERENCE_DA_ID="104" PARENT_DA_ID="105" PARENT_MAPPING_ID="[NULL]"/>
  <DYNAMIC_ATTR_REFERENCES ID="2" TYPE="SUM" UPPER_BOUND="[NULL]" LOWER_BOUND="[NULL]" LOOKUP_VALUE_ID="[NULL]" REFERENCE_DA_ID="106" PARENT_DA_ID="105" PARENT_MAPPING_ID="[NULL]"/>
  <DYNAMIC_ATTR_REFERENCES ID="3" TYPE="SUM" UPPER_BOUND="[NULL]" LOWER_BOUND="[NULL]" LOOKUP_VALUE_ID="[NULL]" REFERENCE_DA_ID="107" PARENT_DA_ID="105" PARENT_MAPPING_ID="[NULL]"/>
  <DYNAMIC_ATTR_REFERENCES ID="4" TYPE="SUM" UPPER_BOUND="[NULL]" LOWER_BOUND="[NULL]" LOOKUP_VALUE_ID="[NULL]" REFERENCE_DA_ID="108" PARENT_DA_ID="105" PARENT_MAPPING_ID="[NULL]"/>
  <DYNAMIC_ATTR_REFERENCES ID="5" TYPE="ENUMMAPPING" UPPER_BOUND="4" LOWER_BOUND="[NULL]" LOOKUP_VALUE_ID="466" REFERENCE_DA_ID="105" PARENT_DA_ID="109" PARENT_MAPPING_ID="[NULL]"/>
  <DYNAMIC_ATTR_REFERENCES ID="6" TYPE="ENUMMAPPING" UPPER_BOUND="8" LOWER_BOUND="5" LOOKUP_VALUE_ID="467" REFERENCE_DA_ID="105" PARENT_DA_ID="109" PARENT_MAPPING_ID="[NULL]"/>
  <DYNAMIC_ATTR_REFERENCES ID="7" TYPE="ENUMMAPPING" UPPER_BOUND="[NULL]" LOWER_BOUND="9" LOOKUP_VALUE_ID="468" REFERENCE_DA_ID="105" PARENT_DA_ID="109" PARENT_MAPPING_ID="[NULL]"/>
  <DYNAMIC_ATTR_REFERENCES ID="8" TYPE="ENUMMAPPING" UPPER_BOUND="4" LOWER_BOUND="[NULL]" LOOKUP_VALUE_ID="[NULL]" REFERENCE_DA_ID="105" PARENT_DA_ID="110" PARENT_MAPPING_ID="[NULL]"/>
  <DYNAMIC_ATTR_REFERENCES ID="15" TYPE="ENUMMAPPING" UPPER_BOUND="8" LOWER_BOUND="5" LOOKUP_VALUE_ID="[NULL]" REFERENCE_DA_ID="105" PARENT_DA_ID="110" PARENT_MAPPING_ID="[NULL]"/>
  <DYNAMIC_ATTR_REFERENCES ID="16" TYPE="ENUMMAPPING" UPPER_BOUND="[NULL]" LOWER_BOUND="9" LOOKUP_VALUE_ID="[NULL]" REFERENCE_DA_ID="105" PARENT_DA_ID="110" PARENT_MAPPING_ID="[NULL]"/>
  <DYNAMIC_ATTR_REFERENCES ID="9" TYPE="ENUMMAPPING" UPPER_BOUND="2" LOWER_BOUND="[NULL]" LOOKUP_VALUE_ID="474" REFERENCE_DA_ID="111" PARENT_DA_ID="110" PARENT_MAPPING_ID="8"/>
  <DYNAMIC_ATTR_REFERENCES ID="10" TYPE="ENUMMAPPING" UPPER_BOUND="3" LOWER_BOUND="3" LOOKUP_VALUE_ID="475" REFERENCE_DA_ID="111" PARENT_DA_ID="110" PARENT_MAPPING_ID="8"/>
  <DYNAMIC_ATTR_REFERENCES ID="11" TYPE="ENUMMAPPING" UPPER_BOUND="2" LOWER_BOUND="[NULL]" LOOKUP_VALUE_ID="476" REFERENCE_DA_ID="111" PARENT_DA_ID="110" PARENT_MAPPING_ID="15"/>
  <DYNAMIC_ATTR_REFERENCES ID="12" TYPE="ENUMMAPPING" UPPER_BOUND="3" LOWER_BOUND="3" LOOKUP_VALUE_ID="477" REFERENCE_DA_ID="111" PARENT_DA_ID="110" PARENT_MAPPING_ID="15"/>
  <DYNAMIC_ATTR_REFERENCES ID="13" TYPE="ENUMMAPPING" UPPER_BOUND="2" LOWER_BOUND="[NULL]" LOOKUP_VALUE_ID="478" REFERENCE_DA_ID="111" PARENT_DA_ID="110" PARENT_MAPPING_ID="16"/>
  <DYNAMIC_ATTR_REFERENCES ID="14" TYPE="ENUMMAPPING" UPPER_BOUND="3" LOWER_BOUND="3" LOOKUP_VALUE_ID="479" REFERENCE_DA_ID="111" PARENT_DA_ID="110" PARENT_MAPPING_ID="16"/>
  <QUE_DEFINITION_MODELS QUE_DEF_ID="1"/>
  <QUESTION_GROUPS ID="1" QUE_DEF_MODEL_ID="1" LABEL="General group title" TITLE="[NULL]" DISPLAYABLE="T"/>
  <QUESTION_GROUPS ID="3" QUE_DEF_MODEL_ID="1" LABEL=" " TITLE="[NULL]" DISPLAYABLE="T"/>
  <QUESTION_GROUPS ID="5" QUE_DEF_MODEL_ID="1" LABEL="Questions with different types of title value" TITLE="[NULL]" DISPLAYABLE="T"/>
  <QUESTION_GROUPS ID="10" QUE_DEF_MODEL_ID="1" LABEL="Group Name for Text1" TITLE="[NULL]" DISPLAYABLE="T"/>
  <QUESTION_GROUPS ID="12" QUE_DEF_MODEL_ID="1" LABEL="Group Name for Text2" TITLE="[NULL]" DISPLAYABLE="T"/>
  <QUESTION_GROUPS ID="14" QUE_DEF_MODEL_ID="1" LABEL="Group Name for Date" TITLE="[NULL]" DISPLAYABLE="T"/>
  <QUESTION_GROUPS ID="16" QUE_DEF_MODEL_ID="1" LABEL="Group Name for Integer" TITLE="[NULL]" DISPLAYABLE="T"/>
  <QUESTION_GROUPS ID="18" QUE_DEF_MODEL_ID="1" LABEL="Group Name for Positive Integer" TITLE="[NULL]" DISPLAYABLE="T"/>
  <QUESTION_GROUPS ID="20" QUE_DEF_MODEL_ID="1" LABEL="Group Name for Textbox" TITLE="[NULL]" DISPLAYABLE="T"/>
  <QUESTION_GROUPS ID="22" QUE_DEF_MODEL_ID="1" LABEL="Group Name for Select" TITLE="[NULL]" DISPLAYABLE="T"/>
  <QUESTION_GROUPS ID="24" QUE_DEF_MODEL_ID="1" LABEL="Group Name for MultiSelect" TITLE="[NULL]" DISPLAYABLE="T"/>
  <QUESTION_GROUPS ID="26" QUE_DEF_MODEL_ID="1" LABEL="Group Name for Radio" TITLE="[NULL]" DISPLAYABLE="T"/>
  <QUESTION_GROUPS ID="28" QUE_DEF_MODEL_ID="1" LABEL="Group Name for Multi Question Test1" TITLE="[NULL]" DISPLAYABLE="T"/>
  <QUESTION_GROUPS ID="51" QUE_DEF_MODEL_ID="1" LABEL="Group Name for Multi Question Test2" TITLE="[NULL]" DISPLAYABLE="T"/>
  <QUESTION_GROUPS ID="56" QUE_DEF_MODEL_ID="1" LABEL="Group Name for Image" TITLE="[NULL]" DISPLAYABLE="T"/>
  <QUESTION_GROUPS ID="58" QUE_DEF_MODEL_ID="1" LABEL="Group Name for Organisation" TITLE="[NULL]" DISPLAYABLE="T"/>
  <QUESTION_GROUPS ID="60" QUE_DEF_MODEL_ID="1" LABEL="Group Name for Subject Name" TITLE="[NULL]" DISPLAYABLE="T"/>
  <QUESTION_GROUPS ID="62" QUE_DEF_MODEL_ID="1" LABEL="Group Name for Position Title" TITLE="[NULL]" DISPLAYABLE="T"/>
  <QUESTION_GROUPS ID="64" QUE_DEF_MODEL_ID="1" LABEL="Group Name for Another kind of Multi Question Test" TITLE="[NULL]" DISPLAYABLE="T"/>
  <QUESTION_GROUPS ID="80" QUE_DEF_MODEL_ID="1" LABEL="Last Updated" TITLE="[NULL]" DISPLAYABLE="T"/>
  <QUESTION_GROUPS ID="83" QUE_DEF_MODEL_ID="1" LABEL="Sum" TITLE="[NULL]" DISPLAYABLE="T"/>
  <QUESTION_GROUPS ID="89" QUE_DEF_MODEL_ID="1" LABEL="EnumMapping - One Level" TITLE="[NULL]" DISPLAYABLE="T"/>
  <QUESTION_GROUPS ID="91" QUE_DEF_MODEL_ID="1" LABEL="EnumMapping - Two Levels" TITLE="[NULL]" DISPLAYABLE="T"/>
  <QUESTION_GROUPS ID="94" QUE_DEF_MODEL_ID="1" LABEL="Dynamic line-item" TITLE="[NULL]" DISPLAYABLE="T"/>
  <MULTI_QUESTIONS QUE_GROUP_ID="28" LABEL="[NULL]" ID="29"/>
  <MULTI_QUESTIONS QUE_GROUP_ID="51" LABEL="[NULL]" ID="52"/>
  <MULTI_QUESTIONS QUE_GROUP_ID="64" LABEL="[NULL]" ID="65"/>
  <MULTI_QUESTIONS QUE_GROUP_ID="64" LABEL="[NULL]" ID="70"/>
  <MULTI_QUESTIONS QUE_GROUP_ID="64" LABEL="[NULL]" ID="75"/>
  <MULTI_QUESTIONS QUE_GROUP_ID="94" LABEL="[NULL]" ID="95"/>
  <QUESTION_LINE_ITEMS ID="30" MULTI_QUESTION_ID="29" LABEL="Line Item 1" DYNAMIC="F"/>
  <QUESTION_LINE_ITEMS ID="33" MULTI_QUESTION_ID="29" LABEL="Line Item 2" DYNAMIC="F"/>
  <QUESTION_LINE_ITEMS ID="36" MULTI_QUESTION_ID="29" LABEL="Line Item 3" DYNAMIC="F"/>
  <QUESTION_LINE_ITEMS ID="39" MULTI_QUESTION_ID="29" LABEL="Line Item 4" DYNAMIC="F"/>
  <QUESTION_LINE_ITEMS ID="42" MULTI_QUESTION_ID="29" LABEL="Line Item 5" DYNAMIC="F"/>
  <QUESTION_LINE_ITEMS ID="45" MULTI_QUESTION_ID="29" LABEL="Line Item 6" DYNAMIC="F"/>
  <QUESTION_LINE_ITEMS ID="48" MULTI_QUESTION_ID="29" LABEL="Line Item 7" DYNAMIC="F"/>
  <QUESTION_LINE_ITEMS ID="53" MULTI_QUESTION_ID="52" LABEL="[NULL]" DYNAMIC="F"/>
  <QUESTION_LINE_ITEMS ID="66" MULTI_QUESTION_ID="65" LABEL="Challenge" DYNAMIC="F"/>
  <QUESTION_LINE_ITEMS ID="71" MULTI_QUESTION_ID="70" LABEL="Contribution" DYNAMIC="F"/>
  <QUESTION_LINE_ITEMS ID="76" MULTI_QUESTION_ID="75" LABEL="Achievement" DYNAMIC="F"/>
  <QUESTION_LINE_ITEMS ID="96" MULTI_QUESTION_ID="95" LABEL="Dynamic line-item" DYNAMIC="T"/>
  <QUESTIONS ID="2" QUE_GROUP_ID="1" DA_ID="[NULL]" QUESTION_LINE_ITEM_ID="[NULL]" QUESTION_TYPE="[NULL]" NARRATIVE="General xml type narrative within the group" TITLE="[NULL]" TARGET="[NULL]" TEXT_ID="[NULL]" LENGTH="0" LABEL_DISPLAYABLE="F"/>
  <QUESTIONS ID="4" QUE_GROUP_ID="3" DA_ID="[NULL]" QUESTION_LINE_ITEM_ID="[NULL]" QUESTION_TYPE="[NULL]" NARRATIVE="Narrative without a group name groups together with the next narrative directly above with a group name." TITLE="[NULL]" TARGET="[NULL]" TEXT_ID="[NULL]" LENGTH="0" LABEL_DISPLAYABLE="F"/>
  <QUESTIONS ID="6" QUE_GROUP_ID="5" DA_ID="60" QUESTION_LINE_ITEM_ID="[NULL]" QUESTION_TYPE="TEXT" NARRATIVE="[NULL]" TITLE="[NULL]" TARGET="[NULL]" TEXT_ID="1" LENGTH="0" LABEL_DISPLAYABLE="F"/>
  <QUESTIONS ID="7" QUE_GROUP_ID="5" DA_ID="61" QUESTION_LINE_ITEM_ID="[NULL]" QUESTION_TYPE="TEXT" NARRATIVE="[NULL]" TITLE="[NULL]" TARGET="[NULL]" TEXT_ID="2" LENGTH="0" LABEL_DISPLAYABLE="F"/>
  <QUESTIONS ID="8" QUE_GROUP_ID="5" DA_ID="62" QUESTION_LINE_ITEM_ID="[NULL]" QUESTION_TYPE="TEXT" NARRATIVE="[NULL]" TITLE=" " TARGET="[NULL]" TEXT_ID="3" LENGTH="0" LABEL_DISPLAYABLE="F"/>
  <QUESTIONS ID="9" QUE_GROUP_ID="5" DA_ID="63" QUESTION_LINE_ITEM_ID="[NULL]" QUESTION_TYPE="TEXT" NARRATIVE="[NULL]" TITLE="This is the title" TARGET="[NULL]" TEXT_ID="4" LENGTH="0" LABEL_DISPLAYABLE="F"/>
  <QUESTIONS ID="11" QUE_GROUP_ID="10" DA_ID="64" QUESTION_LINE_ITEM_ID="[NULL]" QUESTION_TYPE="TEXT" NARRATIVE="[NULL]" TITLE="Text Hover Title" TARGET="[NULL]" TEXT_ID="5" LENGTH="0" LABEL_DISPLAYABLE="F"/>
  <QUESTIONS ID="13" QUE_GROUP_ID="12" DA_ID="65" QUESTION_LINE_ITEM_ID="[NULL]" QUESTION_TYPE="TEXT" NARRATIVE="[NULL]" TITLE="Text Hover Title" TARGET="[NULL]" TEXT_ID="6" LENGTH="0" LABEL_DISPLAYABLE="F"/>
  <QUESTIONS ID="15" QUE_GROUP_ID="14" DA_ID="66" QUESTION_LINE_ITEM_ID="[NULL]" QUESTION_TYPE="DATE" NARRATIVE="[NULL]" TITLE="Date Title" TARGET="[NULL]" TEXT_ID="7" LENGTH="0" LABEL_DISPLAYABLE="F"/>
  <QUESTIONS ID="17" QUE_GROUP_ID="16" DA_ID="67" QUESTION_LINE_ITEM_ID="[NULL]" QUESTION_TYPE="INTEGER" NARRATIVE="[NULL]" TITLE="Integer Title" TARGET="[NULL]" TEXT_ID="8" LENGTH="0" LABEL_DISPLAYABLE="F"/>
  <QUESTIONS ID="19" QUE_GROUP_ID="18" DA_ID="68" QUESTION_LINE_ITEM_ID="[NULL]" QUESTION_TYPE="POSITIVEINTEGER" NARRATIVE="[NULL]" TITLE="Positive Integer Title" TARGET="[NULL]" TEXT_ID="9" LENGTH="0" LABEL_DISPLAYABLE="F"/>
  <QUESTIONS ID="21" QUE_GROUP_ID="20" DA_ID="69" QUESTION_LINE_ITEM_ID="[NULL]" QUESTION_TYPE="TEXTBOX" NARRATIVE="[NULL]" TITLE="Textbox Title" TARGET="[NULL]" TEXT_ID="10" LENGTH="0" LABEL_DISPLAYABLE="F"/>
  <QUESTIONS ID="23" QUE_GROUP_ID="22" DA_ID="70" QUESTION_LINE_ITEM_ID="[NULL]" QUESTION_TYPE="SELECT" NARRATIVE="[NULL]" TITLE="Select Title" TARGET="Select Value1" TEXT_ID="11" LENGTH="0" LABEL_DISPLAYABLE="F"/>
  <QUESTIONS ID="25" QUE_GROUP_ID="24" DA_ID="71" QUESTION_LINE_ITEM_ID="[NULL]" QUESTION_TYPE="MULTISELECT" NARRATIVE="[NULL]" TITLE="Mobility Region" TARGET="[NULL]" TEXT_ID="11B" LENGTH="0" LABEL_DISPLAYABLE="F"/>
  <QUESTIONS ID="27" QUE_GROUP_ID="26" DA_ID="72" QUESTION_LINE_ITEM_ID="[NULL]" QUESTION_TYPE="RADIO" NARRATIVE="[NULL]" TITLE="Radio Title" TARGET="Radio Value1" TEXT_ID="12" LENGTH="0" LABEL_DISPLAYABLE="F"/>
  <QUESTIONS ID="31" QUE_GROUP_ID="[NULL]" DA_ID="73" QUESTION_LINE_ITEM_ID="30" QUESTION_TYPE="RADIO" NARRATIVE="[NULL]" TITLE="Radio Title" TARGET="[NULL]" TEXT_ID="13_0" LENGTH="0" LABEL_DISPLAYABLE="F"/>
  <QUESTIONS ID="32" QUE_GROUP_ID="[NULL]" DA_ID="74" QUESTION_LINE_ITEM_ID="30" QUESTION_TYPE="TEXT" NARRATIVE="[NULL]" TITLE="Text Title" TARGET="[NULL]" TEXT_ID="27_0" LENGTH="0" LABEL_DISPLAYABLE="F"/>
  <QUESTIONS ID="34" QUE_GROUP_ID="[NULL]" DA_ID="75" QUESTION_LINE_ITEM_ID="33" QUESTION_TYPE="RADIO" NARRATIVE="[NULL]" TITLE="Radio Title" TARGET="[NULL]" TEXT_ID="13_1" LENGTH="0" LABEL_DISPLAYABLE="F"/>
  <QUESTIONS ID="35" QUE_GROUP_ID="[NULL]" DA_ID="76" QUESTION_LINE_ITEM_ID="33" QUESTION_TYPE="TEXT" NARRATIVE="[NULL]" TITLE="Text Title" TARGET="[NULL]" TEXT_ID="27_1" LENGTH="0" LABEL_DISPLAYABLE="F"/>
  <QUESTIONS ID="37" QUE_GROUP_ID="[NULL]" DA_ID="77" QUESTION_LINE_ITEM_ID="36" QUESTION_TYPE="RADIO" NARRATIVE="[NULL]" TITLE="Radio Title" TARGET="[NULL]" TEXT_ID="13_2" LENGTH="0" LABEL_DISPLAYABLE="F"/>
  <QUESTIONS ID="38" QUE_GROUP_ID="[NULL]" DA_ID="78" QUESTION_LINE_ITEM_ID="36" QUESTION_TYPE="TEXT" NARRATIVE="[NULL]" TITLE="Text Title" TARGET="[NULL]" TEXT_ID="27_2" LENGTH="0" LABEL_DISPLAYABLE="F"/>
  <QUESTIONS ID="40" QUE_GROUP_ID="[NULL]" DA_ID="79" QUESTION_LINE_ITEM_ID="39" QUESTION_TYPE="RADIO" NARRATIVE="[NULL]" TITLE="Radio Title" TARGET="[NULL]" TEXT_ID="13_3" LENGTH="0" LABEL_DISPLAYABLE="F"/>
  <QUESTIONS ID="41" QUE_GROUP_ID="[NULL]" DA_ID="80" QUESTION_LINE_ITEM_ID="39" QUESTION_TYPE="TEXT" NARRATIVE="[NULL]" TITLE="Text Title" TARGET="[NULL]" TEXT_ID="27_3" LENGTH="0" LABEL_DISPLAYABLE="F"/>
  <QUESTIONS ID="43" QUE_GROUP_ID="[NULL]" DA_ID="81" QUESTION_LINE_ITEM_ID="42" QUESTION_TYPE="RADIO" NARRATIVE="[NULL]" TITLE="Radio Title" TARGET="[NULL]" TEXT_ID="13_4" LENGTH="0" LABEL_DISPLAYABLE="F"/>
  <QUESTIONS ID="44" QUE_GROUP_ID="[NULL]" DA_ID="82" QUESTION_LINE_ITEM_ID="42" QUESTION_TYPE="TEXT" NARRATIVE="[NULL]" TITLE="Text Title" TARGET="[NULL]" TEXT_ID="27_4" LENGTH="0" LABEL_DISPLAYABLE="F"/>
  <QUESTIONS ID="46" QUE_GROUP_ID="[NULL]" DA_ID="83" QUESTION_LINE_ITEM_ID="45" QUESTION_TYPE="RADIO" NARRATIVE="[NULL]" TITLE="Radio Title" TARGET="[NULL]" TEXT_ID="13_5" LENGTH="0" LABEL_DISPLAYABLE="F"/>
  <QUESTIONS ID="47" QUE_GROUP_ID="[NULL]" DA_ID="84" QUESTION_LINE_ITEM_ID="45" QUESTION_TYPE="TEXT" NARRATIVE="[NULL]" TITLE="Text Title" TARGET="[NULL]" TEXT_ID="27_5" LENGTH="0" LABEL_DISPLAYABLE="F"/>
  <QUESTIONS ID="49" QUE_GROUP_ID="[NULL]" DA_ID="85" QUESTION_LINE_ITEM_ID="48" QUESTION_TYPE="RADIO" NARRATIVE="[NULL]" TITLE="Radio Title" TARGET="[NULL]" TEXT_ID="13_6" LENGTH="0" LABEL_DISPLAYABLE="F"/>
  <QUESTIONS ID="50" QUE_GROUP_ID="[NULL]" DA_ID="86" QUESTION_LINE_ITEM_ID="48" QUESTION_TYPE="TEXT" NARRATIVE="[NULL]" TITLE="Text Title" TARGET="[NULL]" TEXT_ID="27_6" LENGTH="0" LABEL_DISPLAYABLE="F"/>
  <QUESTIONS ID="54" QUE_GROUP_ID="[NULL]" DA_ID="87" QUESTION_LINE_ITEM_ID="53" QUESTION_TYPE="RADIO" NARRATIVE="[NULL]" TITLE="Radio Title" TARGET="[NULL]" TEXT_ID="14_0" LENGTH="0" LABEL_DISPLAYABLE="F"/>
  <QUESTIONS ID="55" QUE_GROUP_ID="[NULL]" DA_ID="88" QUESTION_LINE_ITEM_ID="53" QUESTION_TYPE="TEXT" NARRATIVE="[NULL]" TITLE="Text Title" TARGET="[NULL]" TEXT_ID="28_0" LENGTH="0" LABEL_DISPLAYABLE="F"/>
  <QUESTIONS ID="57" QUE_GROUP_ID="56" DA_ID="89" QUESTION_LINE_ITEM_ID="[NULL]" QUESTION_TYPE="IMAGE" NARRATIVE="[NULL]" TITLE="Image title?" TARGET="[NULL]" TEXT_ID="15" LENGTH="0" LABEL_DISPLAYABLE="F"/>
  <QUESTIONS ID="59" QUE_GROUP_ID="58" DA_ID="90" QUESTION_LINE_ITEM_ID="[NULL]" QUESTION_TYPE="ORGANISATION" NARRATIVE="[NULL]" TITLE="Organisation title" TARGET="[NULL]" TEXT_ID="16" LENGTH="0" LABEL_DISPLAYABLE="F"/>
  <QUESTIONS ID="61" QUE_GROUP_ID="60" DA_ID="91" QUESTION_LINE_ITEM_ID="[NULL]" QUESTION_TYPE="SUBJECT" NARRATIVE="[NULL]" TITLE="Subject Name title" TARGET="[NULL]" TEXT_ID="17" LENGTH="0" LABEL_DISPLAYABLE="F"/>
  <QUESTIONS ID="63" QUE_GROUP_ID="62" DA_ID="92" QUESTION_LINE_ITEM_ID="[NULL]" QUESTION_TYPE="POSITION" NARRATIVE="[NULL]" TITLE="Position title" TARGET="[NULL]" TEXT_ID="18" LENGTH="0" LABEL_DISPLAYABLE="F"/>
  <QUESTIONS ID="67" QUE_GROUP_ID="[NULL]" DA_ID="93" QUESTION_LINE_ITEM_ID="66" QUESTION_TYPE="TEXT" NARRATIVE="[NULL]" TITLE="Please enter your Challenge target" TARGET="[NULL]" TEXT_ID="19_0" LENGTH="0" LABEL_DISPLAYABLE="F"/>
  <QUESTIONS ID="68" QUE_GROUP_ID="[NULL]" DA_ID="94" QUESTION_LINE_ITEM_ID="66" QUESTION_TYPE="SELECT" NARRATIVE="[NULL]" TITLE="Scaler" TARGET="[NULL]" TEXT_ID="20_0" LENGTH="0" LABEL_DISPLAYABLE="F"/>
  <QUESTIONS ID="69" QUE_GROUP_ID="[NULL]" DA_ID="95" QUESTION_LINE_ITEM_ID="66" QUESTION_TYPE="TEXT" NARRATIVE="[NULL]" TITLE="Please enter your Challenge comment" TARGET="[NULL]" TEXT_ID="21_0" LENGTH="0" LABEL_DISPLAYABLE="F"/>
  <QUESTIONS ID="72" QUE_GROUP_ID="[NULL]" DA_ID="96" QUESTION_LINE_ITEM_ID="71" QUESTION_TYPE="TEXT" NARRATIVE="[NULL]" TITLE="Please enter your Contribution target" TARGET="[NULL]" TEXT_ID="22_0" LENGTH="0" LABEL_DISPLAYABLE="F"/>
  <QUESTIONS ID="73" QUE_GROUP_ID="[NULL]" DA_ID="97" QUESTION_LINE_ITEM_ID="71" QUESTION_TYPE="SELECT" NARRATIVE="[NULL]" TITLE="Scaler" TARGET="[NULL]" TEXT_ID="23_0" LENGTH="0" LABEL_DISPLAYABLE="F"/>
  <QUESTIONS ID="74" QUE_GROUP_ID="[NULL]" DA_ID="98" QUESTION_LINE_ITEM_ID="71" QUESTION_TYPE="TEXT" NARRATIVE="[NULL]" TITLE="Please enter your Contribution comment" TARGET="[NULL]" TEXT_ID="29_0" LENGTH="0" LABEL_DISPLAYABLE="F"/>
  <QUESTIONS ID="77" QUE_GROUP_ID="[NULL]" DA_ID="99" QUESTION_LINE_ITEM_ID="76" QUESTION_TYPE="TEXT" NARRATIVE="[NULL]" TITLE="Please enter your Achievement target" TARGET="[NULL]" TEXT_ID="24_0" LENGTH="0" LABEL_DISPLAYABLE="F"/>
  <QUESTIONS ID="78" QUE_GROUP_ID="[NULL]" DA_ID="100" QUESTION_LINE_ITEM_ID="76" QUESTION_TYPE="SELECT" NARRATIVE="[NULL]" TITLE="Scaler" TARGET="[NULL]" TEXT_ID="25_0" LENGTH="0" LABEL_DISPLAYABLE="F"/>
  <QUESTIONS ID="79" QUE_GROUP_ID="[NULL]" DA_ID="101" QUESTION_LINE_ITEM_ID="76" QUESTION_TYPE="TEXT" NARRATIVE="[NULL]" TITLE="Please enter your Achievement comment" TARGET="[NULL]" TEXT_ID="26_0" LENGTH="0" LABEL_DISPLAYABLE="F"/>
  <QUESTIONS ID="81" QUE_GROUP_ID="80" DA_ID="102" QUESTION_LINE_ITEM_ID="[NULL]" QUESTION_TYPE="LASTUPDATED" NARRATIVE="[NULL]" TITLE="[NULL]" TARGET="[NULL]" TEXT_ID="40" LENGTH="0" LABEL_DISPLAYABLE="F"/>
  <QUESTIONS ID="82" QUE_GROUP_ID="80" DA_ID="103" QUESTION_LINE_ITEM_ID="[NULL]" QUESTION_TYPE="LASTUPDATEDBY" NARRATIVE="[NULL]" TITLE="[NULL]" TARGET="[NULL]" TEXT_ID="41" LENGTH="0" LABEL_DISPLAYABLE="F"/>
  <QUESTIONS ID="84" QUE_GROUP_ID="83" DA_ID="104" QUESTION_LINE_ITEM_ID="[NULL]" QUESTION_TYPE="SELECT" NARRATIVE="[NULL]" TITLE="A" TARGET="[NULL]" TEXT_ID="32" LENGTH="0" LABEL_DISPLAYABLE="F"/>
  <QUESTIONS ID="85" QUE_GROUP_ID="83" DA_ID="106" QUESTION_LINE_ITEM_ID="[NULL]" QUESTION_TYPE="SELECT" NARRATIVE="[NULL]" TITLE="B" TARGET="[NULL]" TEXT_ID="33" LENGTH="0" LABEL_DISPLAYABLE="F"/>
  <QUESTIONS ID="86" QUE_GROUP_ID="83" DA_ID="107" QUESTION_LINE_ITEM_ID="[NULL]" QUESTION_TYPE="SELECT" NARRATIVE="[NULL]" TITLE="C" TARGET="[NULL]" TEXT_ID="34" LENGTH="0" LABEL_DISPLAYABLE="F"/>
  <QUESTIONS ID="87" QUE_GROUP_ID="83" DA_ID="108" QUESTION_LINE_ITEM_ID="[NULL]" QUESTION_TYPE="SELECT" NARRATIVE="[NULL]" TITLE="D" TARGET="[NULL]" TEXT_ID="35" LENGTH="0" LABEL_DISPLAYABLE="F"/>
  <QUESTIONS ID="88" QUE_GROUP_ID="83" DA_ID="105" QUESTION_LINE_ITEM_ID="[NULL]" QUESTION_TYPE="SUM" NARRATIVE="[NULL]" TITLE="Total" TARGET="[NULL]" TEXT_ID="36" LENGTH="0" LABEL_DISPLAYABLE="F"/>
  <QUESTIONS ID="90" QUE_GROUP_ID="89" DA_ID="109" QUESTION_LINE_ITEM_ID="[NULL]" QUESTION_TYPE="ENUMMAPPING" NARRATIVE="[NULL]" TITLE="EnumMapping - One Level" TARGET="[NULL]" TEXT_ID="37" LENGTH="0" LABEL_DISPLAYABLE="F"/>
  <QUESTIONS ID="92" QUE_GROUP_ID="91" DA_ID="111" QUESTION_LINE_ITEM_ID="[NULL]" QUESTION_TYPE="SELECT" NARRATIVE="[NULL]" TITLE="Final Performance Rating" TARGET="[NULL]" TEXT_ID="51" LENGTH="0" LABEL_DISPLAYABLE="F"/>
  <QUESTIONS ID="93" QUE_GROUP_ID="91" DA_ID="110" QUESTION_LINE_ITEM_ID="[NULL]" QUESTION_TYPE="ENUMMAPPING" NARRATIVE="[NULL]" TITLE="EnumMapping - Two Levels" TARGET="[NULL]" TEXT_ID="52" LENGTH="0" LABEL_DISPLAYABLE="F"/>
  <QUESTIONS ID="97" QUE_GROUP_ID="[NULL]" DA_ID="112" QUESTION_LINE_ITEM_ID="96" QUESTION_TYPE="TEXT" NARRATIVE="[NULL]" TITLE="Country" TARGET="[NULL]" TEXT_ID="54_0" LENGTH="0" LABEL_DISPLAYABLE="F"/>
  <QUESTIONS ID="98" QUE_GROUP_ID="[NULL]" DA_ID="113" QUESTION_LINE_ITEM_ID="96" QUESTION_TYPE="POSITIVEINTEGER" NARRATIVE="[NULL]" TITLE="Duration" TARGET="[NULL]" TEXT_ID="55_0" LENGTH="0" LABEL_DISPLAYABLE="F"/>
  <QUESTIONS ID="99" QUE_GROUP_ID="[NULL]" DA_ID="114" QUESTION_LINE_ITEM_ID="96" QUESTION_TYPE="POSITIVEINTEGER" NARRATIVE="[NULL]" TITLE="Years" TARGET="[NULL]" TEXT_ID="56_0" LENGTH="0" LABEL_DISPLAYABLE="F"/>
  <QUESTIONS ID="100" QUE_GROUP_ID="[NULL]" DA_ID="115" QUESTION_LINE_ITEM_ID="96" QUESTION_TYPE="TEXT" NARRATIVE="[NULL]" TITLE="Working Language" TARGET="[NULL]" TEXT_ID="57_0" LENGTH="0" LABEL_DISPLAYABLE="F"/>
  <QUESTIONS ID="101" QUE_GROUP_ID="[NULL]" DA_ID="116" QUESTION_LINE_ITEM_ID="96" QUESTION_TYPE="TEXTBOX" NARRATIVE="[NULL]" TITLE="Additional Comments" TARGET="[NULL]" TEXT_ID="58_0" LENGTH="0" LABEL_DISPLAYABLE="F"/>

</dataset>