<?xml version='1.0' encoding='UTF-8'?>
<dataset>
  <LOOKUP_TYPES ID="A0.7790314466700581423" DESCRIPTION="A-A" TYPE="QUESTIONNAIRE" IS_ACTIVE="T" IS_SYSTEM="T" LABEL="A0.7790314466700581"/>
  <LOOKUP_TYPES ID="B0.3134383119652866424" DESCRIPTION="B-B" TYPE="QUESTIONNAIRE" IS_ACTIVE="T" IS_SYSTEM="T" LABEL="B0.3134383119652866"/>
  <LOOKUP_TYPES ID="C0.5125926486515144425" DESCRIPTION="C-C" TYPE="QUESTIONNAIRE" IS_ACTIVE="T" IS_SYSTEM="T" LABEL="C0.5125926486515144"/>
  <LOOKUP_TYPES ID="D0.2596818647669219426" DESCRIPTION="D-D" TYPE="QUESTIONNAIRE" IS_ACTIVE="T" IS_SYSTEM="T" LABEL="D0.2596818647669219"/>
  <LOOKUP_TYPES ID="ENUMMAPPINGONELEVEL0.4925411123611031427" DESCRIPTION="EnumMapping - One Level-EnumMapping - One Level" TYPE="QUESTIONNAIRE" IS_ACTIVE="T" IS_SYSTEM="T" LABEL="EnumMapping - One Level0.4925411123611031"/>
  <LOOKUP_TYPES ID="FINALPERFORMANCERATING0.7470681943110246428" DESCRIPTION="Final Performance Rating-Final Performance Rating" TYPE="QUESTIONNAIRE" IS_ACTIVE="T" IS_SYSTEM="T" LABEL="Final Performance Rating0.7470681943110246"/>
  <LOOKUP_TYPES ID="ENUMMAPPINGTWOLEVELS0.13699583085939437429" DESCRIPTION="EnumMapping - Two Levels-EnumMapping - Two Levels" TYPE="QUESTIONNAIRE" IS_ACTIVE="T" IS_SYSTEM="T" LABEL="EnumMapping - Two Levels0.13699583085939437"/>
  <LOOKUP_TYPES ID="SELECTNAME0.5267231739516404430" DESCRIPTION="Select Name-Select Title" TYPE="QUESTIONNAIRE" IS_ACTIVE="T" IS_SYSTEM="T" LABEL="Select Name0.5267231739516404"/>
  <LOOKUP_TYPES ID="RADIONAME0.9891047435603743431" DESCRIPTION="Radio Name-Radio Title" TYPE="QUESTIONNAIRE" IS_ACTIVE="T" IS_SYSTEM="T" LABEL="Radio Name0.9891047435603743"/>
  <LOOKUP_TYPES ID="SCALAR0.2895508787144444432" DESCRIPTION="Scalar-Scalar" TYPE="QUESTIONNAIRE" IS_ACTIVE="T" IS_SYSTEM="T" LABEL="Scalar0.2895508787144444"/>
  <LOOKUP_TYPES ID="MOBILITYREGION0.5403725646696195433" DESCRIPTION="Mobility Region-Mobility Region" TYPE="QUESTIONNAIRE" IS_ACTIVE="T" IS_SYSTEM="T" LABEL="Mobility Region0.5403725646696195"/>
  <LOOKUP_VALUES ID="822" TYPE_ID="B0.3134383119652866424" VALUE_ID="1" SHORT_DESC="1" DESCRIPTION="1" IS_ACTIVE="T" IS_SYSTEM="F" SORT_ORDER="0"/>
  <LOOKUP_VALUES ID="819" TYPE_ID="A0.7790314466700581423" VALUE_ID="1" SHORT_DESC="1" DESCRIPTION="1" IS_ACTIVE="T" IS_SYSTEM="F" SORT_ORDER="0"/>
  <LOOKUP_VALUES ID="820" TYPE_ID="A0.7790314466700581423" VALUE_ID="2" SHORT_DESC="2" DESCRIPTION="2" IS_ACTIVE="T" IS_SYSTEM="F" SORT_ORDER="1"/>
  <LOOKUP_VALUES ID="821" TYPE_ID="A0.7790314466700581423" VALUE_ID="3" SHORT_DESC="3" DESCRIPTION="3" IS_ACTIVE="T" IS_SYSTEM="F" SORT_ORDER="2"/>
  <LOOKUP_VALUES ID="823" TYPE_ID="B0.3134383119652866424" VALUE_ID="2" SHORT_DESC="2" DESCRIPTION="2" IS_ACTIVE="T" IS_SYSTEM="F" SORT_ORDER="1"/>
  <LOOKUP_VALUES ID="824" TYPE_ID="B0.3134383119652866424" VALUE_ID="3" SHORT_DESC="3" DESCRIPTION="3" IS_ACTIVE="T" IS_SYSTEM="F" SORT_ORDER="2"/>
  <LOOKUP_VALUES ID="825" TYPE_ID="C0.5125926486515144425" VALUE_ID="1" SHORT_DESC="1" DESCRIPTION="1" IS_ACTIVE="T" IS_SYSTEM="F" SORT_ORDER="0"/>
  <LOOKUP_VALUES ID="826" TYPE_ID="C0.5125926486515144425" VALUE_ID="2" SHORT_DESC="2" DESCRIPTION="2" IS_ACTIVE="T" IS_SYSTEM="F" SORT_ORDER="1"/>
  <LOOKUP_VALUES ID="827" TYPE_ID="C0.5125926486515144425" VALUE_ID="3" SHORT_DESC="3" DESCRIPTION="3" IS_ACTIVE="T" IS_SYSTEM="F" SORT_ORDER="2"/>
  <LOOKUP_VALUES ID="828" TYPE_ID="D0.2596818647669219426" VALUE_ID="1" SHORT_DESC="1" DESCRIPTION="1" IS_ACTIVE="T" IS_SYSTEM="F" SORT_ORDER="0"/>
  <LOOKUP_VALUES ID="829" TYPE_ID="D0.2596818647669219426" VALUE_ID="2" SHORT_DESC="2" DESCRIPTION="2" IS_ACTIVE="T" IS_SYSTEM="F" SORT_ORDER="1"/>
  <LOOKUP_VALUES ID="830" TYPE_ID="D0.2596818647669219426" VALUE_ID="3" SHORT_DESC="3" DESCRIPTION="3" IS_ACTIVE="T" IS_SYSTEM="F" SORT_ORDER="2"/>
  <LOOKUP_VALUES ID="831" TYPE_ID="ENUMMAPPINGONELEVEL0.4925411123611031427" VALUE_ID="LOW" SHORT_DESC="Low" DESCRIPTION="Low" IS_ACTIVE="T" IS_SYSTEM="F" SORT_ORDER="0"/>
  <LOOKUP_VALUES ID="832" TYPE_ID="ENUMMAPPINGONELEVEL0.4925411123611031427" VALUE_ID="MEDIUM" SHORT_DESC="Medium" DESCRIPTION="Medium" IS_ACTIVE="T" IS_SYSTEM="F" SORT_ORDER="0"/>
  <LOOKUP_VALUES ID="833" TYPE_ID="ENUMMAPPINGONELEVEL0.4925411123611031427" VALUE_ID="HIGH" SHORT_DESC="High" DESCRIPTION="High" IS_ACTIVE="T" IS_SYSTEM="F" SORT_ORDER="0"/>
  <LOOKUP_VALUES ID="834" TYPE_ID="FINALPERFORMANCERATING0.7470681943110246428" VALUE_ID="1" SHORT_DESC="1" DESCRIPTION="1" IS_ACTIVE="T" IS_SYSTEM="F" SORT_ORDER="0"/>
  <LOOKUP_VALUES ID="835" TYPE_ID="FINALPERFORMANCERATING0.7470681943110246428" VALUE_ID="2" SHORT_DESC="2" DESCRIPTION="2" IS_ACTIVE="T" IS_SYSTEM="F" SORT_ORDER="1"/>
  <LOOKUP_VALUES ID="836" TYPE_ID="FINALPERFORMANCERATING0.7470681943110246428" VALUE_ID="3" SHORT_DESC="3" DESCRIPTION="3" IS_ACTIVE="T" IS_SYSTEM="F" SORT_ORDER="2"/>
  <LOOKUP_VALUES ID="837" TYPE_ID="FINALPERFORMANCERATING0.7470681943110246428" VALUE_ID="4" SHORT_DESC="4" DESCRIPTION="4" IS_ACTIVE="T" IS_SYSTEM="F" SORT_ORDER="3"/>
  <LOOKUP_VALUES ID="838" TYPE_ID="FINALPERFORMANCERATING0.7470681943110246428" VALUE_ID="5" SHORT_DESC="5" DESCRIPTION="5" IS_ACTIVE="T" IS_SYSTEM="F" SORT_ORDER="4"/>
  <LOOKUP_VALUES ID="839" TYPE_ID="ENUMMAPPINGTWOLEVELS0.13699583085939437429" VALUE_ID="POOR PERFORMER" SHORT_DESC="Poor Performer" DESCRIPTION="Fall within low and score 1 or 2 within Final Performance Rating" IS_ACTIVE="T" IS_SYSTEM="F" SORT_ORDER="0"/>
  <LOOKUP_VALUES ID="840" TYPE_ID="ENUMMAPPINGTWOLEVELS0.13699583085939437429" VALUE_ID="GOOD SOLID PERFORMER" SHORT_DESC="Good Solid Performer" DESCRIPTION="Fall within low and score 3 within Final Performance Rating" IS_ACTIVE="T" IS_SYSTEM="F" SORT_ORDER="0"/>
  <LOOKUP_VALUES ID="841" TYPE_ID="ENUMMAPPINGTWOLEVELS0.13699583085939437429" VALUE_ID="UNDER PERFORMER" SHORT_DESC="Under Performer" DESCRIPTION="Fall within medium and score 1 or 2 within Final Performance Rating" IS_ACTIVE="T" IS_SYSTEM="F" SORT_ORDER="0"/>
  <LOOKUP_VALUES ID="842" TYPE_ID="ENUMMAPPINGTWOLEVELS0.13699583085939437429" VALUE_ID="GOOD SOLID PERFORMER (WITH POTENTIAL)" SHORT_DESC="Good Solid Performer (with Potential)" DESCRIPTION="Fall within medium and score 3 within Final Performance Rating" IS_ACTIVE="T" IS_SYSTEM="F" SORT_ORDER="0"/>
  <LOOKUP_VALUES ID="843" TYPE_ID="ENUMMAPPINGTWOLEVELS0.13699583085939437429" VALUE_ID="UNDER PERFORMER (WITH HIGH POTENTIAL)" SHORT_DESC="Under Performer (with High Potential)" DESCRIPTION="Fall within high and score 1 or 2 within Final Performance Rating" IS_ACTIVE="T" IS_SYSTEM="F" SORT_ORDER="0"/>
  <LOOKUP_VALUES ID="844" TYPE_ID="ENUMMAPPINGTWOLEVELS0.13699583085939437429" VALUE_ID="GOOD SOLID PERFORMER (WITH HIGH POTENTIAL)" SHORT_DESC="Good Solid Performer (with High Potential)" DESCRIPTION="Fall within high and score 3 within Final Performance Rating" IS_ACTIVE="T" IS_SYSTEM="F" SORT_ORDER="0"/>
  <LOOKUP_VALUES ID="845" TYPE_ID="SELECTNAME0.5267231739516404430" VALUE_ID="Select Value1" SHORT_DESC="Select Text1" DESCRIPTION="Select Text1" IS_ACTIVE="T" IS_SYSTEM="F" SORT_ORDER="0"/>
  <LOOKUP_VALUES ID="846" TYPE_ID="SELECTNAME0.5267231739516404430" VALUE_ID="Select Value2" SHORT_DESC="Select Text2" DESCRIPTION="Select Text2" IS_ACTIVE="T" IS_SYSTEM="F" SORT_ORDER="1"/>
  <LOOKUP_VALUES ID="847" TYPE_ID="SELECTNAME0.5267231739516404430" VALUE_ID="Select Value3" SHORT_DESC="Select Text3" DESCRIPTION="Select Text3" IS_ACTIVE="T" IS_SYSTEM="F" SORT_ORDER="2"/>
  <LOOKUP_VALUES ID="848" TYPE_ID="SELECTNAME0.5267231739516404430" VALUE_ID="Select Value4" SHORT_DESC="Select Text4" DESCRIPTION="Select Text4" IS_ACTIVE="T" IS_SYSTEM="F" SORT_ORDER="3"/>
  <LOOKUP_VALUES ID="849" TYPE_ID="SELECTNAME0.5267231739516404430" VALUE_ID="Select Value5" SHORT_DESC="Select Text5" DESCRIPTION="Select Text5" IS_ACTIVE="T" IS_SYSTEM="F" SORT_ORDER="4"/>
  <LOOKUP_VALUES ID="850" TYPE_ID="RADIONAME0.9891047435603743431" VALUE_ID="Radio Value 1" SHORT_DESC="Radio Text 1" DESCRIPTION="Radio Text 1" IS_ACTIVE="T" IS_SYSTEM="F" SORT_ORDER="0"/>
  <LOOKUP_VALUES ID="851" TYPE_ID="RADIONAME0.9891047435603743431" VALUE_ID="Radio Value 2" SHORT_DESC="Radio Text 2" DESCRIPTION="Radio Text 2" IS_ACTIVE="T" IS_SYSTEM="F" SORT_ORDER="1"/>
  <LOOKUP_VALUES ID="852" TYPE_ID="RADIONAME0.9891047435603743431" VALUE_ID="Radio Value 3" SHORT_DESC="Radio Text 3" DESCRIPTION="Radio Text 3" IS_ACTIVE="T" IS_SYSTEM="F" SORT_ORDER="2"/>
  <LOOKUP_VALUES ID="853" TYPE_ID="SCALAR0.2895508787144444432" VALUE_ID="100" SHORT_DESC="Hundred" DESCRIPTION="Hundred" IS_ACTIVE="T" IS_SYSTEM="F" SORT_ORDER="0"/>
  <LOOKUP_VALUES ID="854" TYPE_ID="SCALAR0.2895508787144444432" VALUE_ID="1000" SHORT_DESC="Thousand" DESCRIPTION="Thousand" IS_ACTIVE="T" IS_SYSTEM="F" SORT_ORDER="1"/>
  <LOOKUP_VALUES ID="855" TYPE_ID="MOBILITYREGION0.5403725646696195433" VALUE_ID="Any Region" SHORT_DESC="Any Region" DESCRIPTION="Any Region" IS_ACTIVE="T" IS_SYSTEM="F" SORT_ORDER="0"/>
  <LOOKUP_VALUES ID="856" TYPE_ID="MOBILITYREGION0.5403725646696195433" VALUE_ID="Europe Main" SHORT_DESC="Europe Main" DESCRIPTION="Europe Main" IS_ACTIVE="T" IS_SYSTEM="F" SORT_ORDER="1"/>
  <LOOKUP_VALUES ID="857" TYPE_ID="MOBILITYREGION0.5403725646696195433" VALUE_ID="Europe Area I" SHORT_DESC="Europe Area I" DESCRIPTION="Europe Area I" IS_ACTIVE="T" IS_SYSTEM="F" SORT_ORDER="2"/>
  <LOOKUP_VALUES ID="858" TYPE_ID="MOBILITYREGION0.5403725646696195433" VALUE_ID="Europe Area II" SHORT_DESC="Europe Area II" DESCRIPTION="Europe Area II" IS_ACTIVE="T" IS_SYSTEM="F" SORT_ORDER="3"/>
  <LOOKUP_VALUES ID="859" TYPE_ID="MOBILITYREGION0.5403725646696195433" VALUE_ID="LAMEA" SHORT_DESC="LAMEA" DESCRIPTION="LAMEA" IS_ACTIVE="T" IS_SYSTEM="F" SORT_ORDER="4"/>
  <LOOKUP_VALUES ID="860" TYPE_ID="MOBILITYREGION0.5403725646696195433" VALUE_ID="Asia Pacific" SHORT_DESC="Asia Pacific" DESCRIPTION="Asia Pacific" IS_ACTIVE="T" IS_SYSTEM="F" SORT_ORDER="5"/>
  <LOOKUP_VALUES ID="861" TYPE_ID="MOBILITYREGION0.5403725646696195433" VALUE_ID="Japan" SHORT_DESC="Japan" DESCRIPTION="Japan" IS_ACTIVE="T" IS_SYSTEM="F" SORT_ORDER="6"/>
  <LOOKUP_VALUES ID="862" TYPE_ID="MOBILITYREGION0.5403725646696195433" VALUE_ID="United States" SHORT_DESC="United States" DESCRIPTION="United States" IS_ACTIVE="T" IS_SYSTEM="F" SORT_ORDER="7"/>
  <LOOKUP_VALUES ID="863" TYPE_ID="MOBILITYREGION0.5403725646696195433" VALUE_ID="ISMO Central Functions" SHORT_DESC="ISMO Central Functions" DESCRIPTION="ISMO Central Functions" IS_ACTIVE="T" IS_SYSTEM="F" SORT_ORDER="8"/>
  <QUE_DEFINITIONS ID="43" LABEL="NewQuestions" TITLE="newq" DESCRIPTION="[NULL]"/>
  <QUE_WORKFLOWS ID="65" QD_ID="43" WORKFLOW_TYPE="QUESTIONNARE_GENERAL" LABEL="Q1 2006" USER_ID="1" EXPIRED_DATE="2006-09-30 00:00:00.0" STATUS="COMPLETED"/>
  <QUE_WORKFLOWS ID="67" QD_ID="43" WORKFLOW_TYPE="QUESTIONNARE_GENERAL" LABEL="q2" USER_ID="1" EXPIRED_DATE="2006-09-30 00:00:00.0" STATUS="COMPLETED"/>
  <DYNAMIC_ATTRIBUTES ID="434" LABEL="A" TYPE="STRUCT" ARTEFACT_TYPE="Q" QD_ID="43" MAX_SIZE="[NULL]" MIN_SIZE="[NULL]" IS_MANDATORY="F" IS_ACTIVE="F" IS_SEARCHABLE="F" IS_DYNAMIC="F" DESCRIPTION="A" REFERS_TO="A0.7790314466700581423" LOCK_ID="[NULL]" MODIFIED_LABEL="1" UNIQUE_NUMBER="0.6736898327953782"/>
  <DYNAMIC_ATTRIBUTES ID="435" LABEL="Total" TYPE="SUM" ARTEFACT_TYPE="Q" QD_ID="43" MAX_SIZE="[NULL]" MIN_SIZE="[NULL]" IS_MANDATORY="F" IS_ACTIVE="F" IS_SEARCHABLE="F" IS_DYNAMIC="F" DESCRIPTION="Total" REFERS_TO="[NULL]" LOCK_ID="[NULL]" MODIFIED_LABEL="5" UNIQUE_NUMBER="0.828709964367518"/>
  <DYNAMIC_ATTRIBUTES ID="436" LABEL="B" TYPE="STRUCT" ARTEFACT_TYPE="Q" QD_ID="43" MAX_SIZE="[NULL]" MIN_SIZE="[NULL]" IS_MANDATORY="F" IS_ACTIVE="F" IS_SEARCHABLE="F" IS_DYNAMIC="F" DESCRIPTION="B" REFERS_TO="B0.3134383119652866424" LOCK_ID="[NULL]" MODIFIED_LABEL="2" UNIQUE_NUMBER="0.7363356276025225"/>
  <DYNAMIC_ATTRIBUTES ID="437" LABEL="C" TYPE="STRUCT" ARTEFACT_TYPE="Q" QD_ID="43" MAX_SIZE="[NULL]" MIN_SIZE="[NULL]" IS_MANDATORY="F" IS_ACTIVE="F" IS_SEARCHABLE="F" IS_DYNAMIC="F" DESCRIPTION="C" REFERS_TO="C0.5125926486515144425" LOCK_ID="[NULL]" MODIFIED_LABEL="3" UNIQUE_NUMBER="0.6069084910762622"/>
  <DYNAMIC_ATTRIBUTES ID="438" LABEL="D" TYPE="STRUCT" ARTEFACT_TYPE="Q" QD_ID="43" MAX_SIZE="[NULL]" MIN_SIZE="[NULL]" IS_MANDATORY="F" IS_ACTIVE="F" IS_SEARCHABLE="F" IS_DYNAMIC="F" DESCRIPTION="D" REFERS_TO="D0.2596818647669219426" LOCK_ID="[NULL]" MODIFIED_LABEL="4" UNIQUE_NUMBER="0.8283627288352019"/>
  <DYNAMIC_ATTRIBUTES ID="439" LABEL="EnumMapping - One Level" TYPE="ENUMMAPPING" ARTEFACT_TYPE="Q" QD_ID="43" MAX_SIZE="[NULL]" MIN_SIZE="[NULL]" IS_MANDATORY="F" IS_ACTIVE="F" IS_SEARCHABLE="F" IS_DYNAMIC="F" DESCRIPTION="EnumMapping - One Level" REFERS_TO="ENUMMAPPINGONELEVEL0.4925411123611031427" LOCK_ID="[NULL]" MODIFIED_LABEL="6" UNIQUE_NUMBER="0.5002859165920135"/>
  <DYNAMIC_ATTRIBUTES ID="440" LABEL="EnumMapping - Two Levels" TYPE="ENUMMAPPING" ARTEFACT_TYPE="Q" QD_ID="43" MAX_SIZE="[NULL]" MIN_SIZE="[NULL]" IS_MANDATORY="F" IS_ACTIVE="F" IS_SEARCHABLE="F" IS_DYNAMIC="F" DESCRIPTION="EnumMapping - Two Levels" REFERS_TO="ENUMMAPPINGTWOLEVELS0.13699583085939437429" LOCK_ID="[NULL]" MODIFIED_LABEL="8" UNIQUE_NUMBER="0.3717792437155448"/>
  <DYNAMIC_ATTRIBUTES ID="441" LABEL="Final Performance Rating" TYPE="STRUCT" ARTEFACT_TYPE="Q" QD_ID="43" MAX_SIZE="[NULL]" MIN_SIZE="[NULL]" IS_MANDATORY="F" IS_ACTIVE="F" IS_SEARCHABLE="F" IS_DYNAMIC="F" DESCRIPTION="Final Performance Rating" REFERS_TO="FINALPERFORMANCERATING0.7470681943110246428" LOCK_ID="[NULL]" MODIFIED_LABEL="7" UNIQUE_NUMBER="0.3944521383252606"/>
  <DYNAMIC_ATTRIBUTES ID="442" LABEL="Country" TYPE="TEXT" ARTEFACT_TYPE="Q" QD_ID="43" MAX_SIZE="[NULL]" MIN_SIZE="[NULL]" IS_MANDATORY="F" IS_ACTIVE="F" IS_SEARCHABLE="F" IS_DYNAMIC="T" DESCRIPTION="Dynamic line-item - Country" REFERS_TO="[NULL]" LOCK_ID="[NULL]" MODIFIED_LABEL="9_0" UNIQUE_NUMBER="0.08106026746656692"/>
  <DYNAMIC_ATTRIBUTES ID="443" LABEL="Duration" TYPE="NUMBER" ARTEFACT_TYPE="Q" QD_ID="43" MAX_SIZE="[NULL]" MIN_SIZE="0" IS_MANDATORY="T" IS_ACTIVE="F" IS_SEARCHABLE="F" IS_DYNAMIC="T" DESCRIPTION="Dynamic line-item - Duration" REFERS_TO="[NULL]" LOCK_ID="[NULL]" MODIFIED_LABEL="10_0" UNIQUE_NUMBER="0.9179327466044136"/>
  <DYNAMIC_ATTRIBUTES ID="444" LABEL="Additional Comments" TYPE="TEXTAREA" ARTEFACT_TYPE="Q" QD_ID="43" MAX_SIZE="[NULL]" MIN_SIZE="[NULL]" IS_MANDATORY="F" IS_ACTIVE="F" IS_SEARCHABLE="F" IS_DYNAMIC="T" DESCRIPTION="Dynamic line-item - Additional Comments" REFERS_TO="[NULL]" LOCK_ID="[NULL]" MODIFIED_LABEL="11_0" UNIQUE_NUMBER="0.7688951164986871"/>
  <DYNAMIC_ATTRIBUTES ID="445" LABEL="Date Name" TYPE="DATE" ARTEFACT_TYPE="Q" QD_ID="43" MAX_SIZE="[NULL]" MIN_SIZE="[NULL]" IS_MANDATORY="T" IS_ACTIVE="F" IS_SEARCHABLE="F" IS_DYNAMIC="T" DESCRIPTION="Dynamic line-item - Date Title" REFERS_TO="[NULL]" LOCK_ID="[NULL]" MODIFIED_LABEL="12_0" UNIQUE_NUMBER="0.3107376273375475"/>
  <DYNAMIC_ATTRIBUTES ID="446" LABEL="Select Name" TYPE="STRUCT" ARTEFACT_TYPE="Q" QD_ID="43" MAX_SIZE="[NULL]" MIN_SIZE="[NULL]" IS_MANDATORY="T" IS_ACTIVE="F" IS_SEARCHABLE="F" IS_DYNAMIC="T" DESCRIPTION="Dynamic line-item - Select Title" REFERS_TO="SELECTNAME0.5267231739516404430" LOCK_ID="[NULL]" MODIFIED_LABEL="13_0" UNIQUE_NUMBER="0.5011290946965098"/>
  <DYNAMIC_ATTRIBUTES ID="447" LABEL="Radio Name" TYPE="STRUCT" ARTEFACT_TYPE="Q" QD_ID="43" MAX_SIZE="[NULL]" MIN_SIZE="[NULL]" IS_MANDATORY="F" IS_ACTIVE="F" IS_SEARCHABLE="F" IS_DYNAMIC="T" DESCRIPTION="Dynamic line-item - Radio Title" REFERS_TO="RADIONAME0.9891047435603743431" LOCK_ID="[NULL]" MODIFIED_LABEL="14_0" UNIQUE_NUMBER="0.5387933166921226"/>
  <DYNAMIC_ATTRIBUTES ID="448" LABEL="Last Updated (Date)" TYPE="LASTUPDATED" ARTEFACT_TYPE="Q" QD_ID="43" MAX_SIZE="[NULL]" MIN_SIZE="[NULL]" IS_MANDATORY="F" IS_ACTIVE="F" IS_SEARCHABLE="F" IS_DYNAMIC="F" DESCRIPTION="[NULL]" REFERS_TO="[NULL]" LOCK_ID="[NULL]" MODIFIED_LABEL="15" UNIQUE_NUMBER="0.03039335196527848"/>
  <DYNAMIC_ATTRIBUTES ID="449" LABEL="Last Updated (User)" TYPE="LASTUPDATEDBY" ARTEFACT_TYPE="Q" QD_ID="43" MAX_SIZE="[NULL]" MIN_SIZE="[NULL]" IS_MANDATORY="F" IS_ACTIVE="F" IS_SEARCHABLE="F" IS_DYNAMIC="F" DESCRIPTION="[NULL]" REFERS_TO="[NULL]" LOCK_ID="[NULL]" MODIFIED_LABEL="16" UNIQUE_NUMBER="0.6296486641501255"/>
  <DYNAMIC_ATTRIBUTES ID="450" LABEL="Target" TYPE="TEXT" ARTEFACT_TYPE="Q" QD_ID="43" MAX_SIZE="[NULL]" MIN_SIZE="[NULL]" IS_MANDATORY="F" IS_ACTIVE="F" IS_SEARCHABLE="F" IS_DYNAMIC="F" DESCRIPTION="Challenge - Please enter your Challenge target" REFERS_TO="[NULL]" LOCK_ID="[NULL]" MODIFIED_LABEL="17_0" UNIQUE_NUMBER="0.5413424927857358"/>
  <DYNAMIC_ATTRIBUTES ID="451" LABEL="Scalar" TYPE="STRUCT" ARTEFACT_TYPE="Q" QD_ID="43" MAX_SIZE="[NULL]" MIN_SIZE="[NULL]" IS_MANDATORY="F" IS_ACTIVE="F" IS_SEARCHABLE="F" IS_DYNAMIC="F" DESCRIPTION="Challenge - Scalar" REFERS_TO="SCALAR0.2895508787144444432" LOCK_ID="[NULL]" MODIFIED_LABEL="18_0" UNIQUE_NUMBER="0.20324231292745942"/>
  <DYNAMIC_ATTRIBUTES ID="452" LABEL="Integer Name" TYPE="NUMBER" ARTEFACT_TYPE="Q" QD_ID="43" MAX_SIZE="[NULL]" MIN_SIZE="[NULL]" IS_MANDATORY="F" IS_ACTIVE="F" IS_SEARCHABLE="F" IS_DYNAMIC="F" DESCRIPTION="Integer Title" REFERS_TO="[NULL]" LOCK_ID="[NULL]" MODIFIED_LABEL="19" UNIQUE_NUMBER="0.9181678160684609"/>
  <DYNAMIC_ATTRIBUTES ID="453" LABEL="Positive Integer Name" TYPE="NUMBER" ARTEFACT_TYPE="Q" QD_ID="43" MAX_SIZE="[NULL]" MIN_SIZE="0" IS_MANDATORY="F" IS_ACTIVE="F" IS_SEARCHABLE="F" IS_DYNAMIC="F" DESCRIPTION="Positive Integer Title" REFERS_TO="[NULL]" LOCK_ID="[NULL]" MODIFIED_LABEL="20" UNIQUE_NUMBER="0.14085026883838336"/>
  <DYNAMIC_ATTRIBUTES ID="454" LABEL="Mobility Region" TYPE="MULTISELECT" ARTEFACT_TYPE="Q" QD_ID="43" MAX_SIZE="[NULL]" MIN_SIZE="[NULL]" IS_MANDATORY="F" IS_ACTIVE="F" IS_SEARCHABLE="F" IS_DYNAMIC="F" DESCRIPTION="Mobility Region" REFERS_TO="MOBILITYREGION0.5403725646696195433" LOCK_ID="[NULL]" MODIFIED_LABEL="21" UNIQUE_NUMBER="0.23279403402481158"/>
  <DYNAMIC_ATTRIBUTES ID="455" LABEL="Image name" TYPE="IMG" ARTEFACT_TYPE="Q" QD_ID="43" MAX_SIZE="[NULL]" MIN_SIZE="[NULL]" IS_MANDATORY="F" IS_ACTIVE="F" IS_SEARCHABLE="F" IS_DYNAMIC="F" DESCRIPTION="Image title" REFERS_TO="[NULL]" LOCK_ID="[NULL]" MODIFIED_LABEL="22" UNIQUE_NUMBER="0.8516647327326798"/>
  <DYNAMIC_ATTRIBUTES ID="456" LABEL="Organisation name" TYPE="ORGANISATION" ARTEFACT_TYPE="Q" QD_ID="43" MAX_SIZE="[NULL]" MIN_SIZE="[NULL]" IS_MANDATORY="F" IS_ACTIVE="F" IS_SEARCHABLE="F" IS_DYNAMIC="F" DESCRIPTION="Organisation title" REFERS_TO="[NULL]" LOCK_ID="[NULL]" MODIFIED_LABEL="23" UNIQUE_NUMBER="0.5468472133750178"/>
  <DYNAMIC_ATTRIBUTES ID="457" LABEL="Subject name" TYPE="SUBJECT" ARTEFACT_TYPE="Q" QD_ID="43" MAX_SIZE="[NULL]" MIN_SIZE="[NULL]" IS_MANDATORY="F" IS_ACTIVE="F" IS_SEARCHABLE="F" IS_DYNAMIC="F" DESCRIPTION="Subject title" REFERS_TO="[NULL]" LOCK_ID="[NULL]" MODIFIED_LABEL="24" UNIQUE_NUMBER="0.8639119779046184"/>
  <DYNAMIC_ATTRIBUTES ID="458" LABEL="Position name" TYPE="POSITION" ARTEFACT_TYPE="Q" QD_ID="43" MAX_SIZE="[NULL]" MIN_SIZE="[NULL]" IS_MANDATORY="F" IS_ACTIVE="F" IS_SEARCHABLE="F" IS_DYNAMIC="F" DESCRIPTION="Position title" REFERS_TO="[NULL]" LOCK_ID="[NULL]" MODIFIED_LABEL="25" UNIQUE_NUMBER="0.9065124395587165"/>
  <DYNAMIC_ATTRIBUTES ID="459" LABEL="Date Name" TYPE="DATE" ARTEFACT_TYPE="Q" QD_ID="43" MAX_SIZE="[NULL]" MIN_SIZE="[NULL]" IS_MANDATORY="F" IS_ACTIVE="F" IS_SEARCHABLE="F" IS_DYNAMIC="F" DESCRIPTION="Date Title" REFERS_TO="[NULL]" LOCK_ID="[NULL]" MODIFIED_LABEL="26" UNIQUE_NUMBER="0.9582188514056"/>
  <DYNAMIC_ATTR_REFERENCES ID="73" TYPE="SUM" UPPER_BOUND="[NULL]" LOWER_BOUND="[NULL]" LOOKUP_VALUE_ID="[NULL]" REFERENCE_DA_ID="434" PARENT_DA_ID="435" PARENT_MAPPING_ID="[NULL]"/>
  <DYNAMIC_ATTR_REFERENCES ID="74" TYPE="SUM" UPPER_BOUND="[NULL]" LOWER_BOUND="[NULL]" LOOKUP_VALUE_ID="[NULL]" REFERENCE_DA_ID="436" PARENT_DA_ID="435" PARENT_MAPPING_ID="[NULL]"/>
  <DYNAMIC_ATTR_REFERENCES ID="75" TYPE="SUM" UPPER_BOUND="[NULL]" LOWER_BOUND="[NULL]" LOOKUP_VALUE_ID="[NULL]" REFERENCE_DA_ID="437" PARENT_DA_ID="435" PARENT_MAPPING_ID="[NULL]"/>
  <DYNAMIC_ATTR_REFERENCES ID="76" TYPE="SUM" UPPER_BOUND="[NULL]" LOWER_BOUND="[NULL]" LOOKUP_VALUE_ID="[NULL]" REFERENCE_DA_ID="438" PARENT_DA_ID="435" PARENT_MAPPING_ID="[NULL]"/>
  <DYNAMIC_ATTR_REFERENCES ID="77" TYPE="ENUMMAPPING" UPPER_BOUND="4" LOWER_BOUND="[NULL]" LOOKUP_VALUE_ID="831" REFERENCE_DA_ID="435" PARENT_DA_ID="439" PARENT_MAPPING_ID="[NULL]"/>
  <DYNAMIC_ATTR_REFERENCES ID="78" TYPE="ENUMMAPPING" UPPER_BOUND="8" LOWER_BOUND="5" LOOKUP_VALUE_ID="832" REFERENCE_DA_ID="435" PARENT_DA_ID="439" PARENT_MAPPING_ID="[NULL]"/>
  <DYNAMIC_ATTR_REFERENCES ID="79" TYPE="ENUMMAPPING" UPPER_BOUND="[NULL]" LOWER_BOUND="9" LOOKUP_VALUE_ID="833" REFERENCE_DA_ID="435" PARENT_DA_ID="439" PARENT_MAPPING_ID="[NULL]"/>
  <DYNAMIC_ATTR_REFERENCES ID="80" TYPE="ENUMMAPPING" UPPER_BOUND="4" LOWER_BOUND="[NULL]" LOOKUP_VALUE_ID="[NULL]" REFERENCE_DA_ID="435" PARENT_DA_ID="440" PARENT_MAPPING_ID="[NULL]"/>
    <DYNAMIC_ATTR_REFERENCES ID="87" TYPE="ENUMMAPPING" UPPER_BOUND="8" LOWER_BOUND="5" LOOKUP_VALUE_ID="[NULL]" REFERENCE_DA_ID="435" PARENT_DA_ID="440" PARENT_MAPPING_ID="[NULL]"/>
  <DYNAMIC_ATTR_REFERENCES ID="88" TYPE="ENUMMAPPING" UPPER_BOUND="[NULL]" LOWER_BOUND="9" LOOKUP_VALUE_ID="[NULL]" REFERENCE_DA_ID="435" PARENT_DA_ID="440" PARENT_MAPPING_ID="[NULL]"/>
  <DYNAMIC_ATTR_REFERENCES ID="81" TYPE="ENUMMAPPING" UPPER_BOUND="2" LOWER_BOUND="[NULL]" LOOKUP_VALUE_ID="839" REFERENCE_DA_ID="441" PARENT_DA_ID="440" PARENT_MAPPING_ID="80"/>
  <DYNAMIC_ATTR_REFERENCES ID="82" TYPE="ENUMMAPPING" UPPER_BOUND="3" LOWER_BOUND="3" LOOKUP_VALUE_ID="840" REFERENCE_DA_ID="441" PARENT_DA_ID="440" PARENT_MAPPING_ID="80"/>
  <DYNAMIC_ATTR_REFERENCES ID="83" TYPE="ENUMMAPPING" UPPER_BOUND="2" LOWER_BOUND="[NULL]" LOOKUP_VALUE_ID="841" REFERENCE_DA_ID="441" PARENT_DA_ID="440" PARENT_MAPPING_ID="87"/>
  <DYNAMIC_ATTR_REFERENCES ID="84" TYPE="ENUMMAPPING" UPPER_BOUND="3" LOWER_BOUND="3" LOOKUP_VALUE_ID="842" REFERENCE_DA_ID="441" PARENT_DA_ID="440" PARENT_MAPPING_ID="87"/>
  <DYNAMIC_ATTR_REFERENCES ID="85" TYPE="ENUMMAPPING" UPPER_BOUND="2" LOWER_BOUND="[NULL]" LOOKUP_VALUE_ID="843" REFERENCE_DA_ID="441" PARENT_DA_ID="440" PARENT_MAPPING_ID="88"/>
  <DYNAMIC_ATTR_REFERENCES ID="86" TYPE="ENUMMAPPING" UPPER_BOUND="3" LOWER_BOUND="3" LOOKUP_VALUE_ID="844" REFERENCE_DA_ID="441" PARENT_DA_ID="440" PARENT_MAPPING_ID="88"/>
  <QUE_DEFINITION_MODELS QUE_DEF_ID="43"/>
  <QUESTION_GROUPS ID="421" QUE_DEF_MODEL_ID="43" LABEL="Sum" TITLE="[NULL]" DISPLAYABLE="T"/>
  <QUESTION_GROUPS ID="427" QUE_DEF_MODEL_ID="43" LABEL="EnumMapping - One Level" TITLE="[NULL]" DISPLAYABLE="T"/>
  <QUESTION_GROUPS ID="429" QUE_DEF_MODEL_ID="43" LABEL="EnumMapping - Two Levels" TITLE="[NULL]" DISPLAYABLE="T"/>
  <QUESTION_GROUPS ID="432" QUE_DEF_MODEL_ID="43" LABEL="Dynamic line-item" TITLE="[NULL]" DISPLAYABLE="T"/>
  <QUESTION_GROUPS ID="441" QUE_DEF_MODEL_ID="43" LABEL="Last Updated" TITLE="[NULL]" DISPLAYABLE="T"/>
  <QUESTION_GROUPS ID="444" QUE_DEF_MODEL_ID="43" LABEL="Multi Question Test" TITLE="[NULL]" DISPLAYABLE="T"/>
  <QUESTION_GROUPS ID="449" QUE_DEF_MODEL_ID="43" LABEL="Group Name for Integer" TITLE="[NULL]" DISPLAYABLE="T"/>
  <QUESTION_GROUPS ID="451" QUE_DEF_MODEL_ID="43" LABEL="Group Name for Positive Integer" TITLE="[NULL]" DISPLAYABLE="T"/>
  <QUESTION_GROUPS ID="453" QUE_DEF_MODEL_ID="43" LABEL="Group Name for MultiSelect" TITLE="[NULL]" DISPLAYABLE="T"/>
  <QUESTION_GROUPS ID="455" QUE_DEF_MODEL_ID="43" LABEL="Group Name for Image" TITLE="[NULL]" DISPLAYABLE="T"/>
  <QUESTION_GROUPS ID="457" QUE_DEF_MODEL_ID="43" LABEL="Group Name for Organisation" TITLE="[NULL]" DISPLAYABLE="T"/>
  <QUESTION_GROUPS ID="459" QUE_DEF_MODEL_ID="43" LABEL="Group Name for Subject Name" TITLE="[NULL]" DISPLAYABLE="T"/>
  <QUESTION_GROUPS ID="461" QUE_DEF_MODEL_ID="43" LABEL="Group Name for Position Title" TITLE="[NULL]" DISPLAYABLE="T"/>
  <QUESTION_GROUPS ID="463" QUE_DEF_MODEL_ID="43" LABEL="Group Name for Date" TITLE="[NULL]" DISPLAYABLE="T"/>
  <MULTI_QUESTIONS QUE_GROUP_ID="432" LABEL="Dynamic" ID="433"/>
  <MULTI_QUESTIONS QUE_GROUP_ID="444" LABEL="Regular" ID="445"/>
  <QUESTION_LINE_ITEMS ID="434" MULTI_QUESTION_ID="433" LABEL="Dynamic line-item" DYNAMIC="T"/>
  <QUESTION_LINE_ITEMS ID="446" MULTI_QUESTION_ID="445" LABEL="Challenge" DYNAMIC="F"/>
  <QUESTIONS ID="422" QUE_GROUP_ID="421" DA_ID="434" QUESTION_LINE_ITEM_ID="[NULL]" QUESTION_TYPE="SELECT" NARRATIVE="[NULL]" TITLE="A" TARGET="[NULL]" TEXT_ID="1" LENGTH="0" LABEL_DISPLAYABLE="F"/>
  <QUESTIONS ID="423" QUE_GROUP_ID="421" DA_ID="436" QUESTION_LINE_ITEM_ID="[NULL]" QUESTION_TYPE="SELECT" NARRATIVE="[NULL]" TITLE="B" TARGET="[NULL]" TEXT_ID="2" LENGTH="0" LABEL_DISPLAYABLE="F"/>
  <QUESTIONS ID="424" QUE_GROUP_ID="421" DA_ID="437" QUESTION_LINE_ITEM_ID="[NULL]" QUESTION_TYPE="SELECT" NARRATIVE="[NULL]" TITLE="C" TARGET="[NULL]" TEXT_ID="3" LENGTH="0" LABEL_DISPLAYABLE="F"/>
  <QUESTIONS ID="425" QUE_GROUP_ID="421" DA_ID="438" QUESTION_LINE_ITEM_ID="[NULL]" QUESTION_TYPE="SELECT" NARRATIVE="[NULL]" TITLE="D" TARGET="[NULL]" TEXT_ID="4" LENGTH="0" LABEL_DISPLAYABLE="F"/>
  <QUESTIONS ID="426" QUE_GROUP_ID="421" DA_ID="435" QUESTION_LINE_ITEM_ID="[NULL]" QUESTION_TYPE="SUM" NARRATIVE="[NULL]" TITLE="Total" TARGET="[NULL]" TEXT_ID="5" LENGTH="0" LABEL_DISPLAYABLE="F"/>
  <QUESTIONS ID="428" QUE_GROUP_ID="427" DA_ID="439" QUESTION_LINE_ITEM_ID="[NULL]" QUESTION_TYPE="ENUMMAPPING" NARRATIVE="[NULL]" TITLE="EnumMapping - One Level" TARGET="[NULL]" TEXT_ID="6" LENGTH="0" LABEL_DISPLAYABLE="F"/>
  <QUESTIONS ID="430" QUE_GROUP_ID="429" DA_ID="441" QUESTION_LINE_ITEM_ID="[NULL]" QUESTION_TYPE="SELECT" NARRATIVE="[NULL]" TITLE="Final Performance Rating" TARGET="[NULL]" TEXT_ID="7" LENGTH="0" LABEL_DISPLAYABLE="F"/>
  <QUESTIONS ID="431" QUE_GROUP_ID="429" DA_ID="440" QUESTION_LINE_ITEM_ID="[NULL]" QUESTION_TYPE="ENUMMAPPING" NARRATIVE="[NULL]" TITLE="EnumMapping - Two Levels" TARGET="[NULL]" TEXT_ID="8" LENGTH="0" LABEL_DISPLAYABLE="F"/>
  <QUESTIONS ID="435" QUE_GROUP_ID="[NULL]" DA_ID="442" QUESTION_LINE_ITEM_ID="434" QUESTION_TYPE="TEXT" NARRATIVE="[NULL]" TITLE="Country" TARGET="[NULL]" TEXT_ID="9_0" LENGTH="0" LABEL_DISPLAYABLE="F"/>
  <QUESTIONS ID="436" QUE_GROUP_ID="[NULL]" DA_ID="443" QUESTION_LINE_ITEM_ID="434" QUESTION_TYPE="POSITIVEINTEGER" NARRATIVE="[NULL]" TITLE="Duration" TARGET="[NULL]" TEXT_ID="10_0" LENGTH="0" LABEL_DISPLAYABLE="F"/>
  <QUESTIONS ID="437" QUE_GROUP_ID="[NULL]" DA_ID="444" QUESTION_LINE_ITEM_ID="434" QUESTION_TYPE="TEXTBOX" NARRATIVE="[NULL]" TITLE="Additional Comments" TARGET="[NULL]" TEXT_ID="11_0" LENGTH="0" LABEL_DISPLAYABLE="F"/>
  <QUESTIONS ID="438" QUE_GROUP_ID="[NULL]" DA_ID="445" QUESTION_LINE_ITEM_ID="434" QUESTION_TYPE="DATE" NARRATIVE="[NULL]" TITLE="Date Title" TARGET="[NULL]" TEXT_ID="12_0" LENGTH="0" LABEL_DISPLAYABLE="F"/>
  <QUESTIONS ID="439" QUE_GROUP_ID="[NULL]" DA_ID="446" QUESTION_LINE_ITEM_ID="434" QUESTION_TYPE="SELECT" NARRATIVE="[NULL]" TITLE="Select Title" TARGET="[NULL]" TEXT_ID="13_0" LENGTH="0" LABEL_DISPLAYABLE="F"/>
  <QUESTIONS ID="440" QUE_GROUP_ID="[NULL]" DA_ID="447" QUESTION_LINE_ITEM_ID="434" QUESTION_TYPE="RADIO" NARRATIVE="[NULL]" TITLE="Radio Title" TARGET="[NULL]" TEXT_ID="14_0" LENGTH="0" LABEL_DISPLAYABLE="F"/>
  <QUESTIONS ID="442" QUE_GROUP_ID="441" DA_ID="448" QUESTION_LINE_ITEM_ID="[NULL]" QUESTION_TYPE="LASTUPDATED" NARRATIVE="[NULL]" TITLE="[NULL]" TARGET="[NULL]" TEXT_ID="15" LENGTH="0" LABEL_DISPLAYABLE="F"/>
  <QUESTIONS ID="443" QUE_GROUP_ID="441" DA_ID="449" QUESTION_LINE_ITEM_ID="[NULL]" QUESTION_TYPE="LASTUPDATEDBY" NARRATIVE="[NULL]" TITLE="[NULL]" TARGET="[NULL]" TEXT_ID="16" LENGTH="0" LABEL_DISPLAYABLE="F"/>
  <QUESTIONS ID="447" QUE_GROUP_ID="[NULL]" DA_ID="450" QUESTION_LINE_ITEM_ID="446" QUESTION_TYPE="TEXT" NARRATIVE="[NULL]" TITLE="Please enter your Challenge target" TARGET="[NULL]" TEXT_ID="17_0" LENGTH="0" LABEL_DISPLAYABLE="F"/>
  <QUESTIONS ID="448" QUE_GROUP_ID="[NULL]" DA_ID="451" QUESTION_LINE_ITEM_ID="446" QUESTION_TYPE="SELECT" NARRATIVE="[NULL]" TITLE="Scalar" TARGET="[NULL]" TEXT_ID="18_0" LENGTH="0" LABEL_DISPLAYABLE="F"/>
  <QUESTIONS ID="450" QUE_GROUP_ID="449" DA_ID="452" QUESTION_LINE_ITEM_ID="[NULL]" QUESTION_TYPE="INTEGER" NARRATIVE="[NULL]" TITLE="Integer Title" TARGET="[NULL]" TEXT_ID="19" LENGTH="0" LABEL_DISPLAYABLE="F"/>
  <QUESTIONS ID="452" QUE_GROUP_ID="451" DA_ID="453" QUESTION_LINE_ITEM_ID="[NULL]" QUESTION_TYPE="POSITIVEINTEGER" NARRATIVE="[NULL]" TITLE="Positive Integer Title" TARGET="[NULL]" TEXT_ID="20" LENGTH="0" LABEL_DISPLAYABLE="F"/>
  <QUESTIONS ID="454" QUE_GROUP_ID="453" DA_ID="454" QUESTION_LINE_ITEM_ID="[NULL]" QUESTION_TYPE="MULTISELECT" NARRATIVE="[NULL]" TITLE="Mobility Region" TARGET="[NULL]" TEXT_ID="21" LENGTH="0" LABEL_DISPLAYABLE="F"/>
  <QUESTIONS ID="456" QUE_GROUP_ID="455" DA_ID="455" QUESTION_LINE_ITEM_ID="[NULL]" QUESTION_TYPE="IMAGE" NARRATIVE="[NULL]" TITLE="Image title" TARGET="[NULL]" TEXT_ID="22" LENGTH="0" LABEL_DISPLAYABLE="F"/>
  <QUESTIONS ID="458" QUE_GROUP_ID="457" DA_ID="456" QUESTION_LINE_ITEM_ID="[NULL]" QUESTION_TYPE="ORGANISATION" NARRATIVE="[NULL]" TITLE="Organisation title" TARGET="[NULL]" TEXT_ID="23" LENGTH="0" LABEL_DISPLAYABLE="F"/>
  <QUESTIONS ID="460" QUE_GROUP_ID="459" DA_ID="457" QUESTION_LINE_ITEM_ID="[NULL]" QUESTION_TYPE="SUBJECT" NARRATIVE="[NULL]" TITLE="Subject title" TARGET="[NULL]" TEXT_ID="24" LENGTH="0" LABEL_DISPLAYABLE="F"/>
  <QUESTIONS ID="462" QUE_GROUP_ID="461" DA_ID="458" QUESTION_LINE_ITEM_ID="[NULL]" QUESTION_TYPE="POSITION" NARRATIVE="[NULL]" TITLE="Position title" TARGET="[NULL]" TEXT_ID="25" LENGTH="0" LABEL_DISPLAYABLE="F"/>
  <QUESTIONS ID="464" QUE_GROUP_ID="463" DA_ID="459" QUESTION_LINE_ITEM_ID="[NULL]" QUESTION_TYPE="DATE" NARRATIVE="[NULL]" TITLE="Date Title" TARGET="[NULL]" TEXT_ID="26" LENGTH="0" LABEL_DISPLAYABLE="F"/>
</dataset>
