<?xml version='1.0' encoding='UTF-8'?>
<dataset>

    <CORE_DETAILS ID="-33" FIRST_NAME="Daniel" TITLE="Mr" PREF_GIVEN_NAME="Danny" SECOND_NAME="Deronda"/>
    <CORE_DETAILS ID="-34" FIRST_NAME="Jane" TITLE="Miss" PREF_GIVEN_NAME="Janey" SECOND_NAME="Eyre"/>

    <USERS CD_ID="-33" ID="-133" USER_TYPE="SYSTEMSUBJECT" IS_ACTIVE="T" IS_ROOT="F"/>
    <USERS CD_ID="-34" ID="-134" USER_TYPE="SYSTEMSUBJECT" IS_ACTIVE="T" IS_ROOT="F"/>

    <!-- Marketing is inactive -->
    <NODES ID="2" NODE_TYPE="O" IS_ACTIVE="F"/>

    <NODES ID="3" NODE_TYPE="O" IS_ACTIVE="T"/>
    <NODES ID="4" NODE_TYPE="O" IS_ACTIVE="T"/>
    <NODES ID="5" NODE_TYPE="O" IS_ACTIVE="T"/>

    <!-- Head of Marketing is inactive -->
    <NODES ID="6" NODE_TYPE="P" IS_ACTIVE="F"/>
    <NODES ID="7" NODE_TYPE="P" IS_ACTIVE="T"/>

    <!-- Head of IT is inactive -->
    <NODES ID="8" NODE_TYPE="P" IS_ACTIVE="F"/>

    <NODES ID="9" NODE_TYPE="O" IS_ACTIVE="T"/>
    <NODES ID="10" NODE_TYPE="O" IS_ACTIVE="T"/>

    <NODES ID="11" NODE_TYPE="P" IS_ACTIVE="T"/>

    <NODES ID="-33" NODE_TYPE="S" IS_ACTIVE="T"/>
    <NODES ID="-34" NODE_TYPE="S" IS_ACTIVE="T"/>

    <LOGINS USER_ID="-133" USERNAME="daniel" PASSWORD="E9AF2190C5E63E66" EXPIRES="2016-04-30" LOCKED="F" FORCE_PWD_CHANGE="F"/>
    <LOGINS USER_ID="-134" USERNAME="janey" PASSWORD="307F8FB6854CF98B" EXPIRES="2016-04-30" LOCKED="F" FORCE_PWD_CHANGE="F"/>

    <SUBJECTS CD_ID="-33" NODE_ID="-33" USER_ID="-133"/>
    <SUBJECTS CD_ID="-34" NODE_ID="-34" USER_ID="-134"/>

    <ORGANIZATION_UNITS NODE_ID="2" PARENT_ID="0" LABEL="Marketing"/>
    <ORGANIZATION_UNITS NODE_ID="3" PARENT_ID="0" LABEL="Accounts"/>
    <ORGANIZATION_UNITS NODE_ID="4" PARENT_ID="0" LABEL="IT"/>
    <ORGANIZATION_UNITS NODE_ID="5" PARENT_ID="4" LABEL="Engineering"/>

    <ORGANIZATION_UNITS NODE_ID="10" PARENT_ID="5" LABEL="Development"/>
    <ORGANIZATION_UNITS NODE_ID="9" PARENT_ID="10" LABEL="Java"/>

    <POSITIONS NODE_ID="6" PARENT_ID="1" ORG_UNIT_ID="2" TITLE="Head Of Marketing"/>
    <POSITIONS NODE_ID="7" PARENT_ID="1" ORG_UNIT_ID="3" TITLE="Head Of Accounts"/>
    <POSITIONS NODE_ID="8" PARENT_ID="1" ORG_UNIT_ID="4" TITLE="Head of IT"/>
    <POSITIONS NODE_ID="11" PARENT_ID="8" ORG_UNIT_ID="5" TITLE="Head of Engineering"/>

    <POSITION_ASSOCIATIONS ID="43" SOURCE_ID="6" TARGET_ID="1" VALUE_ID="19"/>
    <POSITION_ASSOCIATIONS ID="44" SOURCE_ID="6" TARGET_ID="7" VALUE_ID="21"/>
    <POSITION_ASSOCIATIONS ID="45" SOURCE_ID="7" TARGET_ID="1" VALUE_ID="19"/>
    <POSITION_ASSOCIATIONS ID="46" SOURCE_ID="8" TARGET_ID="1" VALUE_ID="19"/>
    <POSITION_ASSOCIATIONS ID="47" SOURCE_ID="11" TARGET_ID="8" VALUE_ID="19"/>

    <SUBJECT_ASSOCIATIONS VALUE_ID="399" ID="160" POSITION_ID="6" SUBJECT_ID="-33"/>
    <SUBJECT_ASSOCIATIONS VALUE_ID="402" ID="162" POSITION_ID="7" SUBJECT_ID="-34"/>
</dataset>
