<?xml version='1.0' encoding='UTF-8'?>
<dataset>
  <CORE_DETAILS ID="3" FIRST_NAME="TEST" SECOND_NAME="USER" CONTACT_EMAIL="SOMEEMAIL@EMAIL.COM" TITLE="MISS"/>
  <USERS CD_ID="3" ID="3" USER_TYPE="SYSTEMSUBJECT" IS_ACTIVE="T" IS_ROOT="F"/>
  <NODES ID="2" NODE_TYPE="S" COMMENTS="[NULL]" IS_ACTIVE="T"/>
  <AREA_ELEMENTS ID="3" AREA_ID="-1" NODE_ID="2" CASCADING="T"/>
  <LOOKUP_TYPES ID="Q10SELECTNAME0.9717702651485395165" DESCRIPTION="Q10 Select Name-Select Title" TYPE="QUESTIONNAIRE" IS_ACTIVE="T" IS_SYSTEM="T" LABEL="Q10 Select Name0.9717702651485395"/>
  <LOOKUP_TYPES ID="Q11MULTISELECTNAME0.12047385649675635166" DESCRIPTION="Q11 MultiSelect Name-MultiSelect Title" TYPE="QUESTIONNAIRE" IS_ACTIVE="T" IS_SYSTEM="T" LABEL="Q11 MultiSelect Name0.12047385649675635"/>
  <LOOKUP_TYPES ID="Q12RADIONAME0.032520970330850774167" DESCRIPTION="Q12 Radio Name-Radio Title" TYPE="QUESTIONNAIRE" IS_ACTIVE="T" IS_SYSTEM="T" LABEL="Q12 Radio Name0.032520970330850774"/>
  <LOOKUP_TYPES ID="Q13CHECKBOXNAME0.7849091013629866168" DESCRIPTION="Q13 Checkbox Name-Checkbox Title" TYPE="QUESTIONNAIRE" IS_ACTIVE="T" IS_SYSTEM="T" LABEL="Q13 Checkbox Name0.7849091013629866"/>
  <LOOKUP_TYPES ID="Q18RADIONAME0.9888896062744081169" DESCRIPTION="Q18 Radio Name-Radio Title" TYPE="QUESTIONNAIRE" IS_ACTIVE="T" IS_SYSTEM="T" LABEL="Q18 Radio Name0.9888896062744081"/>
  <LOOKUP_TYPES ID="Q21RADIONAME20.888558802573793170" DESCRIPTION="Q21 Radio Name2-Lots of values Radio Title" TYPE="QUESTIONNAIRE" IS_ACTIVE="T" IS_SYSTEM="T" LABEL="Q21 Radio Name20.888558802573793"/>
  <LOOKUP_TYPES ID="Q22CHECKBOXNAME20.8934747671399529171" DESCRIPTION="Q22 Checkbox Name2-Lots of values Checkbox Title" TYPE="QUESTIONNAIRE" IS_ACTIVE="T" IS_SYSTEM="T" LABEL="Q22 Checkbox Name20.8934747671399529"/>
  <LOOKUP_TYPES ID="Q23RADIONAME0.6176082598827549172" DESCRIPTION="Q23 Radio Name-Radio Title" TYPE="QUESTIONNAIRE" IS_ACTIVE="T" IS_SYSTEM="T" LABEL="Q23 Radio Name0.6176082598827549"/>
  <LOOKUP_TYPES ID="Q26SCALER0.2648104166283449173" DESCRIPTION="Q26 Scaler-Scaler" TYPE="QUESTIONNAIRE" IS_ACTIVE="T" IS_SYSTEM="T" LABEL="Q26 Scaler0.2648104166283449"/>
  <LOOKUP_TYPES ID="Q29SCALER20.8444945076846399174" DESCRIPTION="Q29 Scaler2-Scaler" TYPE="QUESTIONNAIRE" IS_ACTIVE="T" IS_SYSTEM="T" LABEL="Q29 Scaler20.8444945076846399"/>
  <LOOKUP_TYPES ID="Q32SCALER0.2583211676339222175" DESCRIPTION="Q32 Scaler-Scaler" TYPE="QUESTIONNAIRE" IS_ACTIVE="T" IS_SYSTEM="T" LABEL="Q32 Scaler0.2583211676339222"/>
  <LOOKUP_VALUES ID="617" TYPE_ID="Q10SELECTNAME0.9717702651485395165" VALUE_ID="Select Value1" SHORT_DESC="Select Text1" DESCRIPTION="Select Text1" IS_ACTIVE="T" IS_SYSTEM="F" SORT_ORDER="0"/>
  <LOOKUP_VALUES ID="618" TYPE_ID="Q10SELECTNAME0.9717702651485395165" VALUE_ID="Select Value2" SHORT_DESC="Select Text2" DESCRIPTION="Select Text2" IS_ACTIVE="T" IS_SYSTEM="F" SORT_ORDER="1"/>
  <LOOKUP_VALUES ID="619" TYPE_ID="Q10SELECTNAME0.9717702651485395165" VALUE_ID="Select Value3" SHORT_DESC="Select Text3" DESCRIPTION="Select Text3" IS_ACTIVE="T" IS_SYSTEM="F" SORT_ORDER="2"/>
  <LOOKUP_VALUES ID="620" TYPE_ID="Q10SELECTNAME0.9717702651485395165" VALUE_ID="Select Value4" SHORT_DESC="Select Text4" DESCRIPTION="Select Text4" IS_ACTIVE="T" IS_SYSTEM="F" SORT_ORDER="3"/>
  <LOOKUP_VALUES ID="621" TYPE_ID="Q10SELECTNAME0.9717702651485395165" VALUE_ID="Select Value5" SHORT_DESC="Select Text5" DESCRIPTION="Select Text5" IS_ACTIVE="T" IS_SYSTEM="F" SORT_ORDER="4"/>
  <LOOKUP_VALUES ID="622" TYPE_ID="Q11MULTISELECTNAME0.12047385649675635166" VALUE_ID="MultiSelect Value1" SHORT_DESC="MultiSelect Text1" DESCRIPTION="MultiSelect Text1" IS_ACTIVE="T" IS_SYSTEM="F" SORT_ORDER="0"/>
  <LOOKUP_VALUES ID="623" TYPE_ID="Q11MULTISELECTNAME0.12047385649675635166" VALUE_ID="MultiSelect Value2" SHORT_DESC="MultiSelect Text2" DESCRIPTION="MultiSelect Text2" IS_ACTIVE="T" IS_SYSTEM="F" SORT_ORDER="1"/>
  <LOOKUP_VALUES ID="624" TYPE_ID="Q11MULTISELECTNAME0.12047385649675635166" VALUE_ID="MultiSelect Value3" SHORT_DESC="MultiSelect Text3" DESCRIPTION="MultiSelect Text3" IS_ACTIVE="T" IS_SYSTEM="F" SORT_ORDER="2"/>
  <LOOKUP_VALUES ID="625" TYPE_ID="Q11MULTISELECTNAME0.12047385649675635166" VALUE_ID="MultiSelect Value4" SHORT_DESC="MultiSelect Text4" DESCRIPTION="MultiSelect Text4" IS_ACTIVE="T" IS_SYSTEM="F" SORT_ORDER="3"/>
  <LOOKUP_VALUES ID="626" TYPE_ID="Q11MULTISELECTNAME0.12047385649675635166" VALUE_ID="MultiSelect Value5" SHORT_DESC="MultiSelect Text5" DESCRIPTION="MultiSelect Text5" IS_ACTIVE="T" IS_SYSTEM="F" SORT_ORDER="4"/>
  <LOOKUP_VALUES ID="627" TYPE_ID="Q11MULTISELECTNAME0.12047385649675635166" VALUE_ID="MultiSelect Value6" SHORT_DESC="MultiSelect Text6" DESCRIPTION="MultiSelect Text6" IS_ACTIVE="T" IS_SYSTEM="F" SORT_ORDER="5"/>
  <LOOKUP_VALUES ID="628" TYPE_ID="Q11MULTISELECTNAME0.12047385649675635166" VALUE_ID="MultiSelect Value7" SHORT_DESC="MultiSelect Text7" DESCRIPTION="MultiSelect Text7" IS_ACTIVE="T" IS_SYSTEM="F" SORT_ORDER="6"/>
  <LOOKUP_VALUES ID="629" TYPE_ID="Q11MULTISELECTNAME0.12047385649675635166" VALUE_ID="MultiSelect Value8" SHORT_DESC="MultiSelect Text8" DESCRIPTION="MultiSelect Text8" IS_ACTIVE="T" IS_SYSTEM="F" SORT_ORDER="7"/>
  <LOOKUP_VALUES ID="630" TYPE_ID="Q11MULTISELECTNAME0.12047385649675635166" VALUE_ID="MultiSelect Value9" SHORT_DESC="MultiSelect Text9" DESCRIPTION="MultiSelect Text9" IS_ACTIVE="T" IS_SYSTEM="F" SORT_ORDER="8"/>
  <LOOKUP_VALUES ID="631" TYPE_ID="Q11MULTISELECTNAME0.12047385649675635166" VALUE_ID="MultiSelect Value10" SHORT_DESC="MultiSelect Text10" DESCRIPTION="MultiSelect Text10" IS_ACTIVE="T" IS_SYSTEM="F" SORT_ORDER="9"/>
  <LOOKUP_VALUES ID="632" TYPE_ID="Q11MULTISELECTNAME0.12047385649675635166" VALUE_ID="MultiSelect Value11" SHORT_DESC="MultiSelect Text11" DESCRIPTION="MultiSelect Text11" IS_ACTIVE="T" IS_SYSTEM="F" SORT_ORDER="10"/>
  <LOOKUP_VALUES ID="633" TYPE_ID="Q11MULTISELECTNAME0.12047385649675635166" VALUE_ID="MultiSelect Value12" SHORT_DESC="MultiSelect Text12" DESCRIPTION="MultiSelect Text12" IS_ACTIVE="T" IS_SYSTEM="F" SORT_ORDER="11"/>
  <LOOKUP_VALUES ID="634" TYPE_ID="Q12RADIONAME0.032520970330850774167" VALUE_ID="Radio Value1" SHORT_DESC="Radio Text1" DESCRIPTION="Radio Text1" IS_ACTIVE="T" IS_SYSTEM="F" SORT_ORDER="0"/>
  <LOOKUP_VALUES ID="635" TYPE_ID="Q12RADIONAME0.032520970330850774167" VALUE_ID="Radio Value2" SHORT_DESC="Radio Text2" DESCRIPTION="Radio Text2" IS_ACTIVE="T" IS_SYSTEM="F" SORT_ORDER="1"/>
  <LOOKUP_VALUES ID="636" TYPE_ID="Q12RADIONAME0.032520970330850774167" VALUE_ID="Radio Value3" SHORT_DESC="Radio Text3" DESCRIPTION="Radio Text3" IS_ACTIVE="T" IS_SYSTEM="F" SORT_ORDER="2"/>
  <LOOKUP_VALUES ID="637" TYPE_ID="Q12RADIONAME0.032520970330850774167" VALUE_ID="Radio Value4" SHORT_DESC="Radio Text4" DESCRIPTION="Radio Text4" IS_ACTIVE="T" IS_SYSTEM="F" SORT_ORDER="3"/>
  <LOOKUP_VALUES ID="638" TYPE_ID="Q12RADIONAME0.032520970330850774167" VALUE_ID="Radio Value5" SHORT_DESC="Radio Text5" DESCRIPTION="Radio Text5" IS_ACTIVE="T" IS_SYSTEM="F" SORT_ORDER="4"/>
  <LOOKUP_VALUES ID="639" TYPE_ID="Q13CHECKBOXNAME0.7849091013629866168" VALUE_ID="Checkbox Value1" SHORT_DESC="Checkbox Text1" DESCRIPTION="Checkbox Text1" IS_ACTIVE="T" IS_SYSTEM="F" SORT_ORDER="0"/>
  <LOOKUP_VALUES ID="640" TYPE_ID="Q13CHECKBOXNAME0.7849091013629866168" VALUE_ID="Checkbox Value2" SHORT_DESC="Checkbox Text2" DESCRIPTION="Checkbox Text2" IS_ACTIVE="T" IS_SYSTEM="F" SORT_ORDER="1"/>
  <LOOKUP_VALUES ID="641" TYPE_ID="Q13CHECKBOXNAME0.7849091013629866168" VALUE_ID="Checkbox Value3" SHORT_DESC="Checkbox Text3" DESCRIPTION="Checkbox Text3" IS_ACTIVE="T" IS_SYSTEM="F" SORT_ORDER="2"/>
  <LOOKUP_VALUES ID="642" TYPE_ID="Q13CHECKBOXNAME0.7849091013629866168" VALUE_ID="Checkbox Value4" SHORT_DESC="Checkbox Text4" DESCRIPTION="Checkbox Text4" IS_ACTIVE="T" IS_SYSTEM="F" SORT_ORDER="3"/>
  <LOOKUP_VALUES ID="643" TYPE_ID="Q13CHECKBOXNAME0.7849091013629866168" VALUE_ID="Checkbox Value5" SHORT_DESC="Checkbox Text5" DESCRIPTION="Checkbox Text5" IS_ACTIVE="T" IS_SYSTEM="F" SORT_ORDER="4"/>
  <LOOKUP_VALUES ID="644" TYPE_ID="Q18RADIONAME0.9888896062744081169" VALUE_ID="Radio Value 1" SHORT_DESC="Radio Text 1" DESCRIPTION="Radio Text 1" IS_ACTIVE="T" IS_SYSTEM="F" SORT_ORDER="0"/>
  <LOOKUP_VALUES ID="645" TYPE_ID="Q18RADIONAME0.9888896062744081169" VALUE_ID="Radio Value 2" SHORT_DESC="Radio Text 2" DESCRIPTION="Radio Text 2" IS_ACTIVE="T" IS_SYSTEM="F" SORT_ORDER="1"/>
  <LOOKUP_VALUES ID="646" TYPE_ID="Q18RADIONAME0.9888896062744081169" VALUE_ID="Radio Value 3" SHORT_DESC="Radio Text 3" DESCRIPTION="Radio Text 3" IS_ACTIVE="T" IS_SYSTEM="F" SORT_ORDER="2"/>
  <LOOKUP_VALUES ID="647" TYPE_ID="Q21RADIONAME20.888558802573793170" VALUE_ID="Radio Value1" SHORT_DESC="Radio Text1" DESCRIPTION="Radio Text1" IS_ACTIVE="T" IS_SYSTEM="F" SORT_ORDER="0"/>
  <LOOKUP_VALUES ID="648" TYPE_ID="Q21RADIONAME20.888558802573793170" VALUE_ID="Radio Value2" SHORT_DESC="Radio Text2" DESCRIPTION="Radio Text2" IS_ACTIVE="T" IS_SYSTEM="F" SORT_ORDER="1"/>
  <LOOKUP_VALUES ID="649" TYPE_ID="Q21RADIONAME20.888558802573793170" VALUE_ID="Radio Value3" SHORT_DESC="Radio Text3" DESCRIPTION="Radio Text3" IS_ACTIVE="T" IS_SYSTEM="F" SORT_ORDER="2"/>
  <LOOKUP_VALUES ID="650" TYPE_ID="Q21RADIONAME20.888558802573793170" VALUE_ID="Radio Value4" SHORT_DESC="Radio Text4" DESCRIPTION="Radio Text4" IS_ACTIVE="T" IS_SYSTEM="F" SORT_ORDER="3"/>
  <LOOKUP_VALUES ID="651" TYPE_ID="Q21RADIONAME20.888558802573793170" VALUE_ID="Radio Value5" SHORT_DESC="Radio Text5" DESCRIPTION="Radio Text5" IS_ACTIVE="T" IS_SYSTEM="F" SORT_ORDER="4"/>
  <LOOKUP_VALUES ID="652" TYPE_ID="Q21RADIONAME20.888558802573793170" VALUE_ID="Radio Value6" SHORT_DESC="Radio Text6" DESCRIPTION="Radio Text6" IS_ACTIVE="T" IS_SYSTEM="F" SORT_ORDER="5"/>
  <LOOKUP_VALUES ID="653" TYPE_ID="Q21RADIONAME20.888558802573793170" VALUE_ID="Radio Value7" SHORT_DESC="Radio Text7" DESCRIPTION="Radio Text7" IS_ACTIVE="T" IS_SYSTEM="F" SORT_ORDER="6"/>
  <LOOKUP_VALUES ID="654" TYPE_ID="Q21RADIONAME20.888558802573793170" VALUE_ID="Radio Value8" SHORT_DESC="Radio Text8" DESCRIPTION="Radio Text8" IS_ACTIVE="T" IS_SYSTEM="F" SORT_ORDER="7"/>
  <LOOKUP_VALUES ID="655" TYPE_ID="Q21RADIONAME20.888558802573793170" VALUE_ID="Radio Value9" SHORT_DESC="Radio Text9" DESCRIPTION="Radio Text9" IS_ACTIVE="T" IS_SYSTEM="F" SORT_ORDER="8"/>
  <LOOKUP_VALUES ID="656" TYPE_ID="Q22CHECKBOXNAME20.8934747671399529171" VALUE_ID="Checkbox Value1" SHORT_DESC="Checkbox Text1" DESCRIPTION="Checkbox Text1" IS_ACTIVE="T" IS_SYSTEM="F" SORT_ORDER="0"/>
  <LOOKUP_VALUES ID="657" TYPE_ID="Q22CHECKBOXNAME20.8934747671399529171" VALUE_ID="Checkbox Value2" SHORT_DESC="Checkbox Text2" DESCRIPTION="Checkbox Text2" IS_ACTIVE="T" IS_SYSTEM="F" SORT_ORDER="1"/>
  <LOOKUP_VALUES ID="658" TYPE_ID="Q22CHECKBOXNAME20.8934747671399529171" VALUE_ID="Checkbox Value3" SHORT_DESC="Checkbox Text3" DESCRIPTION="Checkbox Text3" IS_ACTIVE="T" IS_SYSTEM="F" SORT_ORDER="2"/>
  <LOOKUP_VALUES ID="659" TYPE_ID="Q22CHECKBOXNAME20.8934747671399529171" VALUE_ID="Checkbox Value4" SHORT_DESC="Checkbox Text4" DESCRIPTION="Checkbox Text4" IS_ACTIVE="T" IS_SYSTEM="F" SORT_ORDER="3"/>
  <LOOKUP_VALUES ID="660" TYPE_ID="Q22CHECKBOXNAME20.8934747671399529171" VALUE_ID="Checkbox Value5" SHORT_DESC="Checkbox Text5" DESCRIPTION="Checkbox Text5" IS_ACTIVE="T" IS_SYSTEM="F" SORT_ORDER="4"/>
  <LOOKUP_VALUES ID="661" TYPE_ID="Q22CHECKBOXNAME20.8934747671399529171" VALUE_ID="Checkbox Value6" SHORT_DESC="Checkbox Text6" DESCRIPTION="Checkbox Text6" IS_ACTIVE="T" IS_SYSTEM="F" SORT_ORDER="5"/>
  <LOOKUP_VALUES ID="662" TYPE_ID="Q22CHECKBOXNAME20.8934747671399529171" VALUE_ID="Checkbox Value7" SHORT_DESC="Checkbox Text7" DESCRIPTION="Checkbox Text7" IS_ACTIVE="T" IS_SYSTEM="F" SORT_ORDER="6"/>
  <LOOKUP_VALUES ID="663" TYPE_ID="Q22CHECKBOXNAME20.8934747671399529171" VALUE_ID="Checkbox Value8" SHORT_DESC="Checkbox Text8" DESCRIPTION="Checkbox Text8" IS_ACTIVE="T" IS_SYSTEM="F" SORT_ORDER="7"/>
  <LOOKUP_VALUES ID="664" TYPE_ID="Q22CHECKBOXNAME20.8934747671399529171" VALUE_ID="Checkbox Value9" SHORT_DESC="Checkbox Text9" DESCRIPTION="Checkbox Text9" IS_ACTIVE="T" IS_SYSTEM="F" SORT_ORDER="8"/>
  <LOOKUP_VALUES ID="665" TYPE_ID="Q23RADIONAME0.6176082598827549172" VALUE_ID="Radio Value 1" SHORT_DESC="Radio Text 1" DESCRIPTION="Radio Text 1" IS_ACTIVE="T" IS_SYSTEM="F" SORT_ORDER="0"/>
  <LOOKUP_VALUES ID="666" TYPE_ID="Q23RADIONAME0.6176082598827549172" VALUE_ID="Radio Value 2" SHORT_DESC="Radio Text 2" DESCRIPTION="Radio Text 2" IS_ACTIVE="T" IS_SYSTEM="F" SORT_ORDER="1"/>
  <LOOKUP_VALUES ID="667" TYPE_ID="Q23RADIONAME0.6176082598827549172" VALUE_ID="Radio Value 3" SHORT_DESC="Radio Text 3" DESCRIPTION="Radio Text 3" IS_ACTIVE="T" IS_SYSTEM="F" SORT_ORDER="2"/>
  <LOOKUP_VALUES ID="668" TYPE_ID="Q26SCALER0.2648104166283449173" VALUE_ID="1" SHORT_DESC="units" DESCRIPTION="units" IS_ACTIVE="T" IS_SYSTEM="F" SORT_ORDER="0"/>
  <LOOKUP_VALUES ID="669" TYPE_ID="Q26SCALER0.2648104166283449173" VALUE_ID="100" SHORT_DESC="Hundred" DESCRIPTION="Hundred" IS_ACTIVE="T" IS_SYSTEM="F" SORT_ORDER="1"/>
  <LOOKUP_VALUES ID="670" TYPE_ID="Q26SCALER0.2648104166283449173" VALUE_ID="1000" SHORT_DESC="Thousand" DESCRIPTION="Thousand" IS_ACTIVE="T" IS_SYSTEM="F" SORT_ORDER="2"/>
  <LOOKUP_VALUES ID="671" TYPE_ID="Q26SCALER0.2648104166283449173" VALUE_ID="1000000" SHORT_DESC="Million" DESCRIPTION="Million" IS_ACTIVE="T" IS_SYSTEM="F" SORT_ORDER="3"/>
  <LOOKUP_VALUES ID="672" TYPE_ID="Q29SCALER20.8444945076846399174" VALUE_ID="1" SHORT_DESC="units" DESCRIPTION="units" IS_ACTIVE="T" IS_SYSTEM="F" SORT_ORDER="0"/>
  <LOOKUP_VALUES ID="673" TYPE_ID="Q29SCALER20.8444945076846399174" VALUE_ID="100" SHORT_DESC="Hundred" DESCRIPTION="Hundred" IS_ACTIVE="T" IS_SYSTEM="F" SORT_ORDER="1"/>
  <LOOKUP_VALUES ID="674" TYPE_ID="Q29SCALER20.8444945076846399174" VALUE_ID="1000" SHORT_DESC="Thousand" DESCRIPTION="Thousand" IS_ACTIVE="T" IS_SYSTEM="F" SORT_ORDER="2"/>
  <LOOKUP_VALUES ID="675" TYPE_ID="Q29SCALER20.8444945076846399174" VALUE_ID="1000000" SHORT_DESC="Million" DESCRIPTION="Million" IS_ACTIVE="T" IS_SYSTEM="F" SORT_ORDER="3"/>
  <LOOKUP_VALUES ID="676" TYPE_ID="Q32SCALER0.2583211676339222175" VALUE_ID="1" SHORT_DESC="units" DESCRIPTION="units" IS_ACTIVE="T" IS_SYSTEM="F" SORT_ORDER="0"/>
  <LOOKUP_VALUES ID="677" TYPE_ID="Q32SCALER0.2583211676339222175" VALUE_ID="100" SHORT_DESC="Hundred" DESCRIPTION="Hundred" IS_ACTIVE="T" IS_SYSTEM="F" SORT_ORDER="1"/>
  <LOOKUP_VALUES ID="678" TYPE_ID="Q32SCALER0.2583211676339222175" VALUE_ID="1000" SHORT_DESC="Thousand" DESCRIPTION="Thousand" IS_ACTIVE="T" IS_SYSTEM="F" SORT_ORDER="2"/>
  <LOOKUP_VALUES ID="679" TYPE_ID="Q32SCALER0.2583211676339222175" VALUE_ID="1000000" SHORT_DESC="Million" DESCRIPTION="Million" IS_ACTIVE="T" IS_SYSTEM="F" SORT_ORDER="3"/>
  <QUE_DEFINITIONS ID="8" LABEL="Name - All Questions" TITLE="Title - All Questions" DESCRIPTION="[NULL]"/>
  <PERFORMANCE_REVIEWS/>
  <QUE_WORKFLOWS ID="12" QD_ID="8" PERFORMANCE_ID="[NULL]" WORKFLOW_TYPE="INFO_FORM" LABEL="Test Questionnaire" DESCRIPTION="
            " USER_ID="0" START_DATE="[NULL]" EXPIRED_DATE="[NULL]" CLOSED_DATE="[NULL]" STATUS="PUBLISHED" POPULATION_ID="-2" MANAGER_READ="T" MANAGER_WRITE="T" INDIVIDUAL_READ="T" INDIVIDUAL_WRITE="T"/>
  <DYNAMIC_ATTRIBUTES ID="177" LABEL="Q2 Blank Title Name" TYPE="TEXT" ARTEFACT_TYPE="Q" QD_ID="8" MAX_SIZE="[NULL]" MIN_SIZE="[NULL]" IS_MANDATORY="F" IS_ACTIVE="T" IS_SEARCHABLE="F" IS_DYNAMIC="F" DESCRIPTION="[NULL]" REFERS_TO="[NULL]" LOCK_ID="[NULL]" MODIFIED_LABEL="blank_title" UNIQUE_NUMBER="0.2557167127973171"/>
  <DYNAMIC_ATTRIBUTES ID="176" LABEL="Q1 No Title Name (mandatory)" TYPE="TEXT" ARTEFACT_TYPE="Q" QD_ID="8" MAX_SIZE="[NULL]" MIN_SIZE="[NULL]" IS_MANDATORY="T" IS_ACTIVE="T" IS_SEARCHABLE="F" IS_DYNAMIC="F" DESCRIPTION="[NULL]" REFERS_TO="[NULL]" LOCK_ID="[NULL]" MODIFIED_LABEL="no_title" UNIQUE_NUMBER="0.7451660985008546"/>
  <DYNAMIC_ATTRIBUTES ID="178" LABEL="Q3 Space Title Name (mandatory not specified)" TYPE="TEXT" ARTEFACT_TYPE="Q" QD_ID="8" MAX_SIZE="[NULL]" MIN_SIZE="[NULL]" IS_MANDATORY="F" IS_ACTIVE="T" IS_SEARCHABLE="F" IS_DYNAMIC="F" DESCRIPTION=" " REFERS_TO="[NULL]" LOCK_ID="[NULL]" MODIFIED_LABEL="space_title" UNIQUE_NUMBER="0.8103574440380006"/>
  <DYNAMIC_ATTRIBUTES ID="179" LABEL="Q4 First title Name" TYPE="TEXT" ARTEFACT_TYPE="Q" QD_ID="8" MAX_SIZE="[NULL]" MIN_SIZE="[NULL]" IS_MANDATORY="T" IS_ACTIVE="T" IS_SEARCHABLE="F" IS_DYNAMIC="F" DESCRIPTION="This is the title" REFERS_TO="[NULL]" LOCK_ID="[NULL]" MODIFIED_LABEL="first_title" UNIQUE_NUMBER="0.927955895028616"/>
  <DYNAMIC_ATTRIBUTES ID="180" LABEL="Q5 Text Name" TYPE="TEXT" ARTEFACT_TYPE="Q" QD_ID="8" MAX_SIZE="[NULL]" MIN_SIZE="[NULL]" IS_MANDATORY="F" IS_ACTIVE="T" IS_SEARCHABLE="F" IS_DYNAMIC="F" DESCRIPTION="Text Title" REFERS_TO="[NULL]" LOCK_ID="[NULL]" MODIFIED_LABEL="text" UNIQUE_NUMBER="0.8764188181409136"/>
  <DYNAMIC_ATTRIBUTES ID="181" LABEL="Q6 Date Name" TYPE="DATE" ARTEFACT_TYPE="Q" QD_ID="8" MAX_SIZE="[NULL]" MIN_SIZE="[NULL]" IS_MANDATORY="F" IS_ACTIVE="T" IS_SEARCHABLE="F" IS_DYNAMIC="F" DESCRIPTION="Date Title" REFERS_TO="[NULL]" LOCK_ID="[NULL]" MODIFIED_LABEL="date" UNIQUE_NUMBER="0.19764863350375306"/>
  <DYNAMIC_ATTRIBUTES ID="182" LABEL="Q7 Integer Name" TYPE="NUMBER" ARTEFACT_TYPE="Q" QD_ID="8" MAX_SIZE="[NULL]" MIN_SIZE="[NULL]" IS_MANDATORY="F" IS_ACTIVE="T" IS_SEARCHABLE="F" IS_DYNAMIC="F" DESCRIPTION="Integer Title" REFERS_TO="[NULL]" LOCK_ID="[NULL]" MODIFIED_LABEL="integer" UNIQUE_NUMBER="0.6335122817087983"/>
  <DYNAMIC_ATTRIBUTES ID="183" LABEL="Q8 Positive Integer Name" TYPE="NUMBER" ARTEFACT_TYPE="Q" QD_ID="8" MAX_SIZE="[NULL]" MIN_SIZE="0" IS_MANDATORY="F" IS_ACTIVE="T" IS_SEARCHABLE="F" IS_DYNAMIC="F" DESCRIPTION="Positive Integer Title" REFERS_TO="[NULL]" LOCK_ID="[NULL]" MODIFIED_LABEL="positiveinteger" UNIQUE_NUMBER="0.13987712343097225"/>
  <DYNAMIC_ATTRIBUTES ID="184" LABEL="Q9 Textbox Name" TYPE="TEXTAREA" ARTEFACT_TYPE="Q" QD_ID="8" MAX_SIZE="[NULL]" MIN_SIZE="[NULL]" IS_MANDATORY="F" IS_ACTIVE="T" IS_SEARCHABLE="F" IS_DYNAMIC="F" DESCRIPTION="Textbox Title" REFERS_TO="[NULL]" LOCK_ID="[NULL]" MODIFIED_LABEL="textbox" UNIQUE_NUMBER="0.9699814825855119"/>
  <DYNAMIC_ATTRIBUTES ID="185" LABEL="Q10 Select Name" TYPE="STRUCT" ARTEFACT_TYPE="Q" QD_ID="8" MAX_SIZE="[NULL]" MIN_SIZE="[NULL]" IS_MANDATORY="T" IS_ACTIVE="T" IS_SEARCHABLE="F" IS_DYNAMIC="F" DESCRIPTION="Select Title" REFERS_TO="Q10SELECTNAME0.9717702651485395165" LOCK_ID="[NULL]" MODIFIED_LABEL="select" UNIQUE_NUMBER="0.9086704487072986"/>
  <DYNAMIC_ATTRIBUTES ID="186" LABEL="Q11 MultiSelect Name" TYPE="MULTISELECT" ARTEFACT_TYPE="Q" QD_ID="8" MAX_SIZE="[NULL]" MIN_SIZE="[NULL]" IS_MANDATORY="F" IS_ACTIVE="T" IS_SEARCHABLE="F" IS_DYNAMIC="F" DESCRIPTION="MultiSelect Title" REFERS_TO="Q11MULTISELECTNAME0.12047385649675635166" LOCK_ID="[NULL]" MODIFIED_LABEL="multiselect" UNIQUE_NUMBER="0.07752657912290228"/>
  <DYNAMIC_ATTRIBUTES ID="187" LABEL="Q12 Radio Name" TYPE="STRUCT" ARTEFACT_TYPE="Q" QD_ID="8" MAX_SIZE="[NULL]" MIN_SIZE="[NULL]" IS_MANDATORY="F" IS_ACTIVE="T" IS_SEARCHABLE="F" IS_DYNAMIC="F" DESCRIPTION="Radio Title" REFERS_TO="Q12RADIONAME0.032520970330850774167" LOCK_ID="[NULL]" MODIFIED_LABEL="radio" UNIQUE_NUMBER="0.4202417423941788"/>
  <DYNAMIC_ATTRIBUTES ID="188" LABEL="Q13 Checkbox Name" TYPE="MULTISELECT" ARTEFACT_TYPE="Q" QD_ID="8" MAX_SIZE="[NULL]" MIN_SIZE="[NULL]" IS_MANDATORY="F" IS_ACTIVE="T" IS_SEARCHABLE="F" IS_DYNAMIC="F" DESCRIPTION="Checkbox Title" REFERS_TO="Q13CHECKBOXNAME0.7849091013629866168" LOCK_ID="[NULL]" MODIFIED_LABEL="checkbox" UNIQUE_NUMBER="0.21187040248667166"/>
  <DYNAMIC_ATTRIBUTES ID="189" LABEL="Q14 Optional Image name" TYPE="IMG" ARTEFACT_TYPE="Q" QD_ID="8" MAX_SIZE="[NULL]" MIN_SIZE="[NULL]" IS_MANDATORY="F" IS_ACTIVE="T" IS_SEARCHABLE="F" IS_DYNAMIC="F" DESCRIPTION="Image title?" REFERS_TO="[NULL]" LOCK_ID="[NULL]" MODIFIED_LABEL="image" UNIQUE_NUMBER="0.6814896721789305"/>
  <DYNAMIC_ATTRIBUTES ID="190" LABEL="Q15 Organisation name" TYPE="ORGANISATION" ARTEFACT_TYPE="Q" QD_ID="8" MAX_SIZE="[NULL]" MIN_SIZE="[NULL]" IS_MANDATORY="F" IS_ACTIVE="T" IS_SEARCHABLE="F" IS_DYNAMIC="F" DESCRIPTION="Organisation title" REFERS_TO="[NULL]" LOCK_ID="[NULL]" MODIFIED_LABEL="organisation" UNIQUE_NUMBER="0.22048216153064126"/>
  <DYNAMIC_ATTRIBUTES ID="191" LABEL="Q16 Subject Name name" TYPE="SUBJECT" ARTEFACT_TYPE="Q" QD_ID="8" MAX_SIZE="[NULL]" MIN_SIZE="[NULL]" IS_MANDATORY="F" IS_ACTIVE="T" IS_SEARCHABLE="F" IS_DYNAMIC="F" DESCRIPTION="Subject Name title" REFERS_TO="[NULL]" LOCK_ID="[NULL]" MODIFIED_LABEL="subject" UNIQUE_NUMBER="0.25389154662643154"/>
  <DYNAMIC_ATTRIBUTES ID="192" LABEL="Q17 Position Title name" TYPE="POSITION" ARTEFACT_TYPE="Q" QD_ID="8" MAX_SIZE="[NULL]" MIN_SIZE="[NULL]" IS_MANDATORY="F" IS_ACTIVE="T" IS_SEARCHABLE="F" IS_DYNAMIC="F" DESCRIPTION="Position title" REFERS_TO="[NULL]" LOCK_ID="[NULL]" MODIFIED_LABEL="position" UNIQUE_NUMBER="0.42733029065643613"/>
  <DYNAMIC_ATTRIBUTES ID="193" LABEL="Q18 Radio Name" TYPE="STRUCT" ARTEFACT_TYPE="Q" QD_ID="8" MAX_SIZE="[NULL]" MIN_SIZE="[NULL]" IS_MANDATORY="F" IS_ACTIVE="T" IS_SEARCHABLE="F" IS_DYNAMIC="F" DESCRIPTION="Line Item 1 - Radio Title" REFERS_TO="Q18RADIONAME0.9888896062744081169" LOCK_ID="[NULL]" MODIFIED_LABEL="multi_radio_0" UNIQUE_NUMBER="0.22236188589801809"/>
  <DYNAMIC_ATTRIBUTES ID="194" LABEL="Q19 Text Name" TYPE="TEXT" ARTEFACT_TYPE="Q" QD_ID="8" MAX_SIZE="[NULL]" MIN_SIZE="[NULL]" IS_MANDATORY="F" IS_ACTIVE="T" IS_SEARCHABLE="F" IS_DYNAMIC="F" DESCRIPTION="Line Item 1 - Text Title" REFERS_TO="[NULL]" LOCK_ID="[NULL]" MODIFIED_LABEL="multi_text_0" UNIQUE_NUMBER="0.6121765700786223"/>
  <DYNAMIC_ATTRIBUTES ID="195" LABEL="Q18 Radio Name" TYPE="STRUCT" ARTEFACT_TYPE="Q" QD_ID="8" MAX_SIZE="[NULL]" MIN_SIZE="[NULL]" IS_MANDATORY="F" IS_ACTIVE="T" IS_SEARCHABLE="F" IS_DYNAMIC="F" DESCRIPTION="Line Item 2 - Radio Title" REFERS_TO="Q18RADIONAME0.9888896062744081169" LOCK_ID="[NULL]" MODIFIED_LABEL="multi_radio_1" UNIQUE_NUMBER="0.7334300690314174"/>
  <DYNAMIC_ATTRIBUTES ID="196" LABEL="Q19 Text Name" TYPE="TEXT" ARTEFACT_TYPE="Q" QD_ID="8" MAX_SIZE="[NULL]" MIN_SIZE="[NULL]" IS_MANDATORY="F" IS_ACTIVE="T" IS_SEARCHABLE="F" IS_DYNAMIC="F" DESCRIPTION="Line Item 2 - Text Title" REFERS_TO="[NULL]" LOCK_ID="[NULL]" MODIFIED_LABEL="multi_text_1" UNIQUE_NUMBER="0.294584193842902"/>
  <DYNAMIC_ATTRIBUTES ID="197" LABEL="Q18 Radio Name" TYPE="STRUCT" ARTEFACT_TYPE="Q" QD_ID="8" MAX_SIZE="[NULL]" MIN_SIZE="[NULL]" IS_MANDATORY="F" IS_ACTIVE="T" IS_SEARCHABLE="F" IS_DYNAMIC="F" DESCRIPTION="Line Item 3 - Radio Title" REFERS_TO="Q18RADIONAME0.9888896062744081169" LOCK_ID="[NULL]" MODIFIED_LABEL="multi_radio_2" UNIQUE_NUMBER="0.42266413210698395"/>
  <DYNAMIC_ATTRIBUTES ID="198" LABEL="Q19 Text Name" TYPE="TEXT" ARTEFACT_TYPE="Q" QD_ID="8" MAX_SIZE="[NULL]" MIN_SIZE="[NULL]" IS_MANDATORY="F" IS_ACTIVE="T" IS_SEARCHABLE="F" IS_DYNAMIC="F" DESCRIPTION="Line Item 3 - Text Title" REFERS_TO="[NULL]" LOCK_ID="[NULL]" MODIFIED_LABEL="multi_text_2" UNIQUE_NUMBER="0.7065341289657626"/>
  <DYNAMIC_ATTRIBUTES ID="199" LABEL="Q20 Mandatory Image name" TYPE="IMG" ARTEFACT_TYPE="Q" QD_ID="8" MAX_SIZE="[NULL]" MIN_SIZE="[NULL]" IS_MANDATORY="T" IS_ACTIVE="T" IS_SEARCHABLE="F" IS_DYNAMIC="F" DESCRIPTION="Image title?" REFERS_TO="[NULL]" LOCK_ID="[NULL]" MODIFIED_LABEL="other_image" UNIQUE_NUMBER="0.5552916984355798"/>
  <DYNAMIC_ATTRIBUTES ID="200" LABEL="Q21 Radio Name2" TYPE="STRUCT" ARTEFACT_TYPE="Q" QD_ID="8" MAX_SIZE="[NULL]" MIN_SIZE="[NULL]" IS_MANDATORY="F" IS_ACTIVE="T" IS_SEARCHABLE="F" IS_DYNAMIC="F" DESCRIPTION="Lots of values Radio Title" REFERS_TO="Q21RADIONAME20.888558802573793170" LOCK_ID="[NULL]" MODIFIED_LABEL="long_radio" UNIQUE_NUMBER="0.8026002829415937"/>
  <DYNAMIC_ATTRIBUTES ID="201" LABEL="Q22 Checkbox Name2" TYPE="MULTISELECT" ARTEFACT_TYPE="Q" QD_ID="8" MAX_SIZE="[NULL]" MIN_SIZE="[NULL]" IS_MANDATORY="F" IS_ACTIVE="T" IS_SEARCHABLE="F" IS_DYNAMIC="F" DESCRIPTION="Lots of values Checkbox Title" REFERS_TO="Q22CHECKBOXNAME20.8934747671399529171" LOCK_ID="[NULL]" MODIFIED_LABEL="long_check" UNIQUE_NUMBER="0.892280691695373"/>
  <DYNAMIC_ATTRIBUTES ID="202" LABEL="Q23 Radio Name" TYPE="STRUCT" ARTEFACT_TYPE="Q" QD_ID="8" MAX_SIZE="[NULL]" MIN_SIZE="[NULL]" IS_MANDATORY="F" IS_ACTIVE="T" IS_SEARCHABLE="F" IS_DYNAMIC="F" DESCRIPTION=" - Radio Title" REFERS_TO="Q23RADIONAME0.6176082598827549172" LOCK_ID="[NULL]" MODIFIED_LABEL="multi_radio_copy_0" UNIQUE_NUMBER="0.9119226369566048"/>
  <DYNAMIC_ATTRIBUTES ID="203" LABEL="Q24 Text Name" TYPE="TEXT" ARTEFACT_TYPE="Q" QD_ID="8" MAX_SIZE="[NULL]" MIN_SIZE="[NULL]" IS_MANDATORY="F" IS_ACTIVE="T" IS_SEARCHABLE="F" IS_DYNAMIC="F" DESCRIPTION=" - Text Title" REFERS_TO="[NULL]" LOCK_ID="[NULL]" MODIFIED_LABEL="multi_text_copy_0" UNIQUE_NUMBER="0.07494015992274394"/>
  <DYNAMIC_ATTRIBUTES ID="204" LABEL="Q25 Target" TYPE="TEXT" ARTEFACT_TYPE="Q" QD_ID="8" MAX_SIZE="[NULL]" MIN_SIZE="[NULL]" IS_MANDATORY="F" IS_ACTIVE="T" IS_SEARCHABLE="F" IS_DYNAMIC="F" DESCRIPTION="Challenge - Please enter your Challenge target" REFERS_TO="[NULL]" LOCK_ID="[NULL]" MODIFIED_LABEL="target_0" UNIQUE_NUMBER="0.21339324397675274"/>
  <DYNAMIC_ATTRIBUTES ID="205" LABEL="Q26 Scaler" TYPE="STRUCT" ARTEFACT_TYPE="Q" QD_ID="8" MAX_SIZE="[NULL]" MIN_SIZE="[NULL]" IS_MANDATORY="F" IS_ACTIVE="T" IS_SEARCHABLE="F" IS_DYNAMIC="F" DESCRIPTION="Challenge - Scaler" REFERS_TO="Q26SCALER0.2648104166283449173" LOCK_ID="[NULL]" MODIFIED_LABEL="scaler_0" UNIQUE_NUMBER="0.4849565561689301"/>
  <DYNAMIC_ATTRIBUTES ID="206" LABEL="Q27 Comment" TYPE="TEXT" ARTEFACT_TYPE="Q" QD_ID="8" MAX_SIZE="[NULL]" MIN_SIZE="[NULL]" IS_MANDATORY="F" IS_ACTIVE="T" IS_SEARCHABLE="F" IS_DYNAMIC="F" DESCRIPTION="Challenge - Please enter your Challenge comment" REFERS_TO="[NULL]" LOCK_ID="[NULL]" MODIFIED_LABEL="comment_0" UNIQUE_NUMBER="0.7462649546136386"/>
  <DYNAMIC_ATTRIBUTES ID="207" LABEL="Q28 Target2" TYPE="TEXT" ARTEFACT_TYPE="Q" QD_ID="8" MAX_SIZE="[NULL]" MIN_SIZE="[NULL]" IS_MANDATORY="F" IS_ACTIVE="T" IS_SEARCHABLE="F" IS_DYNAMIC="F" DESCRIPTION="Contribution - Please enter your Contribution target" REFERS_TO="[NULL]" LOCK_ID="[NULL]" MODIFIED_LABEL="targetII_0" UNIQUE_NUMBER="0.6254575015571596"/>
  <DYNAMIC_ATTRIBUTES ID="208" LABEL="Q29 Scaler2" TYPE="STRUCT" ARTEFACT_TYPE="Q" QD_ID="8" MAX_SIZE="[NULL]" MIN_SIZE="[NULL]" IS_MANDATORY="F" IS_ACTIVE="T" IS_SEARCHABLE="F" IS_DYNAMIC="F" DESCRIPTION="Contribution - Scaler" REFERS_TO="Q29SCALER20.8444945076846399174" LOCK_ID="[NULL]" MODIFIED_LABEL="scalerII_0" UNIQUE_NUMBER="0.10872671544296009"/>
  <DYNAMIC_ATTRIBUTES ID="209" LABEL="Q30 Comment2" TYPE="TEXT" ARTEFACT_TYPE="Q" QD_ID="8" MAX_SIZE="[NULL]" MIN_SIZE="[NULL]" IS_MANDATORY="F" IS_ACTIVE="T" IS_SEARCHABLE="F" IS_DYNAMIC="F" DESCRIPTION="Contribution - Please enter your Contribution comment" REFERS_TO="[NULL]" LOCK_ID="[NULL]" MODIFIED_LABEL="commentII_0" UNIQUE_NUMBER="0.41680447638189777"/>
  <DYNAMIC_ATTRIBUTES ID="210" LABEL="Q31 Target" TYPE="TEXT" ARTEFACT_TYPE="Q" QD_ID="8" MAX_SIZE="[NULL]" MIN_SIZE="[NULL]" IS_MANDATORY="F" IS_ACTIVE="T" IS_SEARCHABLE="F" IS_DYNAMIC="F" DESCRIPTION="Achievement - Please enter your Achievement target" REFERS_TO="[NULL]" LOCK_ID="[NULL]" MODIFIED_LABEL="targetIII_0" UNIQUE_NUMBER="0.570204077972081"/>
  <DYNAMIC_ATTRIBUTES ID="211" LABEL="Q32 Scaler" TYPE="STRUCT" ARTEFACT_TYPE="Q" QD_ID="8" MAX_SIZE="[NULL]" MIN_SIZE="[NULL]" IS_MANDATORY="F" IS_ACTIVE="T" IS_SEARCHABLE="F" IS_DYNAMIC="F" DESCRIPTION="Achievement - Scaler" REFERS_TO="Q32SCALER0.2583211676339222175" LOCK_ID="[NULL]" MODIFIED_LABEL="scalerIII_0" UNIQUE_NUMBER="0.5771495583559658"/>
  <DYNAMIC_ATTRIBUTES ID="212" LABEL="Q33 Comment" TYPE="TEXT" ARTEFACT_TYPE="Q" QD_ID="8" MAX_SIZE="[NULL]" MIN_SIZE="[NULL]" IS_MANDATORY="F" IS_ACTIVE="T" IS_SEARCHABLE="F" IS_DYNAMIC="F" DESCRIPTION="Achievement - Please enter your Achievement comment" REFERS_TO="[NULL]" LOCK_ID="[NULL]" MODIFIED_LABEL="commentIII_0" UNIQUE_NUMBER="0.5167190437386704"/>
  <DYNAMIC_ATTR_REFERENCES/>
  <LOGINS USER_ID="3" USERNAME="testuser" PASSWORD="110A6EA11920EED4" EXPIRES="2007-04-11 00:00:00.0" LOCKED="F" FORCE_PWD_CHANGE="T" FAILED_LOGIN_ATTEMPTS="0"/>
  <QUE_DEFINITION_MODELS QUE_DEF_ID="8"/>
  <QUESTION_GROUPS ID="119" QUE_DEF_MODEL_ID="8" LABEL="GroupName - General group title" TITLE="[NULL]" DISPLAYABLE="T"/>
  <QUESTION_GROUPS ID="122" QUE_DEF_MODEL_ID="8" LABEL=" " TITLE="[NULL]" DISPLAYABLE="T"/>
  <QUESTION_GROUPS ID="124" QUE_DEF_MODEL_ID="8" LABEL="Name - Special &lt;&amp;&gt; characters" TITLE="[NULL]" DISPLAYABLE="T"/>
  <QUESTION_GROUPS ID="126" QUE_DEF_MODEL_ID="8" LABEL="Questions with different types of title value" TITLE="[NULL]" DISPLAYABLE="T"/>
  <QUESTION_GROUPS ID="135" QUE_DEF_MODEL_ID="8" LABEL="All Question Types" TITLE="[NULL]" DISPLAYABLE="T"/>
  <QUESTION_GROUPS ID="175" QUE_DEF_MODEL_ID="8" LABEL="Other Images" TITLE="[NULL]" DISPLAYABLE="T"/>
  <QUESTION_GROUPS ID="178" QUE_DEF_MODEL_ID="8" LABEL="Long list of values in checkbox and radio buttons" TITLE="[NULL]" DISPLAYABLE="T"/>
  <QUESTION_GROUPS ID="181" QUE_DEF_MODEL_ID="8" LABEL="MultiQuestion combinations" TITLE="[NULL]" DISPLAYABLE="T"/>
  <QUESTION_GROUPS ID="187" QUE_DEF_MODEL_ID="8" LABEL="Combinations of MultiQuestion Questions" TITLE="[NULL]" DISPLAYABLE="T"/>
  <MULTI_QUESTIONS QUE_GROUP_ID="135" LABEL="MultiQuestion Name" ID="136"/>
  <MULTI_QUESTIONS QUE_GROUP_ID="181" LABEL="[NULL]" ID="182"/>
  <MULTI_QUESTIONS QUE_GROUP_ID="187" LABEL="[NULL]" ID="188"/>
  <MULTI_QUESTIONS QUE_GROUP_ID="187" LABEL="[NULL]" ID="193"/>
  <MULTI_QUESTIONS QUE_GROUP_ID="187" LABEL="[NULL]" ID="198"/>
  <SUBJECTS CD_ID="3" NODE_ID="2" USER_ID="3" DATE_OF_BIRTH="[NULL]"/>
  <QUESTION_LINE_ITEMS ID="137" MULTI_QUESTION_ID="136" LABEL="Line Item 1" DYNAMIC="F"/>
  <QUESTION_LINE_ITEMS ID="140" MULTI_QUESTION_ID="136" LABEL="Line Item 2" DYNAMIC="F"/>
  <QUESTION_LINE_ITEMS ID="143" MULTI_QUESTION_ID="136" LABEL="Line Item 3" DYNAMIC="F"/>
  <QUESTION_LINE_ITEMS ID="183" MULTI_QUESTION_ID="182" LABEL="[NULL]" DYNAMIC="F"/>
  <QUESTION_LINE_ITEMS ID="189" MULTI_QUESTION_ID="188" LABEL="Challenge" DYNAMIC="F"/>
  <QUESTION_LINE_ITEMS ID="194" MULTI_QUESTION_ID="193" LABEL="Contribution" DYNAMIC="F"/>
  <QUESTION_LINE_ITEMS ID="199" MULTI_QUESTION_ID="198" LABEL="Achievement" DYNAMIC="F"/>
  <QUESTIONS ID="120" QUE_GROUP_ID="119" DA_ID="[NULL]" QUESTION_LINE_ITEM_ID="[NULL]" QUESTION_TYPE="[NULL]" NARRATIVE="Narrative - First narrative within the group" TITLE="[NULL]" TARGET="[NULL]" TEXT_ID="[NULL]" LENGTH="0" LABEL_DISPLAYABLE="F"/>
  <QUESTIONS ID="121" QUE_GROUP_ID="119" DA_ID="[NULL]" QUESTION_LINE_ITEM_ID="[NULL]" QUESTION_TYPE="[NULL]" NARRATIVE="Narrative - Second narrative within the group" TITLE="[NULL]" TARGET="[NULL]" TEXT_ID="[NULL]" LENGTH="0" LABEL_DISPLAYABLE="F"/>
  <QUESTIONS ID="123" QUE_GROUP_ID="122" DA_ID="[NULL]" QUESTION_LINE_ITEM_ID="[NULL]" QUESTION_TYPE="[NULL]" NARRATIVE="Narrative - Group with a single space for the name and no title." TITLE="[NULL]" TARGET="[NULL]" TEXT_ID="[NULL]" LENGTH="0" LABEL_DISPLAYABLE="F"/>
  <QUESTIONS ID="125" QUE_GROUP_ID="124" DA_ID="[NULL]" QUESTION_LINE_ITEM_ID="[NULL]" QUESTION_TYPE="[NULL]" NARRATIVE="Narrative - A group with name and title containing special &lt;&amp;&gt; characters" TITLE="[NULL]" TARGET="[NULL]" TEXT_ID="[NULL]" LENGTH="0" LABEL_DISPLAYABLE="F"/>
  <QUESTIONS ID="127" QUE_GROUP_ID="126" DA_ID="[NULL]" QUESTION_LINE_ITEM_ID="[NULL]" QUESTION_TYPE="[NULL]" NARRATIVE="Mandatory question with no title (hovertext) specified" TITLE="[NULL]" TARGET="[NULL]" TEXT_ID="[NULL]" LENGTH="0" LABEL_DISPLAYABLE="F"/>
  <QUESTIONS ID="128" QUE_GROUP_ID="126" DA_ID="176" QUESTION_LINE_ITEM_ID="[NULL]" QUESTION_TYPE="TEXT" NARRATIVE="[NULL]" TITLE="[NULL]" TARGET="[NULL]" TEXT_ID="no_title" LENGTH="0" LABEL_DISPLAYABLE="F"/>
  <QUESTIONS ID="129" QUE_GROUP_ID="126" DA_ID="[NULL]" QUESTION_LINE_ITEM_ID="[NULL]" QUESTION_TYPE="[NULL]" NARRATIVE="Non-Mandatory question with an empty title (hovertext) specified" TITLE="[NULL]" TARGET="[NULL]" TEXT_ID="[NULL]" LENGTH="0" LABEL_DISPLAYABLE="F"/>
  <QUESTIONS ID="130" QUE_GROUP_ID="126" DA_ID="177" QUESTION_LINE_ITEM_ID="[NULL]" QUESTION_TYPE="TEXT" NARRATIVE="[NULL]" TITLE="[NULL]" TARGET="[NULL]" TEXT_ID="blank_title" LENGTH="0" LABEL_DISPLAYABLE="F"/>
  <QUESTIONS ID="131" QUE_GROUP_ID="126" DA_ID="[NULL]" QUESTION_LINE_ITEM_ID="[NULL]" QUESTION_TYPE="[NULL]" NARRATIVE="Question with no mandatory attribute specified (should default to optional) and
				a title (hovertext) specified as a single space character." TITLE="[NULL]" TARGET="[NULL]" TEXT_ID="[NULL]" LENGTH="0" LABEL_DISPLAYABLE="F"/>
  <QUESTIONS ID="132" QUE_GROUP_ID="126" DA_ID="178" QUESTION_LINE_ITEM_ID="[NULL]" QUESTION_TYPE="TEXT" NARRATIVE="[NULL]" TITLE=" " TARGET="[NULL]" TEXT_ID="space_title" LENGTH="0" LABEL_DISPLAYABLE="F"/>
  <QUESTIONS ID="133" QUE_GROUP_ID="126" DA_ID="[NULL]" QUESTION_LINE_ITEM_ID="[NULL]" QUESTION_TYPE="[NULL]" NARRATIVE="Mandatory question with title (hovertext)" TITLE="[NULL]" TARGET="[NULL]" TEXT_ID="[NULL]" LENGTH="0" LABEL_DISPLAYABLE="F"/>
  <QUESTIONS ID="134" QUE_GROUP_ID="126" DA_ID="179" QUESTION_LINE_ITEM_ID="[NULL]" QUESTION_TYPE="TEXT" NARRATIVE="[NULL]" TITLE="This is the title" TARGET="[NULL]" TEXT_ID="first_title" LENGTH="0" LABEL_DISPLAYABLE="F"/>
  <QUESTIONS ID="138" QUE_GROUP_ID="[NULL]" DA_ID="193" QUESTION_LINE_ITEM_ID="137" QUESTION_TYPE="RADIO" NARRATIVE="[NULL]" TITLE="Radio Title" TARGET="[NULL]" TEXT_ID="multi_radio_0" LENGTH="0" LABEL_DISPLAYABLE="F"/>
  <QUESTIONS ID="139" QUE_GROUP_ID="[NULL]" DA_ID="194" QUESTION_LINE_ITEM_ID="137" QUESTION_TYPE="TEXT" NARRATIVE="[NULL]" TITLE="Text Title" TARGET="[NULL]" TEXT_ID="multi_text_0" LENGTH="0" LABEL_DISPLAYABLE="F"/>
  <QUESTIONS ID="141" QUE_GROUP_ID="[NULL]" DA_ID="195" QUESTION_LINE_ITEM_ID="140" QUESTION_TYPE="RADIO" NARRATIVE="[NULL]" TITLE="Radio Title" TARGET="[NULL]" TEXT_ID="multi_radio_1" LENGTH="0" LABEL_DISPLAYABLE="F"/>
  <QUESTIONS ID="142" QUE_GROUP_ID="[NULL]" DA_ID="196" QUESTION_LINE_ITEM_ID="140" QUESTION_TYPE="TEXT" NARRATIVE="[NULL]" TITLE="Text Title" TARGET="[NULL]" TEXT_ID="multi_text_1" LENGTH="0" LABEL_DISPLAYABLE="F"/>
  <QUESTIONS ID="144" QUE_GROUP_ID="[NULL]" DA_ID="197" QUESTION_LINE_ITEM_ID="143" QUESTION_TYPE="RADIO" NARRATIVE="[NULL]" TITLE="Radio Title" TARGET="[NULL]" TEXT_ID="multi_radio_2" LENGTH="0" LABEL_DISPLAYABLE="F"/>
  <QUESTIONS ID="145" QUE_GROUP_ID="[NULL]" DA_ID="198" QUESTION_LINE_ITEM_ID="143" QUESTION_TYPE="TEXT" NARRATIVE="[NULL]" TITLE="Text Title" TARGET="[NULL]" TEXT_ID="multi_text_2" LENGTH="0" LABEL_DISPLAYABLE="F"/>
  <QUESTIONS ID="146" QUE_GROUP_ID="135" DA_ID="[NULL]" QUESTION_LINE_ITEM_ID="[NULL]" QUESTION_TYPE="[NULL]" NARRATIVE="This group contains one of each type of question" TITLE="[NULL]" TARGET="[NULL]" TEXT_ID="[NULL]" LENGTH="0" LABEL_DISPLAYABLE="F"/>
  <QUESTIONS ID="147" QUE_GROUP_ID="135" DA_ID="[NULL]" QUESTION_LINE_ITEM_ID="[NULL]" QUESTION_TYPE="[NULL]" NARRATIVE="Text" TITLE="[NULL]" TARGET="[NULL]" TEXT_ID="[NULL]" LENGTH="0" LABEL_DISPLAYABLE="F"/>
  <QUESTIONS ID="148" QUE_GROUP_ID="135" DA_ID="180" QUESTION_LINE_ITEM_ID="[NULL]" QUESTION_TYPE="TEXT" NARRATIVE="[NULL]" TITLE="Text Title" TARGET="[NULL]" TEXT_ID="text" LENGTH="0" LABEL_DISPLAYABLE="F"/>
  <QUESTIONS ID="149" QUE_GROUP_ID="135" DA_ID="[NULL]" QUESTION_LINE_ITEM_ID="[NULL]" QUESTION_TYPE="[NULL]" NARRATIVE="Date" TITLE="[NULL]" TARGET="[NULL]" TEXT_ID="[NULL]" LENGTH="0" LABEL_DISPLAYABLE="F"/>
  <QUESTIONS ID="150" QUE_GROUP_ID="135" DA_ID="181" QUESTION_LINE_ITEM_ID="[NULL]" QUESTION_TYPE="DATE" NARRATIVE="[NULL]" TITLE="Date Title" TARGET="[NULL]" TEXT_ID="date" LENGTH="0" LABEL_DISPLAYABLE="F"/>
  <QUESTIONS ID="151" QUE_GROUP_ID="135" DA_ID="[NULL]" QUESTION_LINE_ITEM_ID="[NULL]" QUESTION_TYPE="[NULL]" NARRATIVE="Integer" TITLE="[NULL]" TARGET="[NULL]" TEXT_ID="[NULL]" LENGTH="0" LABEL_DISPLAYABLE="F"/>
  <QUESTIONS ID="152" QUE_GROUP_ID="135" DA_ID="182" QUESTION_LINE_ITEM_ID="[NULL]" QUESTION_TYPE="INTEGER" NARRATIVE="[NULL]" TITLE="Integer Title" TARGET="[NULL]" TEXT_ID="integer" LENGTH="0" LABEL_DISPLAYABLE="F"/>
  <QUESTIONS ID="153" QUE_GROUP_ID="135" DA_ID="[NULL]" QUESTION_LINE_ITEM_ID="[NULL]" QUESTION_TYPE="[NULL]" NARRATIVE="Positive Integer" TITLE="[NULL]" TARGET="[NULL]" TEXT_ID="[NULL]" LENGTH="0" LABEL_DISPLAYABLE="F"/>
  <QUESTIONS ID="154" QUE_GROUP_ID="135" DA_ID="183" QUESTION_LINE_ITEM_ID="[NULL]" QUESTION_TYPE="POSITIVEINTEGER" NARRATIVE="[NULL]" TITLE="Positive Integer Title" TARGET="[NULL]" TEXT_ID="positiveinteger" LENGTH="0" LABEL_DISPLAYABLE="F"/>
  <QUESTIONS ID="155" QUE_GROUP_ID="135" DA_ID="[NULL]" QUESTION_LINE_ITEM_ID="[NULL]" QUESTION_TYPE="[NULL]" NARRATIVE="Textbox" TITLE="[NULL]" TARGET="[NULL]" TEXT_ID="[NULL]" LENGTH="0" LABEL_DISPLAYABLE="F"/>
  <QUESTIONS ID="156" QUE_GROUP_ID="135" DA_ID="184" QUESTION_LINE_ITEM_ID="[NULL]" QUESTION_TYPE="TEXTBOX" NARRATIVE="[NULL]" TITLE="Textbox Title" TARGET="[NULL]" TEXT_ID="textbox" LENGTH="0" LABEL_DISPLAYABLE="F"/>
  <QUESTIONS ID="157" QUE_GROUP_ID="135" DA_ID="[NULL]" QUESTION_LINE_ITEM_ID="[NULL]" QUESTION_TYPE="[NULL]" NARRATIVE="Select" TITLE="[NULL]" TARGET="[NULL]" TEXT_ID="[NULL]" LENGTH="0" LABEL_DISPLAYABLE="F"/>
  <QUESTIONS ID="158" QUE_GROUP_ID="135" DA_ID="185" QUESTION_LINE_ITEM_ID="[NULL]" QUESTION_TYPE="SELECT" NARRATIVE="[NULL]" TITLE="Select Title" TARGET="Select Value1" TEXT_ID="select" LENGTH="0" LABEL_DISPLAYABLE="F"/>
  <QUESTIONS ID="159" QUE_GROUP_ID="135" DA_ID="[NULL]" QUESTION_LINE_ITEM_ID="[NULL]" QUESTION_TYPE="[NULL]" NARRATIVE="MultiSelect" TITLE="[NULL]" TARGET="[NULL]" TEXT_ID="[NULL]" LENGTH="0" LABEL_DISPLAYABLE="F"/>
  <QUESTIONS ID="160" QUE_GROUP_ID="135" DA_ID="186" QUESTION_LINE_ITEM_ID="[NULL]" QUESTION_TYPE="MULTISELECT" NARRATIVE="[NULL]" TITLE="MultiSelect Title" TARGET="MultiSelect Value1" TEXT_ID="multiselect" LENGTH="0" LABEL_DISPLAYABLE="F"/>
  <QUESTIONS ID="161" QUE_GROUP_ID="135" DA_ID="[NULL]" QUESTION_LINE_ITEM_ID="[NULL]" QUESTION_TYPE="[NULL]" NARRATIVE="Radio" TITLE="[NULL]" TARGET="[NULL]" TEXT_ID="[NULL]" LENGTH="0" LABEL_DISPLAYABLE="F"/>
  <QUESTIONS ID="162" QUE_GROUP_ID="135" DA_ID="187" QUESTION_LINE_ITEM_ID="[NULL]" QUESTION_TYPE="RADIO" NARRATIVE="[NULL]" TITLE="Radio Title" TARGET="Radio Value1" TEXT_ID="radio" LENGTH="0" LABEL_DISPLAYABLE="F"/>
  <QUESTIONS ID="163" QUE_GROUP_ID="135" DA_ID="[NULL]" QUESTION_LINE_ITEM_ID="[NULL]" QUESTION_TYPE="[NULL]" NARRATIVE="Checkbox" TITLE="[NULL]" TARGET="[NULL]" TEXT_ID="[NULL]" LENGTH="0" LABEL_DISPLAYABLE="F"/>
  <QUESTIONS ID="164" QUE_GROUP_ID="135" DA_ID="188" QUESTION_LINE_ITEM_ID="[NULL]" QUESTION_TYPE="CHECKBOX" NARRATIVE="[NULL]" TITLE="Checkbox Title" TARGET="Checkbox Value1" TEXT_ID="checkbox" LENGTH="0" LABEL_DISPLAYABLE="F"/>
  <QUESTIONS ID="165" QUE_GROUP_ID="135" DA_ID="[NULL]" QUESTION_LINE_ITEM_ID="[NULL]" QUESTION_TYPE="[NULL]" NARRATIVE="Image" TITLE="[NULL]" TARGET="[NULL]" TEXT_ID="[NULL]" LENGTH="0" LABEL_DISPLAYABLE="F"/>
  <QUESTIONS ID="166" QUE_GROUP_ID="135" DA_ID="189" QUESTION_LINE_ITEM_ID="[NULL]" QUESTION_TYPE="IMAGE" NARRATIVE="[NULL]" TITLE="Image title?" TARGET="[NULL]" TEXT_ID="image" LENGTH="0" LABEL_DISPLAYABLE="F"/>
  <QUESTIONS ID="167" QUE_GROUP_ID="135" DA_ID="[NULL]" QUESTION_LINE_ITEM_ID="[NULL]" QUESTION_TYPE="[NULL]" NARRATIVE="Organisation" TITLE="[NULL]" TARGET="[NULL]" TEXT_ID="[NULL]" LENGTH="0" LABEL_DISPLAYABLE="F"/>
  <QUESTIONS ID="168" QUE_GROUP_ID="135" DA_ID="190" QUESTION_LINE_ITEM_ID="[NULL]" QUESTION_TYPE="ORGANISATION" NARRATIVE="[NULL]" TITLE="Organisation title" TARGET="[NULL]" TEXT_ID="organisation" LENGTH="0" LABEL_DISPLAYABLE="F"/>
  <QUESTIONS ID="169" QUE_GROUP_ID="135" DA_ID="[NULL]" QUESTION_LINE_ITEM_ID="[NULL]" QUESTION_TYPE="[NULL]" NARRATIVE="Subject" TITLE="[NULL]" TARGET="[NULL]" TEXT_ID="[NULL]" LENGTH="0" LABEL_DISPLAYABLE="F"/>
  <QUESTIONS ID="170" QUE_GROUP_ID="135" DA_ID="191" QUESTION_LINE_ITEM_ID="[NULL]" QUESTION_TYPE="SUBJECT" NARRATIVE="[NULL]" TITLE="Subject Name title" TARGET="[NULL]" TEXT_ID="subject" LENGTH="0" LABEL_DISPLAYABLE="F"/>
  <QUESTIONS ID="171" QUE_GROUP_ID="135" DA_ID="[NULL]" QUESTION_LINE_ITEM_ID="[NULL]" QUESTION_TYPE="[NULL]" NARRATIVE="Position" TITLE="[NULL]" TARGET="[NULL]" TEXT_ID="[NULL]" LENGTH="0" LABEL_DISPLAYABLE="F"/>
  <QUESTIONS ID="172" QUE_GROUP_ID="135" DA_ID="192" QUESTION_LINE_ITEM_ID="[NULL]" QUESTION_TYPE="POSITION" NARRATIVE="[NULL]" TITLE="Position title" TARGET="[NULL]" TEXT_ID="position" LENGTH="0" LABEL_DISPLAYABLE="F"/>
  <QUESTIONS ID="173" QUE_GROUP_ID="135" DA_ID="[NULL]" QUESTION_LINE_ITEM_ID="[NULL]" QUESTION_TYPE="[NULL]" NARRATIVE="MultiQuestion" TITLE="[NULL]" TARGET="[NULL]" TEXT_ID="[NULL]" LENGTH="0" LABEL_DISPLAYABLE="F"/>
  <QUESTIONS ID="174" QUE_GROUP_ID="135" DA_ID="[NULL]" QUESTION_LINE_ITEM_ID="[NULL]" QUESTION_TYPE="[NULL]" NARRATIVE="End of group containing all types of questions" TITLE="[NULL]" TARGET="[NULL]" TEXT_ID="[NULL]" LENGTH="0" LABEL_DISPLAYABLE="F"/>
  <QUESTIONS ID="176" QUE_GROUP_ID="175" DA_ID="[NULL]" QUESTION_LINE_ITEM_ID="[NULL]" QUESTION_TYPE="[NULL]" NARRATIVE="A mandatory image" TITLE="[NULL]" TARGET="[NULL]" TEXT_ID="[NULL]" LENGTH="0" LABEL_DISPLAYABLE="F"/>
  <QUESTIONS ID="177" QUE_GROUP_ID="175" DA_ID="199" QUESTION_LINE_ITEM_ID="[NULL]" QUESTION_TYPE="IMAGE" NARRATIVE="[NULL]" TITLE="Image title?" TARGET="[NULL]" TEXT_ID="other_image" LENGTH="0" LABEL_DISPLAYABLE="F"/>
  <QUESTIONS ID="179" QUE_GROUP_ID="178" DA_ID="200" QUESTION_LINE_ITEM_ID="[NULL]" QUESTION_TYPE="RADIO" NARRATIVE="[NULL]" TITLE="Lots of values Radio Title" TARGET="Radio Value1" TEXT_ID="long_radio" LENGTH="0" LABEL_DISPLAYABLE="F"/>
  <QUESTIONS ID="180" QUE_GROUP_ID="178" DA_ID="201" QUESTION_LINE_ITEM_ID="[NULL]" QUESTION_TYPE="CHECKBOX" NARRATIVE="[NULL]" TITLE="Lots of values Checkbox Title" TARGET="Checkbox Value1" TEXT_ID="long_check" LENGTH="0" LABEL_DISPLAYABLE="F"/>
  <QUESTIONS ID="184" QUE_GROUP_ID="[NULL]" DA_ID="202" QUESTION_LINE_ITEM_ID="183" QUESTION_TYPE="RADIO" NARRATIVE="[NULL]" TITLE="Radio Title" TARGET="[NULL]" TEXT_ID="multi_radio_copy_0" LENGTH="0" LABEL_DISPLAYABLE="F"/>
  <QUESTIONS ID="185" QUE_GROUP_ID="[NULL]" DA_ID="203" QUESTION_LINE_ITEM_ID="183" QUESTION_TYPE="TEXT" NARRATIVE="[NULL]" TITLE="Text Title" TARGET="[NULL]" TEXT_ID="multi_text_copy_0" LENGTH="0" LABEL_DISPLAYABLE="F"/>
  <QUESTIONS ID="186" QUE_GROUP_ID="181" DA_ID="[NULL]" QUESTION_LINE_ITEM_ID="[NULL]" QUESTION_TYPE="[NULL]" NARRATIVE="A MultiQuestion question with a line item with no text specified" TITLE="[NULL]" TARGET="[NULL]" TEXT_ID="[NULL]" LENGTH="0" LABEL_DISPLAYABLE="F"/>
  <QUESTIONS ID="190" QUE_GROUP_ID="[NULL]" DA_ID="204" QUESTION_LINE_ITEM_ID="189" QUESTION_TYPE="TEXT" NARRATIVE="[NULL]" TITLE="Please enter your Challenge target" TARGET="[NULL]" TEXT_ID="target_0" LENGTH="0" LABEL_DISPLAYABLE="F"/>
  <QUESTIONS ID="191" QUE_GROUP_ID="[NULL]" DA_ID="205" QUESTION_LINE_ITEM_ID="189" QUESTION_TYPE="SELECT" NARRATIVE="[NULL]" TITLE="Scaler" TARGET="[NULL]" TEXT_ID="scaler_0" LENGTH="0" LABEL_DISPLAYABLE="F"/>
  <QUESTIONS ID="192" QUE_GROUP_ID="[NULL]" DA_ID="206" QUESTION_LINE_ITEM_ID="189" QUESTION_TYPE="TEXT" NARRATIVE="[NULL]" TITLE="Please enter your Challenge comment" TARGET="[NULL]" TEXT_ID="comment_0" LENGTH="0" LABEL_DISPLAYABLE="F"/>
  <QUESTIONS ID="195" QUE_GROUP_ID="[NULL]" DA_ID="207" QUESTION_LINE_ITEM_ID="194" QUESTION_TYPE="TEXT" NARRATIVE="[NULL]" TITLE="Please enter your Contribution target" TARGET="[NULL]" TEXT_ID="targetII_0" LENGTH="0" LABEL_DISPLAYABLE="F"/>
  <QUESTIONS ID="196" QUE_GROUP_ID="[NULL]" DA_ID="208" QUESTION_LINE_ITEM_ID="194" QUESTION_TYPE="SELECT" NARRATIVE="[NULL]" TITLE="Scaler" TARGET="[NULL]" TEXT_ID="scalerII_0" LENGTH="0" LABEL_DISPLAYABLE="F"/>
  <QUESTIONS ID="197" QUE_GROUP_ID="[NULL]" DA_ID="209" QUESTION_LINE_ITEM_ID="194" QUESTION_TYPE="TEXT" NARRATIVE="[NULL]" TITLE="Please enter your Contribution comment" TARGET="[NULL]" TEXT_ID="commentII_0" LENGTH="0" LABEL_DISPLAYABLE="F"/>
  <QUESTIONS ID="200" QUE_GROUP_ID="[NULL]" DA_ID="210" QUESTION_LINE_ITEM_ID="199" QUESTION_TYPE="TEXT" NARRATIVE="[NULL]" TITLE="Please enter your Achievement target" TARGET="[NULL]" TEXT_ID="targetIII_0" LENGTH="0" LABEL_DISPLAYABLE="F"/>
  <QUESTIONS ID="201" QUE_GROUP_ID="[NULL]" DA_ID="211" QUESTION_LINE_ITEM_ID="199" QUESTION_TYPE="SELECT" NARRATIVE="[NULL]" TITLE="Scaler" TARGET="[NULL]" TEXT_ID="scalerIII_0" LENGTH="0" LABEL_DISPLAYABLE="F"/>
  <QUESTIONS ID="202" QUE_GROUP_ID="[NULL]" DA_ID="212" QUESTION_LINE_ITEM_ID="199" QUESTION_TYPE="TEXT" NARRATIVE="[NULL]" TITLE="Please enter your Achievement comment" TARGET="[NULL]" TEXT_ID="commentIII_0" LENGTH="0" LABEL_DISPLAYABLE="F"/>
  <QUESTIONS ID="203" QUE_GROUP_ID="187" DA_ID="[NULL]" QUESTION_LINE_ITEM_ID="[NULL]" QUESTION_TYPE="[NULL]" NARRATIVE="Three MultiQuestion questions, each with no name and only one line item." TITLE="[NULL]" TARGET="[NULL]" TEXT_ID="[NULL]" LENGTH="0" LABEL_DISPLAYABLE="F"/>
</dataset>
