<?xml version='1.0' encoding='UTF-8'?>
<dataset>
  <NODES ID="-11" NODE_TYPE="OBJ" COMMENTS="[NULL]" IS_ACTIVE="T"/>
  <NODES ID="-3" NODE_TYPE="OBJ" COMMENTS="[NULL]" IS_ACTIVE="T"/>
  <NODES ID="-4" NODE_TYPE="OBJ" COMMENTS="[NULL]" IS_ACTIVE="T"/>

  <OBJECTIVE_SETS ID="-1" TYPE="CORPORATE" OBJ_DEF_ID="-1" SUBJECT_ID="[NULL]" ORG_UNIT_ID="[NULL]" IS_APPROVED="F" LABEL="Objective Set 1" PUBLISHED_DATE="[NULL]" STATUS="PUBLISHED" EXPIRY_DATE="2007-06-04 15:51:51.0" LAST_MODIFIED_DATE="2007-06-04 15:51:51.0" ACTION_REQUIRED="NO_ACTION" ACTION_GROUP="UNASSIGNED"/>
  <OBJECTIVES NODE_ID="-11" LABEL="Goal 1_1" STATUS="OPEN" DESCRIPTION="This is the first goal." OBJECTIVE_SET_ID="-1" DATE_CREATED="2007-06-04 15:50:08.0" DATE_UPDATED="2007-06-04 15:51:51.0" DATE_APPROVED="[NULL]" CREATED_BY="1" UPDATED_BY="1" PARENT_ID="[NULL]"/>
  <OBJECTIVES NODE_ID="-3" LABEL="Goal 1_2" STATUS="OPEN" DESCRIPTION="This is the second goal." OBJECTIVE_SET_ID="-1" DATE_CREATED="2007-06-04 15:50:08.0" DATE_UPDATED="2007-06-04 15:51:51.0" DATE_APPROVED="[NULL]" CREATED_BY="1" UPDATED_BY="1" PARENT_ID="[NULL]"/>
  <OBJECTIVES NODE_ID="-4" LABEL="Goal 1_3" STATUS="OPEN" DESCRIPTION="This is the third goal." OBJECTIVE_SET_ID="-1" DATE_CREATED="2007-06-04 15:50:08.0" DATE_UPDATED="2007-06-04 15:51:51.0" DATE_APPROVED="[NULL]" CREATED_BY="1" UPDATED_BY="1" PARENT_ID="[NULL]"/>
</dataset>
