<?xml version='1.0' encoding='UTF-8'?>
<dataset>
    <NODES ID="2" NODE_TYPE="O" IS_ACTIVE="T"/>
    <NODES ID="3" NODE_TYPE="O" IS_ACTIVE="T"/>
    <NODES ID="4" NODE_TYPE="O" IS_ACTIVE="T"/>
    <NODES ID="5" NODE_TYPE="O" IS_ACTIVE="T"/>
    <NODES ID="6" NODE_TYPE="O" IS_ACTIVE="T"/>
    <NODES ID="7" NODE_TYPE="O" IS_ACTIVE="T"/>

    <!-- Head of IT is inactive -->
    <NODES ID="8" NODE_TYPE="O" IS_ACTIVE="F"/>

    <ORGANIZATION_UNITS NODE_ID="2" PARENT_ID="0" LABEL="Marketing"/>
    <ORGANIZATION_UNITS NODE_ID="3" PARENT_ID="0" LABEL="Accounts"/>
    <ORGANIZATION_UNITS NODE_ID="4" PARENT_ID="0" LABEL="IT"/>
    <ORGANIZATION_UNITS NODE_ID="5" PARENT_ID="4" LABEL="Engineering"/>

    <POSITIONS NODE_ID="6" PARENT_ID="1" ORG_UNIT_ID="2" TITLE="Head Of Marketing"/>
    <POSITIONS NODE_ID="7" PARENT_ID="1" ORG_UNIT_ID="3" TITLE="Head Of Accounts"/>
    <POSITIONS NODE_ID="8" PARENT_ID="1" ORG_UNIT_ID="4" TITLE="Head of IT"/>

    <POSITION_ASSOCIATIONS ID="43" SOURCE_ID="6" TARGET_ID="1" VALUE_ID="19"/>
    <POSITION_ASSOCIATIONS ID="44" SOURCE_ID="6" TARGET_ID="7" VALUE_ID="21"/>
    <POSITION_ASSOCIATIONS ID="45" SOURCE_ID="7" TARGET_ID="1" VALUE_ID="19"/>
    <POSITION_ASSOCIATIONS ID="46" SOURCE_ID="8" TARGET_ID="1" VALUE_ID="19"/>
</dataset>
