<?xml version='1.0' encoding='UTF-8'?>
<dataset>
  <CORE_DETAILS ID="3" FIRST_NAME="Daniel" TITLE="Mr" PREF_GIVEN_NAME="Danny" SECOND_NAME="Deronda"/>
  <CORE_DETAILS ID="4" FIRST_NAME="Jane" TITLE="Miss" PREF_GIVEN_NAME="Janey" SECOND_NAME="Eyre"/>
  <CORE_DETAILS ID="21" FIRST_NAME="Jules" TITLE="Mr" PREF_GIVEN_NAME="Jul" SECOND_NAME="Verne"/>
  <CORE_DETAILS ID="22" FIRST_NAME="Santa" TITLE="Mrs" PREF_GIVEN_NAME="Santa" SECOND_NAME="Battaglia"/>
  <CORE_DETAILS ID="23" FIRST_NAME="Oliver" TITLE="Mr" PREF_GIVEN_NAME="Olly" SECOND_NAME="Twist"/>
  <USERS CD_ID="3" ID="3" USER_TYPE="SYSTEMSUBJECT" IS_ACTIVE="T" IS_ROOT="F"/>
  <USERS CD_ID="21" ID="21" USER_TYPE="SYSTEMSUBJECT" IS_ACTIVE="T" IS_ROOT="F"/>
  <USERS CD_ID="23" ID="22" USER_TYPE="SYSTEMSUBJECT" IS_ACTIVE="T" IS_ROOT="F"/>
  <APP_ROLES_USERS USER_ID="3" ROLE_ID="8"/>
  <APP_ROLES_USERS USER_ID="21" ROLE_ID="8"/>
  <APP_ROLES_USERS USER_ID="22" ROLE_ID="8"/>
  <NODES ID="2" NODE_TYPE="O" IS_ACTIVE="T"/>
  <NODES ID="3" NODE_TYPE="O" IS_ACTIVE="T"/>
  <NODES ID="4" NODE_TYPE="O" IS_ACTIVE="T"/>
  <NODES ID="5" NODE_TYPE="O" IS_ACTIVE="T"/>
  <NODES ID="6" NODE_TYPE="O" IS_ACTIVE="F"/>
  <NODES ID="7" NODE_TYPE="P" IS_ACTIVE="T"/>
  <NODES ID="8" NODE_TYPE="P" IS_ACTIVE="T"/>
  <NODES ID="9" NODE_TYPE="P" IS_ACTIVE="T"/>
  <NODES ID="10" NODE_TYPE="S" IS_ACTIVE="T"/>
  <NODES ID="11" NODE_TYPE="S" IS_ACTIVE="T"/>
  <NODES ID="21" NODE_TYPE="S" IS_ACTIVE="T"/>
  <NODES ID="22" NODE_TYPE="S" IS_ACTIVE="T"/>
  <NODES ID="23" NODE_TYPE="S" IS_ACTIVE="T"/>
  <LOGINS USER_ID="3" USERNAME="daniel" PASSWORD="E9AF2190C5E63E66" EXPIRES="2016-04-30" LOCKED="F" FORCE_PWD_CHANGE="F"/>
  <LOGINS USER_ID="21" USERNAME="jules" PASSWORD="788DD935141A9E65" EXPIRES="2016-04-30" LOCKED="F" FORCE_PWD_CHANGE="F"/>
  <LOGINS USER_ID="22" USERNAME="oliver" PASSWORD="DD8AED00B4FEBD40" EXPIRES="2016-04-30" LOCKED="F" FORCE_PWD_CHANGE="F"/>
  <ORGANIZATION_UNITS NODE_ID="2" PARENT_ID="0" LABEL="Marketing"/>
  <ORGANIZATION_UNITS NODE_ID="3" PARENT_ID="0" LABEL="IT"/>
  <ORGANIZATION_UNITS NODE_ID="4" PARENT_ID="3" LABEL="Maintenance"/>
  <ORGANIZATION_UNITS NODE_ID="5" PARENT_ID="3" LABEL="Development"/>
  <ORGANIZATION_UNITS NODE_ID="6" PARENT_ID="5" LABEL="Java"/>
  <SUBJECTS CD_ID="3" NODE_ID="10" USER_ID="3"/>
  <SUBJECTS CD_ID="4" NODE_ID="11"/>
  <SUBJECTS CD_ID="21" NODE_ID="21" USER_ID="21"/>
  <SUBJECTS CD_ID="22" NODE_ID="22"/>
  <SUBJECTS CD_ID="23" NODE_ID="23" USER_ID="22"/>
  <POSITIONS NODE_ID="7" PARENT_ID="1" ORG_UNIT_ID="3" TITLE="Head of IT"/>
  <POSITIONS NODE_ID="8" PARENT_ID="7" ORG_UNIT_ID="4" TITLE="Head of Maintenance"/>
  <POSITIONS NODE_ID="9" PARENT_ID="7" ORG_UNIT_ID="5" TITLE="Head Of Development"/>
  <POSITION_ASSOCIATIONS ID="21" SOURCE_ID="7" TARGET_ID="1" VALUE_ID="19"/>
  <POSITION_ASSOCIATIONS ID="22" SOURCE_ID="8" TARGET_ID="7" VALUE_ID="19"/>
  <POSITION_ASSOCIATIONS ID="23" SOURCE_ID="9" TARGET_ID="7" VALUE_ID="19"/>
  <SUBJECT_ASSOCIATIONS VALUE_ID="399" ID="24" POSITION_ID="1" SUBJECT_ID="10"/>
  <SUBJECT_ASSOCIATIONS VALUE_ID="400" ID="26" POSITION_ID="7" SUBJECT_ID="11"/>
  <SUBJECT_ASSOCIATIONS VALUE_ID="399" ID="28" POSITION_ID="8" SUBJECT_ID="21"/>
  <SUBJECT_ASSOCIATIONS VALUE_ID="401" ID="30" POSITION_ID="9" SUBJECT_ID="22"/>
</dataset>
