<?xml version='1.0' encoding='UTF-8'?>
<dataset>
  <NODES ID="2" NODE_TYPE="P" IS_ACTIVE="T"/>
  <NODES ID="3" NODE_TYPE="O" IS_ACTIVE="T"/>
  <NODES ID="4" NODE_TYPE="O" IS_ACTIVE="T"/>
  <NODES ID="5" NODE_TYPE="P" IS_ACTIVE="T"/>
  <NODES ID="6" NODE_TYPE="P" IS_ACTIVE="T"/>
  <NODES ID="41" NODE_TYPE="O" IS_ACTIVE="T"/>
  <NODES ID="42" NODE_TYPE="O" IS_ACTIVE="T"/>
  <NODES ID="43" NODE_TYPE="P" IS_ACTIVE="T"/>
  <NODES ID="44" NODE_TYPE="O" IS_ACTIVE="F"/>
  <NODES ID="45" NODE_TYPE="O" IS_ACTIVE="F"/>
  <NODES ID="61" NODE_TYPE="P" IS_ACTIVE="T"/>
  <NODES ID="62" NODE_TYPE="P" IS_ACTIVE="T"/>
  <NODES ID="63" NODE_TYPE="P" IS_ACTIVE="T"/>
  <NODES ID="64" NODE_TYPE="P" IS_ACTIVE="T"/>
  <NODES ID="65" NODE_TYPE="P" IS_ACTIVE="T"/>
  <NODES ID="66" NODE_TYPE="P" IS_ACTIVE="T"/>
  <NODES ID="67" NODE_TYPE="P" IS_ACTIVE="T"/>
  <NODES ID="68" NODE_TYPE="P" IS_ACTIVE="T"/>

  <LOOKUP_TYPES ID="RATING181" DESCRIPTION="Rating" TYPE="USER" IS_ACTIVE="T" IS_SYSTEM="F" LABEL="Test Rating"/>

  <LOOKUP_VALUES ID="501" TYPE_ID="RATING181" VALUE_ID="LOW" SHORT_DESC="Low" DESCRIPTION="Low" IS_ACTIVE="T" IS_SYSTEM="F" SORT_ORDER="0"/>
  <LOOKUP_VALUES ID="502" TYPE_ID="RATING181" VALUE_ID="MEDIUM" SHORT_DESC="Medium" DESCRIPTION="Medium" IS_ACTIVE="T" IS_SYSTEM="F" SORT_ORDER="10"/>
  <LOOKUP_VALUES ID="503" TYPE_ID="RATING181" VALUE_ID="HIGH" SHORT_DESC="High" DESCRIPTION="High" IS_ACTIVE="T" IS_SYSTEM="F" SORT_ORDER="20"/>
  <LOOKUP_VALUES ID="504" TYPE_ID="RATING181" VALUE_ID="VERYHIGH" SHORT_DESC="Very High" DESCRIPTION="Very High" IS_ACTIVE="T" IS_SYSTEM="F" SORT_ORDER="30"/>

  <LOOKUP_TYPES ID="RAT181" DESCRIPTION="Rat" TYPE="USER" IS_ACTIVE="T" IS_SYSTEM="F" LABEL="Rate"/>

  <LOOKUP_VALUES ID="-501" TYPE_ID="RAT181" VALUE_ID="LOW" SHORT_DESC="Low" DESCRIPTION="Low" IS_ACTIVE="T" IS_SYSTEM="F" SORT_ORDER="0"/>
  <LOOKUP_VALUES ID="-502" TYPE_ID="RAT181" VALUE_ID="MEDIUM" SHORT_DESC="Medium" DESCRIPTION="Medium" IS_ACTIVE="T" IS_SYSTEM="F" SORT_ORDER="10"/>
  <LOOKUP_VALUES ID="-503" TYPE_ID="RAT181" VALUE_ID="HIGH" SHORT_DESC="High" DESCRIPTION="High" IS_ACTIVE="T" IS_SYSTEM="F" SORT_ORDER="20"/>
  <LOOKUP_VALUES ID="-504" TYPE_ID="RAT181" VALUE_ID="VERYHIGH" SHORT_DESC="Very High" DESCRIPTION="Very High" IS_ACTIVE="T" IS_SYSTEM="F" SORT_ORDER="30"/>

  <METRICS ID="2" ACCESS_TYPE="Public" LABEL="pdsc avg" USER_ID="1" ARTEFACT_TYPE="P" OPERATOR="avg" ATTRIBUTE="targetDerivedAttributes[19]"/>
  <METRICS ID="3" ACCESS_TYPE="Public" LABEL="pdsc sum" USER_ID="1" ARTEFACT_TYPE="P" OPERATOR="sum" ATTRIBUTE="targetDerivedAttributes[19]"/>
  <METRICS ID="4" ACCESS_TYPE="Public" LABEL="contract duration avg" USER_ID="1" ARTEFACT_TYPE="P" OPERATOR="avg" ATTRIBUTE="185"/>
  <METRICS ID="5" ACCESS_TYPE="Public" LABEL="contract duration sum" USER_ID="1" ARTEFACT_TYPE="P" OPERATOR="sum" ATTRIBUTE="185"/>

  <DYNAMIC_ATTRIBUTES ID="183" LABEL="Importance" TYPE="STRUCT" ARTEFACT_TYPE="P" IS_MANDATORY="F" IS_ACTIVE="T" IS_SEARCHABLE="T" DESCRIPTION="Importance" REFERS_TO="RATING181" MODIFIED_LABEL="importance"/>
  <DYNAMIC_ATTRIBUTES ID="-12" LABEL="Rating" TYPE="STRUCT" ARTEFACT_TYPE="P" IS_MANDATORY="F" IS_ACTIVE="T" IS_SEARCHABLE="T" DESCRIPTION="Rating" REFERS_TO="RAT181" MODIFIED_LABEL="rating12"/>
  <DYNAMIC_ATTRIBUTES ID="185" LABEL="Contract duration" TYPE="NUMBER" ARTEFACT_TYPE="P" IS_MANDATORY="F" IS_ACTIVE="T" IS_SEARCHABLE="T" DESCRIPTION="Contract duration" MODIFIED_LABEL="contractduration"/>

  <NODE_DAS ID="186" NODE_ID="1" DA_ID="185" VALUE="10"/>
  <NODE_DAS ID="187" NODE_ID="1" DA_ID="183" VALUE="501"/>
  <NODE_DAS ID="188" NODE_ID="6" DA_ID="183" VALUE="502"/>
  <NODE_DAS ID="190" NODE_ID="5" DA_ID="185" VALUE="5"/>
  <NODE_DAS ID="191" NODE_ID="2" DA_ID="185" VALUE="5"/>
  <NODE_DAS ID="192" NODE_ID="61" DA_ID="183" VALUE="501"/>
  <NODE_DAS ID="193" NODE_ID="62" DA_ID="183" VALUE="501"/>
  <NODE_DAS ID="194" NODE_ID="63" DA_ID="183" VALUE="503"/>
  <NODE_DAS ID="195" NODE_ID="63" DA_ID="185" VALUE="15"/>
  <NODE_DAS ID="196" NODE_ID="64" DA_ID="183" VALUE="501"/>
  <NODE_DAS ID="197" NODE_ID="64" DA_ID="185" VALUE="3"/>
  <NODE_DAS ID="198" NODE_ID="65" DA_ID="183" VALUE="501"/>
  <NODE_DAS ID="199" NODE_ID="65" DA_ID="185" VALUE="1"/>
  <NODE_DAS ID="200" NODE_ID="66" DA_ID="183" VALUE="502"/>
  <NODE_DAS ID="201" NODE_ID="66" DA_ID="185" VALUE="29"/>
  <NODE_DAS ID="202" NODE_ID="67" DA_ID="183" VALUE="503"/>
  <NODE_DAS ID="203" NODE_ID="67" DA_ID="185" VALUE="678"/>
  <NODE_DAS ID="205" NODE_ID="68" DA_ID="185" VALUE="9"/>
  <NODE_DAS ID="208" NODE_ID="65" DA_ID="-12" VALUE="-504"/>
  <NODE_DAS ID="209" NODE_ID="66" DA_ID="-12" VALUE="-502"/>
  <NODE_DAS ID="206" NODE_ID="67" DA_ID="-12" VALUE="-503"/>
  <NODE_DAS ID="207" NODE_ID="68" DA_ID="-12" VALUE="-501"/>
  <ORGANIZATION_UNITS NODE_ID="3" PARENT_ID="0" LABEL="Marketing"/>
  <ORGANIZATION_UNITS NODE_ID="4" PARENT_ID="0" LABEL="Sales"/>
  <ORGANIZATION_UNITS NODE_ID="41" PARENT_ID="0" LABEL="Accounts"/>
  <ORGANIZATION_UNITS NODE_ID="42" PARENT_ID="0" LABEL="IT"/>
  <ORGANIZATION_UNITS NODE_ID="44" PARENT_ID="41" LABEL="Accounts UK"/>
  <ORGANIZATION_UNITS NODE_ID="45" PARENT_ID="42" LABEL="IT UK"/>
  <POSITIONS NODE_ID="2" PARENT_ID="1" ORG_UNIT_ID="0" TITLE="Vice-Chairman"/>
  <POSITIONS NODE_ID="5" PARENT_ID="2" ORG_UNIT_ID="4" TITLE="Head of Sales"/>
  <POSITIONS NODE_ID="6" PARENT_ID="1" ORG_UNIT_ID="3" TITLE="Head Of Marketing"/>
  <POSITIONS NODE_ID="43" PARENT_ID="5" ORG_UNIT_ID="4" TITLE="Vice-Head of Sales"/>
  <POSITIONS NODE_ID="61" PARENT_ID="2" ORG_UNIT_ID="42" TITLE="Head of IT"/>
  <POSITIONS NODE_ID="62" PARENT_ID="2" ORG_UNIT_ID="0" TITLE="Guru"/>
  <POSITIONS NODE_ID="63" PARENT_ID="61" ORG_UNIT_ID="42" TITLE="Vice-Head of IT"/>
  <POSITIONS NODE_ID="64" PARENT_ID="63" ORG_UNIT_ID="45" TITLE="Head of C"/>
  <POSITIONS NODE_ID="65" PARENT_ID="63" ORG_UNIT_ID="45" TITLE="Head of C++"/>
  <POSITIONS NODE_ID="66" PARENT_ID="63" ORG_UNIT_ID="45" TITLE="Head of Java"/>
  <POSITIONS NODE_ID="67" PARENT_ID="63" ORG_UNIT_ID="45" TITLE="Head of PHP"/>
  <POSITIONS NODE_ID="68" PARENT_ID="63" ORG_UNIT_ID="45" TITLE="Head of Perl"/>
  <POSITION_ASSOCIATIONS ID="3" SOURCE_ID="2" TARGET_ID="1" VALUE_ID="19"/>
  <POSITION_ASSOCIATIONS ID="4" SOURCE_ID="5" TARGET_ID="2" VALUE_ID="19"/>
  <POSITION_ASSOCIATIONS ID="5" SOURCE_ID="6" TARGET_ID="1" VALUE_ID="20"/>
  <POSITION_ASSOCIATIONS ID="61" SOURCE_ID="43" TARGET_ID="5" VALUE_ID="19"/>
  <POSITION_ASSOCIATIONS ID="81" SOURCE_ID="61" TARGET_ID="2" VALUE_ID="19"/>
  <POSITION_ASSOCIATIONS ID="82" SOURCE_ID="62" TARGET_ID="2" VALUE_ID="19"/>
  <POSITION_ASSOCIATIONS ID="83" SOURCE_ID="63" TARGET_ID="61" VALUE_ID="19"/>
  <POSITION_ASSOCIATIONS ID="84" SOURCE_ID="64" TARGET_ID="63" VALUE_ID="19"/>
  <POSITION_ASSOCIATIONS ID="85" SOURCE_ID="65" TARGET_ID="63" VALUE_ID="19"/>
  <POSITION_ASSOCIATIONS ID="86" SOURCE_ID="66" TARGET_ID="63" VALUE_ID="19"/>
  <POSITION_ASSOCIATIONS ID="87" SOURCE_ID="67" TARGET_ID="63" VALUE_ID="19"/>
  <POSITION_ASSOCIATIONS ID="88" SOURCE_ID="68" TARGET_ID="63" VALUE_ID="19"/>
</dataset>
