<?xml version='1.0' encoding='UTF-8'?>
<dataset>
    <CORE_DETAILS ID="-1" FIRST_NAME="Daniel" TITLE="Mr" PREF_GIVEN_NAME="Danny" SECOND_NAME="Deronda"/>
    <CORE_DETAILS ID="-2" FIRST_NAME="Sally" TITLE="Mrs" PREF_GIVEN_NAME="Sally" SECOND_NAME="Jones"/>
    <CORE_DETAILS ID="-3" FIRST_NAME="Freddie" TITLE="Mr" PREF_GIVEN_NAME="Fred" SECOND_NAME="Stones"/>

    <USERS ID="-10" CD_ID="-1" IS_ACTIVE="T" IS_ROOT="F" USER_TYPE="SYSTEMSUBJECT"/>
    <USERS ID="-11" CD_ID="-2" IS_ACTIVE="T" IS_ROOT="F" USER_TYPE="SYSTEMSUBJECT"/>
    <USERS ID="-12" CD_ID="-3" IS_ACTIVE="T" IS_ROOT="F" USER_TYPE="SYSTEMSUBJECT"/>

    <LOGINS USER_ID="-10" USERNAME="d.deronda" PASSWORD="8A65E0E80532B5FA" LOCKED="F" FORCE_PWD_CHANGE="F"/>
    <LOGINS USER_ID="-11" USERNAME="s.jones" PASSWORD="8A65E0E80532B5FA" LOCKED="F" FORCE_PWD_CHANGE="F"/> 
    <LOGINS USER_ID="-12" USERNAME="f.stones" PASSWORD="8A65E0E80532B5FA" LOCKED="F" FORCE_PWD_CHANGE="F"/> 

    <NODES ID="-10" NODE_TYPE="S" IS_ACTIVE="T"/>
    <NODES ID="-11" NODE_TYPE="S" IS_ACTIVE="T"/>
    <NODES ID="-12" NODE_TYPE="S" IS_ACTIVE="T"/>

    <NODES ID="-20" NODE_TYPE="P" IS_ACTIVE="T"/>
    <NODES ID="-21" NODE_TYPE="P" IS_ACTIVE="T"/>
    <NODES ID="-22" NODE_TYPE="P" IS_ACTIVE="T"/>
    <NODES ID="-23" NODE_TYPE="P" IS_ACTIVE="T"/>

    <POSITIONS NODE_ID="-20" TITLE="TestPos1" ORG_UNIT_ID="0" PARENT_ID="1"/>
    <POSITIONS NODE_ID="-21" TITLE="TestBoss1" ORG_UNIT_ID="0" PARENT_ID="-20"/>
    <POSITIONS NODE_ID="-23" TITLE="TestPos2" ORG_UNIT_ID="0" PARENT_ID="1"/>
    <POSITIONS NODE_ID="-22" TITLE="TestBoss2" ORG_UNIT_ID="0" PARENT_ID="-23"/>

    <SUBJECTS CD_ID="-1" NODE_ID="-10" USER_ID="-10"/>
    <SUBJECTS CD_ID="-2" NODE_ID="-11" USER_ID="-11"/>
    <SUBJECTS CD_ID="-3" NODE_ID="-12" USER_ID="-12"/>

    <SUBJECT_ASSOCIATIONS ID="-20" POSITION_ID="-21" SUBJECT_ID="-10" VALUE_ID="402"/>
    <SUBJECT_ASSOCIATIONS ID="-22" POSITION_ID="-22" SUBJECT_ID="-10" VALUE_ID="399"/>
    <SUBJECT_ASSOCIATIONS ID="-21" POSITION_ID="-20" SUBJECT_ID="-11" VALUE_ID="402"/>
    <SUBJECT_ASSOCIATIONS ID="-23" POSITION_ID="-23" SUBJECT_ID="-12" VALUE_ID="402"/>

    <POSITION_ASSOCIATIONS ID="-30" SOURCE_ID="-20" TARGET_ID="1" VALUE_ID="19"/>
    <POSITION_ASSOCIATIONS ID="-31" SOURCE_ID="-23" TARGET_ID="1" VALUE_ID="19"/>
    <POSITION_ASSOCIATIONS ID="-32" SOURCE_ID="-21" TARGET_ID="-20" VALUE_ID="19"/>
    <POSITION_ASSOCIATIONS ID="-33" SOURCE_ID="-22" TARGET_ID="-23" VALUE_ID="19"/>

    <QUE_DEFINITIONS ID="-11" LABEL="Manager Evaluation" TITLE="Performance Management"/>
    <QUE_DEFINITIONS ID="-12" LABEL="General Evaluation" TITLE="Performance Management"/>
    <QUE_DEFINITION_MODELS QUE_DEF_ID="-11"/>
    <QUE_DEFINITION_MODELS QUE_DEF_ID="-12"/>
    
    <PERFORMANCE_REVIEWS ID="-12" LABEL="TEST111" STATUS="PENDING" IS_NOTIFIABLE="F" IS_USER_MANAGED="T"/>
    <QUE_WORKFLOWS ID="-7" QD_ID="-11" PERFORMANCE_ID="-12" WORKFLOW_TYPE="PERFORMANCE_REVIEW_MANAGER" LABEL="EXPIRYTEST1" USER_ID="1" STATUS="PENDING" POPULATION_ID="-2"/>
    <QUE_WORKFLOWS ID="-8" QD_ID="-12" PERFORMANCE_ID="-12" WORKFLOW_TYPE="PERFORMANCE_REVIEW_EVALUATOR" LABEL="EXPIRYTEST1" USER_ID="1" STATUS="PENDING" POPULATION_ID="-2"/>

    <QUE_WF_PARTICIPANTS QUE_WF_ID="-7" SUBJECT_ID="-10"/>
    <QUE_WF_PARTICIPANTS QUE_WF_ID="-7" SUBJECT_ID="-11"/>
    <QUE_WF_PARTICIPANTS QUE_WF_ID="-7" SUBJECT_ID="-12"/> 

</dataset>
