<?xml version='1.0' encoding='UTF-8'?>
<dataset>
    <CORE_DETAILS ID="121" FIRST_NAME="Diego" TITLE="Mr" SECOND_NAME="Maradona" PREF_GIVEN_NAME="El Pibe"/>
    <USERS CD_ID="121" ID="101" USER_TYPE="SYSTEMSUBJECT" IS_ACTIVE="T" IS_ROOT="F"/>
    <APP_ROLES_USERS USER_ID="101" ROLE_ID="1"/>
    <APP_ROLES_USERS USER_ID="101" ROLE_ID="8"/>
    <NODES ID="141" NODE_TYPE="S" IS_ACTIVE="T"/>
    <NODES ID="142" NODE_TYPE="P" IS_ACTIVE="T"/>
    <DYNAMIC_ATTRIBUTES ID="288" LABEL="selection attr" TYPE="STRUCT" ARTEFACT_TYPE="S" MAX_SIZE="" MIN_SIZE="" IS_MANDATORY="F" IS_ACTIVE="T" IS_SEARCHABLE="T" IS_DYNAMIC="F" DESCRIPTION="selection attr" REFERS_TO="GENDER" MODIFIED_LABEL="selectionattr"/>
    <DYNAMIC_ATTRIBUTES ID="281" LABEL="text attr" TYPE="TEXT" ARTEFACT_TYPE="S" MAX_SIZE="10" MIN_SIZE="1" IS_MANDATORY="F" IS_ACTIVE="T" IS_SEARCHABLE="T" IS_DYNAMIC="F" DESCRIPTION="text attr" MODIFIED_LABEL="textattr"/>
    <DYNAMIC_ATTRIBUTES ID="282" LABEL="textblock attr" TYPE="TEXTAREA" ARTEFACT_TYPE="S" IS_MANDATORY="F" IS_ACTIVE="T" IS_SEARCHABLE="T" IS_DYNAMIC="F" DESCRIPTION="textblock attr" MODIFIED_LABEL="textblockattr"/>
    <DYNAMIC_ATTRIBUTES ID="283" LABEL="number attr" TYPE="NUMBER" ARTEFACT_TYPE="S" MAX_SIZE="10" MIN_SIZE="5" IS_MANDATORY="F" IS_ACTIVE="T" IS_SEARCHABLE="T" IS_DYNAMIC="F" DESCRIPTION="number attr" MODIFIED_LABEL="numberattr"/>
    <DYNAMIC_ATTRIBUTES ID="284" LABEL="date attr" TYPE="DATE" ARTEFACT_TYPE="S" MAX_SIZE="2006-08-31" MIN_SIZE="2006-08-08" IS_MANDATORY="F" IS_ACTIVE="T" IS_SEARCHABLE="T" IS_DYNAMIC="F" DESCRIPTION="date attr" MODIFIED_LABEL="dateattr"/>
    <DYNAMIC_ATTRIBUTES ID="285" LABEL="time attr" TYPE="TIME" ARTEFACT_TYPE="S" MAX_SIZE="04:00" MIN_SIZE="00:30" IS_MANDATORY="F" IS_ACTIVE="T" IS_SEARCHABLE="T" IS_DYNAMIC="F" DESCRIPTION="time attr" MODIFIED_LABEL="timeattr"/>
    <DYNAMIC_ATTRIBUTES ID="286" LABEL="datetime attr" TYPE="DATETIME" ARTEFACT_TYPE="S" IS_MANDATORY="F" IS_ACTIVE="T" IS_SEARCHABLE="T" IS_DYNAMIC="F" DESCRIPTION="datetime attr" MODIFIED_LABEL="datetimeattr"/>
    <DYNAMIC_ATTRIBUTES ID="287" LABEL="img attr" TYPE="IMG" ARTEFACT_TYPE="S" IS_MANDATORY="F" IS_ACTIVE="T" IS_SEARCHABLE="F" IS_DYNAMIC="F" DESCRIPTION="img attr" MODIFIED_LABEL="imgattr"/>
    <DYNAMIC_ATTRIBUTES ID="289" LABEL="link attr" TYPE="LINK" ARTEFACT_TYPE="S" IS_MANDATORY="F" IS_ACTIVE="T" IS_SEARCHABLE="T" IS_DYNAMIC="F" DESCRIPTION="link attr" MODIFIED_LABEL="linkattr"/>
    <LOGINS USER_ID="101" USERNAME="diego" PASSWORD="324D000E3F451929" EXPIRES="2016-09-18 00:00:00.0" LOCKED="F" FORCE_PWD_CHANGE="F"/>
    <NODE_DAS ID="300" NODE_ID="141" DA_ID="281" VALUE="textattr"/>
    <NODE_DAS ID="304" NODE_ID="141" DA_ID="282" VALUE="textblock"/>
    <NODE_DAS ID="301" NODE_ID="141" DA_ID="283" VALUE="6"/>
    <NODE_DAS ID="302" NODE_ID="141" DA_ID="284" VALUE="2006-08-30"/>
    <NODE_DAS ID="305" NODE_ID="141" DA_ID="285" VALUE="02:00"/>
    <NODE_DAS ID="306" NODE_ID="141" DA_ID="286" VALUE="2006-08-23 00:00"/>
    <NODE_DAS ID="303" NODE_ID="141" DA_ID="287" VALUE="dontpanic.gif"/>
    <NODE_DAS ID="299" NODE_ID="141" DA_ID="288" VALUE="1"/>
    <NODE_DAS ID="307" NODE_ID="141" DA_ID="289" VALUE="http://www.yahoo.co.uk"/>
    <SUBJECTS CD_ID="121" NODE_ID="141" USER_ID="101" DATE_OF_BIRTH="1971-07-24"/>
    <POSITIONS NODE_ID="142" PARENT_ID="1" ORG_UNIT_ID="0" TITLE="Head of Engineering"/>
    <POSITION_ASSOCIATIONS ID="483" SOURCE_ID="142" TARGET_ID="1" VALUE_ID="19"/>
    <SUBJECT_ASSOCIATIONS ID="501" VALUE_ID="399" POSITION_ID="1" SUBJECT_ID="141"/>
    <reports ID="-99" ACCESS_TYPE="PUBLIC" REP_TYPE="S" DESCRIPTION="Person Details" LABEL="Details" DEFAULT_POPULATION_ID="-2" METRIC_ID="[NULL]" USER_ID="0" POPULATION_TYPE="[NULL]" OPERATOR="[NULL]" DD_REPORT_ID="[NULL]" JASPER_DEFINITION="[NULL]" CROSSTAB_VIEW_REPORT_ID="[NULL]" DISPLAY_LIMIT="[NULL]" DECIMAL_PLACES="0" DISPLAY_OPTION="0"/>
    <reports ID="-105" ACCESS_TYPE="PUBLIC" REP_TYPE="S" DESCRIPTION="Primary person to position associations (Incumbents)" LABEL="Incumbents" DEFAULT_POPULATION_ID="-2" METRIC_ID="[NULL]" USER_ID="0" POPULATION_TYPE="[NULL]" OPERATOR="[NULL]" DD_REPORT_ID="[NULL]" JASPER_DEFINITION="[NULL]" CROSSTAB_VIEW_REPORT_ID="[NULL]" DISPLAY_LIMIT="[NULL]" DECIMAL_PLACES="0" DISPLAY_OPTION="0"/>
    <reports ID="-100" ACCESS_TYPE="PUBLIC" REP_TYPE="P" DESCRIPTION="Current Jobs" LABEL="Current Jobs" DEFAULT_POPULATION_ID="-2" METRIC_ID="[NULL]" USER_ID="0" POPULATION_TYPE="[NULL]" OPERATOR="[NULL]" DD_REPORT_ID="[NULL]" JASPER_DEFINITION="[NULL]" CROSSTAB_VIEW_REPORT_ID="[NULL]" DISPLAY_LIMIT="[NULL]" DECIMAL_PLACES="0" DISPLAY_OPTION="0"/>
    <report_columns QUE_WF_ID="[NULL]" METRIC_ID="[NULL]" SOURCE="Person" ID="271" REF_VALUE="qualifier.label" LABEL="Current Job Type" REP_ID="-100" POSITION="0" COLUMN_TYPE="TEXT" MANDATORY="T" IS_COLOR_DISPLAYABLE="F" ROLE="[NULL]" IS_FORMULA="F" IS_GROUPED="F" IS_DYNAMIC_LINEITEM="F" CALCULATION_ID="[NULL]"/>
    <report_columns QUE_WF_ID="[NULL]" METRIC_ID="[NULL]" SOURCE="Person" ID="281" REF_VALUE="title" LABEL="Job Title" REP_ID="-100" POSITION="1" COLUMN_TYPE="TEXT" MANDATORY="T" IS_COLOR_DISPLAYABLE="F" ROLE="[NULL]" IS_FORMULA="F" IS_GROUPED="F" IS_DYNAMIC_LINEITEM="F" CALCULATION_ID="[NULL]"/>
    <REPORT_COLUMNS SOURCE="NA" ID="-63" REF_VALUE="organisationUnit.label" LABEL="Organisation Unit" REP_ID="-100" POSITION="2" COLUMN_TYPE="TEXT" MANDATORY="F" IS_COLOR_DISPLAYABLE="F" IS_FORMULA="F" IS_GROUPED="F"/>
    <report_columns QUE_WF_ID="[NULL]" METRIC_ID="[NULL]" SOURCE="Person" ID="131" REF_VALUE="qualifier.label" LABEL="Holder Type" REP_ID="-105" POSITION="0" COLUMN_TYPE="TEXT" MANDATORY="T" IS_COLOR_DISPLAYABLE="F" ROLE="[NULL]" IS_FORMULA="F" IS_GROUPED="F" IS_DYNAMIC_LINEITEM="F" CALCULATION_ID="[NULL]"/>
    <report_columns QUE_WF_ID="[NULL]" METRIC_ID="[NULL]" SOURCE="Person" ID="141" REF_VALUE="coreDetail.name" LABEL="Current Holder" REP_ID="-105" POSITION="1" COLUMN_TYPE="TEXT" MANDATORY="T" IS_COLOR_DISPLAYABLE="F" ROLE="[NULL]" IS_FORMULA="F" IS_GROUPED="F" IS_DYNAMIC_LINEITEM="F" CALCULATION_ID="[NULL]"/>
    <report_columns QUE_WF_ID="[NULL]" METRIC_ID="[NULL]" SOURCE="Person" ID="-201" REF_VALUE="coreDetail.title" LABEL="Title" REP_ID="-99" POSITION="0" COLUMN_TYPE="TEXT" MANDATORY="F" IS_COLOR_DISPLAYABLE="F" ROLE="[NULL]" IS_FORMULA="F" IS_GROUPED="F" IS_DYNAMIC_LINEITEM="F" CALCULATION_ID="[NULL]"/>
    <report_columns QUE_WF_ID="[NULL]" METRIC_ID="[NULL]" SOURCE="Person" ID="-211" REF_VALUE="coreDetail.firstName" LABEL="First Name" REP_ID="-99" POSITION="1" COLUMN_TYPE="TEXT" MANDATORY="F" IS_COLOR_DISPLAYABLE="F" ROLE="[NULL]" IS_FORMULA="F" IS_GROUPED="F" IS_DYNAMIC_LINEITEM="F" CALCULATION_ID="[NULL]"/>
    <report_columns QUE_WF_ID="[NULL]" METRIC_ID="[NULL]" SOURCE="Person" ID="-221" REF_VALUE="coreDetail.secondName" LABEL="Last Name" REP_ID="-99" POSITION="2" COLUMN_TYPE="TEXT" MANDATORY="F" IS_COLOR_DISPLAYABLE="F" ROLE="[NULL]" IS_FORMULA="F" IS_GROUPED="F" IS_DYNAMIC_LINEITEM="F" CALCULATION_ID="[NULL]"/>
    <report_columns QUE_WF_ID="[NULL]" METRIC_ID="[NULL]" SOURCE="Person" ID="-231" REF_VALUE="coreDetail.prefGivenName" LABEL="Preferred Given Name" REP_ID="-99" POSITION="3" COLUMN_TYPE="TEXT" MANDATORY="T" IS_COLOR_DISPLAYABLE="F" ROLE="[NULL]" IS_FORMULA="F" IS_GROUPED="F" IS_DYNAMIC_LINEITEM="F" CALCULATION_ID="[NULL]"/>
    <report_columns QUE_WF_ID="[NULL]" METRIC_ID="[NULL]" SOURCE="Person" ID="-241" REF_VALUE="dateOfBirth" LABEL="Date of Birth" REP_ID="-99" POSITION="4" COLUMN_TYPE="DATE" MANDATORY="F" IS_COLOR_DISPLAYABLE="F" ROLE="[NULL]" IS_FORMULA="F" IS_GROUPED="F" IS_DYNAMIC_LINEITEM="F" CALCULATION_ID="[NULL]"/>
    <report_columns QUE_WF_ID="[NULL]" METRIC_ID="[NULL]" SOURCE="Person" ID="-251" REF_VALUE="subjectPrimaryAssociations.position.title" LABEL="Current Position" REP_ID="-99" POSITION="5" COLUMN_TYPE="TEXT" MANDATORY="F" IS_COLOR_DISPLAYABLE="F" ROLE="[NULL]" IS_FORMULA="F" IS_GROUPED="F" IS_DYNAMIC_LINEITEM="F" CALCULATION_ID="[NULL]"/>
    <report_columns QUE_WF_ID="[NULL]" METRIC_ID="[NULL]" SOURCE="Person" ID="-261" REF_VALUE="picture" LABEL="Photograph" REP_ID="-99" POSITION="6" COLUMN_TYPE="IMG" MANDATORY="F" IS_COLOR_DISPLAYABLE="F" ROLE="[NULL]" IS_FORMULA="F" IS_GROUPED="F" IS_DYNAMIC_LINEITEM="F" CALCULATION_ID="[NULL]"/>
    <REPORT_COLUMNS SOURCE="NA" ID="-121" REF_VALUE="284" LABEL="Date" REP_ID="-30" POSITION="8" COLUMN_TYPE="DATE" MANDATORY="F" IS_COLOR_DISPLAYABLE="F" IS_FORMULA="F" IS_GROUPED="F"/>
    <REPORT_COLUMNS SOURCE="NA" ID="-122" REF_VALUE="286" LABEL="Datetime" REP_ID="-30" POSITION="9" COLUMN_TYPE="DATETIME" MANDATORY="F" IS_COLOR_DISPLAYABLE="F" IS_FORMULA="F" IS_GROUPED="F"/>
    <REPORT_COLUMNS SOURCE="NA" ID="-123" REF_VALUE="287" LABEL="Image" REP_ID="-30" POSITION="10" COLUMN_TYPE="IMG" MANDATORY="F" IS_COLOR_DISPLAYABLE="F" IS_FORMULA="F" IS_GROUPED="F"/>
    <REPORT_COLUMNS SOURCE="NA" ID="-124" REF_VALUE="289" LABEL="Link" REP_ID="-30" POSITION="11" COLUMN_TYPE="LINK" MANDATORY="F" IS_COLOR_DISPLAYABLE="F" IS_FORMULA="F" IS_GROUPED="F"/>
    <REPORT_COLUMNS SOURCE="NA" ID="-125" REF_VALUE="283" LABEL="Number" REP_ID="-30" POSITION="12" COLUMN_TYPE="NUMBER" MANDATORY="F" IS_COLOR_DISPLAYABLE="F" IS_FORMULA="F" IS_GROUPED="F"/>
    <REPORT_COLUMNS SOURCE="NA" ID="-126" REF_VALUE="288" LABEL="Selection" REP_ID="-30" POSITION="13" COLUMN_TYPE="STRUCT" MANDATORY="F" IS_COLOR_DISPLAYABLE="F" IS_FORMULA="F" IS_GROUPED="F"/>
    <REPORT_COLUMNS SOURCE="NA" ID="-127" REF_VALUE="281" LABEL="Text" REP_ID="-30" POSITION="14" COLUMN_TYPE="TEXT" MANDATORY="F" IS_COLOR_DISPLAYABLE="F" IS_FORMULA="F" IS_GROUPED="F"/>
    <REPORT_COLUMNS SOURCE="NA" ID="-128" REF_VALUE="282" LABEL="Textblock" REP_ID="-30" POSITION="15" COLUMN_TYPE="TEXTAREA" MANDATORY="F" IS_COLOR_DISPLAYABLE="F" IS_FORMULA="F" IS_GROUPED="F"/>
    <REPORT_COLUMNS SOURCE="NA" ID="-129" REF_VALUE="285" LABEL="Time" REP_ID="-30" POSITION="16" COLUMN_TYPE="TIME" MANDATORY="F" IS_COLOR_DISPLAYABLE="F" IS_FORMULA="F" IS_GROUPED="F"/>
    <REPORT_COLUMNS SOURCE="NA" ID="-130" REF_VALUE="284" LABEL="Date" REP_ID="-99" POSITION="7" COLUMN_TYPE="DATE" MANDATORY="F" IS_COLOR_DISPLAYABLE="F" IS_FORMULA="F" IS_GROUPED="F"/>
    <REPORT_COLUMNS SOURCE="NA" ID="-131" REF_VALUE="286" LABEL="Datetime" REP_ID="-99" POSITION="8" COLUMN_TYPE="DATETIME" MANDATORY="F" IS_COLOR_DISPLAYABLE="F" IS_FORMULA="F" IS_GROUPED="F"/>
    <REPORT_COLUMNS SOURCE="NA" ID="-132" REF_VALUE="287" LABEL="Image" REP_ID="-99" POSITION="9" COLUMN_TYPE="IMG" MANDATORY="F" IS_COLOR_DISPLAYABLE="F" IS_FORMULA="F" IS_GROUPED="F"/>
    <REPORT_COLUMNS SOURCE="NA" ID="-133" REF_VALUE="289" LABEL="Link" REP_ID="-99" POSITION="10" COLUMN_TYPE="LINK" MANDATORY="F" IS_COLOR_DISPLAYABLE="F" IS_FORMULA="F" IS_GROUPED="F"/>
    <REPORT_COLUMNS SOURCE="NA" ID="-134" REF_VALUE="283" LABEL="Number" REP_ID="-99" POSITION="11" COLUMN_TYPE="NUMBER" MANDATORY="F" IS_COLOR_DISPLAYABLE="F" IS_FORMULA="F" IS_GROUPED="F"/>
    <REPORT_COLUMNS SOURCE="NA" ID="-135" REF_VALUE="288" LABEL="Selection" REP_ID="-99" POSITION="12" COLUMN_TYPE="STRUCT" MANDATORY="F" IS_COLOR_DISPLAYABLE="F" IS_FORMULA="F" IS_GROUPED="F"/>
    <REPORT_COLUMNS SOURCE="NA" ID="-136" REF_VALUE="281" LABEL="Text" REP_ID="-99" POSITION="13" COLUMN_TYPE="TEXT" MANDATORY="F" IS_COLOR_DISPLAYABLE="F" IS_FORMULA="F" IS_GROUPED="F"/>
    <REPORT_COLUMNS SOURCE="NA" ID="-137" REF_VALUE="282" LABEL="Textblock" REP_ID="-99" POSITION="14" COLUMN_TYPE="TEXTAREA" MANDATORY="F" IS_COLOR_DISPLAYABLE="F" IS_FORMULA="F" IS_GROUPED="F"/>
    <REPORT_COLUMNS SOURCE="NA" ID="-138" REF_VALUE="285" LABEL="Time" REP_ID="-99" POSITION="15" COLUMN_TYPE="TIME" MANDATORY="F" IS_COLOR_DISPLAYABLE="F" IS_FORMULA="F" IS_GROUPED="F"/>
    <REPORT_COLUMNS SOURCE="NA" ID="-64" REF_VALUE="284" LABEL="Date" REP_ID="-105" POSITION="2" COLUMN_TYPE="DATE" MANDATORY="F" IS_COLOR_DISPLAYABLE="F" IS_FORMULA="F" IS_GROUPED="F"/>
    <REPORT_COLUMNS SOURCE="NA" ID="-65" REF_VALUE="286" LABEL="Datetime" REP_ID="-105" POSITION="3" COLUMN_TYPE="DATETIME" MANDATORY="F" IS_COLOR_DISPLAYABLE="F" IS_FORMULA="F" IS_GROUPED="F"/>
    <REPORT_COLUMNS SOURCE="NA" ID="-66" REF_VALUE="287" LABEL="Image" REP_ID="-105" POSITION="4" COLUMN_TYPE="IMG" MANDATORY="F" IS_COLOR_DISPLAYABLE="F" IS_FORMULA="F" IS_GROUPED="F"/>
    <REPORT_COLUMNS SOURCE="NA" ID="-67" REF_VALUE="289" LABEL="Link" REP_ID="-105" POSITION="5" COLUMN_TYPE="LINK" MANDATORY="F" IS_COLOR_DISPLAYABLE="F" IS_FORMULA="F" IS_GROUPED="F"/>
    <REPORT_COLUMNS SOURCE="NA" ID="-68" REF_VALUE="283" LABEL="Number" REP_ID="-105" POSITION="6" COLUMN_TYPE="NUMBER" MANDATORY="F" IS_COLOR_DISPLAYABLE="F" IS_FORMULA="F" IS_GROUPED="F"/>
    <REPORT_COLUMNS SOURCE="NA" ID="-69" REF_VALUE="288" LABEL="Selection" REP_ID="-105" POSITION="7" COLUMN_TYPE="STRUCT" MANDATORY="F" IS_COLOR_DISPLAYABLE="F" IS_FORMULA="F" IS_GROUPED="F"/>
    <REPORT_COLUMNS SOURCE="NA" ID="-70" REF_VALUE="281" LABEL="Text" REP_ID="-105" POSITION="8" COLUMN_TYPE="TEXT" MANDATORY="F" IS_COLOR_DISPLAYABLE="F" IS_FORMULA="F" IS_GROUPED="F"/>
    <REPORT_COLUMNS SOURCE="NA" ID="-71" REF_VALUE="282" LABEL="Textblock" REP_ID="-105" POSITION="9" COLUMN_TYPE="TEXTAREA" MANDATORY="F" IS_COLOR_DISPLAYABLE="F" IS_FORMULA="F" IS_GROUPED="F"/>
    <REPORT_COLUMNS SOURCE="NA" ID="-72" REF_VALUE="285" LABEL="Time" REP_ID="-105" POSITION="10" COLUMN_TYPE="TIME" MANDATORY="F" IS_COLOR_DISPLAYABLE="F" IS_FORMULA="F" IS_GROUPED="F"/>

</dataset>
