<?xml version='1.0' encoding='UTF-8'?>
<dataset>
  <CORE_DETAILS ID="-44" FIRST_NAME="Bob" TITLE="Mr" PREF_GIVEN_NAME="Bob Smith" SECOND_NAME="Smith"/>
  <USERS CD_ID="-44" ID="-44" USER_TYPE="SYSTEMSUBJECT" IS_ACTIVE="T" IS_ROOT="F"/>
  <NODES ID="-33" NODE_TYPE="S" IS_ACTIVE="T"/>
  <NODES ID="-26" NODE_TYPE="Q" IS_ACTIVE="T"/>
  <NODES ID="-27" NODE_TYPE="Q" IS_ACTIVE="T"/>
  <NODES ID="-28" NODE_TYPE="Q" IS_ACTIVE="T"/>
  <NODES ID="-29" NODE_TYPE="Q" IS_ACTIVE="T"/>
  <NODES ID="-30" NODE_TYPE="Q" IS_ACTIVE="T"/>
  <LOGINS USER_ID="-44" USERNAME="bcassidy12" PASSWORD="786744FA2FE0D56A5FDA1DB8356B83C8" EXPIRES="2020-06-21 00:00:00.0" LOCKED="F" FORCE_PWD_CHANGE="F"/>
  <SUBJECTS CD_ID="-44" NODE_ID="-33" USER_ID="-44"/>
  <SUBJECT_ASSOCIATIONS VALUE_ID="402" ID="164" POSITION_ID="1" SUBJECT_ID="-33"/>
  <QUE_DEFINITIONS ID="-11" LABEL="Manager Evaluation2" TITLE="Performance Management"/>
  <QUE_DEFINITIONS ID="-12" LABEL="General Evaluation2" TITLE="Performance Management"/>
  <PERFORMANCE_REVIEWS ID="-4" LABEL="Self Appraisals Q1-1" STATUS="PENDING"/>
  <QUE_WORKFLOWS ID="0" QD_ID="-11" PERFORMANCE_ID="-4" WORKFLOW_TYPE="INFO_FORM" LABEL="No Write Permissions" USER_ID="-44" EXPIRED_DATE="[NULL]" STATUS="PENDING" INDIVIDUAL_READ='F' INDIVIDUAL_WRITE='F' MANAGER_READ='F' MANAGER_WRITE='F'/>
  <QUE_WORKFLOWS ID="1" QD_ID="-12" PERFORMANCE_ID="-4" WORKFLOW_TYPE="INFO_FORM" LABEL="Manager Write Permission" USER_ID="-44" EXPIRED_DATE="[NULL]" STATUS="PENDING" INDIVIDUAL_READ='F' INDIVIDUAL_WRITE='F' MANAGER_READ='F' MANAGER_WRITE='T'/>
  <QUE_WORKFLOWS ID="2" QD_ID="-12" WORKFLOW_TYPE="INFO_FORM" LABEL="Individual Write Permissions" USER_ID="-44" EXPIRED_DATE="[CURRENT_DATE]" STATUS="PUBLISHED" INDIVIDUAL_READ='F' INDIVIDUAL_WRITE='T' MANAGER_READ='F' MANAGER_WRITE='F'/>
  <QUE_WORKFLOWS ID="3" QD_ID="-12" WORKFLOW_TYPE="INFO_FORM" LABEL="Individual/Manager Write Permissions" USER_ID="-44" EXPIRED_DATE="[CURRENT_DATE]" STATUS="PUBLISHED" INDIVIDUAL_READ='T' INDIVIDUAL_WRITE='T' MANAGER_READ='T' MANAGER_WRITE='T'/>
  <QUE_DEFINITION_MODELS QUE_DEF_ID="-11"/>
  <QUE_DEFINITION_MODELS QUE_DEF_ID="-12"/>
</dataset>