<?xml version='1.0' encoding='UTF-8'?>
<dataset>
    
  <!--test subjects-->
  <CORE_DETAILS ID="-33" FIRST_NAME="Daniel" TITLE="Mr" PREF_GIVEN_NAME="Danny" SECOND_NAME="Deronda"/>
  <CORE_DETAILS ID="-34" FIRST_NAME="Jane" TITLE="Miss" PREF_GIVEN_NAME="Janey" SECOND_NAME="Eyre"/>
  <CORE_DETAILS ID="-321" FIRST_NAME="Jules" TITLE="Mr" PREF_GIVEN_NAME="Jul" SECOND_NAME="Verne"/>
  <CORE_DETAILS ID="-322" FIRST_NAME="Santa" TITLE="Mrs" PREF_GIVEN_NAME="Santa" SECOND_NAME="Battaglia"/>
  <CORE_DETAILS ID="-323" FIRST_NAME="Oliver" TITLE="Mr" PREF_GIVEN_NAME="Olly" SECOND_NAME="Twist"/>

  <USERS CD_ID="-33" ID="-33" USER_TYPE="SYSTEMSUBJECT" IS_ACTIVE="T" IS_ROOT="F"/>
  <USERS CD_ID="-34" ID="-34" USER_TYPE="SYSTEMSUBJECT" IS_ACTIVE="T" IS_ROOT="F"/>
  <USERS CD_ID="-321" ID="-321" USER_TYPE="SYSTEMSUBJECT" IS_ACTIVE="T" IS_ROOT="F"/>
  <USERS CD_ID="-322" ID="-322" USER_TYPE="SYSTEMSUBJECT" IS_ACTIVE="T" IS_ROOT="F"/>
  <USERS CD_ID="-323" ID="-323" USER_TYPE="SYSTEMSUBJECT" IS_ACTIVE="T" IS_ROOT="F"/>

  <NODES ID="-52" NODE_TYPE="O" IS_ACTIVE="T"/>
  <NODES ID="-53" NODE_TYPE="O" IS_ACTIVE="T"/>
  <NODES ID="-54" NODE_TYPE="O" IS_ACTIVE="T"/>
  <NODES ID="-55" NODE_TYPE="O" IS_ACTIVE="T"/>
  <NODES ID="-56" NODE_TYPE="O" IS_ACTIVE="F"/>
  <NODES ID="-77" NODE_TYPE="P" IS_ACTIVE="T"/>
  <NODES ID="-78" NODE_TYPE="P" IS_ACTIVE="T"/>
  <NODES ID="-79" NODE_TYPE="P" IS_ACTIVE="T"/>
  <NODES ID="-33" NODE_TYPE="S" IS_ACTIVE="T"/>
  <NODES ID="-34" NODE_TYPE="S" IS_ACTIVE="T"/>
  <NODES ID="-321" NODE_TYPE="S" IS_ACTIVE="T"/>
  <NODES ID="-322" NODE_TYPE="S" IS_ACTIVE="T"/>
  <NODES ID="-323" NODE_TYPE="S" IS_ACTIVE="T"/>

  <LOGINS USER_ID="-33" USERNAME="daniel" PASSWORD="E9AF2190C5E63E66" EXPIRES="2016-04-30" LOCKED="F" FORCE_PWD_CHANGE="F"/>
  <LOGINS USER_ID="-34" USERNAME="janey" PASSWORD="307F8FB6854CF98B" EXPIRES="2016-04-30" LOCKED="F" FORCE_PWD_CHANGE="F"/>
  <LOGINS USER_ID="-321" USERNAME="jules" PASSWORD="788DD935141A9E65" EXPIRES="2016-04-30" LOCKED="F" FORCE_PWD_CHANGE="F"/>
  <LOGINS USER_ID="-322" USERNAME="oliver" PASSWORD="DD8AED00B4FEBD40" EXPIRES="2016-04-30" LOCKED="F" FORCE_PWD_CHANGE="F"/>
  <LOGINS USER_ID="-323" USERNAME="santa" PASSWORD="3AB4662B149E1309" EXPIRES="2016-04-30" LOCKED="F" FORCE_PWD_CHANGE="F"/>

  <ORGANIZATION_UNITS NODE_ID="-52" PARENT_ID="0" LABEL="Marketing"/>
  <ORGANIZATION_UNITS NODE_ID="-53" PARENT_ID="0" LABEL="IT"/>
  <ORGANIZATION_UNITS NODE_ID="-54" PARENT_ID="-53" LABEL="Maintenance"/>
  <ORGANIZATION_UNITS NODE_ID="-55" PARENT_ID="-53" LABEL="Development"/>
  <ORGANIZATION_UNITS NODE_ID="-56" PARENT_ID="-55" LABEL="Java"/>

  <SUBJECTS CD_ID="-33" NODE_ID="-33" USER_ID="-33"/>
  <SUBJECTS CD_ID="-34" NODE_ID="-34" USER_ID="-34"/>
  <SUBJECTS CD_ID="-321" NODE_ID="-321" USER_ID="-321"/>
  <SUBJECTS CD_ID="-322" NODE_ID="-322" USER_ID="-322"/>
  <SUBJECTS CD_ID="-323" NODE_ID="-323" USER_ID="-323"/>

  <POSITIONS NODE_ID="-77" PARENT_ID="1" ORG_UNIT_ID="-53" TITLE="Head of IT"/>
  <POSITIONS NODE_ID="-78" PARENT_ID="-77" ORG_UNIT_ID="-54" TITLE="Head of Maintenance"/>
  <POSITIONS NODE_ID="-79" PARENT_ID="-77" ORG_UNIT_ID="-55" TITLE="Head Of Development"/>

  <POSITION_ASSOCIATIONS ID="-221" SOURCE_ID="-77" TARGET_ID="1" VALUE_ID="19"/>
  <POSITION_ASSOCIATIONS ID="-222" SOURCE_ID="-78" TARGET_ID="-77" VALUE_ID="19"/>
  <POSITION_ASSOCIATIONS ID="-223" SOURCE_ID="-79" TARGET_ID="-77" VALUE_ID="19"/>

  <SUBJECT_ASSOCIATIONS VALUE_ID="399" ID="-324" POSITION_ID="1" SUBJECT_ID="-323"/>
  <SUBJECT_ASSOCIATIONS VALUE_ID="399" ID="-326" POSITION_ID="-77" SUBJECT_ID="-33"/>
  <SUBJECT_ASSOCIATIONS VALUE_ID="399" ID="-328" POSITION_ID="-78" SUBJECT_ID="-34"/>
  <SUBJECT_ASSOCIATIONS VALUE_ID="399" ID="-330" POSITION_ID="-79" SUBJECT_ID="-321"/>
  <SUBJECT_ASSOCIATIONS VALUE_ID="399" ID="-331" POSITION_ID="-79" SUBJECT_ID="-322"/>

  <!--test objectives-->      
  <NODES ID="-5" NODE_TYPE="OBJ" COMMENTS="[NULL]" IS_ACTIVE="T"/>
  <NODES ID="-6" NODE_TYPE="OBJ" COMMENTS="[NULL]" IS_ACTIVE="T"/>
  <NODES ID="-7" NODE_TYPE="OBJ" COMMENTS="[NULL]" IS_ACTIVE="T"/>
  <NODES ID="-11" NODE_TYPE="OBJ" COMMENTS="[NULL]" IS_ACTIVE="T"/>
  <NODES ID="-3" NODE_TYPE="OBJ" COMMENTS="[NULL]" IS_ACTIVE="T"/>
  <NODES ID="-4" NODE_TYPE="OBJ" COMMENTS="[NULL]" IS_ACTIVE="T"/>
  <NODES ID="-8" NODE_TYPE="OBJ" COMMENTS="[NULL]" IS_ACTIVE="T"/>
  <NODES ID="-9" NODE_TYPE="OBJ" COMMENTS="[NULL]" IS_ACTIVE="T"/>
  <NODES ID="-10" NODE_TYPE="OBJ" COMMENTS="[NULL]" IS_ACTIVE="T"/>
  <OBJECTIVE_SETS ID="-1" TYPE="CORPORATE" OBJ_DEF_ID="-1" SUBJECT_ID="[NULL]" ORG_UNIT_ID="[NULL]" IS_APPROVED="F" LABEL="Objective Set 1" PUBLISHED_DATE="[NULL]" STATUS="PUBLISHED" EXPIRY_DATE="[NULL]" LAST_MODIFIED_DATE="2007-06-04 15:51:51.0" ACTION_REQUIRED="NO_ACTION" ACTION_GROUP="UNASSIGNED"/>
  <OBJECTIVE_SETS ID="-2" TYPE="CORPORATE" OBJ_DEF_ID="-1" SUBJECT_ID="[NULL]" ORG_UNIT_ID="[NULL]" IS_APPROVED="F" LABEL="Objective Set 2" PUBLISHED_DATE="[NULL]" STATUS="PUBLISHED" EXPIRY_DATE="[NULL]" LAST_MODIFIED_DATE="2007-06-04 15:51:51.0" ACTION_REQUIRED="NO_ACTION" ACTION_GROUP="UNASSIGNED"/>
  <OBJECTIVE_SETS ID="-3" TYPE="CORPORATE" OBJ_DEF_ID="-1" SUBJECT_ID="[NULL]" ORG_UNIT_ID="[NULL]" IS_APPROVED="F" LABEL="Objective Set 3" PUBLISHED_DATE="[NULL]" STATUS="PUBLISHED" EXPIRY_DATE="[NULL]" LAST_MODIFIED_DATE="2007-06-04 15:51:51.0" ACTION_REQUIRED="NO_ACTION" ACTION_GROUP="UNASSIGNED"/>
  <OBJECTIVES NODE_ID="-11" LABEL="Goal 1_1" STATUS="OPEN" DESCRIPTION="This is the first goal." OBJECTIVE_SET_ID="-1" DATE_CREATED="2007-06-04 15:50:08.0" DATE_UPDATED="2007-06-04 15:51:51.0" DATE_APPROVED="[NULL]" CREATED_BY="1" UPDATED_BY="1" PARENT_ID="[NULL]"/>
  <OBJECTIVES NODE_ID="-3" LABEL="Goal 1_2" STATUS="OPEN" DESCRIPTION="This is the second goal." OBJECTIVE_SET_ID="-1" DATE_CREATED="2007-06-04 15:50:08.0" DATE_UPDATED="2007-06-04 15:51:51.0" DATE_APPROVED="[NULL]" CREATED_BY="1" UPDATED_BY="1" PARENT_ID="[NULL]"/>
  <OBJECTIVES NODE_ID="-4" LABEL="Goal 1_3" STATUS="OPEN" DESCRIPTION="This is the third goal." OBJECTIVE_SET_ID="-1" DATE_CREATED="2007-06-04 15:50:08.0" DATE_UPDATED="2007-06-04 15:51:51.0" DATE_APPROVED="[NULL]" CREATED_BY="1" UPDATED_BY="1" PARENT_ID="[NULL]"/>
  <OBJECTIVES NODE_ID="-5" LABEL="Goal 2_1" STATUS="OPEN" DESCRIPTION="This is the first goal." OBJECTIVE_SET_ID="-2" DATE_CREATED="2007-06-04 15:50:50.0" DATE_UPDATED="2007-06-04 15:52:05.0" DATE_APPROVED="[NULL]" CREATED_BY="1" UPDATED_BY="1" PARENT_ID="[NULL]"/>
  <OBJECTIVES NODE_ID="-6" LABEL="Goal 2_2" STATUS="OPEN" DESCRIPTION="This is the second goal." OBJECTIVE_SET_ID="-2" DATE_CREATED="2007-06-04 15:50:50.0" DATE_UPDATED="2007-06-04 15:52:05.0" DATE_APPROVED="[NULL]" CREATED_BY="1" UPDATED_BY="1" PARENT_ID="[NULL]"/>
  <OBJECTIVES NODE_ID="-7" LABEL="Goal 2_3" STATUS="OPEN" DESCRIPTION="This is the third goal." OBJECTIVE_SET_ID="-2" DATE_CREATED="2007-06-04 15:50:50.0" DATE_UPDATED="2007-06-04 15:52:05.0" DATE_APPROVED="[NULL]" CREATED_BY="1" UPDATED_BY="1" PARENT_ID="[NULL]"/>
  <OBJECTIVES NODE_ID="-8" LABEL="Goal 3_1" STATUS="OPEN" DESCRIPTION="This is the first goal." OBJECTIVE_SET_ID="-3" DATE_CREATED="2007-06-04 15:51:33.0" DATE_UPDATED="2007-06-04 15:52:22.0" DATE_APPROVED="[NULL]" CREATED_BY="1" UPDATED_BY="1" PARENT_ID="[NULL]"/>
  <OBJECTIVES NODE_ID="-9" LABEL="Goal 3_2" STATUS="OPEN" DESCRIPTION="This is the second goal." OBJECTIVE_SET_ID="-3" DATE_CREATED="2007-06-04 15:51:33.0" DATE_UPDATED="2007-06-04 15:52:22.0" DATE_APPROVED="[NULL]" CREATED_BY="1" UPDATED_BY="1" PARENT_ID="[NULL]"/>
  <OBJECTIVES NODE_ID="-10" LABEL="Goal 3_3" STATUS="OPEN" DESCRIPTION="This is the third goal." OBJECTIVE_SET_ID="-3" DATE_CREATED="2007-06-04 15:51:33.0" DATE_UPDATED="2007-06-04 15:52:22.0" DATE_APPROVED="[NULL]" CREATED_BY="1" UPDATED_BY="1" PARENT_ID="[NULL]"/>

</dataset>
