<?xml version='1.0' encoding='UTF-8'?>
<dataset>

    <NODES ID="2" NODE_TYPE="P" IS_ACTIVE="T"/>
    <NODES ID="3" NODE_TYPE="O" IS_ACTIVE="T"/>
    <NODES ID="4" NODE_TYPE="O" IS_ACTIVE="T"/>
    <NODES ID="5" NODE_TYPE="P" IS_ACTIVE="T"/>
    <NODES ID="6" NODE_TYPE="P" IS_ACTIVE="T"/>
    <NODES ID="41" NODE_TYPE="O" IS_ACTIVE="T"/>
    <NODES ID="42" NODE_TYPE="O" IS_ACTIVE="T"/>
    <NODES ID="43" NODE_TYPE="P" IS_ACTIVE="T"/>
    <NODES ID="44" NODE_TYPE="O" IS_ACTIVE="F"/>
    <NODES ID="45" NODE_TYPE="O" IS_ACTIVE="F"/>
    <NODES ID="61" NODE_TYPE="P" IS_ACTIVE="T"/>
    <NODES ID="62" NODE_TYPE="P" IS_ACTIVE="T"/>
    <NODES ID="63" NODE_TYPE="P" IS_ACTIVE="T"/>

    <NODES ID="-6" NODE_TYPE="S" IS_ACTIVE="T"/>
    <NODES ID="-7" NODE_TYPE="S" IS_ACTIVE="T"/>
    <NODES ID="-8" NODE_TYPE="S" IS_ACTIVE="T"/>
    <NODES ID="-9" NODE_TYPE="S" IS_ACTIVE="T"/>

    <NODES ID="-27" NODE_TYPE="Q" IS_ACTIVE="T"/>
    <NODES ID="-28" NODE_TYPE="Q" IS_ACTIVE="T"/>
    <NODES ID="-29" NODE_TYPE="Q" IS_ACTIVE="T"/>

    <QUE_DEFINITIONS ID="1" LABEL="AllQuestions" TITLE="allq"/>
    <QUE_DEFINITION_MODELS QUE_DEF_ID="1"/>
    <QUE_WORKFLOWS ID="1" QD_ID="1" WORKFLOW_TYPE="INFO_FORM" LABEL="All Questions 1" USER_ID="1" STATUS="PUBLISHED"/>

    <LOOKUP_TYPES ID="SELECTNAME0.8480825814665114191" DESCRIPTION="Select Name-Select Title" TYPE="QUESTIONNAIRE" IS_ACTIVE="T" IS_SYSTEM="T" LABEL="Select Name0.8480825814665114"/>
    <LOOKUP_TYPES ID="RATING181" DESCRIPTION="Rating" TYPE="USER" IS_ACTIVE="T" IS_SYSTEM="F" LABEL="Test Rating"/>
    <LOOKUP_TYPES ID="YESNO181" DESCRIPTION="Competance" TYPE="USER" IS_ACTIVE="T" IS_SYSTEM="F" LABEL="Test Comptance"/>

    <LOOKUP_VALUES ID="501" TYPE_ID="RATING181" VALUE_ID="LOW" SHORT_DESC="Low" DESCRIPTION="Low" IS_ACTIVE="T" IS_SYSTEM="F" SORT_ORDER="0"/>
    <LOOKUP_VALUES ID="502" TYPE_ID="RATING181" VALUE_ID="MEDIUM" SHORT_DESC="Medium" DESCRIPTION="Medium" IS_ACTIVE="T" IS_SYSTEM="F" SORT_ORDER="10"/>
    <LOOKUP_VALUES ID="503" TYPE_ID="RATING181" VALUE_ID="HIGH" SHORT_DESC="High" DESCRIPTION="High" IS_ACTIVE="T" IS_SYSTEM="F" SORT_ORDER="20"/>

    <LOOKUP_VALUES ID="-1" TYPE_ID="YESNO181" VALUE_ID="LEVEL1" SHORT_DESC="Level 1" DESCRIPTION="Low" IS_ACTIVE="T" IS_SYSTEM="F" SORT_ORDER="0"/>
    <LOOKUP_VALUES ID="-2" TYPE_ID="YESNO181" VALUE_ID="LEVEL2" SHORT_DESC="Level 2" DESCRIPTION="Medium" IS_ACTIVE="T" IS_SYSTEM="F" SORT_ORDER="10"/>
    <LOOKUP_VALUES ID="-3" TYPE_ID="YESNO181" VALUE_ID="LEVEL3" SHORT_DESC="Level 3" DESCRIPTION="High" IS_ACTIVE="T" IS_SYSTEM="F" SORT_ORDER="20"/>

    <LOOKUP_VALUES ID="543" TYPE_ID="SELECTNAME0.8480825814665114191" VALUE_ID="SelectValue1" SHORT_DESC="Select Text1" DESCRIPTION="Select Text1" IS_ACTIVE="T" IS_SYSTEM="F" SORT_ORDER="0"/>
    <LOOKUP_VALUES ID="544" TYPE_ID="SELECTNAME0.8480825814665114191" VALUE_ID="SelectValue2" SHORT_DESC="Select Text2" DESCRIPTION="Select Text2" IS_ACTIVE="T" IS_SYSTEM="F" SORT_ORDER="1"/>
    <LOOKUP_VALUES ID="545" TYPE_ID="SELECTNAME0.8480825814665114191" VALUE_ID="SelectValue3" SHORT_DESC="Select Text3" DESCRIPTION="Select Text3" IS_ACTIVE="T" IS_SYSTEM="F" SORT_ORDER="2"/>


    <METRICS ID="2" ACCESS_TYPE="Public" LABEL="pdsc avg" USER_ID="1" ARTEFACT_TYPE="P" OPERATOR="avg" ATTRIBUTE="targetDerivedAttributes[19]" VALUE="[NULL]" QUE_WF_ID="[NULL]"/>
    <METRICS ID="3" ACCESS_TYPE="Public" LABEL="pdsc sum" USER_ID="1" ARTEFACT_TYPE="P" OPERATOR="sum" ATTRIBUTE="targetDerivedAttributes[19]" VALUE="[NULL]" QUE_WF_ID="[NULL]"/>
    <METRICS ID="4" ACCESS_TYPE="Public" LABEL="contract duration avg" USER_ID="1" ARTEFACT_TYPE="P" OPERATOR="avg" ATTRIBUTE="185" VALUE="[NULL]" QUE_WF_ID="[NULL]"/>
    <METRICS ID="5" ACCESS_TYPE="Public" LABEL="contract duration sum" USER_ID="1" ARTEFACT_TYPE="P" OPERATOR="sum" ATTRIBUTE="185" VALUE="[NULL]" QUE_WF_ID="[NULL]"/>
    <METRICS ID="6" ACCESS_TYPE="Public" LABEL="Count of High Importance Vals" USER_ID="1" ARTEFACT_TYPE="P" OPERATOR="count" ATTRIBUTE="183" VALUE="503" QUE_WF_ID="[NULL]"/>
    <METRICS ID="7" ACCESS_TYPE="Public" LABEL="Count of Level 1s" USER_ID="1" ARTEFACT_TYPE="S" OPERATOR="count" ATTRIBUTE="-12" VALUE="-1" QUE_WF_ID="[NULL]"/>
    <METRICS ID="8" ACCESS_TYPE="Public" LABEL="Name count" USER_ID="1" ARTEFACT_TYPE="S" OPERATOR="count" ATTRIBUTE="coreDetail.firstName" VALUE="Sally" QUE_WF_ID="[NULL]"/>
    <METRICS ID="9" ACCESS_TYPE="Public" LABEL="Q Answer count" USER_ID="1" ARTEFACT_TYPE="S" OPERATOR="count" ATTRIBUTE="216" VALUE="543" QUE_WF_ID="1"/>
    <METRICS ID="10" ACCESS_TYPE="Public" LABEL="Q Num count" USER_ID="1" ARTEFACT_TYPE="S" OPERATOR="count" ATTRIBUTE="300" VALUE="22" QUE_WF_ID="1"/>

    <DYNAMIC_ATTRIBUTES ID="183" LABEL="Importance" TYPE="STRUCT" ARTEFACT_TYPE="P" IS_MANDATORY="F" IS_ACTIVE="T" IS_SEARCHABLE="T" DESCRIPTION="Importance" REFERS_TO="RATING181" MODIFIED_LABEL="importance"/>
    <DYNAMIC_ATTRIBUTES ID="185" LABEL="Contract duration" TYPE="NUMBER" ARTEFACT_TYPE="P" IS_MANDATORY="F" IS_ACTIVE="T" IS_SEARCHABLE="T" DESCRIPTION="Contract duration" MODIFIED_LABEL="contractduration"/>
    <DYNAMIC_ATTRIBUTES ID="-11" LABEL="Text Label" TYPE="TEXT" ARTEFACT_TYPE="S" IS_MANDATORY="F" IS_ACTIVE="T" IS_SEARCHABLE="T" DESCRIPTION="Text duration" MODIFIED_LABEL="ctextduration"/>
    <DYNAMIC_ATTRIBUTES ID="-12" LABEL="Struct Label" TYPE="STRUCT" ARTEFACT_TYPE="S" IS_MANDATORY="F" IS_ACTIVE="T" IS_SEARCHABLE="T" DESCRIPTION="Struct duration" MODIFIED_LABEL="structduration" REFERS_TO="YESNO181"/>
    <DYNAMIC_ATTRIBUTES ID="-13" LABEL="Period" TYPE="NUMBER" ARTEFACT_TYPE="S" IS_MANDATORY="F" IS_ACTIVE="T" IS_SEARCHABLE="T" DESCRIPTION="Number duration" MODIFIED_LABEL="numberduration"/>
    <DYNAMIC_ATTRIBUTES ID="216" LABEL="Select Name" TYPE="STRUCT" ARTEFACT_TYPE="Q" QD_ID="1" IS_MANDATORY="T" IS_ACTIVE="F" IS_SEARCHABLE="F" IS_DYNAMIC="F" DESCRIPTION="Select Title" REFERS_TO="SELECTNAME0.8480825814665114191" MODIFIED_LABEL="11"/>
    <DYNAMIC_ATTRIBUTES ID="300" LABEL="Some Text" TYPE="NUMBER" ARTEFACT_TYPE="Q" QD_ID="1" IS_MANDATORY="T" IS_ACTIVE="F" IS_SEARCHABLE="F" IS_DYNAMIC="F" DESCRIPTION="None" REFERS_TO="[NULL]" MODIFIED_LABEL="XXXDF12"/>
    <DYNAMIC_ATTRIBUTES ID="3333" LABEL="Date Time Test" TYPE="DATETIME" ARTEFACT_TYPE="S" QD_ID="[NULL]" IS_MANDATORY="T" IS_ACTIVE="T" IS_SEARCHABLE="T" IS_DYNAMIC="F" DESCRIPTION="None" REFERS_TO="[NULL]" MODIFIED_LABEL="AAAAA44"/>
    <DYNAMIC_ATTRIBUTES ID="1111" LABEL="Date Test" TYPE="DATE" ARTEFACT_TYPE="S" QD_ID="[NULL]" IS_MANDATORY="T" IS_ACTIVE="T" IS_SEARCHABLE="T" IS_DYNAMIC="F" DESCRIPTION="None" REFERS_TO="[NULL]" MODIFIED_LABEL="AAAAA44"/>
    <DYNAMIC_ATTRIBUTES ID="2222" LABEL="Time Test" TYPE="TIME" ARTEFACT_TYPE="S" QD_ID="[NULL]" IS_MANDATORY="T" IS_ACTIVE="T" IS_SEARCHABLE="T" IS_DYNAMIC="F" DESCRIPTION="None" REFERS_TO="[NULL]" MODIFIED_LABEL="AAAAA44"/>

    <!-- date and date time attributes to test -->

    <NODE_DAS ID="186" NODE_ID="1" DA_ID="185" VALUE="10"/>
    <NODE_DAS ID="187" NODE_ID="1" DA_ID="183" VALUE="501"/>
    <NODE_DAS ID="188" NODE_ID="6" DA_ID="183" VALUE="502"/>
    <NODE_DAS ID="190" NODE_ID="5" DA_ID="185" VALUE="5"/>
    <NODE_DAS ID="191" NODE_ID="2" DA_ID="185" VALUE="5"/>
    <NODE_DAS ID="192" NODE_ID="61" DA_ID="183" VALUE="501"/>
    <NODE_DAS ID="193" NODE_ID="62" DA_ID="183" VALUE="501"/>
    <NODE_DAS ID="194" NODE_ID="63" DA_ID="183" VALUE="503"/>
    <NODE_DAS ID="195" NODE_ID="63" DA_ID="185" VALUE="15"/>

    <NODE_DAS ID="-1" NODE_ID="-6" DA_ID="-11" VALUE="Test Text 1"/>
    <NODE_DAS ID="-2" NODE_ID="-6" DA_ID="-12" VALUE="-1"/>
    <NODE_DAS ID="-3" NODE_ID="-6" DA_ID="-13" VALUE="15"/>
    <NODE_DAS ID="-4" NODE_ID="-7" DA_ID="-12" VALUE="-1"/>
    <NODE_DAS ID="-5" NODE_ID="-8" DA_ID="-12" VALUE="-2"/>
    <NODE_DAS ID="-6" NODE_ID="-9" DA_ID="-12" VALUE="-3"/>

    <NODE_DAS ID="-19" NODE_ID="-27" DA_ID="216" VALUE="543"/>

    <NODE_DAS ID="-20" NODE_ID="-27" DA_ID="300" VALUE="22"/>
    <NODE_DAS ID="-21" NODE_ID="-28" DA_ID="300" VALUE="22"/>
    <NODE_DAS ID="-22" NODE_ID="-29" DA_ID="300" VALUE="22"/>

    <!-- datatime = -->
    <NODE_DAS ID="-23" NODE_ID="-6" DA_ID="3333" VALUE="2007-09-03 00:00"/>
    <!-- datetime less than -->
    <NODE_DAS ID="-24" NODE_ID="-7" DA_ID="3333" VALUE="2007-09-02 00:00"/>
    <!-- datetime greater than -->
    <NODE_DAS ID="-25" NODE_ID="-8" DA_ID="3333" VALUE="2007-10-03 01:20"/>
    <NODE_DAS ID="-26" NODE_ID="-9" DA_ID="3333" VALUE="2008-09-03 20:00"/>
    <!-- date test greater than -->
    <NODE_DAS ID="-27" NODE_ID="-6" DA_ID="1111" VALUE="2007-09-04"/>
    <NODE_DAS ID="-33" NODE_ID="-8" DA_ID="1111" VALUE="2008-09-03"/>
    <NODE_DAS ID="-28" NODE_ID="-9" DA_ID="1111" VALUE="2007-10-03"/>
    <!-- time test -->
    <NODE_DAS ID="-29" NODE_ID="-7" DA_ID="2222" VALUE="12:45"/>
    <NODE_DAS ID="-30" NODE_ID="-8" DA_ID="2222" VALUE="12:49"/>
    <NODE_DAS ID="-31" NODE_ID="-9" DA_ID="2222" VALUE="18:00"/>

    <ORGANIZATION_UNITS NODE_ID="3" PARENT_ID="0" LABEL="Marketing"/>
    <ORGANIZATION_UNITS NODE_ID="4" PARENT_ID="0" LABEL="Sales"/>
    <ORGANIZATION_UNITS NODE_ID="41" PARENT_ID="0" LABEL="Accounts"/>
    <ORGANIZATION_UNITS NODE_ID="42" PARENT_ID="0" LABEL="IT"/>
    <ORGANIZATION_UNITS NODE_ID="44" PARENT_ID="0" LABEL="Accounts UK"/>
    <ORGANIZATION_UNITS NODE_ID="45" PARENT_ID="0" LABEL="Accounts UK"/>

    <POSITIONS NODE_ID="2" PARENT_ID="1" ORG_UNIT_ID="0" TITLE="Vice-Chairman"/>
    <POSITIONS NODE_ID="5" PARENT_ID="2" ORG_UNIT_ID="4" TITLE="Head of Sales"/>
    <POSITIONS NODE_ID="6" PARENT_ID="1" ORG_UNIT_ID="3" TITLE="Head Of Marketing"/>
    <POSITIONS NODE_ID="43" PARENT_ID="5" ORG_UNIT_ID="4" TITLE="Vice-Head of Sales"/>
    <POSITIONS NODE_ID="61" PARENT_ID="2" ORG_UNIT_ID="42" TITLE="Head of IT"/>
    <POSITIONS NODE_ID="62" PARENT_ID="2" ORG_UNIT_ID="0" TITLE="Guru"/>
    <POSITIONS NODE_ID="63" PARENT_ID="61" ORG_UNIT_ID="42" TITLE="Vice-Head of IT"/>

    <POSITION_ASSOCIATIONS ID="3" SOURCE_ID="2" TARGET_ID="1" VALUE_ID="19"/>
    <POSITION_ASSOCIATIONS ID="4" SOURCE_ID="5" TARGET_ID="2" VALUE_ID="19"/>
    <POSITION_ASSOCIATIONS ID="5" SOURCE_ID="6" TARGET_ID="1" VALUE_ID="20"/>
    <POSITION_ASSOCIATIONS ID="61" SOURCE_ID="43" TARGET_ID="5" VALUE_ID="19"/>
    <POSITION_ASSOCIATIONS ID="81" SOURCE_ID="61" TARGET_ID="2" VALUE_ID="19"/>
    <POSITION_ASSOCIATIONS ID="82" SOURCE_ID="62" TARGET_ID="2" VALUE_ID="19"/>
    <POSITION_ASSOCIATIONS ID="83" SOURCE_ID="63" TARGET_ID="61" VALUE_ID="19"/>

    <CORE_DETAILS ID="-6" FIRST_NAME="Fred" SECOND_NAME="Astair"/>
    <CORE_DETAILS ID="-7" FIRST_NAME="Sally" SECOND_NAME="Armstrong"/>
    <CORE_DETAILS ID="-18" FIRST_NAME="John" SECOND_NAME="Paul"/>
    <CORE_DETAILS ID="-9" FIRST_NAME="Peter" SECOND_NAME="Armstrong"/>

    <SUBJECTS NODE_ID="-6" CD_ID="-6"/>
    <SUBJECTS NODE_ID="-7" CD_ID="-7"/>
    <SUBJECTS NODE_ID="-8" CD_ID="-18"/>
    <SUBJECTS NODE_ID="-9" CD_ID="-9"/>

    <SUBJECT_ASSOCIATIONS ID="-1" SUBJECT_ID="-6" POSITION_ID="1" VALUE_ID="402"/>
    <SUBJECT_ASSOCIATIONS ID="-4" SUBJECT_ID="-7" POSITION_ID="2" VALUE_ID="402"/>
    <SUBJECT_ASSOCIATIONS ID="-3" SUBJECT_ID="-8" POSITION_ID="43" VALUE_ID="402"/>
    <SUBJECT_ASSOCIATIONS ID="-2" SUBJECT_ID="-9" POSITION_ID="61" VALUE_ID="402"/>

    <QUESTIONNAIRES NODE_ID="-27" QWF_ID="1" USER_ID="1" SUBJECT_ID="-6" IS_COMPLETED="F" ROLE="[NULL]"/>
    <QUESTIONNAIRES NODE_ID="-28" QWF_ID="1" USER_ID="1" SUBJECT_ID="-7" IS_COMPLETED="F" ROLE="[NULL]"/>
    <QUESTIONNAIRES NODE_ID="-29" QWF_ID="1" USER_ID="1" SUBJECT_ID="-8" IS_COMPLETED="F" ROLE="[NULL]"/>

    <populations ID="323" TYPE="S" USER_ID="0" LABEL="Graduate Trainees - date time test" COMPILED_SQL="[NULL]" SCOPE="Public" DESCRIPTION="Graduate trainees who have reported sickness" ACTIVE_CRITERIA="1"/>    
    <population_criterias ID="323" POPULATION_ID="323" POSITION="0" TYPE="O" REF_VALUE="2007-09-03 00:00" ATTRIBUTE="3333" OPERATOR="[NULL]" COMPARATOR=" &gt; " QUE_WF_ID="[NULL]" ROLE="[NULL]"/>
    <populations ID="-123" TYPE="S" USER_ID="0" LABEL="Graduate Trainees - date test" COMPILED_SQL="[NULL]" SCOPE="Public" DESCRIPTION="Graduate trainees who have reported sickness" ACTIVE_CRITERIA="1"/>
    <population_criterias ID="-321" POPULATION_ID="-123" POSITION="0" TYPE="O" REF_VALUE="2007-09-03" ATTRIBUTE="1111" OPERATOR="[NULL]" COMPARATOR=" &gt; " QUE_WF_ID="[NULL]" ROLE="[NULL]"/>
    <populations ID="-126" TYPE="S" USER_ID="0" LABEL="Graduate Trainees - time test" COMPILED_SQL="[NULL]" SCOPE="Public" DESCRIPTION="Testing" ACTIVE_CRITERIA="1"/>
    <population_criterias ID="-326" POPULATION_ID="-126" POSITION="0" TYPE="O" REF_VALUE="12:45" ATTRIBUTE="2222" OPERATOR="[NULL]" COMPARATOR=" &gt; " QUE_WF_ID="[NULL]" ROLE="[NULL]"/>

</dataset>
