<?xml version='1.0' encoding='UTF-8'?>
<dataset>
    <LOOKUP_TYPES ID="COMPETENCY0.559383360314859246" DESCRIPTION="Competency- " TYPE="QUESTIONNAIRE" IS_ACTIVE="T" IS_SYSTEM="T"
                  LABEL="Competency0.5593833603148592"/>
    <LOOKUP_TYPES ID="RATING0.841612038913492545" DESCRIPTION="Rating- " TYPE="QUESTIONNAIRE" IS_ACTIVE="T" IS_SYSTEM="T"
                  LABEL="Rating0.8416120389134925"/>
    <LOOKUP_TYPES ID="RATING0.31348821349899285661" DESCRIPTION="Rating- " TYPE="QUESTIONNAIRE" IS_ACTIVE="T" IS_SYSTEM="T"
                  LABEL="Rating0.3134882134989928"/>
    <LOOKUP_TYPES ID="COMPETENCY0.97489558938303475669" DESCRIPTION="Competency- " TYPE="QUESTIONNAIRE" IS_ACTIVE="T" IS_SYSTEM="T"
                  LABEL="Competency0.9748955893830347"/>
    <LOOKUP_TYPES ID="COMPETENCY0.34003326641767545662" DESCRIPTION="Competency- " TYPE="QUESTIONNAIRE" IS_ACTIVE="T" IS_SYSTEM="T"
                  LABEL="Competency0.3400332664176754"/>
    <LOOKUP_TYPES ID="RATING0.44255084824342735668" DESCRIPTION="Rating- " TYPE="QUESTIONNAIRE" IS_ACTIVE="T" IS_SYSTEM="T"
                  LABEL="Rating0.4425508482434273"/>
    <LOOKUP_VALUES ID="420" TYPE_ID="COMPETENCY0.559383360314859246" VALUE_ID="Substandard" SHORT_DESC="Substandard" DESCRIPTION="Substandard"
                   IS_ACTIVE="T" IS_SYSTEM="F" SORT_ORDER="0"/>
    <LOOKUP_VALUES ID="417" TYPE_ID="RATING0.841612038913492545" VALUE_ID="Development required" SHORT_DESC="Development required"
                   DESCRIPTION="Development required" IS_ACTIVE="T" IS_SYSTEM="F" SORT_ORDER="0"/>
    <LOOKUP_VALUES ID="421" TYPE_ID="COMPETENCY0.559383360314859246" VALUE_ID="Average" SHORT_DESC="Average" DESCRIPTION="Average" IS_ACTIVE="T"
                   IS_SYSTEM="F" SORT_ORDER="1"/>
    <LOOKUP_VALUES ID="418" TYPE_ID="RATING0.841612038913492545" VALUE_ID="Good" SHORT_DESC="Good" DESCRIPTION="Good" IS_ACTIVE="T" IS_SYSTEM="F"
                   SORT_ORDER="1"/>
    <LOOKUP_VALUES ID="419" TYPE_ID="RATING0.841612038913492545" VALUE_ID="Exceptional" SHORT_DESC="Exceptional" DESCRIPTION="Exceptional"
                   IS_ACTIVE="T" IS_SYSTEM="F" SORT_ORDER="2"/>
    <LOOKUP_VALUES ID="422" TYPE_ID="COMPETENCY0.559383360314859246" VALUE_ID="Excellent" SHORT_DESC="Excellent" DESCRIPTION="Excellent" IS_ACTIVE="T"
                   IS_SYSTEM="F" SORT_ORDER="2"/>
    <LOOKUP_VALUES ID="9205" TYPE_ID="COMPETENCY0.34003326641767545662" VALUE_ID="Average" SHORT_DESC="Average" DESCRIPTION="Average" IS_ACTIVE="T"
                   IS_SYSTEM="F" SORT_ORDER="1"/>
    <LOOKUP_VALUES ID="9204" TYPE_ID="COMPETENCY0.34003326641767545662" VALUE_ID="Substandard" SHORT_DESC="Substandard" DESCRIPTION="Substandard"
                   IS_ACTIVE="T" IS_SYSTEM="F" SORT_ORDER="0"/>
    <LOOKUP_VALUES ID="9206" TYPE_ID="COMPETENCY0.34003326641767545662" VALUE_ID="Excellent" SHORT_DESC="Excellent" DESCRIPTION="Excellent"
                   IS_ACTIVE="T" IS_SYSTEM="F" SORT_ORDER="2"/>
    <LOOKUP_VALUES ID="9201" TYPE_ID="RATING0.31348821349899285661" VALUE_ID="Development required" SHORT_DESC="Development required"
                   DESCRIPTION="Development required" IS_ACTIVE="T" IS_SYSTEM="F" SORT_ORDER="0"/>
    <LOOKUP_VALUES ID="9202" TYPE_ID="RATING0.31348821349899285661" VALUE_ID="Good" SHORT_DESC="Good" DESCRIPTION="Good" IS_ACTIVE="T" IS_SYSTEM="F"
                   SORT_ORDER="1"/>
    <LOOKUP_VALUES ID="9203" TYPE_ID="RATING0.31348821349899285661" VALUE_ID="Exceptional" SHORT_DESC="Exceptional" DESCRIPTION="Exceptional"
                   IS_ACTIVE="T" IS_SYSTEM="F" SORT_ORDER="2"/>
    <LOOKUP_VALUES ID="9207" TYPE_ID="RATING0.44255084824342735668" VALUE_ID="Development required" SHORT_DESC="Development required"
                   DESCRIPTION="Development required" IS_ACTIVE="T" IS_SYSTEM="F" SORT_ORDER="0"/>
    <LOOKUP_VALUES ID="9208" TYPE_ID="RATING0.44255084824342735668" VALUE_ID="Good" SHORT_DESC="Good" DESCRIPTION="Good" IS_ACTIVE="T" IS_SYSTEM="F"
                   SORT_ORDER="1"/>
    <LOOKUP_VALUES ID="9209" TYPE_ID="RATING0.44255084824342735668" VALUE_ID="Exceptional" SHORT_DESC="Exceptional" DESCRIPTION="Exceptional"
                   IS_ACTIVE="T" IS_SYSTEM="F" SORT_ORDER="2"/>
    <LOOKUP_VALUES ID="9210" TYPE_ID="COMPETENCY0.97489558938303475669" VALUE_ID="Substandard" SHORT_DESC="Substandard" DESCRIPTION="Substandard"
                   IS_ACTIVE="T" IS_SYSTEM="F" SORT_ORDER="0"/>
    <LOOKUP_VALUES ID="9211" TYPE_ID="COMPETENCY0.97489558938303475669" VALUE_ID="Average" SHORT_DESC="Average" DESCRIPTION="Average" IS_ACTIVE="T"
                   IS_SYSTEM="F" SORT_ORDER="1"/>
    <LOOKUP_VALUES ID="9212" TYPE_ID="COMPETENCY0.97489558938303475669" VALUE_ID="Excellent" SHORT_DESC="Excellent" DESCRIPTION="Excellent"
                   IS_ACTIVE="T" IS_SYSTEM="F" SORT_ORDER="2"/>
    <QUE_DEFINITIONS ID="1" LABEL="Short Leadership Evaluation" TITLE="Short Leadership Evaluation" DESCRIPTION="[NULL]"/>
    <PERFORMANCE_REVIEWS ID="1" LABEL="Q1 2006" STATUS="PENDING" IS_NOTIFIABLE="F"/>
    <QUE_WORKFLOWS ID="2" QD_ID="1" PERFORMANCE_ID="1" WORKFLOW_TYPE="PERFORMANCE_REVIEW_EVALUATOR" LABEL="Q1 2006" DESCRIPTION="[NULL]" USER_ID="1"
                   START_DATE="[NULL]" EXPIRED_DATE="[NULL]" CLOSED_DATE="[NULL]" STATUS="PENDING" POPULATION_ID="-2" MANAGER_READ="F"
                   MANAGER_WRITE="F" INDIVIDUAL_READ="F" INDIVIDUAL_WRITE="F"/>
    <QUE_WORKFLOWS ID="3" QD_ID="1" PERFORMANCE_ID="1" WORKFLOW_TYPE="PERFORMANCE_REVIEW_MANAGER" LABEL="Q1 2006" DESCRIPTION="[NULL]" USER_ID="1"
                   START_DATE="[NULL]" EXPIRED_DATE="[NULL]" CLOSED_DATE="[NULL]" STATUS="PENDING" POPULATION_ID="-2" MANAGER_READ="F"
                   MANAGER_WRITE="F" INDIVIDUAL_READ="F" INDIVIDUAL_WRITE="F"/>
    <QUE_WORKFLOWS ID="4" QD_ID="1" WORKFLOW_TYPE="QUESTIONNARE_GENERAL" LABEL="Leadership Evaluation 2006" DESCRIPTION="[NULL]" USER_ID="1"
                   START_DATE="[NULL]" EXPIRED_DATE="2006-08-31 00:00:00.0" CLOSED_DATE="[NULL]" STATUS="COMPLETED" POPULATION_ID="-2"
                   MANAGER_READ="F" MANAGER_WRITE="F" INDIVIDUAL_READ="F" INDIVIDUAL_WRITE="F"/>
    <DYNAMIC_ATTRIBUTES ID="-48" LABEL="Supporting examples" TYPE="TEXT" ARTEFACT_TYPE="Q" QD_ID="1" MAX_SIZE="[NULL]" MIN_SIZE="[NULL]"
                        IS_MANDATORY="F" IS_ACTIVE="F" IS_SEARCHABLE="F" IS_DYNAMIC="F" DESCRIPTION=" " REFERS_TO="[NULL]" LOCK_ID="[NULL]"
                        MODIFIED_LABEL="leadership_rating_examples" UNIQUE_NUMBER="0.8053458472403476"/>
    <DYNAMIC_ATTRIBUTES ID="-47" LABEL="Rating" TYPE="STRUCT" ARTEFACT_TYPE="Q" QD_ID="1" MAX_SIZE="[NULL]" MIN_SIZE="[NULL]" IS_MANDATORY="F"
                        IS_ACTIVE="F" IS_SEARCHABLE="F" IS_DYNAMIC="F" DESCRIPTION=" " REFERS_TO="RATING0.841612038913492545" LOCK_ID="[NULL]"
                        MODIFIED_LABEL="leadership_rating" UNIQUE_NUMBER="0.9426127787674328"/>
    <DYNAMIC_ATTRIBUTES ID="-49" LABEL="Competency" TYPE="STRUCT" ARTEFACT_TYPE="Q" QD_ID="1" MAX_SIZE="[NULL]" MIN_SIZE="[NULL]" IS_MANDATORY="F"
                        IS_ACTIVE="F" IS_SEARCHABLE="F" IS_DYNAMIC="F" DESCRIPTION=" " REFERS_TO="COMPETENCY0.559383360314859246" LOCK_ID="[NULL]"
                        MODIFIED_LABEL="leadership_competency" UNIQUE_NUMBER="0.36520857015495733"/>
    <DYNAMIC_ATTRIBUTES ID="50" LABEL="Age" TYPE="NUMBER" ARTEFACT_TYPE="Q" QD_ID="1" MAX_SIZE="[NULL]" MIN_SIZE="[NULL]" IS_MANDATORY="F"
                        IS_ACTIVE="F" IS_SEARCHABLE="F" IS_DYNAMIC="F" DESCRIPTION="Age" REFERS_TO="[NULL]" LOCK_ID="[NULL]"
                        MODIFIED_LABEL="candidate_age" UNIQUE_NUMBER="0.21880526503196795"/>
    <DYNAMIC_ATTRIBUTES ID="51" LABEL="Years In Job" TYPE="NUMBER" ARTEFACT_TYPE="Q" QD_ID="1" MAX_SIZE="[NULL]" MIN_SIZE="[NULL]" IS_MANDATORY="F"
                        IS_ACTIVE="F" IS_SEARCHABLE="F" IS_DYNAMIC="F" DESCRIPTION="Years In Job" REFERS_TO="[NULL]" LOCK_ID="[NULL]"
                        MODIFIED_LABEL="candidate_yrs_in_job" UNIQUE_NUMBER="0.6502209732295945"/>
    <DYNAMIC_ATTR_REFERENCES/>
    <QUE_DEFINITION_MODELS QUE_DEF_ID="1"/>
    <QUESTION_GROUPS ID="1" QUE_DEF_MODEL_ID="1" LABEL="Leadership Capabilities" TITLE="[NULL]" DISPLAYABLE="T"/>
    <MULTI_QUESTIONS/>
    <QUESTION_LINE_ITEMS/>
    <QUESTIONS ID="2" QUE_GROUP_ID="1" DA_ID="-47" QUESTION_LINE_ITEM_ID="[NULL]" QUESTION_TYPE="SELECT" NARRATIVE="[NULL]" TITLE=" " TARGET="[NULL]"
               TEXT_ID="leadership_rating" LENGTH="0" LABEL_DISPLAYABLE="F"/>
    <QUESTIONS ID="3" QUE_GROUP_ID="1" DA_ID="-48" QUESTION_LINE_ITEM_ID="[NULL]" QUESTION_TYPE="TEXT" NARRATIVE="[NULL]" TITLE=" " TARGET="[NULL]"
               TEXT_ID="leadership_rating_examples" LENGTH="0" LABEL_DISPLAYABLE="F"/>
    <QUESTIONS ID="4" QUE_GROUP_ID="1" DA_ID="-49" QUESTION_LINE_ITEM_ID="[NULL]" QUESTION_TYPE="SELECT" NARRATIVE="[NULL]" TITLE=" " TARGET="[NULL]"
               TEXT_ID="leadership_competency" LENGTH="0" LABEL_DISPLAYABLE="F"/>
    <QUESTIONS ID="5" QUE_GROUP_ID="1" DA_ID="50" QUESTION_LINE_ITEM_ID="[NULL]" QUESTION_TYPE="INTEGER" NARRATIVE="[NULL]" TITLE="Age"
               TARGET="[NULL]" TEXT_ID="candidate_age" LENGTH="0" LABEL_DISPLAYABLE="F"/>
    <QUESTIONS ID="6" QUE_GROUP_ID="1" DA_ID="51" QUESTION_LINE_ITEM_ID="[NULL]" QUESTION_TYPE="INTEGER" NARRATIVE="[NULL]" TITLE="Years In Job"
               TARGET="[NULL]" TEXT_ID="candidate_yrs_in_job" LENGTH="0" LABEL_DISPLAYABLE="F"/>
</dataset>
