<?xml version='1.0' encoding='UTF-8'?>
<dataset>
  <QUE_DEFINITIONS ID="-21" LABEL="Manager Evaluation" TITLE="Performance Management"/>
  <QUE_WORKFLOWS ID="-1" QD_ID="-21" WORKFLOW_TYPE="QUESTIONNARE_GENERAL" LABEL="test 1" USER_ID="1" EXPIRED_DATE="2007-01-31" STATUS="PUBLISHED"/>
  <DYNAMIC_ATTRIBUTES ID="-1001" LABEL="Overall achievement1" TYPE="STRUCT" ARTEFACT_TYPE="Q" QD_ID="-21" IS_MANDATORY="F" IS_ACTIVE="F" IS_SEARCHABLE="F" DESCRIPTION="Record here your assessment of the employees achievement against set objectives" REFERS_TO="OVERALLACHIEVEMENT0.34525826659460535121" MODIFIED_LABEL="2"/>
  <DYNAMIC_ATTRIBUTES ID="-1002" LABEL="Client Focus1" TYPE="STRUCT" ARTEFACT_TYPE="Q" QD_ID="-21" IS_MANDATORY="F" IS_ACTIVE="F" IS_SEARCHABLE="F" DESCRIPTION="Builds and sustains long-term relationships, understanding, trust and respect. Focuses in an effective way" REFERS_TO="CLIENTFOCUS0.13429526937859648122" MODIFIED_LABEL="3"/>
  <DYNAMIC_ATTRIBUTES ID="-1003" LABEL="Communication and Impact1" TYPE="STRUCT" ARTEFACT_TYPE="Q" QD_ID="-21" IS_MANDATORY="F" IS_ACTIVE="F" IS_SEARCHABLE="F" DESCRIPTION="Conveys information clearly, accurately and succinctly and adjusts to the audience&apos;s needs and requirements. Has credibility and impact, uses a range of effective interpersonal skills to persuade others to adopt a particular position and/or take action." REFERS_TO="COMMUNICATIONANDIMPACT0.5679032354223539123" MODIFIED_LABEL="4"/>
  <DYNAMIC_ATTRIBUTES ID="-1004" LABEL="Developing Self (Learning)1" TYPE="STRUCT" ARTEFACT_TYPE="Q" QD_ID="-21" IS_MANDATORY="F" IS_ACTIVE="F" IS_SEARCHABLE="F" DESCRIPTION="Is concerned to continuously expand their own skill set and specific knowledge of business. Remains abreast of developments in own area, creates and pursues own development plan and finds opportunities to achieve own objectives." REFERS_TO="DEVELOPINGSELF(LEARNING)0.3518140504656092124" MODIFIED_LABEL="5"/>
  <DYNAMIC_ATTRIBUTES ID="-1005" LABEL="Drive and Commitment1" TYPE="STRUCT" ARTEFACT_TYPE="Q" QD_ID="-21" IS_MANDATORY="F" IS_ACTIVE="F" IS_SEARCHABLE="F" DESCRIPTION="Has the determination, effort and enthusiasm to deliver results. Is energetic, takes the initiative, originates action and keeps things moving" REFERS_TO="DRIVEANDCOMMITMENT0.6917694394650875125" MODIFIED_LABEL="6"/>
  <DYNAMIC_ATTRIBUTES ID="-1006" LABEL="Innovation1" TYPE="STRUCT" ARTEFACT_TYPE="Q" QD_ID="-21" IS_MANDATORY="F" IS_ACTIVE="F" IS_SEARCHABLE="F" DESCRIPTION="The inclination and ability to challenge the status quo, and to generate new ideas and creative approaches which move the business forward." REFERS_TO="INNOVATION0.9880518108258255126" MODIFIED_LABEL="7"/>
  <DYNAMIC_ATTRIBUTES ID="-1007" LABEL="Judgement and Decision Making1" TYPE="STRUCT" ARTEFACT_TYPE="Q" QD_ID="-21" IS_MANDATORY="F" IS_ACTIVE="F" IS_SEARCHABLE="F" DESCRIPTION="Selects and uses relevant information to make sound and balanced judgements. Evaluates the risks of alternative options and makes confident decisions in the face of uncertainty or incomplete knowledge." REFERS_TO="JUDGEMENTANDDECISIONMAKING0.2149587982712613127" MODIFIED_LABEL="8"/>
  <DYNAMIC_ATTRIBUTES ID="-1008" LABEL="Planning and Organising1" TYPE="STRUCT" ARTEFACT_TYPE="Q" QD_ID="-21" IS_MANDATORY="F" IS_ACTIVE="F" IS_SEARCHABLE="F" DESCRIPTION="Is personally well organized and keeps focused on priorities in own and others&apos; work. Develops and monitors clear and realistic action plans to accomplish given objectives using given resources." REFERS_TO="PLANNINGANDORGANISING0.45391261634522073128" MODIFIED_LABEL="9"/>
  <DYNAMIC_ATTRIBUTES ID="-1009" LABEL="Problem Analysis1" TYPE="STRUCT" ARTEFACT_TYPE="Q" QD_ID="-21" IS_MANDATORY="F" IS_ACTIVE="F" IS_SEARCHABLE="F" DESCRIPTION="Identifies and examines problems in order to understand them, generates options and recommends solutions which are logical, reasonable and realistic." REFERS_TO="PROBLEMANALYSIS0.753924370601027129" MODIFIED_LABEL="10"/>
  <DYNAMIC_ATTRIBUTES ID="-10010" LABEL="Professional Behaviour1" TYPE="STRUCT" ARTEFACT_TYPE="Q" QD_ID="-21" IS_MANDATORY="F" IS_ACTIVE="F" IS_SEARCHABLE="F" DESCRIPTION="Dependable, reliable and accountable for own behaviour. Additionally, acts within professional, legal and ethical boundaries and guidelines." REFERS_TO="PROFESSIONALBEHAVIOUR0.7218037220813274130" MODIFIED_LABEL="11"/>
  <DYNAMIC_ATTRIBUTES ID="-10011" LABEL="Quality and Continuous Improvement1" TYPE="STRUCT" ARTEFACT_TYPE="Q" QD_ID="-21" IS_MANDATORY="F" IS_ACTIVE="F" IS_SEARCHABLE="F" DESCRIPTION="Strives to enhance processes and procedures, and to improve quality and efficiency. Additionally, collates and captures organizational knowledge for the benefit of themselves and others." REFERS_TO="QUALITYANDCONTINUOUSIMPROVEMENT0.4755610223387966131" MODIFIED_LABEL="12"/>
  <DYNAMIC_ATTRIBUTES ID="-10012" LABEL="Resilience and Stress Management1" TYPE="STRUCT" ARTEFACT_TYPE="Q" QD_ID="-21" IS_MANDATORY="F" IS_ACTIVE="F" IS_SEARCHABLE="F" DESCRIPTION="Flexible, tolerates changes in methods, approaches and objectives. Maintains their performance and confidence in difficult, stressful, ambiguous and challenging circumstances." REFERS_TO="RESILIENCEANDSTRESSMANAGEMENT0.7136680927569521132" MODIFIED_LABEL="13"/>
  <DYNAMIC_ATTRIBUTES ID="-10013" LABEL="Teamwork1" TYPE="STRUCT" ARTEFACT_TYPE="Q" QD_ID="-21" IS_MANDATORY="F" IS_ACTIVE="F" IS_SEARCHABLE="F" DESCRIPTION="Co-operates and collaborates with colleagues inside and outside own area to achieve shared goals. Contributes actively to help create effective partnerships, which meet organizational objectives." REFERS_TO="TEAMWORK0.6795592394952945133" MODIFIED_LABEL="14"/>
  <DYNAMIC_ATTRIBUTES ID="-10014" LABEL="Overall assessment: Behavioral Competencies1" TYPE="STRUCT" ARTEFACT_TYPE="Q" QD_ID="-21" IS_MANDATORY="F" IS_ACTIVE="F" IS_SEARCHABLE="F" DESCRIPTION="Record here your overall assessment of the employees Behavioral Competencies" REFERS_TO="OVERALLASSESSMENT:BEHAVIORALCOMPETENCIES0.45830533222000047134" MODIFIED_LABEL="15"/>
  <DYNAMIC_ATTRIBUTES ID="-10015" LABEL="Comments1" TYPE="TEXTAREA" ARTEFACT_TYPE="Q" QD_ID="-21" IS_MANDATORY="F" IS_ACTIVE="F" IS_SEARCHABLE="F" DESCRIPTION="Record here your overall assessment of the employees Behavioral Competencies" MODIFIED_LABEL="16"/>
  <DYNAMIC_ATTRIBUTES ID="-10016" LABEL="Business and Financial Focus1" TYPE="STRUCT" ARTEFACT_TYPE="Q" QD_ID="-21" IS_MANDATORY="F" IS_ACTIVE="F" IS_SEARCHABLE="F" DESCRIPTION="Drives for and focuses on business success and profitability, shows concern for financial stewardship and the proper management of financial resources" REFERS_TO="BUSINESSANDFINANCIALFOCUS0.8642880753160433135" MODIFIED_LABEL="17"/>
  <DYNAMIC_ATTRIBUTES ID="-10017" LABEL="Leadership1" TYPE="STRUCT" ARTEFACT_TYPE="Q" QD_ID="-21" IS_MANDATORY="F" IS_ACTIVE="F" IS_SEARCHABLE="F" DESCRIPTION="Motivates and inspires others by providing a compelling vision of shared goals and objectives. Is courageous in challenging the status quo and remains committed to the common global strategy." REFERS_TO="LEADERSHIP0.9920342622830933136" MODIFIED_LABEL="18"/>
  <DYNAMIC_ATTRIBUTES ID="-10018" LABEL="Managing and Developing People1" TYPE="STRUCT" ARTEFACT_TYPE="Q" QD_ID="-21" IS_MANDATORY="F" IS_ACTIVE="F" IS_SEARCHABLE="F" DESCRIPTION="Manages, supports and encourages others through training, empowerment, role modelling and coaching. Addresses performance issues and creates development opportunities for others, helping them build their own careers." REFERS_TO="MANAGINGANDDEVELOPINGPEOPLE0.5803004204510119137" MODIFIED_LABEL="19"/>
  <DYNAMIC_ATTRIBUTES ID="-10019" LABEL="Strategic Perspective and Global Awareness1" TYPE="STRUCT" ARTEFACT_TYPE="Q" QD_ID="-21" IS_MANDATORY="F" IS_ACTIVE="F" IS_SEARCHABLE="F" DESCRIPTION="Demonstrates a broad-based view of business issues, events and activities and an understanding of their wider implications and long-term impact." REFERS_TO="STRATEGICPERSPECTIVEANDGLOBALAWARENESS0.6260430471634654138" MODIFIED_LABEL="20"/>
  <DYNAMIC_ATTRIBUTES ID="-10020" LABEL="Valuing Diversity1" TYPE="STRUCT" ARTEFACT_TYPE="Q" QD_ID="-21" IS_MANDATORY="F" IS_ACTIVE="F" IS_SEARCHABLE="F" DESCRIPTION="Values views opinions and insights from all individuals. Promotes an inclusive culture, leverages the perspectives and experiences of others to gain competitive advantage." REFERS_TO="VALUINGDIVERSITY0.442134486256442139" MODIFIED_LABEL="21"/>
  <DYNAMIC_ATTRIBUTES ID="-10021" LABEL="Overall assessment: Leadership Capabilities1" TYPE="STRUCT" ARTEFACT_TYPE="Q" QD_ID="-21" IS_MANDATORY="F" IS_ACTIVE="F" IS_SEARCHABLE="F" DESCRIPTION="Record here your overall assessment of the employees Leadership Capabilities" REFERS_TO="OVERALLASSESSMENT:LEADERSHIPCAPABILITIES0.14849217576184848140" MODIFIED_LABEL="22"/>
  <DYNAMIC_ATTRIBUTES ID="-10022" LABEL="Comments12" TYPE="TEXTAREA" ARTEFACT_TYPE="Q" QD_ID="-21" IS_MANDATORY="F" IS_ACTIVE="F" IS_SEARCHABLE="F" DESCRIPTION="Record here your overall assessment of the employees Leadership Capabilities" MODIFIED_LABEL="23"/>
  <QUE_DEFINITION_MODELS QUE_DEF_ID="-21"/>
  <METRICS ID="-101" ACCESS_TYPE="Public" DESCRIPTION="A public person metric" LABEL="31" USER_ID="1" ARTEFACT_TYPE="S" OPERATOR="avg" ATTRIBUTE="-1001" QUE_WF_ID="-1"/>
  <METRICS ID="-102" ACCESS_TYPE="Public" DESCRIPTION="A public person metric" LABEL="32" USER_ID="1" ARTEFACT_TYPE="S" OPERATOR="avg" ATTRIBUTE="-1002" QUE_WF_ID="-1"/>
  <METRICS ID="-103" ACCESS_TYPE="Public" DESCRIPTION="A public person metric" LABEL="33" USER_ID="1" ARTEFACT_TYPE="S" OPERATOR="avg" ATTRIBUTE="49"/>
  <METRICS ID="-104" ACCESS_TYPE="Public" DESCRIPTION="A public person metric" LABEL="34" USER_ID="1" ARTEFACT_TYPE="S" OPERATOR="avg" ATTRIBUTE="51"/>
  <METRICS ID="-105" ACCESS_TYPE="Public" DESCRIPTION="A public person metric" LABEL="35" USER_ID="1" ARTEFACT_TYPE="S" OPERATOR="avg" ATTRIBUTE="sourceDerivedAttributes[399]"/>
  <METRICS ID="-106" ACCESS_TYPE="Public" DESCRIPTION="A public person metric" LABEL="36" USER_ID="1" ARTEFACT_TYPE="S" OPERATOR="avg" ATTRIBUTE="sourceDerivedAttributes[400]"/>
  <METRICS ID="-115" ACCESS_TYPE="Public" DESCRIPTION="A public person metric" LABEL="45" USER_ID="1" ARTEFACT_TYPE="S" OPERATOR="sum" ATTRIBUTE="49"/>
  <METRICS ID="-116" ACCESS_TYPE="Public" DESCRIPTION="A public person metric" LABEL="46" USER_ID="1" ARTEFACT_TYPE="S" OPERATOR="sum" ATTRIBUTE="51"/>
  <METRICS ID="-117" ACCESS_TYPE="Public" DESCRIPTION="A public person metric" LABEL="47" USER_ID="1" ARTEFACT_TYPE="S" OPERATOR="sum" ATTRIBUTE="sourceDerivedAttributes[399]"/>
  <METRICS ID="-118" ACCESS_TYPE="Public" DESCRIPTION="A public person metric" LABEL="48" USER_ID="1" ARTEFACT_TYPE="S" OPERATOR="sum" ATTRIBUTE="sourceDerivedAttributes[400]"/>
  <METRICS ID="-119" ACCESS_TYPE="Public" DESCRIPTION="A public person metric" LABEL="49" USER_ID="1" ARTEFACT_TYPE="S" OPERATOR="avg" ATTRIBUTE="-10022" QUE_WF_ID="-1"/>
</dataset>
