<?xml version='1.0' encoding='UTF-8'?>
<dataset>
    <LOOKUP_TYPES ID="COMPETENCY0.2703588535416732142" DESCRIPTION="Competency- " TYPE="QUESTIONNAIRE" IS_ACTIVE="T" IS_SYSTEM="T" LABEL="Competency0.2703588535416732"/>
    <LOOKUP_TYPES ID="RATING0.9922246462298171141" DESCRIPTION="Rating- " TYPE="QUESTIONNAIRE" IS_ACTIVE="T" IS_SYSTEM="T" LABEL="Rating0.9922246462298171"/>
    <LOOKUP_VALUES ID="484" TYPE_ID="COMPETENCY0.2703588535416732142" VALUE_ID="Substandard" SHORT_DESC="Substandard" DESCRIPTION="Substandard" IS_ACTIVE="T" IS_SYSTEM="F" SORT_ORDER="0"/>
    <LOOKUP_VALUES ID="481" TYPE_ID="RATING0.9922246462298171141" VALUE_ID="Development required" SHORT_DESC="Development required" DESCRIPTION="Development required" IS_ACTIVE="T" IS_SYSTEM="F" SORT_ORDER="0"/>
    <LOOKUP_VALUES ID="485" TYPE_ID="COMPETENCY0.2703588535416732142" VALUE_ID="Average" SHORT_DESC="Average" DESCRIPTION="Average" IS_ACTIVE="T" IS_SYSTEM="F" SORT_ORDER="0"/>
    <LOOKUP_VALUES ID="482" TYPE_ID="RATING0.9922246462298171141" VALUE_ID="Good" SHORT_DESC="Good" DESCRIPTION="Good" IS_ACTIVE="T" IS_SYSTEM="F" SORT_ORDER="0"/>
    <LOOKUP_VALUES ID="483" TYPE_ID="RATING0.9922246462298171141" VALUE_ID="Exceptional" SHORT_DESC="Exceptional" DESCRIPTION="Exceptional" IS_ACTIVE="T" IS_SYSTEM="F" SORT_ORDER="0"/>
    <LOOKUP_VALUES ID="486" TYPE_ID="COMPETENCY0.2703588535416732142" VALUE_ID="Excellent" SHORT_DESC="Excellent" DESCRIPTION="Excellent" IS_ACTIVE="T" IS_SYSTEM="F" SORT_ORDER="0"/>
    <QUE_DEFINITIONS ID="41" LABEL="Short Leadership Evaluation" TITLE="Short Leadership Evaluation"/>
    <QUE_WORKFLOWS ID="41" QD_ID="41" WORKFLOW_TYPE="QUESTIONNARE_GENERAL" LABEL="Leadership Evaluation 1" USER_ID="1" EXPIRED_DATE="2006-05-31 00:00:00.0" STATUS="COMPLETED"/>
    <REPORTS ID="81" ACCESS_TYPE="Public" REP_TYPE="STANDARD" LABEL="Test Person Tabular Report 1" DEFAULT_POPULATION_ID="-2" USER_ID="1" POPULATION_TYPE="S"
             JASPER_DEFINITION="rO0ABXNyAEJjb20uenluYXAudGFsZW50c3R1ZGlvLmFuYWx5c2lzLnJlcG9ydHMuamFzcGVyLlRh
YnVsYXJSZXBvcnREZXNpZ27/0r/THWMB6AIAAUwAEHN1YlJlcG9ydHNEZXNpZ250AA9MamF2YS91
dGlsL01hcDt4cgBBY29tLnp5bmFwLnRhbGVudHN0dWRpby5hbmFseXNpcy5yZXBvcnRzLmphc3Bl
ci5KYXNwZXJSZXBvcnREZXNpZ27Pnxr11INVBQIAAUwADGphc3BlclJlcG9ydHQAKkxuZXQvc2Yv
amFzcGVycmVwb3J0cy9lbmdpbmUvSmFzcGVyUmVwb3J0O3hwc3IAKG5ldC5zZi5qYXNwZXJyZXBv
cnRzLmVuZ2luZS5KYXNwZXJSZXBvcnQAAAAAAAAn2AIAA0wAC2NvbXBpbGVEYXRhdAAWTGphdmEv
aW8vU2VyaWFsaXphYmxlO0wAEWNvbXBpbGVOYW1lU3VmZml4dAASTGphdmEvbGFuZy9TdHJpbmc7
TAANY29tcGlsZXJDbGFzc3EAfgAHeHIALW5ldC5zZi5qYXNwZXJyZXBvcnRzLmVuZ2luZS5iYXNl
LkpSQmFzZVJlcG9ydAAAAAAAACfYAgAjSQAMYm90dG9tTWFyZ2luSQALY29sdW1uQ291bnRJAA1j
b2x1bW5TcGFjaW5nSQALY29sdW1uV2lkdGhaABBpZ25vcmVQYWdpbmF0aW9uWgATaXNGbG9hdENv
bHVtbkZvb3RlcloAEGlzU3VtbWFyeU5ld1BhZ2VaAA5pc1RpdGxlTmV3UGFnZUkACmxlZnRNYXJn
aW5CAAtvcmllbnRhdGlvbkkACnBhZ2VIZWlnaHRJAAlwYWdlV2lkdGhCAApwcmludE9yZGVySQAL
cmlnaHRNYXJnaW5JAAl0b3BNYXJnaW5CAA53aGVuTm9EYXRhVHlwZUwACmJhY2tncm91bmR0ACRM
bmV0L3NmL2phc3BlcnJlcG9ydHMvZW5naW5lL0pSQmFuZDtMAAxjb2x1bW5Gb290ZXJxAH4ACUwA
DGNvbHVtbkhlYWRlcnEAfgAJWwAIZGF0YXNldHN0AChbTG5ldC9zZi9qYXNwZXJyZXBvcnRzL2Vu
Z2luZS9KUkRhdGFzZXQ7TAALZGVmYXVsdEZvbnR0ACpMbmV0L3NmL2phc3BlcnJlcG9ydHMvZW5n
aW5lL0pSUmVwb3J0Rm9udDtMAAxkZWZhdWx0U3R5bGV0ACVMbmV0L3NmL2phc3BlcnJlcG9ydHMv
ZW5naW5lL0pSU3R5bGU7TAAGZGV0YWlscQB+AAlbAAVmb250c3QAK1tMbmV0L3NmL2phc3BlcnJl
cG9ydHMvZW5naW5lL0pSUmVwb3J0Rm9udDtMABJmb3JtYXRGYWN0b3J5Q2xhc3NxAH4AB0wACmlt
cG9ydHNTZXR0AA9MamF2YS91dGlsL1NldDtMAAhsYW5ndWFnZXEAfgAHTAAObGFzdFBhZ2VGb290
ZXJxAH4ACUwAC21haW5EYXRhc2V0dAAnTG5ldC9zZi9qYXNwZXJyZXBvcnRzL2VuZ2luZS9KUkRh
dGFzZXQ7TAAEbmFtZXEAfgAHTAAKcGFnZUZvb3RlcnEAfgAJTAAKcGFnZUhlYWRlcnEAfgAJWwAG
c3R5bGVzdAAmW0xuZXQvc2YvamFzcGVycmVwb3J0cy9lbmdpbmUvSlJTdHlsZTtMAAdzdW1tYXJ5
cQB+AAlMAAV0aXRsZXEAfgAJeHAAAAAAAAAAAwAAAAAAAAFeAQAAAAAAAAABAAAAoAAABBoBAAAA
AAAAAAABcHBwcHBzcgAsbmV0LnNmLmphc3BlcnJlcG9ydHMuZW5naW5lLmJhc2UuSlJCYXNlU3R5
bGUAAAAAAAAnEQIALVoACWlzRGVmYXVsdEwACWJhY2tjb2xvcnQAEExqYXZhL2F3dC9Db2xvcjtM
AAZib3JkZXJ0ABBMamF2YS9sYW5nL0J5dGU7TAALYm9yZGVyQ29sb3JxAH4AE0wADGJvdHRvbUJv
cmRlcnEAfgAUTAARYm90dG9tQm9yZGVyQ29sb3JxAH4AE0wADWJvdHRvbVBhZGRpbmd0ABNMamF2
YS9sYW5nL0ludGVnZXI7WwARY29uZGl0aW9uYWxTdHlsZXN0ADFbTG5ldC9zZi9qYXNwZXJyZXBv
cnRzL2VuZ2luZS9KUkNvbmRpdGlvbmFsU3R5bGU7TAAUZGVmYXVsdFN0eWxlUHJvdmlkZXJ0ADRM
bmV0L3NmL2phc3BlcnJlcG9ydHMvZW5naW5lL0pSRGVmYXVsdFN0eWxlUHJvdmlkZXI7TAAEZmls
bHEAfgAUTAAIZm9udE5hbWVxAH4AB0wACGZvbnRTaXplcQB+ABVMAAlmb3JlY29sb3JxAH4AE0wA
E2hvcml6b250YWxBbGlnbm1lbnRxAH4AFEwAD2lzQmxhbmtXaGVuTnVsbHQAE0xqYXZhL2xhbmcv
Qm9vbGVhbjtMAAZpc0JvbGRxAH4AGEwACGlzSXRhbGljcQB+ABhMAA1pc1BkZkVtYmVkZGVkcQB+
ABhMAA9pc1N0cmlrZVRocm91Z2hxAH4AGEwADGlzU3R5bGVkVGV4dHEAfgAYTAALaXNVbmRlcmxp
bmVxAH4AGEwACmxlZnRCb3JkZXJxAH4AFEwAD2xlZnRCb3JkZXJDb2xvcnEAfgATTAALbGVmdFBh
ZGRpbmdxAH4AFUwAC2xpbmVTcGFjaW5ncQB+ABRMAARtb2RlcQB+ABRMAARuYW1lcQB+AAdMAAdw
YWRkaW5ncQB+ABVMAAtwYXJlbnRTdHlsZXEAfgAMTAAHcGF0dGVybnEAfgAHTAALcGRmRW5jb2Rp
bmdxAH4AB0wAC3BkZkZvbnROYW1lcQB+AAdMAANwZW5xAH4AFEwADHBvc2l0aW9uVHlwZXEAfgAU
TAAGcmFkaXVzcQB+ABVMAAtyaWdodEJvcmRlcnEAfgAUTAAQcmlnaHRCb3JkZXJDb2xvcnEAfgAT
TAAMcmlnaHRQYWRkaW5ncQB+ABVMAAhyb3RhdGlvbnEAfgAUTAAKc2NhbGVJbWFnZXEAfgAUTAAL
c3RyZXRjaFR5cGVxAH4AFEwACXRvcEJvcmRlcnEAfgAUTAAOdG9wQm9yZGVyQ29sb3JxAH4AE0wA
CnRvcFBhZGRpbmdxAH4AFUwAEXZlcnRpY2FsQWxpZ25tZW50cQB+ABR4cAFwcHBwcHBwcHB0AAVB
cmlhbHNyABFqYXZhLmxhbmcuSW50ZWdlchLioKT3gYc4AgABSQAFdmFsdWV4cgAQamF2YS5sYW5n
Lk51bWJlcoaslR0LlOCLAgAAeHAAAAAMcHBwc3IAEWphdmEubGFuZy5Cb29sZWFuzSBygNWc+u4C
AAFaAAV2YWx1ZXhwAHEAfgAfcQB+AB9xAH4AH3BxAH4AH3BwcHBwdAATdGVtcGxhdGVEZXRhaWxT
dHlsZXBwcHQABkNwMTI1MnQACUhlbHZldGljYXBwcHBwcHBwcHBwcHBzcgArbmV0LnNmLmphc3Bl
cnJlcG9ydHMuZW5naW5lLmJhc2UuSlJCYXNlQmFuZAAAAAAAACfYAgADSQAGaGVpZ2h0WgAOaXNT
cGxpdEFsbG93ZWRMABNwcmludFdoZW5FeHByZXNzaW9udAAqTG5ldC9zZi9qYXNwZXJyZXBvcnRz
L2VuZ2luZS9KUkV4cHJlc3Npb247eHIAM25ldC5zZi5qYXNwZXJyZXBvcnRzLmVuZ2luZS5iYXNl
LkpSQmFzZUVsZW1lbnRHcm91cAAAAAAAACfYAgACTAAIY2hpbGRyZW50ABBMamF2YS91dGlsL0xp
c3Q7TAAMZWxlbWVudEdyb3VwdAAsTG5ldC9zZi9qYXNwZXJyZXBvcnRzL2VuZ2luZS9KUkVsZW1l
bnRHcm91cDt4cHNyABNqYXZhLnV0aWwuQXJyYXlMaXN0eIHSHZnHYZ0DAAFJAARzaXpleHAAAAAD
dwQAAAAKc3IAMG5ldC5zZi5qYXNwZXJyZXBvcnRzLmVuZ2luZS5iYXNlLkpSQmFzZVRleHRGaWVs
ZAAAAAAAACfYAgAQSQANYm9va21hcmtMZXZlbEIADmV2YWx1YXRpb25UaW1lQgAPaHlwZXJsaW5r
VGFyZ2V0QgANaHlwZXJsaW5rVHlwZVoAFWlzU3RyZXRjaFdpdGhPdmVyZmxvd0wAFGFuY2hvck5h
bWVFeHByZXNzaW9ucQB+ACRMAA9ldmFsdWF0aW9uR3JvdXB0ACVMbmV0L3NmL2phc3BlcnJlcG9y
dHMvZW5naW5lL0pSR3JvdXA7TAAKZXhwcmVzc2lvbnEAfgAkTAAZaHlwZXJsaW5rQW5jaG9yRXhw
cmVzc2lvbnEAfgAkTAAXaHlwZXJsaW5rUGFnZUV4cHJlc3Npb25xAH4AJFsAE2h5cGVybGlua1Bh
cmFtZXRlcnN0ADNbTG5ldC9zZi9qYXNwZXJyZXBvcnRzL2VuZ2luZS9KUkh5cGVybGlua1BhcmFt
ZXRlcjtMABxoeXBlcmxpbmtSZWZlcmVuY2VFeHByZXNzaW9ucQB+ACRMABpoeXBlcmxpbmtUb29s
dGlwRXhwcmVzc2lvbnEAfgAkTAAPaXNCbGFua1doZW5OdWxscQB+ABhMAAhsaW5rVHlwZXEAfgAH
TAAHcGF0dGVybnEAfgAHeHIAMm5ldC5zZi5qYXNwZXJyZXBvcnRzLmVuZ2luZS5iYXNlLkpSQmFz
ZVRleHRFbGVtZW50AAAAAAAAJ9gCAB5MAAZib3JkZXJxAH4AFEwAC2JvcmRlckNvbG9ycQB+ABNM
AAxib3R0b21Cb3JkZXJxAH4AFEwAEWJvdHRvbUJvcmRlckNvbG9ycQB+ABNMAA1ib3R0b21QYWRk
aW5ncQB+ABVMAAhmb250TmFtZXEAfgAHTAAIZm9udFNpemVxAH4AFUwAE2hvcml6b250YWxBbGln
bm1lbnRxAH4AFEwABmlzQm9sZHEAfgAYTAAIaXNJdGFsaWNxAH4AGEwADWlzUGRmRW1iZWRkZWRx
AH4AGEwAD2lzU3RyaWtlVGhyb3VnaHEAfgAYTAAMaXNTdHlsZWRUZXh0cQB+ABhMAAtpc1VuZGVy
bGluZXEAfgAYTAAKbGVmdEJvcmRlcnEAfgAUTAAPbGVmdEJvcmRlckNvbG9ycQB+ABNMAAtsZWZ0
UGFkZGluZ3EAfgAVTAALbGluZVNwYWNpbmdxAH4AFEwAB3BhZGRpbmdxAH4AFUwAC3BkZkVuY29k
aW5ncQB+AAdMAAtwZGZGb250TmFtZXEAfgAHTAAKcmVwb3J0Rm9udHEAfgALTAALcmlnaHRCb3Jk
ZXJxAH4AFEwAEHJpZ2h0Qm9yZGVyQ29sb3JxAH4AE0wADHJpZ2h0UGFkZGluZ3EAfgAVTAAIcm90
YXRpb25xAH4AFEwACXRvcEJvcmRlcnEAfgAUTAAOdG9wQm9yZGVyQ29sb3JxAH4AE0wACnRvcFBh
ZGRpbmdxAH4AFUwAEXZlcnRpY2FsQWxpZ25tZW50cQB+ABR4cgAubmV0LnNmLmphc3BlcnJlcG9y
dHMuZW5naW5lLmJhc2UuSlJCYXNlRWxlbWVudAAAAAAAACfYAgATSQAGaGVpZ2h0WgAXaXNQcmlu
dEluRmlyc3RXaG9sZUJhbmRaABVpc1ByaW50UmVwZWF0ZWRWYWx1ZXNaABppc1ByaW50V2hlbkRl
dGFpbE92ZXJmbG93c1oAFWlzUmVtb3ZlTGluZVdoZW5CbGFua0IADHBvc2l0aW9uVHlwZUIAC3N0
cmV0Y2hUeXBlSQAFd2lkdGhJAAF4SQABeUwACWJhY2tjb2xvcnEAfgATTAAUZGVmYXVsdFN0eWxl
UHJvdmlkZXJxAH4AF0wADGVsZW1lbnRHcm91cHEAfgAnTAAJZm9yZWNvbG9ycQB+ABNMAANrZXlx
AH4AB0wABG1vZGVxAH4AFEwAC3BhcmVudFN0eWxlcQB+AAxMABNwcmludFdoZW5FeHByZXNzaW9u
cQB+ACRMABVwcmludFdoZW5Hcm91cENoYW5nZXNxAH4ALHhwAAAADwABAQACAAAAAV4AAAAAAAAA
FHBxAH4AEXEAfgAocHBwcQB+ABlwcHBwcHBwcHBwcHBwcHBwcHBwcHBwcHBwcHBwcHBwcAAAAAAB
AQABcHBzcgAxbmV0LnNmLmphc3BlcnJlcG9ydHMuZW5naW5lLmJhc2UuSlJCYXNlRXhwcmVzc2lv
bgAAAAAAACfYAgADSQACaWRbAAZjaHVua3N0ADBbTG5ldC9zZi9qYXNwZXJyZXBvcnRzL2VuZ2lu
ZS9KUkV4cHJlc3Npb25DaHVuaztMAA52YWx1ZUNsYXNzTmFtZXEAfgAHeHAAAAALdXIAMFtMbmV0
LnNmLmphc3BlcnJlcG9ydHMuZW5naW5lLkpSRXhwcmVzc2lvbkNodW5rO21Zz95pS6NVAgAAeHAA
AAADc3IANm5ldC5zZi5qYXNwZXJyZXBvcnRzLmVuZ2luZS5iYXNlLkpSQmFzZUV4cHJlc3Npb25D
aHVuawAAAAAAACfYAgACQgAEdHlwZUwABHRleHRxAH4AB3hwAXQAQmNvbS56eW5hcC50YWxlbnRz
dHVkaW8uYW5hbHlzaXMucmVwb3J0cy5EYXRhRm9ybWF0dGVyLmZvcm1hdFZhbHVlKHNxAH4ANgN0
AA9jb3JlRGV0YWlsLm5hbWVzcQB+ADYBdAABKXQAEGphdmEubGFuZy5TdHJpbmdwcHBzcQB+ADEA
AAAMdXEAfgA0AAAAA3NxAH4ANgF0ACQiX19zdWJqZWN0VXJsX18mY29tbWFuZC5ub2RlLmlkPSIg
KyBzcQB+ADYDdAACaWRzcQB+ADYBdAABIHEAfgA9cHB0AAlSZWZlcmVuY2Vwc3EAfgArAAAADwAB
AQACAAAAAV4AAAFeAAAAFHBxAH4AEXEAfgAocHBwcQB+ABlwcHBwcHBwcHBwcHBwcHBwcHBwcHBw
cHBwcHBwcHBwcAAAAAABAQABcHBzcQB+ADEAAAANdXEAfgA0AAAAA3NxAH4ANgF0AEJjb20uenlu
YXAudGFsZW50c3R1ZGlvLmFuYWx5c2lzLnJlcG9ydHMuRGF0YUZvcm1hdHRlci5mb3JtYXRWYWx1
ZShzcQB+ADYDdAAGMTQzXzQxc3EAfgA2AXQAASlxAH4APXBwcHBwcHBwc3IAMG5ldC5zZi5qYXNw
ZXJyZXBvcnRzLmVuZ2luZS5iYXNlLkpSQmFzZVN1YnJlcG9ydAAAAAAAACfYAgAHTAAUY29ubmVj
dGlvbkV4cHJlc3Npb25xAH4AJEwAFGRhdGFTb3VyY2VFeHByZXNzaW9ucQB+ACRMAApleHByZXNz
aW9ucQB+ACRMAAxpc1VzaW5nQ2FjaGVxAH4AGFsACnBhcmFtZXRlcnN0ADNbTG5ldC9zZi9qYXNw
ZXJyZXBvcnRzL2VuZ2luZS9KUlN1YnJlcG9ydFBhcmFtZXRlcjtMABdwYXJhbWV0ZXJzTWFwRXhw
cmVzc2lvbnEAfgAkWwAMcmV0dXJuVmFsdWVzdAA1W0xuZXQvc2YvamFzcGVycmVwb3J0cy9lbmdp
bmUvSlJTdWJyZXBvcnRSZXR1cm5WYWx1ZTt4cQB+AC8AAAAPAAEAAAIAAAABXgAAArwAAAAUcHEA
fgARcQB+AChwdAAjc3ViUmVwb3J0c3ViamVjdFByaW1hcnlBc3NvY2lhdGlvbnNwcQB+ABlwcHBz
cQB+ADEAAAASdXEAfgA0AAAACXNxAH4ANgF0AAEoc3EAfgA2AnQAEV9EU19GQUNUT1JZX1BBUkFN
c3EAfgA2AXQAIikuZ2V0QXNzb2NpYXRlZEFydGVmYWN0RGF0YVNvdXJjZShzcQB+ADYCdAAGcmVw
b3J0c3EAfgA2AXQAAiwgc3EAfgA2A3QAGnN1YmplY3RQcmltYXJ5QXNzb2NpYXRpb25zc3EAfgA2
AXQAAiwgc3EAfgA2AnQABHVzZXJzcQB+ADYBdAABKXQAKG5ldC5zZi5qYXNwZXJyZXBvcnRzLmVu
Z2luZS5KUkRhdGFTb3VyY2VzcQB+ADEAAAATdXEAfgA0AAAAAXNxAH4ANgJ0ACNzdWJSZXBvcnRz
dWJqZWN0UHJpbWFyeUFzc29jaWF0aW9uc3QAKG5ldC5zZi5qYXNwZXJyZXBvcnRzLmVuZ2luZS5K
YXNwZXJSZXBvcnRwdXIAM1tMbmV0LnNmLmphc3BlcnJlcG9ydHMuZW5naW5lLkpSU3VicmVwb3J0
UGFyYW1ldGVyO1sDnKOHwL5CAgAAeHAAAAAEc3IAOW5ldC5zZi5qYXNwZXJyZXBvcnRzLmVuZ2lu
ZS5iYXNlLkpSQmFzZVN1YnJlcG9ydFBhcmFtZXRlcgAAAAAAACfYAgAAeHIAN25ldC5zZi5qYXNw
ZXJyZXBvcnRzLmVuZ2luZS5iYXNlLkpSQmFzZURhdGFzZXRQYXJhbWV0ZXIAAAAAAAAn2AIAAkwA
CmV4cHJlc3Npb25xAH4AJEwABG5hbWVxAH4AB3hwc3EAfgAxAAAADnVxAH4ANAAAAAFzcQB+ADYC
dAAEdXNlcnQAG2NvbS56eW5hcC5kb21haW4uYWRtaW4uVXNlcnQABHVzZXJzcQB+AHFzcQB+ADEA
AAAPdXEAfgA0AAAAAXNxAH4ANgJ0ABFfRFNfRkFDVE9SWV9QQVJBTXQARmNvbS56eW5hcC50YWxl
bnRzdHVkaW8uYW5hbHlzaXMucmVwb3J0cy5qYXNwZXIuSmFzcGVyRGF0YVNvdXJjZUZhY3Rvcnl0
ABFfRFNfRkFDVE9SWV9QQVJBTXNxAH4AcXNxAH4AMQAAABB1cQB+ADQAAAABc3EAfgA2AnQABnJl
cG9ydHQALmNvbS56eW5hcC50YWxlbnRzdHVkaW8uYW5hbHlzaXMucmVwb3J0cy5SZXBvcnR0AAZy
ZXBvcnRzcQB+AHFzcQB+ADEAAAARdXEAfgA0AAAAAXNxAH4ANgJ0AFFzdWJSZXBvcnRzdWJSZXBv
cnRzdWJqZWN0UHJpbWFyeUFzc29jaWF0aW9uc3Bvc2l0aW9uLnN1YmplY3RTZWNvbmRhcnlBc3Nv
Y2lhdGlvbnNxAH4AbnQAUXN1YlJlcG9ydHN1YlJlcG9ydHN1YmplY3RQcmltYXJ5QXNzb2NpYXRp
b25zcG9zaXRpb24uc3ViamVjdFNlY29uZGFyeUFzc29jaWF0aW9uc3BweHAAAAA8AXBwcHB0AARq
YXZhcHNyAC5uZXQuc2YuamFzcGVycmVwb3J0cy5lbmdpbmUuYmFzZS5KUkJhc2VEYXRhc2V0AAAA
AAAAJ9gCAA1aAAZpc01haW5CABd3aGVuUmVzb3VyY2VNaXNzaW5nVHlwZVsABmZpZWxkc3QAJltM
bmV0L3NmL2phc3BlcnJlcG9ydHMvZW5naW5lL0pSRmllbGQ7TAAQZmlsdGVyRXhwcmVzc2lvbnEA
fgAkWwAGZ3JvdXBzdAAmW0xuZXQvc2YvamFzcGVycmVwb3J0cy9lbmdpbmUvSlJHcm91cDtMAARu
YW1lcQB+AAdbAApwYXJhbWV0ZXJzdAAqW0xuZXQvc2YvamFzcGVycmVwb3J0cy9lbmdpbmUvSlJQ
YXJhbWV0ZXI7TAANcHJvcGVydGllc01hcHQALUxuZXQvc2YvamFzcGVycmVwb3J0cy9lbmdpbmUv
SlJQcm9wZXJ0aWVzTWFwO0wABXF1ZXJ5dAAlTG5ldC9zZi9qYXNwZXJyZXBvcnRzL2VuZ2luZS9K
UlF1ZXJ5O0wADnJlc291cmNlQnVuZGxlcQB+AAdMAA5zY3JpcHRsZXRDbGFzc3EAfgAHWwAKc29y
dEZpZWxkc3QAKltMbmV0L3NmL2phc3BlcnJlcG9ydHMvZW5naW5lL0pSU29ydEZpZWxkO1sACXZh
cmlhYmxlc3QAKVtMbmV0L3NmL2phc3BlcnJlcG9ydHMvZW5naW5lL0pSVmFyaWFibGU7eHABAXVy
ACZbTG5ldC5zZi5qYXNwZXJyZXBvcnRzLmVuZ2luZS5KUkZpZWxkOwI838dOKvJwAgAAeHAAAAAE
c3IALG5ldC5zZi5qYXNwZXJyZXBvcnRzLmVuZ2luZS5iYXNlLkpSQmFzZUZpZWxkAAAAAAAAJ9gC
AANMAAtkZXNjcmlwdGlvbnEAfgAHTAAEbmFtZXEAfgAHTAAOdmFsdWVDbGFzc05hbWVxAH4AB3hw
cHQAD2NvcmVEZXRhaWwubmFtZXEAfgA9c3EAfgCacHQAAmlkcQB+AD1zcQB+AJpwdAAGMTQzXzQx
dAAQamF2YS5sYW5nLk9iamVjdHNxAH4AmnB0ABpzdWJqZWN0UHJpbWFyeUFzc29jaWF0aW9uc3QA
FGphdmEudXRpbC5Db2xsZWN0aW9ucHB0ABBEYXRhU291cmNlUmVwb3J0dXIAKltMbmV0LnNmLmph
c3BlcnJlcG9ydHMuZW5naW5lLkpSUGFyYW1ldGVyOyIADI0qw2AhAgAAeHAAAAAVc3IAMG5ldC5z
Zi5qYXNwZXJyZXBvcnRzLmVuZ2luZS5iYXNlLkpSQmFzZVBhcmFtZXRlcgAAAAAAACfYAgAGWgAO
aXNGb3JQcm9tcHRpbmdaAA9pc1N5c3RlbURlZmluZWRMABZkZWZhdWx0VmFsdWVFeHByZXNzaW9u
cQB+ACRMAAtkZXNjcmlwdGlvbnEAfgAHTAAEbmFtZXEAfgAHTAAOdmFsdWVDbGFzc05hbWVxAH4A
B3hwAQFwcHQAFVJFUE9SVF9QQVJBTUVURVJTX01BUHQADWphdmEudXRpbC5NYXBzcQB+AKgBAXBw
dAARUkVQT1JUX0NPTk5FQ1RJT050ABNqYXZhLnNxbC5Db25uZWN0aW9uc3EAfgCoAQFwcHQAEFJF
UE9SVF9NQVhfQ09VTlR0ABFqYXZhLmxhbmcuSW50ZWdlcnNxAH4AqAEBcHB0ABJSRVBPUlRfREFU
QV9TT1VSQ0VxAH4AaXNxAH4AqAEBcHB0ABBSRVBPUlRfU0NSSVBUTEVUdAAvbmV0LnNmLmphc3Bl
cnJlcG9ydHMuZW5naW5lLkpSQWJzdHJhY3RTY3JpcHRsZXRzcQB+AKgBAXBwdAANUkVQT1JUX0xP
Q0FMRXQAEGphdmEudXRpbC5Mb2NhbGVzcQB+AKgBAXBwdAAWUkVQT1JUX1JFU09VUkNFX0JVTkRM
RXQAGGphdmEudXRpbC5SZXNvdXJjZUJ1bmRsZXNxAH4AqAEBcHB0ABBSRVBPUlRfVElNRV9aT05F
dAASamF2YS51dGlsLlRpbWVab25lc3EAfgCoAQFwcHQAGlJFUE9SVF9EQVRFX0ZPUk1BVF9GQUNU
T1JZdAAubmV0LnNmLmphc3BlcnJlcG9ydHMuZW5naW5lLnV0aWwuRm9ybWF0RmFjdG9yeXNxAH4A
qAEBcHB0ABNSRVBPUlRfQ0xBU1NfTE9BREVSdAAVamF2YS5sYW5nLkNsYXNzTG9hZGVyc3EAfgCo
AQFwcHQAGlJFUE9SVF9VUkxfSEFORExFUl9GQUNUT1JZdAAgamF2YS5uZXQuVVJMU3RyZWFtSGFu
ZGxlckZhY3RvcnlzcQB+AKgBAXBwdAASUkVQT1JUX1ZJUlRVQUxJWkVSdAApbmV0LnNmLmphc3Bl
cnJlcG9ydHMuZW5naW5lLkpSVmlydHVhbGl6ZXJzcQB+AKgBAXBwdAAUSVNfSUdOT1JFX1BBR0lO
QVRJT050ABFqYXZhLmxhbmcuQm9vbGVhbnNxAH4AqAEAcHB0AApzdWJqZWN0VXJsdAAQamF2YS5s
YW5nLlN0cmluZ3NxAH4AqAEAcHB0AAtwb3NpdGlvblVybHQAEGphdmEubGFuZy5TdHJpbmdzcQB+
AKgBAHBwdAAGcmVwb3J0dAAuY29tLnp5bmFwLnRhbGVudHN0dWRpby5hbmFseXNpcy5yZXBvcnRz
LlJlcG9ydHNxAH4AqAEAcHB0AAR1c2VydAAbY29tLnp5bmFwLmRvbWFpbi5hZG1pbi5Vc2Vyc3EA
fgCoAQBwcHQAEV9EU19GQUNUT1JZX1BBUkFNdABGY29tLnp5bmFwLnRhbGVudHN0dWRpby5hbmFs
eXNpcy5yZXBvcnRzLmphc3Blci5KYXNwZXJEYXRhU291cmNlRmFjdG9yeXNxAH4AqAEAcHB0AA5f
ZGVjaW1hbHBsYWNlc3EAfgCxc3EAfgCoAQBwcHEAfgBUcQB+AG5zcQB+AKgBAHBwcQB+AI1xAH4A
bnNyACtuZXQuc2YuamFzcGVycmVwb3J0cy5lbmdpbmUuSlJQcm9wZXJ0aWVzTWFwAAAAAAAAJ9gC
AAFMAA1wcm9wZXJ0aWVzTWFwcQB+AAF4cHNyAC9vcmcuYXBhY2hlLmNvbW1vbnMuY29sbGVjdGlv
bnMuU2VxdWVuY2VkSGFzaE1hcC7qIpOpIiYSDAAAeHB3BAAAAAB4cHBwcHVyAClbTG5ldC5zZi5q
YXNwZXJyZXBvcnRzLmVuZ2luZS5KUlZhcmlhYmxlO2Lmg3yYLLdEAgAAeHAAAAAFc3IAL25ldC5z
Zi5qYXNwZXJyZXBvcnRzLmVuZ2luZS5iYXNlLkpSQmFzZVZhcmlhYmxlAAAAAAAAJ9gCAAtCAAtj
YWxjdWxhdGlvbkIADWluY3JlbWVudFR5cGVaAA9pc1N5c3RlbURlZmluZWRCAAlyZXNldFR5cGVM
AApleHByZXNzaW9ucQB+ACRMAA5pbmNyZW1lbnRHcm91cHEAfgAsTAAbaW5jcmVtZW50ZXJGYWN0
b3J5Q2xhc3NOYW1lcQB+AAdMABZpbml0aWFsVmFsdWVFeHByZXNzaW9ucQB+ACRMAARuYW1lcQB+
AAdMAApyZXNldEdyb3VwcQB+ACxMAA52YWx1ZUNsYXNzTmFtZXEAfgAHeHAIBQEBcHBwc3EAfgAx
AAAAAHVxAH4ANAAAAAFzcQB+ADYBdAAObmV3IEludGVnZXIoMSlxAH4AsXQAC1BBR0VfTlVNQkVS
cHEAfgCxc3EAfgDoCAUBAnBwcHNxAH4AMQAAAAF1cQB+ADQAAAABc3EAfgA2AXQADm5ldyBJbnRl
Z2VyKDEpcQB+ALF0AA1DT0xVTU5fTlVNQkVScHEAfgCxc3EAfgDoAQUBAXNxAH4AMQAAAAJ1cQB+
ADQAAAABc3EAfgA2AXQADm5ldyBJbnRlZ2VyKDEpcQB+ALFwcHNxAH4AMQAAAAN1cQB+ADQAAAAB
c3EAfgA2AXQADm5ldyBJbnRlZ2VyKDApcQB+ALF0AAxSRVBPUlRfQ09VTlRwcQB+ALFzcQB+AOgB
BQECc3EAfgAxAAAABHVxAH4ANAAAAAFzcQB+ADYBdAAObmV3IEludGVnZXIoMSlxAH4AsXBwc3EA
fgAxAAAABXVxAH4ANAAAAAFzcQB+ADYBdAAObmV3IEludGVnZXIoMClxAH4AsXQAClBBR0VfQ09V
TlRwcQB+ALFzcQB+AOgBBQEDc3EAfgAxAAAABnVxAH4ANAAAAAFzcQB+ADYBdAAObmV3IEludGVn
ZXIoMSlxAH4AsXBwc3EAfgAxAAAAB3VxAH4ANAAAAAFzcQB+ADYBdAAObmV3IEludGVnZXIoMClx
AH4AsXQADENPTFVNTl9DT1VOVHBxAH4AsXEAfgClcHNxAH4AI3NxAH4AKQAAAAN3BAAAAApzcQB+
ACsAAAAPAAEBAAIAAAABXgAAAAAAAAAAcHEAfgARcQB+ARNwcHBzcQB+ABIAcHBwcHBwcHBwdAAF
QXJpYWxzcQB+ABsAAAAMcHBwc3EAfgAeAXEAfgAfcQB+AB9xAH4AH3BxAH4AH3BwcHBwdAATdGVt
cGxhdGVIZWFkZXJTdHlsZXBwcHQABkNwMTI1MnQADkhlbHZldGljYS1Cb2xkcHBwcHBwcHBwcHBw
cHBwcHBwcHBwcHBwcHBwcHBwcHBwcHBwcHBwcHBwcHBwAAAAAAEBAAFwcHNxAH4AMQAAAAh1cQB+
ADQAAAABc3EAfgA2AXQACyJGdWxsIE5hbWUicQB+AD1wcHBwcHBwcHNxAH4AKwAAAA8AAQEAAgAA
AAFeAAABXgAAAABwcQB+ABFxAH4BE3BwcHEAfgEWcHBwcHBwcHBwcHBwcHBwcHBwcHBwcHBwcHBw
cHBwcHAAAAAAAQEAAXBwc3EAfgAxAAAACXVxAH4ANAAAAAFzcQB+ADYBdAAIIlJhdGluZyJxAH4A
PXBwcHBwcHBwc3EAfgArAAAADwABAQACAAAAAV4AAAK8AAAAAHBxAH4AEXEAfgETcHBwcQB+ARZw
cHBwcHBwcHBwcHBwcHBwcHBwcHBwcHBwcHBwcHBwcAAAAAABAQABcHBzcQB+ADEAAAAKdXEAfgA0
AAAAAXNxAH4ANgF0AC0iU3VjY2Vzc29yIC8gTGVhZGVyc2hpcCBFdmFsdWF0aW9uIDEgL1JhdGlu
ZyJxAH4APXBwcHBwcHBweHAAAAAUAXB1cgAmW0xuZXQuc2YuamFzcGVycmVwb3J0cy5lbmdpbmUu
SlJTdHlsZTvUnMMR2QVyNQIAAHhwAAAAA3EAfgAZcQB+ARZzcQB+ABIAcHBwcHBwcHBwdAAFQXJp
YWxzcQB+ABsAAAAMcHBwcQB+ARlxAH4AH3EAfgAfcQB+AB9wcQB+AB9wcHBwcHQAEnRlbXBsYXRl
R3JvdXBTdHlsZXBwcHQABkNwMTI1MnQADkhlbHZldGljYS1Cb2xkcHBwcHBwcHBwcHBwcHBwc3IA
Nm5ldC5zZi5qYXNwZXJyZXBvcnRzLmVuZ2luZS5kZXNpZ24uSlJSZXBvcnRDb21waWxlRGF0YQAA
AAAAACfYAgADTAATY3Jvc3N0YWJDb21waWxlRGF0YXEAfgABTAASZGF0YXNldENvbXBpbGVEYXRh
cQB+AAFMABZtYWluRGF0YXNldENvbXBpbGVEYXRhcQB+AAZ4cHNyABFqYXZhLnV0aWwuSGFzaE1h
cAUH2sHDFmDRAwACRgAKbG9hZEZhY3RvckkACXRocmVzaG9sZHhwP0AAAAAAAAx3CAAAABAAAAAA
eHNxAH4BNT9AAAAAAAAMdwgAAAAQAAAAAHh1cgACW0Ks8xf4BghU4AIAAHhwAAAa18r+ur4AAAAx
APsKAFsAjwkAWgCQCQBaAJEJAFoAkgkAWgCTCQBaAJQJAFoAlQkAWgCWCQBaAJcJAFoAmAkAWgCZ
CQBaAJoJAFoAmwkAWgCcCQBaAJ0JAFoAngkAWgCfCQBaAKAJAFoAoQkAWgCiCQBaAKMJAFoApAkA
WgClCQBaAKYJAFoApwkAWgCoCQBaAKkJAFoAqgkAWgCrCQBaAKwJAFoArQoAWgCuCgBaAK8KAFoA
sAgAsQsAsgCzBwC0CAC1CAC2CAC3CAC4CAC5CAC6CAC7CAC8CAC9CAC+CAC/CADACADBCADCCADD
CADECADFCADGCADHCADICADJBwDKCADLCADMCADNCADOBwDPCADQCADRCADSCADTBwDUCgBFANUI
ANYIANcIANgKADsA2QcA2goA2wDcBwDdCgBNAI8IAN4KAE0A3woATQDgCgAlANkHAOEHAOIHAOMH
AOQHAOUKAFQA5goAOwDnBwDoBwDpAQAgcGFyYW1ldGVyX1JFUE9SVF9SRVNPVVJDRV9CVU5ETEUB
ADJMbmV0L3NmL2phc3BlcnJlcG9ydHMvZW5naW5lL2ZpbGwvSlJGaWxsUGFyYW1ldGVyOwEAGHBh
cmFtZXRlcl9fZGVjaW1hbHBsYWNlcwEADnBhcmFtZXRlcl91c2VyAQAkcGFyYW1ldGVyX1JFUE9S
VF9EQVRFX0ZPUk1BVF9GQUNUT1JZAQAdcGFyYW1ldGVyX1JFUE9SVF9DTEFTU19MT0FERVIBABpw
YXJhbWV0ZXJfUkVQT1JUX1RJTUVfWk9ORQEAEHBhcmFtZXRlcl9yZXBvcnQBABVwYXJhbWV0ZXJf
cG9zaXRpb25VcmwBABxwYXJhbWV0ZXJfUkVQT1JUX0RBVEFfU09VUkNFAQAXcGFyYW1ldGVyX1JF
UE9SVF9MT0NBTEUBAFxwYXJhbWV0ZXJfc3ViUmVwb3J0c3ViUmVwb3J0c3ViamVjdFByaW1hcnlB
c3NvY2lhdGlvbnNwb3NpdGlvbjQ2c3ViamVjdFNlY29uZGFyeUFzc29jaWF0aW9ucwEALXBhcmFt
ZXRlcl9zdWJSZXBvcnRzdWJqZWN0UHJpbWFyeUFzc29jaWF0aW9ucwEAJHBhcmFtZXRlcl9SRVBP
UlRfVVJMX0hBTkRMRVJfRkFDVE9SWQEAH3BhcmFtZXRlcl9SRVBPUlRfUEFSQU1FVEVSU19NQVAB
ABtwYXJhbWV0ZXJfUkVQT1JUX0NPTk5FQ1RJT04BAB5wYXJhbWV0ZXJfSVNfSUdOT1JFX1BBR0lO
QVRJT04BABtwYXJhbWV0ZXJfX0RTX0ZBQ1RPUllfUEFSQU0BABxwYXJhbWV0ZXJfUkVQT1JUX1ZJ
UlRVQUxJWkVSAQAUcGFyYW1ldGVyX3N1YmplY3RVcmwBABpwYXJhbWV0ZXJfUkVQT1JUX1NDUklQ
VExFVAEAGnBhcmFtZXRlcl9SRVBPUlRfTUFYX0NPVU5UAQANZmllbGRfNDk0M180MQEALkxuZXQv
c2YvamFzcGVycmVwb3J0cy9lbmdpbmUvZmlsbC9KUkZpbGxGaWVsZDsBACBmaWVsZF9zdWJqZWN0
UHJpbWFyeUFzc29jaWF0aW9ucwEAFmZpZWxkX2NvcmVEZXRhaWw0Nm5hbWUBAAhmaWVsZF9pZAEA
FHZhcmlhYmxlX1BBR0VfTlVNQkVSAQAxTG5ldC9zZi9qYXNwZXJyZXBvcnRzL2VuZ2luZS9maWxs
L0pSRmlsbFZhcmlhYmxlOwEAFnZhcmlhYmxlX0NPTFVNTl9OVU1CRVIBABV2YXJpYWJsZV9SRVBP
UlRfQ09VTlQBABN2YXJpYWJsZV9QQUdFX0NPVU5UAQAVdmFyaWFibGVfQ09MVU1OX0NPVU5UAQAG
PGluaXQ+AQADKClWAQAEQ29kZQEAD0xpbmVOdW1iZXJUYWJsZQEADmN1c3RvbWl6ZWRJbml0AQAw
KExqYXZhL3V0aWwvTWFwO0xqYXZhL3V0aWwvTWFwO0xqYXZhL3V0aWwvTWFwOylWAQAKaW5pdFBh
cmFtcwEAEihMamF2YS91dGlsL01hcDspVgEACmluaXRGaWVsZHMBAAhpbml0VmFycwEACGV2YWx1
YXRlAQAVKEkpTGphdmEvbGFuZy9PYmplY3Q7AQAKRXhjZXB0aW9ucwcA6gEAC2V2YWx1YXRlT2xk
AQARZXZhbHVhdGVFc3RpbWF0ZWQBAApTb3VyY2VGaWxlAQAqRGF0YVNvdXJjZVJlcG9ydF8xMTg3
OTU3NTY4Nzc2XzM0MDU4MS5qYXZhDAB9AH4MAFwAXQwAXgBdDABfAF0MAGAAXQwAYQBdDABiAF0M
AGMAXQwAZABdDABlAF0MAGYAXQwAZwBdDABoAF0MAGkAXQwAagBdDABrAF0MAGwAXQwAbQBdDABu
AF0MAG8AXQwAcABdDABxAF0MAHIAcwwAdABzDAB1AHMMAHYAcwwAdwB4DAB5AHgMAHoAeAwAewB4
DAB8AHgMAIMAhAwAhQCEDACGAIQBABZSRVBPUlRfUkVTT1VSQ0VfQlVORExFBwDrDADsAO0BADBu
ZXQvc2YvamFzcGVycmVwb3J0cy9lbmdpbmUvZmlsbC9KUkZpbGxQYXJhbWV0ZXIBAA5fZGVjaW1h
bHBsYWNlcwEABHVzZXIBABpSRVBPUlRfREFURV9GT1JNQVRfRkFDVE9SWQEAE1JFUE9SVF9DTEFT
U19MT0FERVIBABBSRVBPUlRfVElNRV9aT05FAQAGcmVwb3J0AQALcG9zaXRpb25VcmwBABJSRVBP
UlRfREFUQV9TT1VSQ0UBAA1SRVBPUlRfTE9DQUxFAQBRc3ViUmVwb3J0c3ViUmVwb3J0c3ViamVj
dFByaW1hcnlBc3NvY2lhdGlvbnNwb3NpdGlvbi5zdWJqZWN0U2Vjb25kYXJ5QXNzb2NpYXRpb25z
AQAjc3ViUmVwb3J0c3ViamVjdFByaW1hcnlBc3NvY2lhdGlvbnMBABpSRVBPUlRfVVJMX0hBTkRM
RVJfRkFDVE9SWQEAFVJFUE9SVF9QQVJBTUVURVJTX01BUAEAEVJFUE9SVF9DT05ORUNUSU9OAQAU
SVNfSUdOT1JFX1BBR0lOQVRJT04BABFfRFNfRkFDVE9SWV9QQVJBTQEAElJFUE9SVF9WSVJUVUFM
SVpFUgEACnN1YmplY3RVcmwBABBSRVBPUlRfU0NSSVBUTEVUAQAQUkVQT1JUX01BWF9DT1VOVAEA
BjE0M180MQEALG5ldC9zZi9qYXNwZXJyZXBvcnRzL2VuZ2luZS9maWxsL0pSRmlsbEZpZWxkAQAa
c3ViamVjdFByaW1hcnlBc3NvY2lhdGlvbnMBAA9jb3JlRGV0YWlsLm5hbWUBAAJpZAEAC1BBR0Vf
TlVNQkVSAQAvbmV0L3NmL2phc3BlcnJlcG9ydHMvZW5naW5lL2ZpbGwvSlJGaWxsVmFyaWFibGUB
AA1DT0xVTU5fTlVNQkVSAQAMUkVQT1JUX0NPVU5UAQAKUEFHRV9DT1VOVAEADENPTFVNTl9DT1VO
VAEAEWphdmEvbGFuZy9JbnRlZ2VyDAB9AO4BAAlGdWxsIE5hbWUBAAZSYXRpbmcBACtTdWNjZXNz
b3IgLyBMZWFkZXJzaGlwIEV2YWx1YXRpb24gMSAvUmF0aW5nDADvAPABABBqYXZhL2xhbmcvU3Ry
aW5nBwDxDADyAPMBABdqYXZhL2xhbmcvU3RyaW5nQnVpbGRlcgEAH19fc3ViamVjdFVybF9fJmNv
bW1hbmQubm9kZS5pZD0MAPQA9QwA9gD3AQAbY29tL3p5bmFwL2RvbWFpbi9hZG1pbi9Vc2VyAQBG
Y29tL3p5bmFwL3RhbGVudHN0dWRpby9hbmFseXNpcy9yZXBvcnRzL2phc3Blci9KYXNwZXJEYXRh
U291cmNlRmFjdG9yeQEALmNvbS96eW5hcC90YWxlbnRzdHVkaW8vYW5hbHlzaXMvcmVwb3J0cy9S
ZXBvcnQBAChuZXQvc2YvamFzcGVycmVwb3J0cy9lbmdpbmUvSmFzcGVyUmVwb3J0AQAUamF2YS91
dGlsL0NvbGxlY3Rpb24MAPgA+QwA+gDwAQAlRGF0YVNvdXJjZVJlcG9ydF8xMTg3OTU3NTY4Nzc2
XzM0MDU4MQEALG5ldC9zZi9qYXNwZXJyZXBvcnRzL2VuZ2luZS9maWxsL0pSRXZhbHVhdG9yAQAT
amF2YS9sYW5nL1Rocm93YWJsZQEADWphdmEvdXRpbC9NYXABAANnZXQBACYoTGphdmEvbGFuZy9P
YmplY3Q7KUxqYXZhL2xhbmcvT2JqZWN0OwEABChJKVYBAAhnZXRWYWx1ZQEAFCgpTGphdmEvbGFu
Zy9PYmplY3Q7AQA1Y29tL3p5bmFwL3RhbGVudHN0dWRpby9hbmFseXNpcy9yZXBvcnRzL0RhdGFG
b3JtYXR0ZXIBAAtmb3JtYXRWYWx1ZQEAJihMamF2YS9sYW5nL09iamVjdDspTGphdmEvbGFuZy9T
dHJpbmc7AQAGYXBwZW5kAQAtKExqYXZhL2xhbmcvU3RyaW5nOylMamF2YS9sYW5nL1N0cmluZ0J1
aWxkZXI7AQAIdG9TdHJpbmcBABQoKUxqYXZhL2xhbmcvU3RyaW5nOwEAH2dldEFzc29jaWF0ZWRB
cnRlZmFjdERhdGFTb3VyY2UBAI8oTGNvbS96eW5hcC90YWxlbnRzdHVkaW8vYW5hbHlzaXMvcmVw
b3J0cy9SZXBvcnQ7TGphdmEvdXRpbC9Db2xsZWN0aW9uO0xjb20venluYXAvZG9tYWluL2FkbWlu
L1VzZXI7KUxuZXQvc2YvamFzcGVycmVwb3J0cy9lbmdpbmUvSlJEYXRhU291cmNlOwEAC2dldE9s
ZFZhbHVlACEAWgBbAAAAHgACAFwAXQAAAAIAXgBdAAAAAgBfAF0AAAACAGAAXQAAAAIAYQBdAAAA
AgBiAF0AAAACAGMAXQAAAAIAZABdAAAAAgBlAF0AAAACAGYAXQAAAAIAZwBdAAAAAgBoAF0AAAAC
AGkAXQAAAAIAagBdAAAAAgBrAF0AAAACAGwAXQAAAAIAbQBdAAAAAgBuAF0AAAACAG8AXQAAAAIA
cABdAAAAAgBxAF0AAAACAHIAcwAAAAIAdABzAAAAAgB1AHMAAAACAHYAcwAAAAIAdwB4AAAAAgB5
AHgAAAACAHoAeAAAAAIAewB4AAAAAgB8AHgAAAAIAAEAfQB+AAEAfwAAASsAAgABAAAAmyq3AAEq
AbUAAioBtQADKgG1AAQqAbUABSoBtQAGKgG1AAcqAbUACCoBtQAJKgG1AAoqAbUACyoBtQAMKgG1
AA0qAbUADioBtQAPKgG1ABAqAbUAESoBtQASKgG1ABMqAbUAFCoBtQAVKgG1ABYqAbUAFyoBtQAY
KgG1ABkqAbUAGioBtQAbKgG1ABwqAbUAHSoBtQAeKgG1AB+xAAAAAQCAAAAAfgAfAAAAEgAEABkA
CQAaAA4AGwATABwAGAAdAB0AHgAiAB8AJwAgACwAIQAxACIANgAjADsAJABAACUARQAmAEoAJwBP
ACgAVAApAFkAKgBeACsAYwAsAGgALQBtAC4AcgAvAHcAMAB8ADEAgQAyAIYAMwCLADQAkAA1AJUA
NgABAIEAggABAH8AAAA0AAIABAAAABAqK7cAICostwAhKi23ACKxAAAAAQCAAAAAEgAEAAAAQgAF
AEMACgBEAA8ARQACAIMAhAABAH8AAAGoAAMAAgAAATwqKxIjuQAkAgDAACW1AAIqKxImuQAkAgDA
ACW1AAMqKxInuQAkAgDAACW1AAQqKxIouQAkAgDAACW1AAUqKxIpuQAkAgDAACW1AAYqKxIquQAk
AgDAACW1AAcqKxIruQAkAgDAACW1AAgqKxIsuQAkAgDAACW1AAkqKxItuQAkAgDAACW1AAoqKxIu
uQAkAgDAACW1AAsqKxIvuQAkAgDAACW1AAwqKxIwuQAkAgDAACW1AA0qKxIxuQAkAgDAACW1AA4q
KxIyuQAkAgDAACW1AA8qKxIzuQAkAgDAACW1ABAqKxI0uQAkAgDAACW1ABEqKxI1uQAkAgDAACW1
ABIqKxI2uQAkAgDAACW1ABMqKxI3uQAkAgDAACW1ABQqKxI4uQAkAgDAACW1ABUqKxI5uQAkAgDA
ACW1ABaxAAAAAQCAAAAAWgAWAAAATQAPAE4AHgBPAC0AUAA8AFEASwBSAFoAUwBpAFQAeABVAIcA
VgCWAFcApQBYALQAWQDDAFoA0gBbAOEAXADwAF0A/wBeAQ4AXwEdAGABLABhATsAYgACAIUAhAAB
AH8AAABlAAMAAgAAAD0qKxI6uQAkAgDAADu1ABcqKxI8uQAkAgDAADu1ABgqKxI9uQAkAgDAADu1
ABkqKxI+uQAkAgDAADu1ABqxAAAAAQCAAAAAFgAFAAAAagAPAGsAHgBsAC0AbQA8AG4AAgCGAIQA
AQB/AAAAeAADAAIAAABMKisSP7kAJAIAwABAtQAbKisSQbkAJAIAwABAtQAcKisSQrkAJAIAwABA
tQAdKisSQ7kAJAIAwABAtQAeKisSRLkAJAIAwABAtQAfsQAAAAEAgAAAABoABgAAAHYADwB3AB4A
eAAtAHkAPAB6AEsAewABAIcAiAACAH8AAAJIAAQAAwAAAYgBTRuqAAABgwAAAAAAAAATAAAAXQAA
AGkAAAB1AAAAgQAAAI0AAACZAAAApQAAALEAAAC9AAAAwwAAAMkAAADPAAAA4AAAAQAAAAEOAAAB
HAAAASoAAAE4AAABRgAAAXW7AEVZBLcARk2nAR27AEVZBLcARk2nARG7AEVZBLcARk2nAQW7AEVZ
A7cARk2nAPm7AEVZBLcARk2nAO27AEVZA7cARk2nAOG7AEVZBLcARk2nANW7AEVZA7cARk2nAMkS
R02nAMMSSE2nAL0SSU2nALcqtAAZtgBKwABLuABMTacAprsATVm3AE4ST7YAUCq0ABq2AErAAEu2
AFC2AFFNpwCGKrQAF7YASrgATE2nAHgqtAAEtgBSwABTTacAaiq0ABK2AFLAAFRNpwBcKrQACLYA
UsAAVU2nAE4qtAAMtgBSwABWTacAQCq0ABK2AFLAAFQqtAAItgBSwABVKrQAGLYASsAAVyq0AAS2
AFLAAFO2AFhNpwARKrQADbYAUsAAVk2nAAMssAAAAAEAgAAAAK4AKwAAAIMAAgCFAGAAiQBpAIoA
bACOAHUAjwB4AJMAgQCUAIQAmACNAJkAkACdAJkAngCcAKIApQCjAKgApwCxAKgAtACsAL0ArQDA
ALEAwwCyAMYAtgDJALcAzAC7AM8AvADSAMAA4ADBAOMAxQEAAMYBAwDKAQ4AywERAM8BHADQAR8A
1AEqANUBLQDZATgA2gE7AN4BRgDfAUkA4wF1AOQBeADoAYMA6QGGAPAAiQAAAAQAAQCKAAEAiwCI
AAIAfwAAAkgABAADAAABiAFNG6oAAAGDAAAAAAAAABMAAABdAAAAaQAAAHUAAACBAAAAjQAAAJkA
AAClAAAAsQAAAL0AAADDAAAAyQAAAM8AAADgAAABAAAAAQ4AAAEcAAABKgAAATgAAAFGAAABdbsA
RVkEtwBGTacBHbsARVkEtwBGTacBEbsARVkEtwBGTacBBbsARVkDtwBGTacA+bsARVkEtwBGTacA
7bsARVkDtwBGTacA4bsARVkEtwBGTacA1bsARVkDtwBGTacAyRJHTacAwxJITacAvRJJTacAtyq0
ABm2AFnAAEu4AExNpwCmuwBNWbcAThJPtgBQKrQAGrYAWcAAS7YAULYAUU2nAIYqtAAXtgBZuABM
TacAeCq0AAS2AFLAAFNNpwBqKrQAErYAUsAAVE2nAFwqtAAItgBSwABVTacATiq0AAy2AFLAAFZN
pwBAKrQAErYAUsAAVCq0AAi2AFLAAFUqtAAYtgBZwABXKrQABLYAUsAAU7YAWE2nABEqtAANtgBS
wABWTacAAyywAAAAAQCAAAAArgArAAAA+QACAPsAYAD/AGkBAABsAQQAdQEFAHgBCQCBAQoAhAEO
AI0BDwCQARMAmQEUAJwBGAClARkAqAEdALEBHgC0ASIAvQEjAMABJwDDASgAxgEsAMkBLQDMATEA
zwEyANIBNgDgATcA4wE7AQABPAEDAUABDgFBAREBRQEcAUYBHwFKASoBSwEtAU8BOAFQATsBVAFG
AVUBSQFZAXUBWgF4AV4BgwFfAYYBZgCJAAAABAABAIoAAQCMAIgAAgB/AAACSAAEAAMAAAGIAU0b
qgAAAYMAAAAAAAAAEwAAAF0AAABpAAAAdQAAAIEAAACNAAAAmQAAAKUAAACxAAAAvQAAAMMAAADJ
AAAAzwAAAOAAAAEAAAABDgAAARwAAAEqAAABOAAAAUYAAAF1uwBFWQS3AEZNpwEduwBFWQS3AEZN
pwERuwBFWQS3AEZNpwEFuwBFWQO3AEZNpwD5uwBFWQS3AEZNpwDtuwBFWQO3AEZNpwDhuwBFWQS3
AEZNpwDVuwBFWQO3AEZNpwDJEkdNpwDDEkhNpwC9EklNpwC3KrQAGbYASsAAS7gATE2nAKa7AE1Z
twBOEk+2AFAqtAAatgBKwABLtgBQtgBRTacAhiq0ABe2AEq4AExNpwB4KrQABLYAUsAAU02nAGoq
tAAStgBSwABUTacAXCq0AAi2AFLAAFVNpwBOKrQADLYAUsAAVk2nAEAqtAAStgBSwABUKrQACLYA
UsAAVSq0ABi2AErAAFcqtAAEtgBSwABTtgBYTacAESq0AA22AFLAAFZNpwADLLAAAAABAIAAAACu
ACsAAAFvAAIBcQBgAXUAaQF2AGwBegB1AXsAeAF/AIEBgACEAYQAjQGFAJABiQCZAYoAnAGOAKUB
jwCoAZMAsQGUALQBmAC9AZkAwAGdAMMBngDGAaIAyQGjAMwBpwDPAagA0gGsAOABrQDjAbEBAAGy
AQMBtgEOAbcBEQG7ARwBvAEfAcABKgHBAS0BxQE4AcYBOwHKAUYBywFJAc8BdQHQAXgB1AGDAdUB
hgHcAIkAAAAEAAEAigABAI0AAAACAI50ABVfMTE4Nzk1NzU2ODc3Nl8zNDA1ODF0ADJuZXQuc2Yu
amFzcGVycmVwb3J0cy5lbmdpbmUuZGVzaWduLkpSSmF2YWNDb21waWxlcnNxAH4BNT9AAAAAAAAM
dwgAAAAQAAAAAnEAfgBUc3EAfgAAc3EAfgAFAAAAAAAAAAEAAAAAAAABXgAAAAAAAAAAAQAAAHgA
AAQaAQAAAAAAAAAAAXBwcHBwc3EAfgASAXBwcHBwcHBwcHQABUFyaWFsc3EAfgAbAAAADHBwcHEA
fgAfcQB+AB9xAH4AH3EAfgAfcHEAfgAfcHBwcHB0ABN0ZW1wbGF0ZURldGFpbFN0eWxlcHBwdAAG
Q3AxMjUydAAJSGVsdmV0aWNhcHBwcHBwcHBwcHBwcHNxAH4AI3NxAH4AKQAAAAF3BAAAAApzcQB+
AFAAAAAPAAEAAAIAAAABXgAAAAAAAAAAcHEAfgE+cQB+AUVwcQB+AI1wcQB+AT9wcHBzcQB+ADEA
AAALdXEAfgA0AAAACXNxAH4ANgF0AAEoc3EAfgA2AnQAEV9EU19GQUNUT1JZX1BBUkFNc3EAfgA2
AXQAIikuZ2V0QXNzb2NpYXRlZEFydGVmYWN0RGF0YVNvdXJjZShzcQB+ADYCdAAGcmVwb3J0c3EA
fgA2AXQAAiwgc3EAfgA2A3QAJXBvc2l0aW9uLnN1YmplY3RTZWNvbmRhcnlBc3NvY2lhdGlvbnNz
cQB+ADYBdAACLCBzcQB+ADYCdAAEdXNlcnNxAH4ANgF0AAEpcQB+AGlzcQB+ADEAAAAMdXEAfgA0
AAAAAXNxAH4ANgJ0AFFzdWJSZXBvcnRzdWJSZXBvcnRzdWJqZWN0UHJpbWFyeUFzc29jaWF0aW9u
c3Bvc2l0aW9uLnN1YmplY3RTZWNvbmRhcnlBc3NvY2lhdGlvbnNxAH4AbnB1cQB+AG8AAAADc3EA
fgBxc3EAfgAxAAAACHVxAH4ANAAAAAFzcQB+ADYCdAAEdXNlcnEAfgB4cQB+AHlzcQB+AHFzcQB+
ADEAAAAJdXEAfgA0AAAAAXNxAH4ANgJ0ABFfRFNfRkFDVE9SWV9QQVJBTXEAfgB/cQB+AIBzcQB+
AHFzcQB+ADEAAAAKdXEAfgA0AAAAAXNxAH4ANgJ0AAZyZXBvcnRxAH4AhnEAfgCHcHB4cAAAACgB
cHBwcHQABGphdmFwc3EAfgCPAQF1cQB+AJgAAAABc3EAfgCacHQAJXBvc2l0aW9uLnN1YmplY3RT
ZWNvbmRhcnlBc3NvY2lhdGlvbnNxAH4ApHBwdAALQmFzaWNfU3ViXzF1cQB+AKYAAAATc3EAfgCo
AQFwcHEAfgCqcQB+AKtzcQB+AKgBAXBwcQB+AK1xAH4ArnNxAH4AqAEBcHBxAH4AsHEAfgCxc3EA
fgCoAQFwcHEAfgCzcQB+AGlzcQB+AKgBAXBwcQB+ALVxAH4AtnNxAH4AqAEBcHBxAH4AuHEAfgC5
c3EAfgCoAQFwcHEAfgC7cQB+ALxzcQB+AKgBAXBwcQB+AL5xAH4Av3NxAH4AqAEBcHBxAH4AwXEA
fgDCc3EAfgCoAQFwcHEAfgDEcQB+AMVzcQB+AKgBAXBwcQB+AMdxAH4AyHNxAH4AqAEBcHBxAH4A
ynEAfgDLc3EAfgCoAQFwcHEAfgDNcQB+AM5zcQB+AKgBAHBwdAAKc3ViamVjdFVybHQAEGphdmEu
bGFuZy5TdHJpbmdzcQB+AKgBAHBwdAALcG9zaXRpb25Vcmx0ABBqYXZhLmxhbmcuU3RyaW5nc3EA
fgCoAQBwcHQABnJlcG9ydHQALmNvbS56eW5hcC50YWxlbnRzdHVkaW8uYW5hbHlzaXMucmVwb3J0
cy5SZXBvcnRzcQB+AKgBAHBwdAARX0RTX0ZBQ1RPUllfUEFSQU10AEZjb20uenluYXAudGFsZW50
c3R1ZGlvLmFuYWx5c2lzLnJlcG9ydHMuamFzcGVyLkphc3BlckRhdGFTb3VyY2VGYWN0b3J5c3EA
fgCoAQBwcHQABHVzZXJ0ABtjb20uenluYXAuZG9tYWluLmFkbWluLlVzZXJzcQB+AKgBAHBwcQB+
AI1xAH4AbnNxAH4A4nNxAH4A5HcEAAAAAHhwcHBwdXEAfgDmAAAABXNxAH4A6AgFAQFwcHBzcQB+
ADEAAAAAdXEAfgA0AAAAAXNxAH4ANgF0AA5uZXcgSW50ZWdlcigxKXEAfgCxcQB+AO5wcQB+ALFz
cQB+AOgIBQECcHBwc3EAfgAxAAAAAXVxAH4ANAAAAAFzcQB+ADYBdAAObmV3IEludGVnZXIoMSlx
AH4AsXEAfgD0cHEAfgCxc3EAfgDoAQUBAXNxAH4AMQAAAAJ1cQB+ADQAAAABc3EAfgA2AXQADm5l
dyBJbnRlZ2VyKDEpcQB+ALFwcHNxAH4AMQAAAAN1cQB+ADQAAAABc3EAfgA2AXQADm5ldyBJbnRl
Z2VyKDApcQB+ALFxAH4A/nBxAH4AsXNxAH4A6AEFAQJzcQB+ADEAAAAEdXEAfgA0AAAAAXNxAH4A
NgF0AA5uZXcgSW50ZWdlcigxKXEAfgCxcHBzcQB+ADEAAAAFdXEAfgA0AAAAAXNxAH4ANgF0AA5u
ZXcgSW50ZWdlcigwKXEAfgCxcQB+AQhwcQB+ALFzcQB+AOgBBQEDc3EAfgAxAAAABnVxAH4ANAAA
AAFzcQB+ADYBdAAObmV3IEludGVnZXIoMSlxAH4AsXBwc3EAfgAxAAAAB3VxAH4ANAAAAAFzcQB+
ADYBdAAObmV3IEludGVnZXIoMClxAH4AsXEAfgEScHEAfgCxcQB+AXVwcHVxAH4BKwAAAANxAH4B
P3NxAH4AEgBwcHBwcHBwcHB0AAVBcmlhbHNxAH4AGwAAAAxwcHBxAH4BGXEAfgAfcQB+AB9xAH4A
H3BxAH4AH3BwcHBwdAATdGVtcGxhdGVIZWFkZXJTdHlsZXBwcHQABkNwMTI1MnQADkhlbHZldGlj
YS1Cb2xkcHBwcHBwcHBwcHBwcHNxAH4AEgBwcHBwcHBwcHB0AAVBcmlhbHNxAH4AGwAAAAxwcHBx
AH4BGXEAfgAfcQB+AB9xAH4AH3BxAH4AH3BwcHBwdAASdGVtcGxhdGVHcm91cFN0eWxlcHBwdAAG
Q3AxMjUydAAOSGVsdmV0aWNhLUJvbGRwcHBwcHBwcHBwcHBwcHBzcQB+ATNzcQB+ATU/QAAAAAAA
DHcIAAAAEAAAAAB4c3EAfgE1P0AAAAAAAAx3CAAAABAAAAAAeHVxAH4BOAAAFWzK/rq+AAAAMQDH
CgBHAHYJAEYAdwkARgB4CQBGAHkJAEYAegkARgB7CQBGAHwJAEYAfQkARgB+CQBGAH8JAEYAgAkA
RgCBCQBGAIIJAEYAgwkARgCECQBGAIUJAEYAhgkARgCHCQBGAIgJAEYAiQkARgCKCQBGAIsJAEYA
jAkARgCNCQBGAI4JAEYAjwoARgCQCgBGAJEKAEYAkggAkwsAlACVBwCWCACXCACYCACZCACaCACb
CACcCACdCACeCACfCACgCAChCACiCACjCACkCAClCACmCACnCACoCACpBwCqCACrBwCsCACtCACu
CACvCACwBwCxCgA7ALIKACAAswcAtAcAtQcAtgoANACzBwC3CgA/ALgHALkKADQAugcAuwcAvAEA
IHBhcmFtZXRlcl9SRVBPUlRfUkVTT1VSQ0VfQlVORExFAQAyTG5ldC9zZi9qYXNwZXJyZXBvcnRz
L2VuZ2luZS9maWxsL0pSRmlsbFBhcmFtZXRlcjsBAA5wYXJhbWV0ZXJfdXNlcgEAJHBhcmFtZXRl
cl9SRVBPUlRfREFURV9GT1JNQVRfRkFDVE9SWQEAHXBhcmFtZXRlcl9SRVBPUlRfQ0xBU1NfTE9B
REVSAQAacGFyYW1ldGVyX1JFUE9SVF9USU1FX1pPTkUBABBwYXJhbWV0ZXJfcmVwb3J0AQAVcGFy
YW1ldGVyX3Bvc2l0aW9uVXJsAQAccGFyYW1ldGVyX1JFUE9SVF9EQVRBX1NPVVJDRQEAF3BhcmFt
ZXRlcl9SRVBPUlRfTE9DQUxFAQBccGFyYW1ldGVyX3N1YlJlcG9ydHN1YlJlcG9ydHN1YmplY3RQ
cmltYXJ5QXNzb2NpYXRpb25zcG9zaXRpb240NnN1YmplY3RTZWNvbmRhcnlBc3NvY2lhdGlvbnMB
ACRwYXJhbWV0ZXJfUkVQT1JUX1VSTF9IQU5ETEVSX0ZBQ1RPUlkBAB9wYXJhbWV0ZXJfUkVQT1JU
X1BBUkFNRVRFUlNfTUFQAQAbcGFyYW1ldGVyX1JFUE9SVF9DT05ORUNUSU9OAQAecGFyYW1ldGVy
X0lTX0lHTk9SRV9QQUdJTkFUSU9OAQAbcGFyYW1ldGVyX19EU19GQUNUT1JZX1BBUkFNAQAccGFy
YW1ldGVyX1JFUE9SVF9WSVJUVUFMSVpFUgEAFHBhcmFtZXRlcl9zdWJqZWN0VXJsAQAacGFyYW1l
dGVyX1JFUE9SVF9TQ1JJUFRMRVQBABpwYXJhbWV0ZXJfUkVQT1JUX01BWF9DT1VOVAEALGZpZWxk
X3Bvc2l0aW9uNDZzdWJqZWN0U2Vjb25kYXJ5QXNzb2NpYXRpb25zAQAuTG5ldC9zZi9qYXNwZXJy
ZXBvcnRzL2VuZ2luZS9maWxsL0pSRmlsbEZpZWxkOwEAFHZhcmlhYmxlX1BBR0VfTlVNQkVSAQAx
TG5ldC9zZi9qYXNwZXJyZXBvcnRzL2VuZ2luZS9maWxsL0pSRmlsbFZhcmlhYmxlOwEAFnZhcmlh
YmxlX0NPTFVNTl9OVU1CRVIBABV2YXJpYWJsZV9SRVBPUlRfQ09VTlQBABN2YXJpYWJsZV9QQUdF
X0NPVU5UAQAVdmFyaWFibGVfQ09MVU1OX0NPVU5UAQAGPGluaXQ+AQADKClWAQAEQ29kZQEAD0xp
bmVOdW1iZXJUYWJsZQEADmN1c3RvbWl6ZWRJbml0AQAwKExqYXZhL3V0aWwvTWFwO0xqYXZhL3V0
aWwvTWFwO0xqYXZhL3V0aWwvTWFwOylWAQAKaW5pdFBhcmFtcwEAEihMamF2YS91dGlsL01hcDsp
VgEACmluaXRGaWVsZHMBAAhpbml0VmFycwEACGV2YWx1YXRlAQAVKEkpTGphdmEvbGFuZy9PYmpl
Y3Q7AQAKRXhjZXB0aW9ucwcAvQEAC2V2YWx1YXRlT2xkAQARZXZhbHVhdGVFc3RpbWF0ZWQBAApT
b3VyY2VGaWxlAQAlQmFzaWNfU3ViXzFfMTE4Nzk1NzU2NzE5OF81NzIyOTUuamF2YQwAZABlDABI
AEkMAEoASQwASwBJDABMAEkMAE0ASQwATgBJDABPAEkMAFAASQwAUQBJDABSAEkMAFMASQwAVABJ
DABVAEkMAFYASQwAVwBJDABYAEkMAFkASQwAWgBJDABbAEkMAFwAXQwAXgBfDABgAF8MAGEAXwwA
YgBfDABjAF8MAGoAawwAbABrDABtAGsBABZSRVBPUlRfUkVTT1VSQ0VfQlVORExFBwC+DAC/AMAB
ADBuZXQvc2YvamFzcGVycmVwb3J0cy9lbmdpbmUvZmlsbC9KUkZpbGxQYXJhbWV0ZXIBAAR1c2Vy
AQAaUkVQT1JUX0RBVEVfRk9STUFUX0ZBQ1RPUlkBABNSRVBPUlRfQ0xBU1NfTE9BREVSAQAQUkVQ
T1JUX1RJTUVfWk9ORQEABnJlcG9ydAEAC3Bvc2l0aW9uVXJsAQASUkVQT1JUX0RBVEFfU09VUkNF
AQANUkVQT1JUX0xPQ0FMRQEAUXN1YlJlcG9ydHN1YlJlcG9ydHN1YmplY3RQcmltYXJ5QXNzb2Np
YXRpb25zcG9zaXRpb24uc3ViamVjdFNlY29uZGFyeUFzc29jaWF0aW9ucwEAGlJFUE9SVF9VUkxf
SEFORExFUl9GQUNUT1JZAQAVUkVQT1JUX1BBUkFNRVRFUlNfTUFQAQARUkVQT1JUX0NPTk5FQ1RJ
T04BABRJU19JR05PUkVfUEFHSU5BVElPTgEAEV9EU19GQUNUT1JZX1BBUkFNAQASUkVQT1JUX1ZJ
UlRVQUxJWkVSAQAKc3ViamVjdFVybAEAEFJFUE9SVF9TQ1JJUFRMRVQBABBSRVBPUlRfTUFYX0NP
VU5UAQAlcG9zaXRpb24uc3ViamVjdFNlY29uZGFyeUFzc29jaWF0aW9ucwEALG5ldC9zZi9qYXNw
ZXJyZXBvcnRzL2VuZ2luZS9maWxsL0pSRmlsbEZpZWxkAQALUEFHRV9OVU1CRVIBAC9uZXQvc2Yv
amFzcGVycmVwb3J0cy9lbmdpbmUvZmlsbC9KUkZpbGxWYXJpYWJsZQEADUNPTFVNTl9OVU1CRVIB
AAxSRVBPUlRfQ09VTlQBAApQQUdFX0NPVU5UAQAMQ09MVU1OX0NPVU5UAQARamF2YS9sYW5nL0lu
dGVnZXIMAGQAwQwAwgDDAQAbY29tL3p5bmFwL2RvbWFpbi9hZG1pbi9Vc2VyAQBGY29tL3p5bmFw
L3RhbGVudHN0dWRpby9hbmFseXNpcy9yZXBvcnRzL2phc3Blci9KYXNwZXJEYXRhU291cmNlRmFj
dG9yeQEALmNvbS96eW5hcC90YWxlbnRzdHVkaW8vYW5hbHlzaXMvcmVwb3J0cy9SZXBvcnQBABRq
YXZhL3V0aWwvQ29sbGVjdGlvbgwAxADFAQAobmV0L3NmL2phc3BlcnJlcG9ydHMvZW5naW5lL0ph
c3BlclJlcG9ydAwAxgDDAQAgQmFzaWNfU3ViXzFfMTE4Nzk1NzU2NzE5OF81NzIyOTUBACxuZXQv
c2YvamFzcGVycmVwb3J0cy9lbmdpbmUvZmlsbC9KUkV2YWx1YXRvcgEAE2phdmEvbGFuZy9UaHJv
d2FibGUBAA1qYXZhL3V0aWwvTWFwAQADZ2V0AQAmKExqYXZhL2xhbmcvT2JqZWN0OylMamF2YS9s
YW5nL09iamVjdDsBAAQoSSlWAQAIZ2V0VmFsdWUBABQoKUxqYXZhL2xhbmcvT2JqZWN0OwEAH2dl
dEFzc29jaWF0ZWRBcnRlZmFjdERhdGFTb3VyY2UBAI8oTGNvbS96eW5hcC90YWxlbnRzdHVkaW8v
YW5hbHlzaXMvcmVwb3J0cy9SZXBvcnQ7TGphdmEvdXRpbC9Db2xsZWN0aW9uO0xjb20venluYXAv
ZG9tYWluL2FkbWluL1VzZXI7KUxuZXQvc2YvamFzcGVycmVwb3J0cy9lbmdpbmUvSlJEYXRhU291
cmNlOwEAC2dldE9sZFZhbHVlACEARgBHAAAAGQACAEgASQAAAAIASgBJAAAAAgBLAEkAAAACAEwA
SQAAAAIATQBJAAAAAgBOAEkAAAACAE8ASQAAAAIAUABJAAAAAgBRAEkAAAACAFIASQAAAAIAUwBJ
AAAAAgBUAEkAAAACAFUASQAAAAIAVgBJAAAAAgBXAEkAAAACAFgASQAAAAIAWQBJAAAAAgBaAEkA
AAACAFsASQAAAAIAXABdAAAAAgBeAF8AAAACAGAAXwAAAAIAYQBfAAAAAgBiAF8AAAACAGMAXwAA
AAgAAQBkAGUAAQBmAAAA/gACAAEAAACCKrcAASoBtQACKgG1AAMqAbUABCoBtQAFKgG1AAYqAbUA
ByoBtQAIKgG1AAkqAbUACioBtQALKgG1AAwqAbUADSoBtQAOKgG1AA8qAbUAECoBtQARKgG1ABIq
AbUAEyoBtQAUKgG1ABUqAbUAFioBtQAXKgG1ABgqAbUAGSoBtQAasQAAAAEAZwAAAGoAGgAAABIA
BAAZAAkAGgAOABsAEwAcABgAHQAdAB4AIgAfACcAIAAsACEAMQAiADYAIwA7ACQAQAAlAEUAJgBK
ACcATwAoAFQAKQBZACoAXgArAGMALABoAC0AbQAuAHIALwB3ADAAfAAxAAEAaABpAAEAZgAAADQA
AgAEAAAAECortwAbKiy3ABwqLbcAHbEAAAABAGcAAAASAAQAAAA9AAUAPgAKAD8ADwBAAAIAagBr
AAEAZgAAAYIAAwACAAABHiorEh65AB8CAMAAILUAAiorEiG5AB8CAMAAILUAAyorEiK5AB8CAMAA
ILUABCorEiO5AB8CAMAAILUABSorEiS5AB8CAMAAILUABiorEiW5AB8CAMAAILUAByorEia5AB8C
AMAAILUACCorEie5AB8CAMAAILUACSorEii5AB8CAMAAILUACiorEim5AB8CAMAAILUACyorEiq5
AB8CAMAAILUADCorEiu5AB8CAMAAILUADSorEiy5AB8CAMAAILUADiorEi25AB8CAMAAILUADyor
Ei65AB8CAMAAILUAECorEi+5AB8CAMAAILUAESorEjC5AB8CAMAAILUAEiorEjG5AB8CAMAAILUA
EyorEjK5AB8CAMAAILUAFLEAAAABAGcAAABSABQAAABIAA8ASQAeAEoALQBLADwATABLAE0AWgBO
AGkATwB4AFAAhwBRAJYAUgClAFMAtABUAMMAVQDSAFYA4QBXAPAAWAD/AFkBDgBaAR0AWwACAGwA
awABAGYAAAAsAAMAAgAAABAqKxIzuQAfAgDAADS1ABWxAAAAAQBnAAAACgACAAAAYwAPAGQAAgBt
AGsAAQBmAAAAeAADAAIAAABMKisSNbkAHwIAwAA2tQAWKisSN7kAHwIAwAA2tQAXKisSOLkAHwIA
wAA2tQAYKisSObkAHwIAwAA2tQAZKisSOrkAHwIAwAA2tQAasQAAAAEAZwAAABoABgAAAGwADwBt
AB4AbgAtAG8APABwAEsAcQABAG4AbwACAGYAAAGVAAQAAwAAAQ0BTRuqAAABCAAAAAAAAAAMAAAA
QQAAAE0AAABZAAAAZQAAAHEAAAB9AAAAiQAAAJUAAAChAAAArwAAAL0AAADLAAAA+rsAO1kEtwA8
TacAvrsAO1kEtwA8TacAsrsAO1kEtwA8TacAprsAO1kDtwA8TacAmrsAO1kEtwA8TacAjrsAO1kD
twA8TacAgrsAO1kEtwA8TacAdrsAO1kDtwA8TacAaiq0AAO2AD3AAD5NpwBcKrQAELYAPcAAP02n
AE4qtAAHtgA9wABATacAQCq0ABC2AD3AAD8qtAAHtgA9wABAKrQAFbYAQcAAQiq0AAO2AD3AAD62
AENNpwARKrQAC7YAPcAARE2nAAMssAAAAAEAZwAAAHYAHQAAAHkAAgB7AEQAfwBNAIAAUACEAFkA
hQBcAIkAZQCKAGgAjgBxAI8AdACTAH0AlACAAJgAiQCZAIwAnQCVAJ4AmACiAKEAowCkAKcArwCo
ALIArAC9AK0AwACxAMsAsgDOALYA+gC3AP0AuwEIALwBCwDDAHAAAAAEAAEAcQABAHIAbwACAGYA
AAGVAAQAAwAAAQ0BTRuqAAABCAAAAAAAAAAMAAAAQQAAAE0AAABZAAAAZQAAAHEAAAB9AAAAiQAA
AJUAAAChAAAArwAAAL0AAADLAAAA+rsAO1kEtwA8TacAvrsAO1kEtwA8TacAsrsAO1kEtwA8TacA
prsAO1kDtwA8TacAmrsAO1kEtwA8TacAjrsAO1kDtwA8TacAgrsAO1kEtwA8TacAdrsAO1kDtwA8
TacAaiq0AAO2AD3AAD5NpwBcKrQAELYAPcAAP02nAE4qtAAHtgA9wABATacAQCq0ABC2AD3AAD8q
tAAHtgA9wABAKrQAFbYARcAAQiq0AAO2AD3AAD62AENNpwARKrQAC7YAPcAARE2nAAMssAAAAAEA
ZwAAAHYAHQAAAMwAAgDOAEQA0gBNANMAUADXAFkA2ABcANwAZQDdAGgA4QBxAOIAdADmAH0A5wCA
AOsAiQDsAIwA8ACVAPEAmAD1AKEA9gCkAPoArwD7ALIA/wC9AQAAwAEEAMsBBQDOAQkA+gEKAP0B
DgEIAQ8BCwEWAHAAAAAEAAEAcQABAHMAbwACAGYAAAGVAAQAAwAAAQ0BTRuqAAABCAAAAAAAAAAM
AAAAQQAAAE0AAABZAAAAZQAAAHEAAAB9AAAAiQAAAJUAAAChAAAArwAAAL0AAADLAAAA+rsAO1kE
twA8TacAvrsAO1kEtwA8TacAsrsAO1kEtwA8TacAprsAO1kDtwA8TacAmrsAO1kEtwA8TacAjrsA
O1kDtwA8TacAgrsAO1kEtwA8TacAdrsAO1kDtwA8TacAaiq0AAO2AD3AAD5NpwBcKrQAELYAPcAA
P02nAE4qtAAHtgA9wABATacAQCq0ABC2AD3AAD8qtAAHtgA9wABAKrQAFbYAQcAAQiq0AAO2AD3A
AD62AENNpwARKrQAC7YAPcAARE2nAAMssAAAAAEAZwAAAHYAHQAAAR8AAgEhAEQBJQBNASYAUAEq
AFkBKwBcAS8AZQEwAGgBNABxATUAdAE5AH0BOgCAAT4AiQE/AIwBQwCVAUQAmAFIAKEBSQCkAU0A
rwFOALIBUgC9AVMAwAFXAMsBWADOAVwA+gFdAP0BYQEIAWIBCwFpAHAAAAAEAAEAcQABAHQAAAAC
AHV0ABVfMTE4Nzk1NzU2NzE5OF81NzIyOTVxAH4BO3EAfgE8cQB+AI1zcQB+AABzcQB+AAUAAAAA
AAAAAQAAAAAAAAFeAAAAAAAAAAABAAAAeAAABBoBAAAAAAAAAAABcHBwcHBzcQB+ABIBcHBwcHBw
cHBwdAAFQXJpYWxzcQB+ABsAAAAMcHBwcQB+AB9xAH4AH3EAfgAfcQB+AB9wcQB+AB9wcHBwcHQA
E3RlbXBsYXRlRGV0YWlsU3R5bGVwcHB0AAZDcDEyNTJ0AAlIZWx2ZXRpY2FwcHBwcHBwcHBwcHBw
c3EAfgAjc3EAfgApAAAAAXcEAAAACnNxAH4AKwAAAA8AAQEAAgAAAAFeAAAAAAAAAABwcQB+Ac9x
AH4B1nBwcHEAfgHQcHBwcHBwcHBwcHBwcHBwcHBwcHBwcHBwcHBwcHBwcHAAAAAAAQEAAXBwc3EA
fgAxAAAACHVxAH4ANAAAAANzcQB+ADYBdABCY29tLnp5bmFwLnRhbGVudHN0dWRpby5hbmFseXNp
cy5yZXBvcnRzLkRhdGFGb3JtYXR0ZXIuZm9ybWF0VmFsdWUoc3EAfgA2A3QADnN1YmplY3QuMTQz
XzQxc3EAfgA2AXQAASlxAH4APXBwcHBwcHBweHAAAAAoAXBwcHB0AARqYXZhcHNxAH4AjwEBdXEA
fgCYAAAAAXNxAH4AmnB0AA5zdWJqZWN0LjE0M180MXEAfgChcHB0AAtCYXNpY19TdWJfMXVxAH4A
pgAAABJzcQB+AKgBAXBwcQB+AKpxAH4Aq3NxAH4AqAEBcHBxAH4ArXEAfgCuc3EAfgCoAQFwcHEA
fgCwcQB+ALFzcQB+AKgBAXBwcQB+ALNxAH4AaXNxAH4AqAEBcHBxAH4AtXEAfgC2c3EAfgCoAQFw
cHEAfgC4cQB+ALlzcQB+AKgBAXBwcQB+ALtxAH4AvHNxAH4AqAEBcHBxAH4AvnEAfgC/c3EAfgCo
AQFwcHEAfgDBcQB+AMJzcQB+AKgBAXBwcQB+AMRxAH4AxXNxAH4AqAEBcHBxAH4Ax3EAfgDIc3EA
fgCoAQFwcHEAfgDKcQB+AMtzcQB+AKgBAXBwcQB+AM1xAH4AznNxAH4AqAEAcHB0AApzdWJqZWN0
VXJsdAAQamF2YS5sYW5nLlN0cmluZ3NxAH4AqAEAcHB0AAtwb3NpdGlvblVybHQAEGphdmEubGFu
Zy5TdHJpbmdzcQB+AKgBAHBwdAAGcmVwb3J0dAAuY29tLnp5bmFwLnRhbGVudHN0dWRpby5hbmFs
eXNpcy5yZXBvcnRzLlJlcG9ydHNxAH4AqAEAcHB0ABFfRFNfRkFDVE9SWV9QQVJBTXQARmNvbS56
eW5hcC50YWxlbnRzdHVkaW8uYW5hbHlzaXMucmVwb3J0cy5qYXNwZXIuSmFzcGVyRGF0YVNvdXJj
ZUZhY3RvcnlzcQB+AKgBAHBwdAAEdXNlcnQAG2NvbS56eW5hcC5kb21haW4uYWRtaW4uVXNlcnNx
AH4A4nNxAH4A5HcEAAAAAHhwcHBwdXEAfgDmAAAABXNxAH4A6AgFAQFwcHBzcQB+ADEAAAAAdXEA
fgA0AAAAAXNxAH4ANgF0AA5uZXcgSW50ZWdlcigxKXEAfgCxcQB+AO5wcQB+ALFzcQB+AOgIBQEC
cHBwc3EAfgAxAAAAAXVxAH4ANAAAAAFzcQB+ADYBdAAObmV3IEludGVnZXIoMSlxAH4AsXEAfgD0
cHEAfgCxc3EAfgDoAQUBAXNxAH4AMQAAAAJ1cQB+ADQAAAABc3EAfgA2AXQADm5ldyBJbnRlZ2Vy
KDEpcQB+ALFwcHNxAH4AMQAAAAN1cQB+ADQAAAABc3EAfgA2AXQADm5ldyBJbnRlZ2VyKDApcQB+
ALFxAH4A/nBxAH4AsXNxAH4A6AEFAQJzcQB+ADEAAAAEdXEAfgA0AAAAAXNxAH4ANgF0AA5uZXcg
SW50ZWdlcigxKXEAfgCxcHBzcQB+ADEAAAAFdXEAfgA0AAAAAXNxAH4ANgF0AA5uZXcgSW50ZWdl
cigwKXEAfgCxcQB+AQhwcQB+ALFzcQB+AOgBBQEDc3EAfgAxAAAABnVxAH4ANAAAAAFzcQB+ADYB
dAAObmV3IEludGVnZXIoMSlxAH4AsXBwc3EAfgAxAAAAB3VxAH4ANAAAAAFzcQB+ADYBdAAObmV3
IEludGVnZXIoMClxAH4AsXEAfgEScHEAfgCxcQB+AeZwcHVxAH4BKwAAAANxAH4B0HNxAH4AEgBw
cHBwcHBwcHB0AAVBcmlhbHNxAH4AGwAAAAxwcHBxAH4BGXEAfgAfcQB+AB9xAH4AH3BxAH4AH3Bw
cHBwdAATdGVtcGxhdGVIZWFkZXJTdHlsZXBwcHQABkNwMTI1MnQADkhlbHZldGljYS1Cb2xkcHBw
cHBwcHBwcHBwcHNxAH4AEgBwcHBwcHBwcHB0AAVBcmlhbHNxAH4AGwAAAAxwcHBxAH4BGXEAfgAf
cQB+AB9xAH4AH3BxAH4AH3BwcHBwdAASdGVtcGxhdGVHcm91cFN0eWxlcHBwdAAGQ3AxMjUydAAO
SGVsdmV0aWNhLUJvbGRwcHBwcHBwcHBwcHBwcHBzcQB+ATNzcQB+ATU/QAAAAAAADHcIAAAAEAAA
AAB4c3EAfgE1P0AAAAAAAAx3CAAAABAAAAAAeHVxAH4BOAAAEY/K/rq+AAAAMQC5CgA/AG0JAD4A
bgkAPgBvCQA+AHAJAD4AcQkAPgByCQA+AHMJAD4AdAkAPgB1CQA+AHYJAD4AdwkAPgB4CQA+AHkJ
AD4AegkAPgB7CQA+AHwJAD4AfQkAPgB+CQA+AH8JAD4AgAkAPgCBCQA+AIIJAD4AgwkAPgCECQA+
AIUKAD4AhgoAPgCHCgA+AIgIAIkLAIoAiwcAjAgAjQgAjggAjwgAkAgAkQgAkggAkwgAlAgAlQgA
lggAlwgAmAgAmQgAmggAmwgAnAgAnQgAngcAnwgAoAcAoQgAoggAowgApAgApQcApgoAOQCnCgAy
AKgKAKkAqgoAMgCrBwCsBwCtAQAgcGFyYW1ldGVyX1JFUE9SVF9SRVNPVVJDRV9CVU5ETEUBADJM
bmV0L3NmL2phc3BlcnJlcG9ydHMvZW5naW5lL2ZpbGwvSlJGaWxsUGFyYW1ldGVyOwEADnBhcmFt
ZXRlcl91c2VyAQAkcGFyYW1ldGVyX1JFUE9SVF9EQVRFX0ZPUk1BVF9GQUNUT1JZAQAdcGFyYW1l
dGVyX1JFUE9SVF9DTEFTU19MT0FERVIBABpwYXJhbWV0ZXJfUkVQT1JUX1RJTUVfWk9ORQEAEHBh
cmFtZXRlcl9yZXBvcnQBABVwYXJhbWV0ZXJfcG9zaXRpb25VcmwBABxwYXJhbWV0ZXJfUkVQT1JU
X0RBVEFfU09VUkNFAQAXcGFyYW1ldGVyX1JFUE9SVF9MT0NBTEUBACRwYXJhbWV0ZXJfUkVQT1JU
X1VSTF9IQU5ETEVSX0ZBQ1RPUlkBAB9wYXJhbWV0ZXJfUkVQT1JUX1BBUkFNRVRFUlNfTUFQAQAb
cGFyYW1ldGVyX1JFUE9SVF9DT05ORUNUSU9OAQAecGFyYW1ldGVyX0lTX0lHTk9SRV9QQUdJTkFU
SU9OAQAbcGFyYW1ldGVyX19EU19GQUNUT1JZX1BBUkFNAQAccGFyYW1ldGVyX1JFUE9SVF9WSVJU
VUFMSVpFUgEAFHBhcmFtZXRlcl9zdWJqZWN0VXJsAQAacGFyYW1ldGVyX1JFUE9SVF9TQ1JJUFRM
RVQBABpwYXJhbWV0ZXJfUkVQT1JUX01BWF9DT1VOVAEAFWZpZWxkX3N1YmplY3Q0NjE0M180MQEA
LkxuZXQvc2YvamFzcGVycmVwb3J0cy9lbmdpbmUvZmlsbC9KUkZpbGxGaWVsZDsBABR2YXJpYWJs
ZV9QQUdFX05VTUJFUgEAMUxuZXQvc2YvamFzcGVycmVwb3J0cy9lbmdpbmUvZmlsbC9KUkZpbGxW
YXJpYWJsZTsBABZ2YXJpYWJsZV9DT0xVTU5fTlVNQkVSAQAVdmFyaWFibGVfUkVQT1JUX0NPVU5U
AQATdmFyaWFibGVfUEFHRV9DT1VOVAEAFXZhcmlhYmxlX0NPTFVNTl9DT1VOVAEABjxpbml0PgEA
AygpVgEABENvZGUBAA9MaW5lTnVtYmVyVGFibGUBAA5jdXN0b21pemVkSW5pdAEAMChMamF2YS91
dGlsL01hcDtMamF2YS91dGlsL01hcDtMamF2YS91dGlsL01hcDspVgEACmluaXRQYXJhbXMBABIo
TGphdmEvdXRpbC9NYXA7KVYBAAppbml0RmllbGRzAQAIaW5pdFZhcnMBAAhldmFsdWF0ZQEAFShJ
KUxqYXZhL2xhbmcvT2JqZWN0OwEACkV4Y2VwdGlvbnMHAK4BAAtldmFsdWF0ZU9sZAEAEWV2YWx1
YXRlRXN0aW1hdGVkAQAKU291cmNlRmlsZQEAJUJhc2ljX1N1Yl8xXzExODc5NTc1NjU0OTVfNjU3
MzU5LmphdmEMAFsAXAwAQABBDABCAEEMAEMAQQwARABBDABFAEEMAEYAQQwARwBBDABIAEEMAEkA
QQwASgBBDABLAEEMAEwAQQwATQBBDABOAEEMAE8AQQwAUABBDABRAEEMAFIAQQwAUwBUDABVAFYM
AFcAVgwAWABWDABZAFYMAFoAVgwAYQBiDABjAGIMAGQAYgEAFlJFUE9SVF9SRVNPVVJDRV9CVU5E
TEUHAK8MALAAsQEAMG5ldC9zZi9qYXNwZXJyZXBvcnRzL2VuZ2luZS9maWxsL0pSRmlsbFBhcmFt
ZXRlcgEABHVzZXIBABpSRVBPUlRfREFURV9GT1JNQVRfRkFDVE9SWQEAE1JFUE9SVF9DTEFTU19M
T0FERVIBABBSRVBPUlRfVElNRV9aT05FAQAGcmVwb3J0AQALcG9zaXRpb25VcmwBABJSRVBPUlRf
REFUQV9TT1VSQ0UBAA1SRVBPUlRfTE9DQUxFAQAaUkVQT1JUX1VSTF9IQU5ETEVSX0ZBQ1RPUlkB
ABVSRVBPUlRfUEFSQU1FVEVSU19NQVABABFSRVBPUlRfQ09OTkVDVElPTgEAFElTX0lHTk9SRV9Q
QUdJTkFUSU9OAQARX0RTX0ZBQ1RPUllfUEFSQU0BABJSRVBPUlRfVklSVFVBTElaRVIBAApzdWJq
ZWN0VXJsAQAQUkVQT1JUX1NDUklQVExFVAEAEFJFUE9SVF9NQVhfQ09VTlQBAA5zdWJqZWN0LjE0
M180MQEALG5ldC9zZi9qYXNwZXJyZXBvcnRzL2VuZ2luZS9maWxsL0pSRmlsbEZpZWxkAQALUEFH
RV9OVU1CRVIBAC9uZXQvc2YvamFzcGVycmVwb3J0cy9lbmdpbmUvZmlsbC9KUkZpbGxWYXJpYWJs
ZQEADUNPTFVNTl9OVU1CRVIBAAxSRVBPUlRfQ09VTlQBAApQQUdFX0NPVU5UAQAMQ09MVU1OX0NP
VU5UAQARamF2YS9sYW5nL0ludGVnZXIMAFsAsgwAswC0BwC1DAC2ALcMALgAtAEAIEJhc2ljX1N1
Yl8xXzExODc5NTc1NjU0OTVfNjU3MzU5AQAsbmV0L3NmL2phc3BlcnJlcG9ydHMvZW5naW5lL2Zp
bGwvSlJFdmFsdWF0b3IBABNqYXZhL2xhbmcvVGhyb3dhYmxlAQANamF2YS91dGlsL01hcAEAA2dl
dAEAJihMamF2YS9sYW5nL09iamVjdDspTGphdmEvbGFuZy9PYmplY3Q7AQAEKEkpVgEACGdldFZh
bHVlAQAUKClMamF2YS9sYW5nL09iamVjdDsBADVjb20venluYXAvdGFsZW50c3R1ZGlvL2FuYWx5
c2lzL3JlcG9ydHMvRGF0YUZvcm1hdHRlcgEAC2Zvcm1hdFZhbHVlAQAmKExqYXZhL2xhbmcvT2Jq
ZWN0OylMamF2YS9sYW5nL1N0cmluZzsBAAtnZXRPbGRWYWx1ZQAhAD4APwAAABgAAgBAAEEAAAAC
AEIAQQAAAAIAQwBBAAAAAgBEAEEAAAACAEUAQQAAAAIARgBBAAAAAgBHAEEAAAACAEgAQQAAAAIA
SQBBAAAAAgBKAEEAAAACAEsAQQAAAAIATABBAAAAAgBNAEEAAAACAE4AQQAAAAIATwBBAAAAAgBQ
AEEAAAACAFEAQQAAAAIAUgBBAAAAAgBTAFQAAAACAFUAVgAAAAIAVwBWAAAAAgBYAFYAAAACAFkA
VgAAAAIAWgBWAAAACAABAFsAXAABAF0AAAD1AAIAAQAAAH0qtwABKgG1AAIqAbUAAyoBtQAEKgG1
AAUqAbUABioBtQAHKgG1AAgqAbUACSoBtQAKKgG1AAsqAbUADCoBtQANKgG1AA4qAbUADyoBtQAQ
KgG1ABEqAbUAEioBtQATKgG1ABQqAbUAFSoBtQAWKgG1ABcqAbUAGCoBtQAZsQAAAAEAXgAAAGYA
GQAAABIABAAZAAkAGgAOABsAEwAcABgAHQAdAB4AIgAfACcAIAAsACEAMQAiADYAIwA7ACQAQAAl
AEUAJgBKACcATwAoAFQAKQBZACoAXgArAGMALABoAC0AbQAuAHIALwB3ADAAAQBfAGAAAQBdAAAA
NAACAAQAAAAQKiu3ABoqLLcAGyottwAcsQAAAAEAXgAAABIABAAAADwABQA9AAoAPgAPAD8AAgBh
AGIAAQBdAAABbwADAAIAAAEPKisSHbkAHgIAwAAftQACKisSILkAHgIAwAAftQADKisSIbkAHgIA
wAAftQAEKisSIrkAHgIAwAAftQAFKisSI7kAHgIAwAAftQAGKisSJLkAHgIAwAAftQAHKisSJbkA
HgIAwAAftQAIKisSJrkAHgIAwAAftQAJKisSJ7kAHgIAwAAftQAKKisSKLkAHgIAwAAftQALKisS
KbkAHgIAwAAftQAMKisSKrkAHgIAwAAftQANKisSK7kAHgIAwAAftQAOKisSLLkAHgIAwAAftQAP
KisSLbkAHgIAwAAftQAQKisSLrkAHgIAwAAftQARKisSL7kAHgIAwAAftQASKisSMLkAHgIAwAAf
tQATsQAAAAEAXgAAAE4AEwAAAEcADwBIAB4ASQAtAEoAPABLAEsATABaAE0AaQBOAHgATwCHAFAA
lgBRAKUAUgC0AFMAwwBUANIAVQDhAFYA8ABXAP8AWAEOAFkAAgBjAGIAAQBdAAAALAADAAIAAAAQ
KisSMbkAHgIAwAAytQAUsQAAAAEAXgAAAAoAAgAAAGEADwBiAAIAZABiAAEAXQAAAHgAAwACAAAA
TCorEjO5AB4CAMAANLUAFSorEjW5AB4CAMAANLUAFiorEja5AB4CAMAANLUAFyorEje5AB4CAMAA
NLUAGCorEji5AB4CAMAANLUAGbEAAAABAF4AAAAaAAYAAABqAA8AawAeAGwALQBtADwAbgBLAG8A
AQBlAGYAAgBdAAABDAADAAMAAACkAU0bqgAAAJ8AAAAAAAAACAAAADEAAAA9AAAASQAAAFUAAABh
AAAAbQAAAHkAAACFAAAAkbsAOVkEtwA6TacAZbsAOVkEtwA6TacAWbsAOVkEtwA6TacATbsAOVkD
twA6TacAQbsAOVkEtwA6TacANbsAOVkDtwA6TacAKbsAOVkEtwA6TacAHbsAOVkDtwA6TacAESq0
ABS2ADu4ADxNpwADLLAAAAABAF4AAABWABUAAAB3AAIAeQA0AH0APQB+AEAAggBJAIMATACHAFUA
iABYAIwAYQCNAGQAkQBtAJIAcACWAHkAlwB8AJsAhQCcAIgAoACRAKEAlAClAJ8ApgCiAK0AZwAA
AAQAAQBoAAEAaQBmAAIAXQAAAQwAAwADAAAApAFNG6oAAACfAAAAAAAAAAgAAAAxAAAAPQAAAEkA
AABVAAAAYQAAAG0AAAB5AAAAhQAAAJG7ADlZBLcAOk2nAGW7ADlZBLcAOk2nAFm7ADlZBLcAOk2n
AE27ADlZA7cAOk2nAEG7ADlZBLcAOk2nADW7ADlZA7cAOk2nACm7ADlZBLcAOk2nAB27ADlZA7cA
Ok2nABEqtAAUtgA9uAA8TacAAyywAAAAAQBeAAAAVgAVAAAAtgACALgANAC8AD0AvQBAAMEASQDC
AEwAxgBVAMcAWADLAGEAzABkANAAbQDRAHAA1QB5ANYAfADaAIUA2wCIAN8AkQDgAJQA5ACfAOUA
ogDsAGcAAAAEAAEAaAABAGoAZgACAF0AAAEMAAMAAwAAAKQBTRuqAAAAnwAAAAAAAAAIAAAAMQAA
AD0AAABJAAAAVQAAAGEAAABtAAAAeQAAAIUAAACRuwA5WQS3ADpNpwBluwA5WQS3ADpNpwBZuwA5
WQS3ADpNpwBNuwA5WQO3ADpNpwBBuwA5WQS3ADpNpwA1uwA5WQO3ADpNpwApuwA5WQS3ADpNpwAd
uwA5WQO3ADpNpwARKrQAFLYAO7gAPE2nAAMssAAAAAEAXgAAAFYAFQAAAPUAAgD3ADQA+wA9APwA
QAEAAEkBAQBMAQUAVQEGAFgBCgBhAQsAZAEPAG0BEABwARQAeQEVAHwBGQCFARoAiAEeAJEBHwCU
ASMAnwEkAKIBKwBnAAAABAABAGgAAQBrAAAAAgBsdAAVXzExODc5NTc1NjU0OTVfNjU3MzU5cQB+
ATtxAH4BPHg="/>
    <REPORT_COLUMNS QUE_WF_ID="41" SOURCE="NA" ID="152" REF_VALUE="subjectPrimaryAssociations.position.subjectSecondaryAssociations.subject.143" LABEL="Successor / Leadership Evaluation 1 /Rating" REP_ID="81" POSITION="2" COLUMN_TYPE="STRUCT" MANDATORY="F" IS_COLOR_DISPLAYABLE="F" IS_FORMULA="F" IS_GROUPED="F"/>
    <REPORT_COLUMNS SOURCE="NA" ID="150" REF_VALUE="coreDetail.name" LABEL="Full Name" REP_ID="81" POSITION="0" COLUMN_TYPE="TEXT" MANDATORY="F" IS_COLOR_DISPLAYABLE="F" IS_FORMULA="F" IS_GROUPED="F"/>
    <REPORT_COLUMNS QUE_WF_ID="41" SOURCE="NA" ID="151" REF_VALUE="143" LABEL="Rating" REP_ID="81" POSITION="1" COLUMN_TYPE="STRUCT" MANDATORY="F" IS_COLOR_DISPLAYABLE="F" IS_FORMULA="F" IS_GROUPED="F"/>
    <DYNAMIC_ATTRIBUTES ID="143" LABEL="Rating0.9303369026959312" TYPE="STRUCT" ARTEFACT_TYPE="Q" QD_ID="41" IS_MANDATORY="F" IS_ACTIVE="F" IS_SEARCHABLE="F" DESCRIPTION=" " REFERS_TO="RATING0.9922246462298171141" MODIFIED_LABEL="leadership_rating"/>
    <DYNAMIC_ATTRIBUTES ID="144" LABEL="Supporting examples0.05173203699556006" TYPE="TEXT" ARTEFACT_TYPE="Q" QD_ID="41" IS_MANDATORY="F" IS_ACTIVE="F" IS_SEARCHABLE="F" DESCRIPTION=" " MODIFIED_LABEL="leadership_rating_examples"/>
    <DYNAMIC_ATTRIBUTES ID="145" LABEL="Competency0.23743280752981266" TYPE="STRUCT" ARTEFACT_TYPE="Q" QD_ID="41" IS_MANDATORY="F" IS_ACTIVE="F" IS_SEARCHABLE="F" DESCRIPTION=" " REFERS_TO="COMPETENCY0.2703588535416732142" MODIFIED_LABEL="leadership_competency"/>
    <DYNAMIC_ATTRIBUTES ID="146" LABEL="Age0.1042477972103999" TYPE="NUMBER" ARTEFACT_TYPE="Q" QD_ID="41" IS_MANDATORY="F" IS_ACTIVE="F" IS_SEARCHABLE="F" DESCRIPTION="Age" MODIFIED_LABEL="candidate_age"/>
    <DYNAMIC_ATTRIBUTES ID="147" LABEL="Years In Job0.9666596833113168" TYPE="NUMBER" ARTEFACT_TYPE="Q" QD_ID="41" IS_MANDATORY="F" IS_ACTIVE="F" IS_SEARCHABLE="F" DESCRIPTION="Years In Job" MODIFIED_LABEL="candidate_yrs_in_job"/>
    <QUE_DEFINITION_MODELS QUE_DEF_ID="41"/>
    <REPORTS ID="-101" ACCESS_TYPE="Public" REP_TYPE="STANDARD" LABEL="Test Position Tabular Report 1"
             DEFAULT_POPULATION_ID="-1" USER_ID="1" POPULATION_TYPE="P"
             JASPER_DEFINITION="rO0ABXNyAEJjb20uenluYXAudGFsZW50c3R1ZGlvLmFuYWx5c2lzLnJlcG9ydHMuamFzcGVyLlRh
YnVsYXJSZXBvcnREZXNpZ27/0r/THWMB6AIAAUwAEHN1YlJlcG9ydHNEZXNpZ250AA9MamF2YS91
dGlsL01hcDt4cgBBY29tLnp5bmFwLnRhbGVudHN0dWRpby5hbmFseXNpcy5yZXBvcnRzLmphc3Bl
ci5KYXNwZXJSZXBvcnREZXNpZ27Pnxr11INVBQIAAUwADGphc3BlclJlcG9ydHQAKkxuZXQvc2Yv
amFzcGVycmVwb3J0cy9lbmdpbmUvSmFzcGVyUmVwb3J0O3hwc3IAKG5ldC5zZi5qYXNwZXJyZXBv
cnRzLmVuZ2luZS5KYXNwZXJSZXBvcnQAAAAAAAAn2AIAA0wAC2NvbXBpbGVEYXRhdAAWTGphdmEv
aW8vU2VyaWFsaXphYmxlO0wAEWNvbXBpbGVOYW1lU3VmZml4dAASTGphdmEvbGFuZy9TdHJpbmc7
TAANY29tcGlsZXJDbGFzc3EAfgAHeHIALW5ldC5zZi5qYXNwZXJyZXBvcnRzLmVuZ2luZS5iYXNl
LkpSQmFzZVJlcG9ydAAAAAAAACfYAgAjSQAMYm90dG9tTWFyZ2luSQALY29sdW1uQ291bnRJAA1j
b2x1bW5TcGFjaW5nSQALY29sdW1uV2lkdGhaABBpZ25vcmVQYWdpbmF0aW9uWgATaXNGbG9hdENv
bHVtbkZvb3RlcloAEGlzU3VtbWFyeU5ld1BhZ2VaAA5pc1RpdGxlTmV3UGFnZUkACmxlZnRNYXJn
aW5CAAtvcmllbnRhdGlvbkkACnBhZ2VIZWlnaHRJAAlwYWdlV2lkdGhCAApwcmludE9yZGVySQAL
cmlnaHRNYXJnaW5JAAl0b3BNYXJnaW5CAA53aGVuTm9EYXRhVHlwZUwACmJhY2tncm91bmR0ACRM
bmV0L3NmL2phc3BlcnJlcG9ydHMvZW5naW5lL0pSQmFuZDtMAAxjb2x1bW5Gb290ZXJxAH4ACUwA
DGNvbHVtbkhlYWRlcnEAfgAJWwAIZGF0YXNldHN0AChbTG5ldC9zZi9qYXNwZXJyZXBvcnRzL2Vu
Z2luZS9KUkRhdGFzZXQ7TAALZGVmYXVsdEZvbnR0ACpMbmV0L3NmL2phc3BlcnJlcG9ydHMvZW5n
aW5lL0pSUmVwb3J0Rm9udDtMAAxkZWZhdWx0U3R5bGV0ACVMbmV0L3NmL2phc3BlcnJlcG9ydHMv
ZW5naW5lL0pSU3R5bGU7TAAGZGV0YWlscQB+AAlbAAVmb250c3QAK1tMbmV0L3NmL2phc3BlcnJl
cG9ydHMvZW5naW5lL0pSUmVwb3J0Rm9udDtMABJmb3JtYXRGYWN0b3J5Q2xhc3NxAH4AB0wACmlt
cG9ydHNTZXR0AA9MamF2YS91dGlsL1NldDtMAAhsYW5ndWFnZXEAfgAHTAAObGFzdFBhZ2VGb290
ZXJxAH4ACUwAC21haW5EYXRhc2V0dAAnTG5ldC9zZi9qYXNwZXJyZXBvcnRzL2VuZ2luZS9KUkRh
dGFzZXQ7TAAEbmFtZXEAfgAHTAAKcGFnZUZvb3RlcnEAfgAJTAAKcGFnZUhlYWRlcnEAfgAJWwAG
c3R5bGVzdAAmW0xuZXQvc2YvamFzcGVycmVwb3J0cy9lbmdpbmUvSlJTdHlsZTtMAAdzdW1tYXJ5
cQB+AAlMAAV0aXRsZXEAfgAJeHAAAAAAAAAAEgAAAAAAAAFeAQAAAAAAAAABAAABzAAAGJwBAAAA
AAAAAAABcHBwcHBzcgAsbmV0LnNmLmphc3BlcnJlcG9ydHMuZW5naW5lLmJhc2UuSlJCYXNlU3R5
bGUAAAAAAAAnEQIALVoACWlzRGVmYXVsdEwACWJhY2tjb2xvcnQAEExqYXZhL2F3dC9Db2xvcjtM
AAZib3JkZXJ0ABBMamF2YS9sYW5nL0J5dGU7TAALYm9yZGVyQ29sb3JxAH4AE0wADGJvdHRvbUJv
cmRlcnEAfgAUTAARYm90dG9tQm9yZGVyQ29sb3JxAH4AE0wADWJvdHRvbVBhZGRpbmd0ABNMamF2
YS9sYW5nL0ludGVnZXI7WwARY29uZGl0aW9uYWxTdHlsZXN0ADFbTG5ldC9zZi9qYXNwZXJyZXBv
cnRzL2VuZ2luZS9KUkNvbmRpdGlvbmFsU3R5bGU7TAAUZGVmYXVsdFN0eWxlUHJvdmlkZXJ0ADRM
bmV0L3NmL2phc3BlcnJlcG9ydHMvZW5naW5lL0pSRGVmYXVsdFN0eWxlUHJvdmlkZXI7TAAEZmls
bHEAfgAUTAAIZm9udE5hbWVxAH4AB0wACGZvbnRTaXplcQB+ABVMAAlmb3JlY29sb3JxAH4AE0wA
E2hvcml6b250YWxBbGlnbm1lbnRxAH4AFEwAD2lzQmxhbmtXaGVuTnVsbHQAE0xqYXZhL2xhbmcv
Qm9vbGVhbjtMAAZpc0JvbGRxAH4AGEwACGlzSXRhbGljcQB+ABhMAA1pc1BkZkVtYmVkZGVkcQB+
ABhMAA9pc1N0cmlrZVRocm91Z2hxAH4AGEwADGlzU3R5bGVkVGV4dHEAfgAYTAALaXNVbmRlcmxp
bmVxAH4AGEwACmxlZnRCb3JkZXJxAH4AFEwAD2xlZnRCb3JkZXJDb2xvcnEAfgATTAALbGVmdFBh
ZGRpbmdxAH4AFUwAC2xpbmVTcGFjaW5ncQB+ABRMAARtb2RlcQB+ABRMAARuYW1lcQB+AAdMAAdw
YWRkaW5ncQB+ABVMAAtwYXJlbnRTdHlsZXEAfgAMTAAHcGF0dGVybnEAfgAHTAALcGRmRW5jb2Rp
bmdxAH4AB0wAC3BkZkZvbnROYW1lcQB+AAdMAANwZW5xAH4AFEwADHBvc2l0aW9uVHlwZXEAfgAU
TAAGcmFkaXVzcQB+ABVMAAtyaWdodEJvcmRlcnEAfgAUTAAQcmlnaHRCb3JkZXJDb2xvcnEAfgAT
TAAMcmlnaHRQYWRkaW5ncQB+ABVMAAhyb3RhdGlvbnEAfgAUTAAKc2NhbGVJbWFnZXEAfgAUTAAL
c3RyZXRjaFR5cGVxAH4AFEwACXRvcEJvcmRlcnEAfgAUTAAOdG9wQm9yZGVyQ29sb3JxAH4AE0wA
CnRvcFBhZGRpbmdxAH4AFUwAEXZlcnRpY2FsQWxpZ25tZW50cQB+ABR4cAFwcHBwcHBwcHB0AAVB
cmlhbHNyABFqYXZhLmxhbmcuSW50ZWdlchLioKT3gYc4AgABSQAFdmFsdWV4cgAQamF2YS5sYW5n
Lk51bWJlcoaslR0LlOCLAgAAeHAAAAAMcHBwc3IAEWphdmEubGFuZy5Cb29sZWFuzSBygNWc+u4C
AAFaAAV2YWx1ZXhwAHEAfgAfcQB+AB9xAH4AH3BxAH4AH3BwcHBwdAATdGVtcGxhdGVEZXRhaWxT
dHlsZXBwcHQABkNwMTI1MnQACUhlbHZldGljYXBwcHBwcHBwcHBwcHBzcgArbmV0LnNmLmphc3Bl
cnJlcG9ydHMuZW5naW5lLmJhc2UuSlJCYXNlQmFuZAAAAAAAACfYAgADSQAGaGVpZ2h0WgAOaXNT
cGxpdEFsbG93ZWRMABNwcmludFdoZW5FeHByZXNzaW9udAAqTG5ldC9zZi9qYXNwZXJyZXBvcnRz
L2VuZ2luZS9KUkV4cHJlc3Npb247eHIAM25ldC5zZi5qYXNwZXJyZXBvcnRzLmVuZ2luZS5iYXNl
LkpSQmFzZUVsZW1lbnRHcm91cAAAAAAAACfYAgACTAAIY2hpbGRyZW50ABBMamF2YS91dGlsL0xp
c3Q7TAAMZWxlbWVudEdyb3VwdAAsTG5ldC9zZi9qYXNwZXJyZXBvcnRzL2VuZ2luZS9KUkVsZW1l
bnRHcm91cDt4cHNyABNqYXZhLnV0aWwuQXJyYXlMaXN0eIHSHZnHYZ0DAAFJAARzaXpleHAAAAAI
dwQAAAAKc3IAMG5ldC5zZi5qYXNwZXJyZXBvcnRzLmVuZ2luZS5iYXNlLkpSQmFzZVN1YnJlcG9y
dAAAAAAAACfYAgAHTAAUY29ubmVjdGlvbkV4cHJlc3Npb25xAH4AJEwAFGRhdGFTb3VyY2VFeHBy
ZXNzaW9ucQB+ACRMAApleHByZXNzaW9ucQB+ACRMAAxpc1VzaW5nQ2FjaGVxAH4AGFsACnBhcmFt
ZXRlcnN0ADNbTG5ldC9zZi9qYXNwZXJyZXBvcnRzL2VuZ2luZS9KUlN1YnJlcG9ydFBhcmFtZXRl
cjtMABdwYXJhbWV0ZXJzTWFwRXhwcmVzc2lvbnEAfgAkWwAMcmV0dXJuVmFsdWVzdAA1W0xuZXQv
c2YvamFzcGVycmVwb3J0cy9lbmdpbmUvSlJTdWJyZXBvcnRSZXR1cm5WYWx1ZTt4cgAubmV0LnNm
Lmphc3BlcnJlcG9ydHMuZW5naW5lLmJhc2UuSlJCYXNlRWxlbWVudAAAAAAAACfYAgATSQAGaGVp
Z2h0WgAXaXNQcmludEluRmlyc3RXaG9sZUJhbmRaABVpc1ByaW50UmVwZWF0ZWRWYWx1ZXNaABpp
c1ByaW50V2hlbkRldGFpbE92ZXJmbG93c1oAFWlzUmVtb3ZlTGluZVdoZW5CbGFua0IADHBvc2l0
aW9uVHlwZUIAC3N0cmV0Y2hUeXBlSQAFd2lkdGhJAAF4SQABeUwACWJhY2tjb2xvcnEAfgATTAAU
ZGVmYXVsdFN0eWxlUHJvdmlkZXJxAH4AF0wADGVsZW1lbnRHcm91cHEAfgAnTAAJZm9yZWNvbG9y
cQB+ABNMAANrZXlxAH4AB0wABG1vZGVxAH4AFEwAC3BhcmVudFN0eWxlcQB+AAxMABNwcmludFdo
ZW5FeHByZXNzaW9ucQB+ACRMABVwcmludFdoZW5Hcm91cENoYW5nZXN0ACVMbmV0L3NmL2phc3Bl
cnJlcG9ydHMvZW5naW5lL0pSR3JvdXA7eHAAAAAPAAEAAAIAAAABXgAAAAAAAAAUcHEAfgARcQB+
AChwdAAjc3ViUmVwb3J0c3ViamVjdFByaW1hcnlBc3NvY2lhdGlvbnNwcQB+ABlwcHBzcgAxbmV0
LnNmLmphc3BlcnJlcG9ydHMuZW5naW5lLmJhc2UuSlJCYXNlRXhwcmVzc2lvbgAAAAAAACfYAgAD
SQACaWRbAAZjaHVua3N0ADBbTG5ldC9zZi9qYXNwZXJyZXBvcnRzL2VuZ2luZS9KUkV4cHJlc3Np
b25DaHVuaztMAA52YWx1ZUNsYXNzTmFtZXEAfgAHeHAAAAAedXIAMFtMbmV0LnNmLmphc3BlcnJl
cG9ydHMuZW5naW5lLkpSRXhwcmVzc2lvbkNodW5rO21Zz95pS6NVAgAAeHAAAAAJc3IANm5ldC5z
Zi5qYXNwZXJyZXBvcnRzLmVuZ2luZS5iYXNlLkpSQmFzZUV4cHJlc3Npb25DaHVuawAAAAAAACfY
AgACQgAEdHlwZUwABHRleHRxAH4AB3hwAXQAAShzcQB+ADcCdAARX0RTX0ZBQ1RPUllfUEFSQU1z
cQB+ADcBdAAiKS5nZXRBc3NvY2lhdGVkQXJ0ZWZhY3REYXRhU291cmNlKHNxAH4ANwJ0AAZyZXBv
cnRzcQB+ADcBdAACLCBzcQB+ADcDdAAac3ViamVjdFByaW1hcnlBc3NvY2lhdGlvbnNzcQB+ADcB
dAACLCBzcQB+ADcCdAAEdXNlcnNxAH4ANwF0AAEpdAAobmV0LnNmLmphc3BlcnJlcG9ydHMuZW5n
aW5lLkpSRGF0YVNvdXJjZXNxAH4AMgAAAB91cQB+ADUAAAABc3EAfgA3AnQAI3N1YlJlcG9ydHN1
YmplY3RQcmltYXJ5QXNzb2NpYXRpb25zdAAobmV0LnNmLmphc3BlcnJlcG9ydHMuZW5naW5lLkph
c3BlclJlcG9ydHB1cgAzW0xuZXQuc2YuamFzcGVycmVwb3J0cy5lbmdpbmUuSlJTdWJyZXBvcnRQ
YXJhbWV0ZXI7WwOco4fAvkICAAB4cAAAAARzcgA5bmV0LnNmLmphc3BlcnJlcG9ydHMuZW5naW5l
LmJhc2UuSlJCYXNlU3VicmVwb3J0UGFyYW1ldGVyAAAAAAAAJ9gCAAB4cgA3bmV0LnNmLmphc3Bl
cnJlcG9ydHMuZW5naW5lLmJhc2UuSlJCYXNlRGF0YXNldFBhcmFtZXRlcgAAAAAAACfYAgACTAAK
ZXhwcmVzc2lvbnEAfgAkTAAEbmFtZXEAfgAHeHBzcQB+ADIAAAAadXEAfgA1AAAAAXNxAH4ANwJ0
AAR1c2VydAAbY29tLnp5bmFwLmRvbWFpbi5hZG1pbi5Vc2VydAAEdXNlcnNxAH4AUnNxAH4AMgAA
ABt1cQB+ADUAAAABc3EAfgA3AnQAEV9EU19GQUNUT1JZX1BBUkFNdABGY29tLnp5bmFwLnRhbGVu
dHN0dWRpby5hbmFseXNpcy5yZXBvcnRzLmphc3Blci5KYXNwZXJEYXRhU291cmNlRmFjdG9yeXQA
EV9EU19GQUNUT1JZX1BBUkFNc3EAfgBSc3EAfgAyAAAAHHVxAH4ANQAAAAFzcQB+ADcCdAAGcmVw
b3J0dAAuY29tLnp5bmFwLnRhbGVudHN0dWRpby5hbmFseXNpcy5yZXBvcnRzLlJlcG9ydHQABnJl
cG9ydHNxAH4AUnNxAH4AMgAAAB11cQB+ADUAAAABc3EAfgA3AnQAUHN1YlJlcG9ydHN1YlJlcG9y
dHN1YmplY3RQcmltYXJ5QXNzb2NpYXRpb25zc3ViamVjdC5zdWJqZWN0U2Vjb25kYXJ5QXNzb2Np
YXRpb25zcQB+AE90AFBzdWJSZXBvcnRzdWJSZXBvcnRzdWJqZWN0UHJpbWFyeUFzc29jaWF0aW9u
c3N1YmplY3Quc3ViamVjdFNlY29uZGFyeUFzc29jaWF0aW9uc3Bwc3IAMG5ldC5zZi5qYXNwZXJy
ZXBvcnRzLmVuZ2luZS5iYXNlLkpSQmFzZVRleHRGaWVsZAAAAAAAACfYAgAQSQANYm9va21hcmtM
ZXZlbEIADmV2YWx1YXRpb25UaW1lQgAPaHlwZXJsaW5rVGFyZ2V0QgANaHlwZXJsaW5rVHlwZVoA
FWlzU3RyZXRjaFdpdGhPdmVyZmxvd0wAFGFuY2hvck5hbWVFeHByZXNzaW9ucQB+ACRMAA9ldmFs
dWF0aW9uR3JvdXBxAH4AL0wACmV4cHJlc3Npb25xAH4AJEwAGWh5cGVybGlua0FuY2hvckV4cHJl
c3Npb25xAH4AJEwAF2h5cGVybGlua1BhZ2VFeHByZXNzaW9ucQB+ACRbABNoeXBlcmxpbmtQYXJh
bWV0ZXJzdAAzW0xuZXQvc2YvamFzcGVycmVwb3J0cy9lbmdpbmUvSlJIeXBlcmxpbmtQYXJhbWV0
ZXI7TAAcaHlwZXJsaW5rUmVmZXJlbmNlRXhwcmVzc2lvbnEAfgAkTAAaaHlwZXJsaW5rVG9vbHRp
cEV4cHJlc3Npb25xAH4AJEwAD2lzQmxhbmtXaGVuTnVsbHEAfgAYTAAIbGlua1R5cGVxAH4AB0wA
B3BhdHRlcm5xAH4AB3hyADJuZXQuc2YuamFzcGVycmVwb3J0cy5lbmdpbmUuYmFzZS5KUkJhc2VU
ZXh0RWxlbWVudAAAAAAAACfYAgAeTAAGYm9yZGVycQB+ABRMAAtib3JkZXJDb2xvcnEAfgATTAAM
Ym90dG9tQm9yZGVycQB+ABRMABFib3R0b21Cb3JkZXJDb2xvcnEAfgATTAANYm90dG9tUGFkZGlu
Z3EAfgAVTAAIZm9udE5hbWVxAH4AB0wACGZvbnRTaXplcQB+ABVMABNob3Jpem9udGFsQWxpZ25t
ZW50cQB+ABRMAAZpc0JvbGRxAH4AGEwACGlzSXRhbGljcQB+ABhMAA1pc1BkZkVtYmVkZGVkcQB+
ABhMAA9pc1N0cmlrZVRocm91Z2hxAH4AGEwADGlzU3R5bGVkVGV4dHEAfgAYTAALaXNVbmRlcmxp
bmVxAH4AGEwACmxlZnRCb3JkZXJxAH4AFEwAD2xlZnRCb3JkZXJDb2xvcnEAfgATTAALbGVmdFBh
ZGRpbmdxAH4AFUwAC2xpbmVTcGFjaW5ncQB+ABRMAAdwYWRkaW5ncQB+ABVMAAtwZGZFbmNvZGlu
Z3EAfgAHTAALcGRmRm9udE5hbWVxAH4AB0wACnJlcG9ydEZvbnRxAH4AC0wAC3JpZ2h0Qm9yZGVy
cQB+ABRMABByaWdodEJvcmRlckNvbG9ycQB+ABNMAAxyaWdodFBhZGRpbmdxAH4AFUwACHJvdGF0
aW9ucQB+ABRMAAl0b3BCb3JkZXJxAH4AFEwADnRvcEJvcmRlckNvbG9ycQB+ABNMAAp0b3BQYWRk
aW5ncQB+ABVMABF2ZXJ0aWNhbEFsaWdubWVudHEAfgAUeHEAfgAuAAAADwABAQACAAAAAV4AAAFe
AAAAFHBxAH4AEXEAfgAocHBwcQB+ABlwcHBwcHBwcHBwcHBwcHBwcHBwcHBwcHBwcHBwcHBwcAAA
AAABAQABcHBzcQB+ADIAAAAgdXEAfgA1AAAAA3NxAH4ANwF0AEJjb20uenluYXAudGFsZW50c3R1
ZGlvLmFuYWx5c2lzLnJlcG9ydHMuRGF0YUZvcm1hdHRlci5mb3JtYXRWYWx1ZShzcQB+ADcDdAAF
dGl0bGVzcQB+ADcBdAABKXQAEGphdmEubGFuZy5TdHJpbmdwcHBzcQB+ADIAAAAhdXEAfgA1AAAA
A3NxAH4ANwF0ACUiX19wb3NpdGlvblVybF9fJmNvbW1hbmQubm9kZS5pZD0iICsgc3EAfgA3A3QA
Amlkc3EAfgA3AXQAASBxAH4Ae3BwdAAJUmVmZXJlbmNlcHNxAH4AbwAAAA8AAQEAAgAAAAFeAAAE
GgAAABRwcQB+ABFxAH4AKHBwcHEAfgAZcHBwcHBwcHBwcHBwcHBwcHBwcHBwcHBwcHBwcHBwcHAA
AAAAAQEAAXBwc3EAfgAyAAAAInVxAH4ANQAAAANzcQB+ADcBdABCY29tLnp5bmFwLnRhbGVudHN0
dWRpby5hbmFseXNpcy5yZXBvcnRzLkRhdGFGb3JtYXR0ZXIuZm9ybWF0VmFsdWUoc3EAfgA3A3QA
Fm9yZ2FuaXNhdGlvblVuaXQubGFiZWxzcQB+ADcBdAABKXEAfgB7cHBwcHBwcHBzcQB+AG8AAAAP
AAEBAAIAAAABXgAABXgAAAAUcHEAfgARcQB+AChwcHBxAH4AGXBwcHBwcHBwcHBwcHBwcHBwcHBw
cHBwcHBwcHBwcHBwAAAAAAEBAAFwcHNxAH4AMgAAACN1cQB+ADUAAAADc3EAfgA3AXQAQmNvbS56
eW5hcC50YWxlbnRzdHVkaW8uYW5hbHlzaXMucmVwb3J0cy5EYXRhRm9ybWF0dGVyLmZvcm1hdFZh
bHVlKHNxAH4ANwN0AAIzOXNxAH4ANwF0AAEpcQB+AHtwcHBwcHBwcHNxAH4AbwAAAA8AAQEAAgAA
AAFeAAAG1gAAABRwcQB+ABFxAH4AKHBwcHEAfgAZcHBwcHBwcHBwcHBwcHBwcHBwcHBwcHBwcHBw
cHBwcHAAAAAAAQEAAXBwc3EAfgAyAAAAJHVxAH4ANQAAAANzcQB+ADcBdABCY29tLnp5bmFwLnRh
bGVudHN0dWRpby5hbmFseXNpcy5yZXBvcnRzLkRhdGFGb3JtYXR0ZXIuZm9ybWF0VmFsdWUoc3EA
fgA3A3QAG3RhcmdldERlcml2ZWRBdHRyaWJ1dGVzWzE5XXNxAH4ANwF0AAEpcQB+AHtwcHBwcHBw
cHNxAH4AbwAAAA8AAQEAAgAAAAFeAAAINAAAABRwcQB+ABFxAH4AKHBwcHEAfgAZcHBwcHBwcHBw
cHBwcHBwcHBwcHBwcHBwcHBwcHBwcHAAAAAAAQEAAXBwc3EAfgAyAAAAJXVxAH4ANQAAAANzcQB+
ADcBdABCY29tLnp5bmFwLnRhbGVudHN0dWRpby5hbmFseXNpcy5yZXBvcnRzLkRhdGFGb3JtYXR0
ZXIuZm9ybWF0VmFsdWUoc3EAfgA3A3QAG3RhcmdldERlcml2ZWRBdHRyaWJ1dGVzWzIxXXNxAH4A
NwF0AAEpcQB+AHtwcHBwcHBwcHNxAH4AbwAAAA8AAQEAAgAAAAFeAAAJkgAAABRwcQB+ABFxAH4A
KHBwcHEAfgAZcHBwcHBwcHBwcHBwcHBwcHBwcHBwcHBwcHBwcHBwcHAAAAAAAQEAAXBwc3EAfgAy
AAAAJnVxAH4ANQAAAANzcQB+ADcBdABCY29tLnp5bmFwLnRhbGVudHN0dWRpby5hbmFseXNpcy5y
ZXBvcnRzLkRhdGFGb3JtYXR0ZXIuZm9ybWF0VmFsdWUoc3EAfgA3A3QAHHRhcmdldERlcml2ZWRB
dHRyaWJ1dGVzWzM5OV1zcQB+ADcBdAABKXEAfgB7cHBwcHBwcHBzcQB+AG8AAAAPAAEBAAIAAAAB
XgAACvAAAAAUcHEAfgARcQB+AChwcHBxAH4AGXBwcHBwcHBwcHBwcHBwcHBwcHBwcHBwcHBwcHBw
cHBwAAAAAAEBAAFwcHNxAH4AMgAAACd1cQB+ADUAAAADc3EAfgA3AXQAQmNvbS56eW5hcC50YWxl
bnRzdHVkaW8uYW5hbHlzaXMucmVwb3J0cy5EYXRhRm9ybWF0dGVyLmZvcm1hdFZhbHVlKHNxAH4A
NwN0ABx0YXJnZXREZXJpdmVkQXR0cmlidXRlc1s0MDNdc3EAfgA3AXQAASlxAH4Ae3BwcHBwcHBw
eHAAAAFoAXBwcHB0AARqYXZhcHNyAC5uZXQuc2YuamFzcGVycmVwb3J0cy5lbmdpbmUuYmFzZS5K
UkJhc2VEYXRhc2V0AAAAAAAAJ9gCAA1aAAZpc01haW5CABd3aGVuUmVzb3VyY2VNaXNzaW5nVHlw
ZVsABmZpZWxkc3QAJltMbmV0L3NmL2phc3BlcnJlcG9ydHMvZW5naW5lL0pSRmllbGQ7TAAQZmls
dGVyRXhwcmVzc2lvbnEAfgAkWwAGZ3JvdXBzdAAmW0xuZXQvc2YvamFzcGVycmVwb3J0cy9lbmdp
bmUvSlJHcm91cDtMAARuYW1lcQB+AAdbAApwYXJhbWV0ZXJzdAAqW0xuZXQvc2YvamFzcGVycmVw
b3J0cy9lbmdpbmUvSlJQYXJhbWV0ZXI7TAANcHJvcGVydGllc01hcHQALUxuZXQvc2YvamFzcGVy
cmVwb3J0cy9lbmdpbmUvSlJQcm9wZXJ0aWVzTWFwO0wABXF1ZXJ5dAAlTG5ldC9zZi9qYXNwZXJy
ZXBvcnRzL2VuZ2luZS9KUlF1ZXJ5O0wADnJlc291cmNlQnVuZGxlcQB+AAdMAA5zY3JpcHRsZXRD
bGFzc3EAfgAHWwAKc29ydEZpZWxkc3QAKltMbmV0L3NmL2phc3BlcnJlcG9ydHMvZW5naW5lL0pS
U29ydEZpZWxkO1sACXZhcmlhYmxlc3QAKVtMbmV0L3NmL2phc3BlcnJlcG9ydHMvZW5naW5lL0pS
VmFyaWFibGU7eHABAXVyACZbTG5ldC5zZi5qYXNwZXJyZXBvcnRzLmVuZ2luZS5KUkZpZWxkOwI8
38dOKvJwAgAAeHAAAAAJc3IALG5ldC5zZi5qYXNwZXJyZXBvcnRzLmVuZ2luZS5iYXNlLkpSQmFz
ZUZpZWxkAAAAAAAAJ9gCAANMAAtkZXNjcmlwdGlvbnEAfgAHTAAEbmFtZXEAfgAHTAAOdmFsdWVD
bGFzc05hbWVxAH4AB3hwcHQAGnN1YmplY3RQcmltYXJ5QXNzb2NpYXRpb25zdAAUamF2YS51dGls
LkNvbGxlY3Rpb25zcQB+AMdwdAAFdGl0bGVxAH4Ae3NxAH4Ax3B0AAJpZHEAfgB7c3EAfgDHcHQA
Fm9yZ2FuaXNhdGlvblVuaXQubGFiZWxxAH4Ae3NxAH4Ax3B0AAIzOXQAEGphdmEubGFuZy5PYmpl
Y3RzcQB+AMdwdAAbdGFyZ2V0RGVyaXZlZEF0dHJpYnV0ZXNbMTlddAARamF2YS5sYW5nLkludGVn
ZXJzcQB+AMdwdAAbdGFyZ2V0RGVyaXZlZEF0dHJpYnV0ZXNbMjFdcQB+ANZzcQB+AMdwdAAcdGFy
Z2V0RGVyaXZlZEF0dHJpYnV0ZXNbMzk5XXEAfgDWc3EAfgDHcHQAHHRhcmdldERlcml2ZWRBdHRy
aWJ1dGVzWzQwM11xAH4A1nBwdAAQRGF0YVNvdXJjZVJlcG9ydHVyACpbTG5ldC5zZi5qYXNwZXJy
ZXBvcnRzLmVuZ2luZS5KUlBhcmFtZXRlcjsiAAyNKsNgIQIAAHhwAAAAFXNyADBuZXQuc2YuamFz
cGVycmVwb3J0cy5lbmdpbmUuYmFzZS5KUkJhc2VQYXJhbWV0ZXIAAAAAAAAn2AIABloADmlzRm9y
UHJvbXB0aW5nWgAPaXNTeXN0ZW1EZWZpbmVkTAAWZGVmYXVsdFZhbHVlRXhwcmVzc2lvbnEAfgAk
TAALZGVzY3JpcHRpb25xAH4AB0wABG5hbWVxAH4AB0wADnZhbHVlQ2xhc3NOYW1lcQB+AAd4cAEB
cHB0ABVSRVBPUlRfUEFSQU1FVEVSU19NQVB0AA1qYXZhLnV0aWwuTWFwc3EAfgDgAQFwcHQAEVJF
UE9SVF9DT05ORUNUSU9OdAATamF2YS5zcWwuQ29ubmVjdGlvbnNxAH4A4AEBcHB0ABBSRVBPUlRf
TUFYX0NPVU5UcQB+ANZzcQB+AOABAXBwdAASUkVQT1JUX0RBVEFfU09VUkNFcQB+AEpzcQB+AOAB
AXBwdAAQUkVQT1JUX1NDUklQVExFVHQAL25ldC5zZi5qYXNwZXJyZXBvcnRzLmVuZ2luZS5KUkFi
c3RyYWN0U2NyaXB0bGV0c3EAfgDgAQFwcHQADVJFUE9SVF9MT0NBTEV0ABBqYXZhLnV0aWwuTG9j
YWxlc3EAfgDgAQFwcHQAFlJFUE9SVF9SRVNPVVJDRV9CVU5ETEV0ABhqYXZhLnV0aWwuUmVzb3Vy
Y2VCdW5kbGVzcQB+AOABAXBwdAAQUkVQT1JUX1RJTUVfWk9ORXQAEmphdmEudXRpbC5UaW1lWm9u
ZXNxAH4A4AEBcHB0ABpSRVBPUlRfREFURV9GT1JNQVRfRkFDVE9SWXQALm5ldC5zZi5qYXNwZXJy
ZXBvcnRzLmVuZ2luZS51dGlsLkZvcm1hdEZhY3RvcnlzcQB+AOABAXBwdAATUkVQT1JUX0NMQVNT
X0xPQURFUnQAFWphdmEubGFuZy5DbGFzc0xvYWRlcnNxAH4A4AEBcHB0ABpSRVBPUlRfVVJMX0hB
TkRMRVJfRkFDVE9SWXQAIGphdmEubmV0LlVSTFN0cmVhbUhhbmRsZXJGYWN0b3J5c3EAfgDgAQFw
cHQAElJFUE9SVF9WSVJUVUFMSVpFUnQAKW5ldC5zZi5qYXNwZXJyZXBvcnRzLmVuZ2luZS5KUlZp
cnR1YWxpemVyc3EAfgDgAQFwcHQAFElTX0lHTk9SRV9QQUdJTkFUSU9OdAARamF2YS5sYW5nLkJv
b2xlYW5zcQB+AOABAHBwdAAKc3ViamVjdFVybHQAEGphdmEubGFuZy5TdHJpbmdzcQB+AOABAHBw
dAALcG9zaXRpb25Vcmx0ABBqYXZhLmxhbmcuU3RyaW5nc3EAfgDgAQBwcHQABnJlcG9ydHQALmNv
bS56eW5hcC50YWxlbnRzdHVkaW8uYW5hbHlzaXMucmVwb3J0cy5SZXBvcnRzcQB+AOABAHBwdAAE
dXNlcnQAG2NvbS56eW5hcC5kb21haW4uYWRtaW4uVXNlcnNxAH4A4AEAcHB0ABFfRFNfRkFDVE9S
WV9QQVJBTXQARmNvbS56eW5hcC50YWxlbnRzdHVkaW8uYW5hbHlzaXMucmVwb3J0cy5qYXNwZXIu
SmFzcGVyRGF0YVNvdXJjZUZhY3RvcnlzcQB+AOABAHBwdAAOX2RlY2ltYWxwbGFjZXNxAH4A1nNx
AH4A4AEAcHBxAH4AMXEAfgBPc3EAfgDgAQBwcHEAfgBucQB+AE9zcgArbmV0LnNmLmphc3BlcnJl
cG9ydHMuZW5naW5lLkpSUHJvcGVydGllc01hcAAAAAAAACfYAgABTAANcHJvcGVydGllc01hcHEA
fgABeHBzcgAvb3JnLmFwYWNoZS5jb21tb25zLmNvbGxlY3Rpb25zLlNlcXVlbmNlZEhhc2hNYXAu
6iKTqSImEgwAAHhwdwQAAAAAeHBwcHB1cgApW0xuZXQuc2YuamFzcGVycmVwb3J0cy5lbmdpbmUu
SlJWYXJpYWJsZTti5oN8mCy3RAIAAHhwAAAABXNyAC9uZXQuc2YuamFzcGVycmVwb3J0cy5lbmdp
bmUuYmFzZS5KUkJhc2VWYXJpYWJsZQAAAAAAACfYAgALQgALY2FsY3VsYXRpb25CAA1pbmNyZW1l
bnRUeXBlWgAPaXNTeXN0ZW1EZWZpbmVkQgAJcmVzZXRUeXBlTAAKZXhwcmVzc2lvbnEAfgAkTAAO
aW5jcmVtZW50R3JvdXBxAH4AL0wAG2luY3JlbWVudGVyRmFjdG9yeUNsYXNzTmFtZXEAfgAHTAAW
aW5pdGlhbFZhbHVlRXhwcmVzc2lvbnEAfgAkTAAEbmFtZXEAfgAHTAAKcmVzZXRHcm91cHEAfgAv
TAAOdmFsdWVDbGFzc05hbWVxAH4AB3hwCAUBAXBwcHNxAH4AMgAAAAB1cQB+ADUAAAABc3EAfgA3
AXQADm5ldyBJbnRlZ2VyKDEpcQB+ANZ0AAtQQUdFX05VTUJFUnBxAH4A1nNxAH4BHwgFAQJwcHBz
cQB+ADIAAAABdXEAfgA1AAAAAXNxAH4ANwF0AA5uZXcgSW50ZWdlcigxKXEAfgDWdAANQ09MVU1O
X05VTUJFUnBxAH4A1nNxAH4BHwEFAQFzcQB+ADIAAAACdXEAfgA1AAAAAXNxAH4ANwF0AA5uZXcg
SW50ZWdlcigxKXEAfgDWcHBzcQB+ADIAAAADdXEAfgA1AAAAAXNxAH4ANwF0AA5uZXcgSW50ZWdl
cigwKXEAfgDWdAAMUkVQT1JUX0NPVU5UcHEAfgDWc3EAfgEfAQUBAnNxAH4AMgAAAAR1cQB+ADUA
AAABc3EAfgA3AXQADm5ldyBJbnRlZ2VyKDEpcQB+ANZwcHNxAH4AMgAAAAV1cQB+ADUAAAABc3EA
fgA3AXQADm5ldyBJbnRlZ2VyKDApcQB+ANZ0AApQQUdFX0NPVU5UcHEAfgDWc3EAfgEfAQUBA3Nx
AH4AMgAAAAZ1cQB+ADUAAAABc3EAfgA3AXQADm5ldyBJbnRlZ2VyKDEpcQB+ANZwcHNxAH4AMgAA
AAd1cQB+ADUAAAABc3EAfgA3AXQADm5ldyBJbnRlZ2VyKDApcQB+ANZ0AAxDT0xVTU5fQ09VTlRw
cQB+ANZxAH4A3XBzcQB+ACNzcQB+ACkAAAASdwQAAAAZc3EAfgBvAAAADwABAQACAAAAAV4AAAAA
AAAAAHBxAH4AEXEAfgFKcHBwc3EAfgASAHBwcHBwcHBwcHQABUFyaWFsc3EAfgAbAAAADHBwcHNx
AH4AHgFxAH4AH3EAfgAfcQB+AB9wcQB+AB9wcHBwcHQAE3RlbXBsYXRlSGVhZGVyU3R5bGVwcHB0
AAZDcDEyNTJ0AA5IZWx2ZXRpY2EtQm9sZHBwcHBwcHBwcHBwcHBwcHBwcHBwcHBwcHBwcHBwcHBw
cHBwcHBwcHBwcHBwcAAAAAABAQABcHBzcQB+ADIAAAAIdXEAfgA1AAAAAXNxAH4ANwF0AEwiQ3Vy
cmVudCBIb2xkZXIgU3VjY2Vzc2lvbiBQb3NpdGlvbiBTZWNvbmRhcnkgUHJvdmlzaW9uYWwgU3Vi
b3JkaW5hdGUgQ291bnQicQB+AHtwcHBwcHBwcHNxAH4AbwAAAA8AAQEAAgAAAAFeAAABXgAAAABw
cQB+ABFxAH4BSnBwcHEAfgFNcHBwcHBwcHBwcHBwcHBwcHBwcHBwcHBwcHBwcHBwcHAAAAAAAQEA
AXBwc3EAfgAyAAAACXVxAH4ANQAAAAFzcQB+ADcBdAAHIlRpdGxlInEAfgB7cHBwcHBwcHBzcQB+
AG8AAAAPAAEBAAIAAAABXgAAArwAAAAAcHEAfgARcQB+AUpwcHBxAH4BTXBwcHBwcHBwcHBwcHBw
cHBwcHBwcHBwcHBwcHBwcHBwAAAAAAEBAAFwcHNxAH4AMgAAAAp1cQB+ADUAAAABc3EAfgA3AXQA
QCJDdXJyZW50IEhvbGRlciBTdWNjZXNzaW9uIFBvc2l0aW9uIFByaW1hcnkgQWN0aW5nIFBlcnNv
biBDb3VudCJxAH4Ae3BwcHBwcHBwc3EAfgBvAAAADwABAQACAAAAAV4AAAQaAAAAAHBxAH4AEXEA
fgFKcHBwcQB+AU1wcHBwcHBwcHBwcHBwcHBwcHBwcHBwcHBwcHBwcHBwcAAAAAABAQABcHBzcQB+
ADIAAAALdXEAfgA1AAAAAXNxAH4ANwF0ABMiT3JnYW5pc2F0aW9uIFVuaXQicQB+AHtwcHBwcHBw
cHNxAH4AbwAAAA8AAQEAAgAAAAFeAAAFeAAAAABwcQB+ABFxAH4BSnBwcHEAfgFNcHBwcHBwcHBw
cHBwcHBwcHBwcHBwcHBwcHBwcHBwcHAAAAAAAQEAAXBwc3EAfgAyAAAADHVxAH4ANQAAAAFzcQB+
ADcBdAAUIlByZWZlcnJlZCBMYW5ndWFnZSJxAH4Ae3BwcHBwcHBwc3EAfgBvAAAADwABAQACAAAA
AV4AAAbWAAAAAHBxAH4AEXEAfgFKcHBwcQB+AU1wcHBwcHBwcHBwcHBwcHBwcHBwcHBwcHBwcHBw
cHBwcAAAAAABAQABcHBzcQB+ADIAAAANdXEAfgA1AAAAAXNxAH4ANwF0ACIiUHJpbWFyeSBEaXJl
Y3QgU3Vib3JkaW5hdGUgQ291bnQicQB+AHtwcHBwcHBwcHNxAH4AbwAAAA8AAQEAAgAAAAFeAAAI
NAAAAABwcQB+ABFxAH4BSnBwcHEAfgFNcHBwcHBwcHBwcHBwcHBwcHBwcHBwcHBwcHBwcHBwcHAA
AAAAAQEAAXBwc3EAfgAyAAAADnVxAH4ANQAAAAFzcQB+ADcBdAApIlNlY29uZGFyeSBQcm92aXNp
b25hbCBTdWJvcmRpbmF0ZSBDb3VudCJxAH4Ae3BwcHBwcHBwc3EAfgBvAAAADwABAQACAAAAAV4A
AAmSAAAAAHBxAH4AEXEAfgFKcHBwcQB+AU1wcHBwcHBwcHBwcHBwcHBwcHBwcHBwcHBwcHBwcHBw
cAAAAAABAQABcHBzcQB+ADIAAAAPdXEAfgA1AAAAAXNxAH4ANwF0AB0iUHJpbWFyeSBBY3Rpbmcg
UGVyc29uIENvdW50InEAfgB7cHBwcHBwcHBzcQB+AG8AAAAPAAEBAAIAAAABXgAACvAAAAAAcHEA
fgARcQB+AUpwcHBxAH4BTXBwcHBwcHBwcHBwcHBwcHBwcHBwcHBwcHBwcHBwcHBwAAAAAAEBAAFw
cHNxAH4AMgAAABB1cQB+ADUAAAABc3EAfgA3AXQAIiJTZWNvbmRhcnkgRW1lcmdlbmN5IFBlcnNv
biBDb3VudCJxAH4Ae3BwcHBwcHBwc3EAfgBvAAAADwABAQACAAAAAV4AAAxOAAAAAHBxAH4AEXEA
fgFKcHBwcQB+AU1wcHBwcHBwcHBwcHBwcHBwcHBwcHBwcHBwcHBwcHBwcAAAAAABAQABcHBzcQB+
ADIAAAARdXEAfgA1AAAAAXNxAH4ANwF0ABoiQ3VycmVudCBIb2xkZXIgRnVsbCBOYW1lInEAfgB7
cHBwcHBwcHBzcQB+AG8AAAAPAAEBAAIAAAABXgAADawAAAAAcHEAfgARcQB+AUpwcHBxAH4BTXBw
cHBwcHBwcHBwcHBwcHBwcHBwcHBwcHBwcHBwcHBwAAAAAAEBAAFwcHNxAH4AMgAAABJ1cQB+ADUA
AAABc3EAfgA3AXQAFyJDdXJyZW50IEhvbGRlciBHZW5kZXIicQB+AHtwcHBwcHBwcHNxAH4AbwAA
AA8AAQEAAgAAAAFeAAAPCgAAAABwcQB+ABFxAH4BSnBwcHEAfgFNcHBwcHBwcHBwcHBwcHBwcHBw
cHBwcHBwcHBwcHBwcHAAAAAAAQEAAXBwc3EAfgAyAAAAE3VxAH4ANQAAAAFzcQB+ADcBdAAuIkN1
cnJlbnQgSG9sZGVyIFByaW1hcnkgQWN0aW5nIFBvc2l0aW9uIENvdW50InEAfgB7cHBwcHBwcHBz
cQB+AG8AAAAPAAEBAAIAAAABXgAAEGgAAAAAcHEAfgARcQB+AUpwcHBxAH4BTXBwcHBwcHBwcHBw
cHBwcHBwcHBwcHBwcHBwcHBwcHBwAAAAAAEBAAFwcHNxAH4AMgAAABR1cQB+ADUAAAABc3EAfgA3
AXQAMyJDdXJyZW50IEhvbGRlciBTZWNvbmRhcnkgRW1lcmdlbmN5IFBvc2l0aW9uIENvdW50InEA
fgB7cHBwcHBwcHBzcQB+AG8AAAAPAAEBAAIAAAABXgAAEcYAAAAAcHEAfgARcQB+AUpwcHBxAH4B
TXBwcHBwcHBwcHBwcHBwcHBwcHBwcHBwcHBwcHBwcHBwAAAAAAEBAAFwcHNxAH4AMgAAABV1cQB+
ADUAAAABc3EAfgA3AXQAKiJDdXJyZW50IEhvbGRlciBTdWNjZXNzaW9uIFBvc2l0aW9uIFRpdGxl
InEAfgB7cHBwcHBwcHBzcQB+AG8AAAAPAAEBAAIAAAABXgAAEyQAAAAAcHEAfgARcQB+AUpwcHBx
AH4BTXBwcHBwcHBwcHBwcHBwcHBwcHBwcHBwcHBwcHBwcHBwAAAAAAEBAAFwcHNxAH4AMgAAABZ1
cQB+ADUAAAABc3EAfgA3AXQANiJDdXJyZW50IEhvbGRlciBTdWNjZXNzaW9uIFBvc2l0aW9uIE9y
Z2FuaXNhdGlvbiBVbml0InEAfgB7cHBwcHBwcHBzcQB+AG8AAAAPAAEBAAIAAAABXgAAFIIAAAAA
cHEAfgARcQB+AUpwcHBxAH4BTXBwcHBwcHBwcHBwcHBwcHBwcHBwcHBwcHBwcHBwcHBwAAAAAAEB
AAFwcHNxAH4AMgAAABd1cQB+ADUAAAABc3EAfgA3AXQANyJDdXJyZW50IEhvbGRlciBTdWNjZXNz
aW9uIFBvc2l0aW9uIFByZWZlcnJlZCBMYW5ndWFnZSJxAH4Ae3BwcHBwcHBwc3EAfgBvAAAADwAB
AQACAAAAAV4AABXgAAAAAHBxAH4AEXEAfgFKcHBwcQB+AU1wcHBwcHBwcHBwcHBwcHBwcHBwcHBw
cHBwcHBwcHBwcAAAAAABAQABcHBzcQB+ADIAAAAYdXEAfgA1AAAAAXNxAH4ANwF0AEUiQ3VycmVu
dCBIb2xkZXIgU3VjY2Vzc2lvbiBQb3NpdGlvbiBQcmltYXJ5IERpcmVjdCBTdWJvcmRpbmF0ZSBD
b3VudCJxAH4Ae3BwcHBwcHBwc3EAfgBvAAAADwABAQACAAAAAV4AABc+AAAAAHBxAH4AEXEAfgFK
cHBwcQB+AU1wcHBwcHBwcHBwcHBwcHBwcHBwcHBwcHBwcHBwcHBwcAAAAAABAQABcHBzcQB+ADIA
AAAZdXEAfgA1AAAAAXNxAH4ANwF0AEUiQ3VycmVudCBIb2xkZXIgU3VjY2Vzc2lvbiBQb3NpdGlv
biBTZWNvbmRhcnkgRW1lcmdlbmN5IFBlcnNvbiBDb3VudCJxAH4Ae3BwcHBwcHBweHAAAAAUAXB1
cgAmW0xuZXQuc2YuamFzcGVycmVwb3J0cy5lbmdpbmUuSlJTdHlsZTvUnMMR2QVyNQIAAHhwAAAA
A3EAfgAZcQB+AU1zcQB+ABIAcHBwcHBwcHBwdAAFQXJpYWxzcQB+ABsAAAAMcHBwcQB+AVBxAH4A
H3EAfgAfcQB+AB9wcQB+AB9wcHBwcHQAEnRlbXBsYXRlR3JvdXBTdHlsZXBwcHQABkNwMTI1MnQA
DkhlbHZldGljYS1Cb2xkcHBwcHBwcHBwcHBwcHBwc3IANm5ldC5zZi5qYXNwZXJyZXBvcnRzLmVu
Z2luZS5kZXNpZ24uSlJSZXBvcnRDb21waWxlRGF0YQAAAAAAACfYAgADTAATY3Jvc3N0YWJDb21w
aWxlRGF0YXEAfgABTAASZGF0YXNldENvbXBpbGVEYXRhcQB+AAFMABZtYWluRGF0YXNldENvbXBp
bGVEYXRhcQB+AAZ4cHNyABFqYXZhLnV0aWwuSGFzaE1hcAUH2sHDFmDRAwACRgAKbG9hZEZhY3Rv
ckkACXRocmVzaG9sZHhwP0AAAAAAAAx3CAAAABAAAAAAeHNxAH4Btz9AAAAAAAAMdwgAAAAQAAAA
AHh1cgACW0Ks8xf4BghU4AIAAHhwAAAky8r+ur4AAAAxATIKAHQArQkAcwCuCQBzAK8JAHMAsAkA
cwCxCQBzALIJAHMAswkAcwC0CQBzALUJAHMAtgkAcwC3CQBzALgJAHMAuQkAcwC6CQBzALsJAHMA
vAkAcwC9CQBzAL4JAHMAvwkAcwDACQBzAMEJAHMAwgkAcwDDCQBzAMQJAHMAxQkAcwDGCQBzAMcJ
AHMAyAkAcwDJCQBzAMoJAHMAywkAcwDMCQBzAM0JAHMAzgkAcwDPCQBzANAKAHMA0QoAcwDSCgBz
ANMIANQLANUA1gcA1wgA2AgA2QgA2ggA2wgA3AgA3QgA3ggA3wgA4AgA4QgA4ggA4wgA5AgA5QgA
5ggA5wgA6AgA6QgA6ggA6wgA7AcA7QgA7ggA7wgA8AgA8QgA8ggA8wgA9AgA9QgA9gcA9wgA+AgA
+QgA+ggA+wcA/AoATwD9CAD+CAD/CAEACAEBCAECCAEDCAEECAEFCAEGCAEHCAEICAEJCAEKCAEL
CAEMCAENCAEOCAEPCgAqARAHAREHARIHARMHARQKAEABEAcBFQoAZQEWBwEXCgEYARkHARoKAG0A
rQgBGwoAbQEcCgBtAR0KAEABHgcBHwcBIAEAIHBhcmFtZXRlcl9SRVBPUlRfUkVTT1VSQ0VfQlVO
RExFAQAyTG5ldC9zZi9qYXNwZXJyZXBvcnRzL2VuZ2luZS9maWxsL0pSRmlsbFBhcmFtZXRlcjsB
ABhwYXJhbWV0ZXJfX2RlY2ltYWxwbGFjZXMBAA5wYXJhbWV0ZXJfdXNlcgEAJHBhcmFtZXRlcl9S
RVBPUlRfREFURV9GT1JNQVRfRkFDVE9SWQEAHXBhcmFtZXRlcl9SRVBPUlRfQ0xBU1NfTE9BREVS
AQAacGFyYW1ldGVyX1JFUE9SVF9USU1FX1pPTkUBABBwYXJhbWV0ZXJfcmVwb3J0AQAVcGFyYW1l
dGVyX3Bvc2l0aW9uVXJsAQAccGFyYW1ldGVyX1JFUE9SVF9EQVRBX1NPVVJDRQEAF3BhcmFtZXRl
cl9SRVBPUlRfTE9DQUxFAQBbcGFyYW1ldGVyX3N1YlJlcG9ydHN1YlJlcG9ydHN1YmplY3RQcmlt
YXJ5QXNzb2NpYXRpb25zc3ViamVjdDQ2c3ViamVjdFNlY29uZGFyeUFzc29jaWF0aW9ucwEALXBh
cmFtZXRlcl9zdWJSZXBvcnRzdWJqZWN0UHJpbWFyeUFzc29jaWF0aW9ucwEAJHBhcmFtZXRlcl9S
RVBPUlRfVVJMX0hBTkRMRVJfRkFDVE9SWQEAH3BhcmFtZXRlcl9SRVBPUlRfUEFSQU1FVEVSU19N
QVABABtwYXJhbWV0ZXJfUkVQT1JUX0NPTk5FQ1RJT04BAB5wYXJhbWV0ZXJfSVNfSUdOT1JFX1BB
R0lOQVRJT04BABtwYXJhbWV0ZXJfX0RTX0ZBQ1RPUllfUEFSQU0BABxwYXJhbWV0ZXJfUkVQT1JU
X1ZJUlRVQUxJWkVSAQAUcGFyYW1ldGVyX3N1YmplY3RVcmwBABpwYXJhbWV0ZXJfUkVQT1JUX1ND
UklQVExFVAEAGnBhcmFtZXRlcl9SRVBPUlRfTUFYX0NPVU5UAQAjZmllbGRfdGFyZ2V0RGVyaXZl
ZEF0dHJpYnV0ZXM5MTE5OTMBAC5MbmV0L3NmL2phc3BlcnJlcG9ydHMvZW5naW5lL2ZpbGwvSlJG
aWxsRmllbGQ7AQALZmllbGRfdGl0bGUBACRmaWVsZF90YXJnZXREZXJpdmVkQXR0cmlidXRlczkx
NDAzOTMBACBmaWVsZF9zdWJqZWN0UHJpbWFyeUFzc29jaWF0aW9ucwEAJGZpZWxkX3RhcmdldERl
cml2ZWRBdHRyaWJ1dGVzOTEzOTk5MwEAI2ZpZWxkX3RhcmdldERlcml2ZWRBdHRyaWJ1dGVzOTEy
MTkzAQAdZmllbGRfb3JnYW5pc2F0aW9uVW5pdDQ2bGFiZWwBAAlmaWVsZF81MTkBAAhmaWVsZF9p
ZAEAFHZhcmlhYmxlX1BBR0VfTlVNQkVSAQAxTG5ldC9zZi9qYXNwZXJyZXBvcnRzL2VuZ2luZS9m
aWxsL0pSRmlsbFZhcmlhYmxlOwEAFnZhcmlhYmxlX0NPTFVNTl9OVU1CRVIBABV2YXJpYWJsZV9S
RVBPUlRfQ09VTlQBABN2YXJpYWJsZV9QQUdFX0NPVU5UAQAVdmFyaWFibGVfQ09MVU1OX0NPVU5U
AQAGPGluaXQ+AQADKClWAQAEQ29kZQEAD0xpbmVOdW1iZXJUYWJsZQEADmN1c3RvbWl6ZWRJbml0
AQAwKExqYXZhL3V0aWwvTWFwO0xqYXZhL3V0aWwvTWFwO0xqYXZhL3V0aWwvTWFwOylWAQAKaW5p
dFBhcmFtcwEAEihMamF2YS91dGlsL01hcDspVgEACmluaXRGaWVsZHMBAAhpbml0VmFycwEACGV2
YWx1YXRlAQAVKEkpTGphdmEvbGFuZy9PYmplY3Q7AQAKRXhjZXB0aW9ucwcBIQEAC2V2YWx1YXRl
T2xkAQARZXZhbHVhdGVFc3RpbWF0ZWQBAApTb3VyY2VGaWxlAQAqRGF0YVNvdXJjZVJlcG9ydF8x
MTg3OTU3NTYzMjI5XzI2NDQzNi5qYXZhDACbAJwMAHUAdgwAdwB2DAB4AHYMAHkAdgwAegB2DAB7
AHYMAHwAdgwAfQB2DAB+AHYMAH8AdgwAgAB2DACBAHYMAIIAdgwAgwB2DACEAHYMAIUAdgwAhgB2
DACHAHYMAIgAdgwAiQB2DACKAHYMAIsAjAwAjQCMDACOAIwMAI8AjAwAkACMDACRAIwMAJIAjAwA
kwCMDACUAIwMAJUAlgwAlwCWDACYAJYMAJkAlgwAmgCWDAChAKIMAKMAogwApACiAQAWUkVQT1JU
X1JFU09VUkNFX0JVTkRMRQcBIgwBIwEkAQAwbmV0L3NmL2phc3BlcnJlcG9ydHMvZW5naW5lL2Zp
bGwvSlJGaWxsUGFyYW1ldGVyAQAOX2RlY2ltYWxwbGFjZXMBAAR1c2VyAQAaUkVQT1JUX0RBVEVf
Rk9STUFUX0ZBQ1RPUlkBABNSRVBPUlRfQ0xBU1NfTE9BREVSAQAQUkVQT1JUX1RJTUVfWk9ORQEA
BnJlcG9ydAEAC3Bvc2l0aW9uVXJsAQASUkVQT1JUX0RBVEFfU09VUkNFAQANUkVQT1JUX0xPQ0FM
RQEAUHN1YlJlcG9ydHN1YlJlcG9ydHN1YmplY3RQcmltYXJ5QXNzb2NpYXRpb25zc3ViamVjdC5z
dWJqZWN0U2Vjb25kYXJ5QXNzb2NpYXRpb25zAQAjc3ViUmVwb3J0c3ViamVjdFByaW1hcnlBc3Nv
Y2lhdGlvbnMBABpSRVBPUlRfVVJMX0hBTkRMRVJfRkFDVE9SWQEAFVJFUE9SVF9QQVJBTUVURVJT
X01BUAEAEVJFUE9SVF9DT05ORUNUSU9OAQAUSVNfSUdOT1JFX1BBR0lOQVRJT04BABFfRFNfRkFD
VE9SWV9QQVJBTQEAElJFUE9SVF9WSVJUVUFMSVpFUgEACnN1YmplY3RVcmwBABBSRVBPUlRfU0NS
SVBUTEVUAQAQUkVQT1JUX01BWF9DT1VOVAEAG3RhcmdldERlcml2ZWRBdHRyaWJ1dGVzWzE5XQEA
LG5ldC9zZi9qYXNwZXJyZXBvcnRzL2VuZ2luZS9maWxsL0pSRmlsbEZpZWxkAQAFdGl0bGUBABx0
YXJnZXREZXJpdmVkQXR0cmlidXRlc1s0MDNdAQAac3ViamVjdFByaW1hcnlBc3NvY2lhdGlvbnMB
ABx0YXJnZXREZXJpdmVkQXR0cmlidXRlc1szOTldAQAbdGFyZ2V0RGVyaXZlZEF0dHJpYnV0ZXNb
MjFdAQAWb3JnYW5pc2F0aW9uVW5pdC5sYWJlbAEAAjM5AQACaWQBAAtQQUdFX05VTUJFUgEAL25l
dC9zZi9qYXNwZXJyZXBvcnRzL2VuZ2luZS9maWxsL0pSRmlsbFZhcmlhYmxlAQANQ09MVU1OX05V
TUJFUgEADFJFUE9SVF9DT1VOVAEAClBBR0VfQ09VTlQBAAxDT0xVTU5fQ09VTlQBABFqYXZhL2xh
bmcvSW50ZWdlcgwAmwElAQBKQ3VycmVudCBIb2xkZXIgU3VjY2Vzc2lvbiBQb3NpdGlvbiBTZWNv
bmRhcnkgUHJvdmlzaW9uYWwgU3Vib3JkaW5hdGUgQ291bnQBAAVUaXRsZQEAPkN1cnJlbnQgSG9s
ZGVyIFN1Y2Nlc3Npb24gUG9zaXRpb24gUHJpbWFyeSBBY3RpbmcgUGVyc29uIENvdW50AQART3Jn
YW5pc2F0aW9uIFVuaXQBABJQcmVmZXJyZWQgTGFuZ3VhZ2UBACBQcmltYXJ5IERpcmVjdCBTdWJv
cmRpbmF0ZSBDb3VudAEAJ1NlY29uZGFyeSBQcm92aXNpb25hbCBTdWJvcmRpbmF0ZSBDb3VudAEA
G1ByaW1hcnkgQWN0aW5nIFBlcnNvbiBDb3VudAEAIFNlY29uZGFyeSBFbWVyZ2VuY3kgUGVyc29u
IENvdW50AQAYQ3VycmVudCBIb2xkZXIgRnVsbCBOYW1lAQAVQ3VycmVudCBIb2xkZXIgR2VuZGVy
AQAsQ3VycmVudCBIb2xkZXIgUHJpbWFyeSBBY3RpbmcgUG9zaXRpb24gQ291bnQBADFDdXJyZW50
IEhvbGRlciBTZWNvbmRhcnkgRW1lcmdlbmN5IFBvc2l0aW9uIENvdW50AQAoQ3VycmVudCBIb2xk
ZXIgU3VjY2Vzc2lvbiBQb3NpdGlvbiBUaXRsZQEANEN1cnJlbnQgSG9sZGVyIFN1Y2Nlc3Npb24g
UG9zaXRpb24gT3JnYW5pc2F0aW9uIFVuaXQBADVDdXJyZW50IEhvbGRlciBTdWNjZXNzaW9uIFBv
c2l0aW9uIFByZWZlcnJlZCBMYW5ndWFnZQEAQ0N1cnJlbnQgSG9sZGVyIFN1Y2Nlc3Npb24gUG9z
aXRpb24gUHJpbWFyeSBEaXJlY3QgU3Vib3JkaW5hdGUgQ291bnQBAENDdXJyZW50IEhvbGRlciBT
dWNjZXNzaW9uIFBvc2l0aW9uIFNlY29uZGFyeSBFbWVyZ2VuY3kgUGVyc29uIENvdW50DAEmAScB
ABtjb20venluYXAvZG9tYWluL2FkbWluL1VzZXIBAEZjb20venluYXAvdGFsZW50c3R1ZGlvL2Fu
YWx5c2lzL3JlcG9ydHMvamFzcGVyL0phc3BlckRhdGFTb3VyY2VGYWN0b3J5AQAuY29tL3p5bmFw
L3RhbGVudHN0dWRpby9hbmFseXNpcy9yZXBvcnRzL1JlcG9ydAEAKG5ldC9zZi9qYXNwZXJyZXBv
cnRzL2VuZ2luZS9KYXNwZXJSZXBvcnQBABRqYXZhL3V0aWwvQ29sbGVjdGlvbgwBKAEpAQAQamF2
YS9sYW5nL1N0cmluZwcBKgwBKwEsAQAXamF2YS9sYW5nL1N0cmluZ0J1aWxkZXIBACBfX3Bvc2l0
aW9uVXJsX18mY29tbWFuZC5ub2RlLmlkPQwBLQEuDAEvATAMATEBJwEAJURhdGFTb3VyY2VSZXBv
cnRfMTE4Nzk1NzU2MzIyOV8yNjQ0MzYBACxuZXQvc2YvamFzcGVycmVwb3J0cy9lbmdpbmUvZmls
bC9KUkV2YWx1YXRvcgEAE2phdmEvbGFuZy9UaHJvd2FibGUBAA1qYXZhL3V0aWwvTWFwAQADZ2V0
AQAmKExqYXZhL2xhbmcvT2JqZWN0OylMamF2YS9sYW5nL09iamVjdDsBAAQoSSlWAQAIZ2V0VmFs
dWUBABQoKUxqYXZhL2xhbmcvT2JqZWN0OwEAH2dldEFzc29jaWF0ZWRBcnRlZmFjdERhdGFTb3Vy
Y2UBAI8oTGNvbS96eW5hcC90YWxlbnRzdHVkaW8vYW5hbHlzaXMvcmVwb3J0cy9SZXBvcnQ7TGph
dmEvdXRpbC9Db2xsZWN0aW9uO0xjb20venluYXAvZG9tYWluL2FkbWluL1VzZXI7KUxuZXQvc2Yv
amFzcGVycmVwb3J0cy9lbmdpbmUvSlJEYXRhU291cmNlOwEANWNvbS96eW5hcC90YWxlbnRzdHVk
aW8vYW5hbHlzaXMvcmVwb3J0cy9EYXRhRm9ybWF0dGVyAQALZm9ybWF0VmFsdWUBACYoTGphdmEv
bGFuZy9PYmplY3Q7KUxqYXZhL2xhbmcvU3RyaW5nOwEABmFwcGVuZAEALShMamF2YS9sYW5nL1N0
cmluZzspTGphdmEvbGFuZy9TdHJpbmdCdWlsZGVyOwEACHRvU3RyaW5nAQAUKClMamF2YS9sYW5n
L1N0cmluZzsBAAtnZXRPbGRWYWx1ZQAhAHMAdAAAACMAAgB1AHYAAAACAHcAdgAAAAIAeAB2AAAA
AgB5AHYAAAACAHoAdgAAAAIAewB2AAAAAgB8AHYAAAACAH0AdgAAAAIAfgB2AAAAAgB/AHYAAAAC
AIAAdgAAAAIAgQB2AAAAAgCCAHYAAAACAIMAdgAAAAIAhAB2AAAAAgCFAHYAAAACAIYAdgAAAAIA
hwB2AAAAAgCIAHYAAAACAIkAdgAAAAIAigB2AAAAAgCLAIwAAAACAI0AjAAAAAIAjgCMAAAAAgCP
AIwAAAACAJAAjAAAAAIAkQCMAAAAAgCSAIwAAAACAJMAjAAAAAIAlACMAAAAAgCVAJYAAAACAJcA
lgAAAAIAmACWAAAAAgCZAJYAAAACAJoAlgAAAAgAAQCbAJwAAQCdAAABWAACAAEAAAC0KrcAASoB
tQACKgG1AAMqAbUABCoBtQAFKgG1AAYqAbUAByoBtQAIKgG1AAkqAbUACioBtQALKgG1AAwqAbUA
DSoBtQAOKgG1AA8qAbUAECoBtQARKgG1ABIqAbUAEyoBtQAUKgG1ABUqAbUAFioBtQAXKgG1ABgq
AbUAGSoBtQAaKgG1ABsqAbUAHCoBtQAdKgG1AB4qAbUAHyoBtQAgKgG1ACEqAbUAIioBtQAjKgG1
ACSxAAAAAQCeAAAAkgAkAAAAEgAEABkACQAaAA4AGwATABwAGAAdAB0AHgAiAB8AJwAgACwAIQAx
ACIANgAjADsAJABAACUARQAmAEoAJwBPACgAVAApAFkAKgBeACsAYwAsAGgALQBtAC4AcgAvAHcA
MAB8ADEAgQAyAIYAMwCLADQAkAA1AJUANgCaADcAnwA4AKQAOQCpADoArgA7AAEAnwCgAAEAnQAA
ADQAAgAEAAAAECortwAlKiy3ACYqLbcAJ7EAAAABAJ4AAAASAAQAAABHAAUASAAKAEkADwBKAAIA
oQCiAAEAnQAAAagAAwACAAABPCorEii5ACkCAMAAKrUAAiorEiu5ACkCAMAAKrUAAyorEiy5ACkC
AMAAKrUABCorEi25ACkCAMAAKrUABSorEi65ACkCAMAAKrUABiorEi+5ACkCAMAAKrUAByorEjC5
ACkCAMAAKrUACCorEjG5ACkCAMAAKrUACSorEjK5ACkCAMAAKrUACiorEjO5ACkCAMAAKrUACyor
EjS5ACkCAMAAKrUADCorEjW5ACkCAMAAKrUADSorEja5ACkCAMAAKrUADiorEje5ACkCAMAAKrUA
DyorEji5ACkCAMAAKrUAECorEjm5ACkCAMAAKrUAESorEjq5ACkCAMAAKrUAEiorEju5ACkCAMAA
KrUAEyorEjy5ACkCAMAAKrUAFCorEj25ACkCAMAAKrUAFSorEj65ACkCAMAAKrUAFrEAAAABAJ4A
AABaABYAAABSAA8AUwAeAFQALQBVADwAVgBLAFcAWgBYAGkAWQB4AFoAhwBbAJYAXAClAF0AtABe
AMMAXwDSAGAA4QBhAPAAYgD/AGMBDgBkAR0AZQEsAGYBOwBnAAIAowCiAAEAnQAAAMQAAwACAAAA
iCorEj+5ACkCAMAAQLUAFyorEkG5ACkCAMAAQLUAGCorEkK5ACkCAMAAQLUAGSorEkO5ACkCAMAA
QLUAGiorEkS5ACkCAMAAQLUAGyorEkW5ACkCAMAAQLUAHCorEka5ACkCAMAAQLUAHSorEke5ACkC
AMAAQLUAHiorEki5ACkCAMAAQLUAH7EAAAABAJ4AAAAqAAoAAABvAA8AcAAeAHEALQByADwAcwBL
AHQAWgB1AGkAdgB4AHcAhwB4AAIApACiAAEAnQAAAHgAAwACAAAATCorEkm5ACkCAMAASrUAICor
Eku5ACkCAMAASrUAISorEky5ACkCAMAASrUAIiorEk25ACkCAMAASrUAIyorEk65ACkCAMAASrUA
JLEAAAABAJ4AAAAaAAYAAACAAA8AgQAeAIIALQCDADwAhABLAIUAAQClAKYAAgCdAAAD5wAEAAMA
AAKHAU0bqgAAAoIAAAAAAAAAJwAAAK0AAAC5AAAAxQAAANEAAADdAAAA6QAAAPUAAAEBAAABDQAA
ARMAAAEZAAABHwAAASUAAAErAAABMQAAATcAAAE9AAABQwAAAUkAAAFPAAABVQAAAVsAAAFhAAAB
ZwAAAW0AAAFzAAABeQAAAYcAAAGVAAABowAAAbEAAAHgAAAB7gAAAf8AAAIfAAACMAAAAj4AAAJP
AAACYAAAAnG7AE9ZBLcAUE2nAcy7AE9ZBLcAUE2nAcC7AE9ZBLcAUE2nAbS7AE9ZA7cAUE2nAai7
AE9ZBLcAUE2nAZy7AE9ZA7cAUE2nAZC7AE9ZBLcAUE2nAYS7AE9ZA7cAUE2nAXgSUU2nAXISUk2n
AWwSU02nAWYSVE2nAWASVU2nAVoSVk2nAVQSV02nAU4SWE2nAUgSWU2nAUISWk2nATwSW02nATYS
XE2nATASXU2nASoSXk2nASQSX02nAR4SYE2nARgSYU2nARISYk2nAQwqtAAEtgBjwABkTacA/iq0
ABK2AGPAAGVNpwDwKrQACLYAY8AAZk2nAOIqtAAMtgBjwABnTacA1Cq0ABK2AGPAAGUqtAAItgBj
wABmKrQAGrYAaMAAaSq0AAS2AGPAAGS2AGpNpwClKrQADbYAY8AAZ02nAJcqtAAYtgBowABruABs
TacAhrsAbVm3AG4Sb7YAcCq0AB+2AGjAAGu2AHC2AHFNpwBmKrQAHbYAaMAAa7gAbE2nAFUqtAAe
tgBouABsTacARyq0ABe2AGjAAE+4AGxNpwA2KrQAHLYAaMAAT7gAbE2nACUqtAAbtgBowABPuABs
TacAFCq0ABm2AGjAAE+4AGxNpwADLLAAAAABAJ4AAAFOAFMAAACNAAIAjwCwAJMAuQCUALwAmADF
AJkAyACdANEAngDUAKIA3QCjAOAApwDpAKgA7ACsAPUArQD4ALEBAQCyAQQAtgENALcBEAC7ARMA
vAEWAMABGQDBARwAxQEfAMYBIgDKASUAywEoAM8BKwDQAS4A1AExANUBNADZATcA2gE6AN4BPQDf
AUAA4wFDAOQBRgDoAUkA6QFMAO0BTwDuAVIA8gFVAPMBWAD3AVsA+AFeAPwBYQD9AWQBAQFnAQIB
agEGAW0BBwFwAQsBcwEMAXYBEAF5AREBfAEVAYcBFgGKARoBlQEbAZgBHwGjASABpgEkAbEBJQG0
ASkB4AEqAeMBLgHuAS8B8QEzAf8BNAICATgCHwE5AiIBPQIwAT4CMwFCAj4BQwJBAUcCTwFIAlIB
TAJgAU0CYwFRAnEBUgJ0AVYCggFXAoUBXgCnAAAABAABAKgAAQCpAKYAAgCdAAAD5wAEAAMAAAKH
AU0bqgAAAoIAAAAAAAAAJwAAAK0AAAC5AAAAxQAAANEAAADdAAAA6QAAAPUAAAEBAAABDQAAARMA
AAEZAAABHwAAASUAAAErAAABMQAAATcAAAE9AAABQwAAAUkAAAFPAAABVQAAAVsAAAFhAAABZwAA
AW0AAAFzAAABeQAAAYcAAAGVAAABowAAAbEAAAHgAAAB7gAAAf8AAAIfAAACMAAAAj4AAAJPAAAC
YAAAAnG7AE9ZBLcAUE2nAcy7AE9ZBLcAUE2nAcC7AE9ZBLcAUE2nAbS7AE9ZA7cAUE2nAai7AE9Z
BLcAUE2nAZy7AE9ZA7cAUE2nAZC7AE9ZBLcAUE2nAYS7AE9ZA7cAUE2nAXgSUU2nAXISUk2nAWwS
U02nAWYSVE2nAWASVU2nAVoSVk2nAVQSV02nAU4SWE2nAUgSWU2nAUISWk2nATwSW02nATYSXE2n
ATASXU2nASoSXk2nASQSX02nAR4SYE2nARgSYU2nARISYk2nAQwqtAAEtgBjwABkTacA/iq0ABK2
AGPAAGVNpwDwKrQACLYAY8AAZk2nAOIqtAAMtgBjwABnTacA1Cq0ABK2AGPAAGUqtAAItgBjwABm
KrQAGrYAcsAAaSq0AAS2AGPAAGS2AGpNpwClKrQADbYAY8AAZ02nAJcqtAAYtgBywABruABsTacA
hrsAbVm3AG4Sb7YAcCq0AB+2AHLAAGu2AHC2AHFNpwBmKrQAHbYAcsAAa7gAbE2nAFUqtAAetgBy
uABsTacARyq0ABe2AHLAAE+4AGxNpwA2KrQAHLYAcsAAT7gAbE2nACUqtAAbtgBywABPuABsTacA
FCq0ABm2AHLAAE+4AGxNpwADLLAAAAABAJ4AAAFOAFMAAAFnAAIBaQCwAW0AuQFuALwBcgDFAXMA
yAF3ANEBeADUAXwA3QF9AOABgQDpAYIA7AGGAPUBhwD4AYsBAQGMAQQBkAENAZEBEAGVARMBlgEW
AZoBGQGbARwBnwEfAaABIgGkASUBpQEoAakBKwGqAS4BrgExAa8BNAGzATcBtAE6AbgBPQG5AUAB
vQFDAb4BRgHCAUkBwwFMAccBTwHIAVIBzAFVAc0BWAHRAVsB0gFeAdYBYQHXAWQB2wFnAdwBagHg
AW0B4QFwAeUBcwHmAXYB6gF5AesBfAHvAYcB8AGKAfQBlQH1AZgB+QGjAfoBpgH+AbEB/wG0AgMB
4AIEAeMCCAHuAgkB8QINAf8CDgICAhICHwITAiICFwIwAhgCMwIcAj4CHQJBAiECTwIiAlICJgJg
AicCYwIrAnECLAJ0AjACggIxAoUCOACnAAAABAABAKgAAQCqAKYAAgCdAAAD5wAEAAMAAAKHAU0b
qgAAAoIAAAAAAAAAJwAAAK0AAAC5AAAAxQAAANEAAADdAAAA6QAAAPUAAAEBAAABDQAAARMAAAEZ
AAABHwAAASUAAAErAAABMQAAATcAAAE9AAABQwAAAUkAAAFPAAABVQAAAVsAAAFhAAABZwAAAW0A
AAFzAAABeQAAAYcAAAGVAAABowAAAbEAAAHgAAAB7gAAAf8AAAIfAAACMAAAAj4AAAJPAAACYAAA
AnG7AE9ZBLcAUE2nAcy7AE9ZBLcAUE2nAcC7AE9ZBLcAUE2nAbS7AE9ZA7cAUE2nAai7AE9ZBLcA
UE2nAZy7AE9ZA7cAUE2nAZC7AE9ZBLcAUE2nAYS7AE9ZA7cAUE2nAXgSUU2nAXISUk2nAWwSU02n
AWYSVE2nAWASVU2nAVoSVk2nAVQSV02nAU4SWE2nAUgSWU2nAUISWk2nATwSW02nATYSXE2nATAS
XU2nASoSXk2nASQSX02nAR4SYE2nARgSYU2nARISYk2nAQwqtAAEtgBjwABkTacA/iq0ABK2AGPA
AGVNpwDwKrQACLYAY8AAZk2nAOIqtAAMtgBjwABnTacA1Cq0ABK2AGPAAGUqtAAItgBjwABmKrQA
GrYAaMAAaSq0AAS2AGPAAGS2AGpNpwClKrQADbYAY8AAZ02nAJcqtAAYtgBowABruABsTacAhrsA
bVm3AG4Sb7YAcCq0AB+2AGjAAGu2AHC2AHFNpwBmKrQAHbYAaMAAa7gAbE2nAFUqtAAetgBouABs
TacARyq0ABe2AGjAAE+4AGxNpwA2KrQAHLYAaMAAT7gAbE2nACUqtAAbtgBowABPuABsTacAFCq0
ABm2AGjAAE+4AGxNpwADLLAAAAABAJ4AAAFOAFMAAAJBAAICQwCwAkcAuQJIALwCTADFAk0AyAJR
ANECUgDUAlYA3QJXAOACWwDpAlwA7AJgAPUCYQD4AmUBAQJmAQQCagENAmsBEAJvARMCcAEWAnQB
GQJ1ARwCeQEfAnoBIgJ+ASUCfwEoAoMBKwKEAS4CiAExAokBNAKNATcCjgE6ApIBPQKTAUAClwFD
ApgBRgKcAUkCnQFMAqEBTwKiAVICpgFVAqcBWAKrAVsCrAFeArABYQKxAWQCtQFnArYBagK6AW0C
uwFwAr8BcwLAAXYCxAF5AsUBfALJAYcCygGKAs4BlQLPAZgC0wGjAtQBpgLYAbEC2QG0At0B4ALe
AeMC4gHuAuMB8QLnAf8C6AICAuwCHwLtAiIC8QIwAvICMwL2Aj4C9wJBAvsCTwL8AlIDAAJgAwEC
YwMFAnEDBgJ0AwoCggMLAoUDEgCnAAAABAABAKgAAQCrAAAAAgCsdAAVXzExODc5NTc1NjMyMjlf
MjY0NDM2dAAybmV0LnNmLmphc3BlcnJlcG9ydHMuZW5naW5lLmRlc2lnbi5KUkphdmFjQ29tcGls
ZXJzcQB+Abc/QAAAAAAADHcIAAAAEAAAAAJxAH4AMXNxAH4AAHNxAH4ABQAAAAAAAAALAAAAAAAA
AV4AAAAAAAAAAAEAAAFAAAAYnAEAAAAAAAAAAAFwcHBwcHNxAH4AEgFwcHBwcHBwcHB0AAVBcmlh
bHNxAH4AGwAAAAxwcHBxAH4AH3EAfgAfcQB+AB9xAH4AH3BxAH4AH3BwcHBwdAATdGVtcGxhdGVE
ZXRhaWxTdHlsZXBwcHQABkNwMTI1MnQACUhlbHZldGljYXBwcHBwcHBwcHBwcHBzcQB+ACNzcQB+
ACkAAAAFdwQAAAAKc3EAfgArAAAADwABAAACAAAAAV4AAAAAAAAAAHBxAH4BwHEAfgHHcHEAfgBu
cHEAfgHBcHBwc3EAfgAyAAAAC3VxAH4ANQAAAAlzcQB+ADcBdAABKHNxAH4ANwJ0ABFfRFNfRkFD
VE9SWV9QQVJBTXNxAH4ANwF0ACIpLmdldEFzc29jaWF0ZWRBcnRlZmFjdERhdGFTb3VyY2Uoc3EA
fgA3AnQABnJlcG9ydHNxAH4ANwF0AAIsIHNxAH4ANwN0ACRzdWJqZWN0LnN1YmplY3RTZWNvbmRh
cnlBc3NvY2lhdGlvbnNzcQB+ADcBdAACLCBzcQB+ADcCdAAEdXNlcnNxAH4ANwF0AAEpcQB+AEpz
cQB+ADIAAAAMdXEAfgA1AAAAAXNxAH4ANwJ0AFBzdWJSZXBvcnRzdWJSZXBvcnRzdWJqZWN0UHJp
bWFyeUFzc29jaWF0aW9uc3N1YmplY3Quc3ViamVjdFNlY29uZGFyeUFzc29jaWF0aW9uc3EAfgBP
cHVxAH4AUAAAAANzcQB+AFJzcQB+ADIAAAAIdXEAfgA1AAAAAXNxAH4ANwJ0AAR1c2VycQB+AFlx
AH4AWnNxAH4AUnNxAH4AMgAAAAl1cQB+ADUAAAABc3EAfgA3AnQAEV9EU19GQUNUT1JZX1BBUkFN
cQB+AGBxAH4AYXNxAH4AUnNxAH4AMgAAAAp1cQB+ADUAAAABc3EAfgA3AnQABnJlcG9ydHEAfgBn
cQB+AGhwcHNxAH4AbwAAAA8AAQEAAgAAAAFeAAACvAAAAABwcQB+AcBxAH4Bx3BwcHEAfgHBcHBw
cHBwcHBwcHBwcHBwcHBwcHBwcHBwcHBwcHBwcHAAAAAAAQEAAXBwc3EAfgAyAAAADXVxAH4ANQAA
AANzcQB+ADcBdABCY29tLnp5bmFwLnRhbGVudHN0dWRpby5hbmFseXNpcy5yZXBvcnRzLkRhdGFG
b3JtYXR0ZXIuZm9ybWF0VmFsdWUoc3EAfgA3A3QAF3N1YmplY3QuY29yZURldGFpbC5uYW1lc3EA
fgA3AXQAASlxAH4Ae3BwcHNxAH4AMgAAAA51cQB+ADUAAAAEc3EAfgA3AXQAJCJfX3N1YmplY3RV
cmxfXyZjb21tYW5kLm5vZGUuaWQ9IiArIHNxAH4ANwN0AApzdWJqZWN0Lmlkc3EAfgA3AXQAFCAg
KyAiJmhhc0FjY2Vzcz0iICsgc3EAfgA3A3QAEXN1YmplY3QuaGFzQWNjZXNzcQB+AHtwcHEAfgCE
cHNxAH4AbwAAAA8AAQEAAgAAAAFeAAAEGgAAAABwcQB+AcBxAH4Bx3BwcHEAfgHBcHBwcHBwcHBw
cHBwcHBwcHBwcHBwcHBwcHBwcHBwcHAAAAAAAQEAAXBwc3EAfgAyAAAAD3VxAH4ANQAAAANzcQB+
ADcBdABCY29tLnp5bmFwLnRhbGVudHN0dWRpby5hbmFseXNpcy5yZXBvcnRzLkRhdGFGb3JtYXR0
ZXIuZm9ybWF0VmFsdWUoc3EAfgA3A3QACXN1YmplY3QuOXNxAH4ANwF0AAEpcQB+AHtwcHBwcHBw
cHNxAH4AbwAAAA8AAQEAAgAAAAFeAAAFeAAAAABwcQB+AcBxAH4Bx3BwcHEAfgHBcHBwcHBwcHBw
cHBwcHBwcHBwcHBwcHBwcHBwcHBwcHAAAAAAAQEAAXBwc3EAfgAyAAAAEHVxAH4ANQAAAANzcQB+
ADcBdABCY29tLnp5bmFwLnRhbGVudHN0dWRpby5hbmFseXNpcy5yZXBvcnRzLkRhdGFGb3JtYXR0
ZXIuZm9ybWF0VmFsdWUoc3EAfgA3A3QAJHN1YmplY3Quc291cmNlRGVyaXZlZEF0dHJpYnV0ZXNb
Mzk5XXNxAH4ANwF0AAEpcQB+AHtwcHBwcHBwcHNxAH4AbwAAAA8AAQEAAgAAAAFeAAAG1gAAAABw
cQB+AcBxAH4Bx3BwcHEAfgHBcHBwcHBwcHBwcHBwcHBwcHBwcHBwcHBwcHBwcHBwcHAAAAAAAQEA
AXBwc3EAfgAyAAAAEXVxAH4ANQAAAANzcQB+ADcBdABCY29tLnp5bmFwLnRhbGVudHN0dWRpby5h
bmFseXNpcy5yZXBvcnRzLkRhdGFGb3JtYXR0ZXIuZm9ybWF0VmFsdWUoc3EAfgA3A3QAJHN1Ympl
Y3Quc291cmNlRGVyaXZlZEF0dHJpYnV0ZXNbNDAzXXNxAH4ANwF0AAEpcQB+AHtwcHBwcHBwcHhw
AAAA3AFwcHBwdAAEamF2YXBzcQB+ALwBAXVxAH4AxQAAAAdzcQB+AMdwdAAkc3ViamVjdC5zdWJq
ZWN0U2Vjb25kYXJ5QXNzb2NpYXRpb25zcQB+AMpzcQB+AMdwdAAXc3ViamVjdC5jb3JlRGV0YWls
Lm5hbWVxAH4Ae3NxAH4Ax3B0ABFzdWJqZWN0Lmhhc0FjY2Vzc3EAfgB7c3EAfgDHcHQACnN1Ympl
Y3QuaWRxAH4Ae3NxAH4Ax3B0AAlzdWJqZWN0LjlxAH4A03NxAH4Ax3B0ACRzdWJqZWN0LnNvdXJj
ZURlcml2ZWRBdHRyaWJ1dGVzWzM5OV1xAH4A1nNxAH4Ax3B0ACRzdWJqZWN0LnNvdXJjZURlcml2
ZWRBdHRyaWJ1dGVzWzQwM11xAH4A1nBwdAALQmFzaWNfU3ViXzF1cQB+AN4AAAATc3EAfgDgAQFw
cHEAfgDicQB+AONzcQB+AOABAXBwcQB+AOVxAH4A5nNxAH4A4AEBcHBxAH4A6HEAfgDWc3EAfgDg
AQFwcHEAfgDqcQB+AEpzcQB+AOABAXBwcQB+AOxxAH4A7XNxAH4A4AEBcHBxAH4A73EAfgDwc3EA
fgDgAQFwcHEAfgDycQB+APNzcQB+AOABAXBwcQB+APVxAH4A9nNxAH4A4AEBcHBxAH4A+HEAfgD5
c3EAfgDgAQFwcHEAfgD7cQB+APxzcQB+AOABAXBwcQB+AP5xAH4A/3NxAH4A4AEBcHBxAH4BAXEA
fgECc3EAfgDgAQFwcHEAfgEEcQB+AQVzcQB+AOABAHBwdAAKc3ViamVjdFVybHQAEGphdmEubGFu
Zy5TdHJpbmdzcQB+AOABAHBwdAALcG9zaXRpb25Vcmx0ABBqYXZhLmxhbmcuU3RyaW5nc3EAfgDg
AQBwcHQABnJlcG9ydHQALmNvbS56eW5hcC50YWxlbnRzdHVkaW8uYW5hbHlzaXMucmVwb3J0cy5S
ZXBvcnRzcQB+AOABAHBwdAARX0RTX0ZBQ1RPUllfUEFSQU10AEZjb20uenluYXAudGFsZW50c3R1
ZGlvLmFuYWx5c2lzLnJlcG9ydHMuamFzcGVyLkphc3BlckRhdGFTb3VyY2VGYWN0b3J5c3EAfgDg
AQBwcHQABHVzZXJ0ABtjb20uenluYXAuZG9tYWluLmFkbWluLlVzZXJzcQB+AOABAHBwcQB+AG5x
AH4AT3NxAH4BGXNxAH4BG3cEAAAAAHhwcHBwdXEAfgEdAAAABXNxAH4BHwgFAQFwcHBzcQB+ADIA
AAAAdXEAfgA1AAAAAXNxAH4ANwF0AA5uZXcgSW50ZWdlcigxKXEAfgDWcQB+ASVwcQB+ANZzcQB+
AR8IBQECcHBwc3EAfgAyAAAAAXVxAH4ANQAAAAFzcQB+ADcBdAAObmV3IEludGVnZXIoMSlxAH4A
1nEAfgErcHEAfgDWc3EAfgEfAQUBAXNxAH4AMgAAAAJ1cQB+ADUAAAABc3EAfgA3AXQADm5ldyBJ
bnRlZ2VyKDEpcQB+ANZwcHNxAH4AMgAAAAN1cQB+ADUAAAABc3EAfgA3AXQADm5ldyBJbnRlZ2Vy
KDApcQB+ANZxAH4BNXBxAH4A1nNxAH4BHwEFAQJzcQB+ADIAAAAEdXEAfgA1AAAAAXNxAH4ANwF0
AA5uZXcgSW50ZWdlcigxKXEAfgDWcHBzcQB+ADIAAAAFdXEAfgA1AAAAAXNxAH4ANwF0AA5uZXcg
SW50ZWdlcigwKXEAfgDWcQB+AT9wcQB+ANZzcQB+AR8BBQEDc3EAfgAyAAAABnVxAH4ANQAAAAFz
cQB+ADcBdAAObmV3IEludGVnZXIoMSlxAH4A1nBwc3EAfgAyAAAAB3VxAH4ANQAAAAFzcQB+ADcB
dAAObmV3IEludGVnZXIoMClxAH4A1nEAfgFJcHEAfgDWcQB+AjFwcHVxAH4BrQAAAANxAH4BwXNx
AH4AEgBwcHBwcHBwcHB0AAVBcmlhbHNxAH4AGwAAAAxwcHBxAH4BUHEAfgAfcQB+AB9xAH4AH3Bx
AH4AH3BwcHBwdAATdGVtcGxhdGVIZWFkZXJTdHlsZXBwcHQABkNwMTI1MnQADkhlbHZldGljYS1C
b2xkcHBwcHBwcHBwcHBwcHNxAH4AEgBwcHBwcHBwcHB0AAVBcmlhbHNxAH4AGwAAAAxwcHBxAH4B
UHEAfgAfcQB+AB9xAH4AH3BxAH4AH3BwcHBwdAASdGVtcGxhdGVHcm91cFN0eWxlcHBwdAAGQ3Ax
MjUydAAOSGVsdmV0aWNhLUJvbGRwcHBwcHBwcHBwcHBwcHBzcQB+AbVzcQB+Abc/QAAAAAAADHcI
AAAAEAAAAAB4c3EAfgG3P0AAAAAAAAx3CAAAABAAAAAAeHVxAH4BugAAG03K/rq+AAAAMQD8CgBb
AJAJAFoAkQkAWgCSCQBaAJMJAFoAlAkAWgCVCQBaAJYJAFoAlwkAWgCYCQBaAJkJAFoAmgkAWgCb
CQBaAJwJAFoAnQkAWgCeCQBaAJ8JAFoAoAkAWgChCQBaAKIJAFoAowkAWgCkCQBaAKUJAFoApgkA
WgCnCQBaAKgJAFoAqQkAWgCqCQBaAKsJAFoArAkAWgCtCQBaAK4JAFoArwoAWgCwCgBaALEKAFoA
sggAswsAtAC1BwC2CAC3CAC4CAC5CAC6CAC7CAC8CAC9CAC+CAC/CADACADBCADCCADDCADECADF
CADGCADHCADICADJBwDKCADLCADMCADNCADOCADPCADQCADRBwDSCADTCADUCADVCADWBwDXCgBH
ANgKACYA2QcA2gcA2wcA3AoAOgDZBwDdCgBLAN4HAN8HAOAKAOEA4gcA4woAUwCQCADkCgBTAOUI
AOYKAFMA5woAOgDoBwDpBwDqAQAgcGFyYW1ldGVyX1JFUE9SVF9SRVNPVVJDRV9CVU5ETEUBADJM
bmV0L3NmL2phc3BlcnJlcG9ydHMvZW5naW5lL2ZpbGwvSlJGaWxsUGFyYW1ldGVyOwEADnBhcmFt
ZXRlcl91c2VyAQAkcGFyYW1ldGVyX1JFUE9SVF9EQVRFX0ZPUk1BVF9GQUNUT1JZAQAdcGFyYW1l
dGVyX1JFUE9SVF9DTEFTU19MT0FERVIBABpwYXJhbWV0ZXJfUkVQT1JUX1RJTUVfWk9ORQEAEHBh
cmFtZXRlcl9yZXBvcnQBABVwYXJhbWV0ZXJfcG9zaXRpb25VcmwBABxwYXJhbWV0ZXJfUkVQT1JU
X0RBVEFfU09VUkNFAQAXcGFyYW1ldGVyX1JFUE9SVF9MT0NBTEUBAFtwYXJhbWV0ZXJfc3ViUmVw
b3J0c3ViUmVwb3J0c3ViamVjdFByaW1hcnlBc3NvY2lhdGlvbnNzdWJqZWN0NDZzdWJqZWN0U2Vj
b25kYXJ5QXNzb2NpYXRpb25zAQAkcGFyYW1ldGVyX1JFUE9SVF9VUkxfSEFORExFUl9GQUNUT1JZ
AQAfcGFyYW1ldGVyX1JFUE9SVF9QQVJBTUVURVJTX01BUAEAG3BhcmFtZXRlcl9SRVBPUlRfQ09O
TkVDVElPTgEAHnBhcmFtZXRlcl9JU19JR05PUkVfUEFHSU5BVElPTgEAG3BhcmFtZXRlcl9fRFNf
RkFDVE9SWV9QQVJBTQEAHHBhcmFtZXRlcl9SRVBPUlRfVklSVFVBTElaRVIBABRwYXJhbWV0ZXJf
c3ViamVjdFVybAEAGnBhcmFtZXRlcl9SRVBPUlRfU0NSSVBUTEVUAQAacGFyYW1ldGVyX1JFUE9S
VF9NQVhfQ09VTlQBAC1maWVsZF9zdWJqZWN0NDZzb3VyY2VEZXJpdmVkQXR0cmlidXRlczkxMzk5
OTMBAC5MbmV0L3NmL2phc3BlcnJlcG9ydHMvZW5naW5lL2ZpbGwvSlJGaWxsRmllbGQ7AQAQZmll
bGRfc3ViamVjdDQ2OQEAGGZpZWxkX3N1YmplY3Q0Nmhhc0FjY2VzcwEAEWZpZWxkX3N1YmplY3Q0
NmlkAQAfZmllbGRfc3ViamVjdDQ2Y29yZURldGFpbDQ2bmFtZQEALWZpZWxkX3N1YmplY3Q0NnNv
dXJjZURlcml2ZWRBdHRyaWJ1dGVzOTE0MDM5MwEAK2ZpZWxkX3N1YmplY3Q0NnN1YmplY3RTZWNv
bmRhcnlBc3NvY2lhdGlvbnMBABR2YXJpYWJsZV9QQUdFX05VTUJFUgEAMUxuZXQvc2YvamFzcGVy
cmVwb3J0cy9lbmdpbmUvZmlsbC9KUkZpbGxWYXJpYWJsZTsBABZ2YXJpYWJsZV9DT0xVTU5fTlVN
QkVSAQAVdmFyaWFibGVfUkVQT1JUX0NPVU5UAQATdmFyaWFibGVfUEFHRV9DT1VOVAEAFXZhcmlh
YmxlX0NPTFVNTl9DT1VOVAEABjxpbml0PgEAAygpVgEABENvZGUBAA9MaW5lTnVtYmVyVGFibGUB
AA5jdXN0b21pemVkSW5pdAEAMChMamF2YS91dGlsL01hcDtMamF2YS91dGlsL01hcDtMamF2YS91
dGlsL01hcDspVgEACmluaXRQYXJhbXMBABIoTGphdmEvdXRpbC9NYXA7KVYBAAppbml0RmllbGRz
AQAIaW5pdFZhcnMBAAhldmFsdWF0ZQEAFShJKUxqYXZhL2xhbmcvT2JqZWN0OwEACkV4Y2VwdGlv
bnMHAOsBAAtldmFsdWF0ZU9sZAEAEWV2YWx1YXRlRXN0aW1hdGVkAQAKU291cmNlRmlsZQEAJUJh
c2ljX1N1Yl8xXzExODc5NTc1NjE1ODhfODQ2NTIwLmphdmEMAH4AfwwAXABdDABeAF0MAF8AXQwA
YABdDABhAF0MAGIAXQwAYwBdDABkAF0MAGUAXQwAZgBdDABnAF0MAGgAXQwAaQBdDABqAF0MAGsA
XQwAbABdDABtAF0MAG4AXQwAbwBdDABwAHEMAHIAcQwAcwBxDAB0AHEMAHUAcQwAdgBxDAB3AHEM
AHgAeQwAegB5DAB7AHkMAHwAeQwAfQB5DACEAIUMAIYAhQwAhwCFAQAWUkVQT1JUX1JFU09VUkNF
X0JVTkRMRQcA7AwA7QDuAQAwbmV0L3NmL2phc3BlcnJlcG9ydHMvZW5naW5lL2ZpbGwvSlJGaWxs
UGFyYW1ldGVyAQAEdXNlcgEAGlJFUE9SVF9EQVRFX0ZPUk1BVF9GQUNUT1JZAQATUkVQT1JUX0NM
QVNTX0xPQURFUgEAEFJFUE9SVF9USU1FX1pPTkUBAAZyZXBvcnQBAAtwb3NpdGlvblVybAEAElJF
UE9SVF9EQVRBX1NPVVJDRQEADVJFUE9SVF9MT0NBTEUBAFBzdWJSZXBvcnRzdWJSZXBvcnRzdWJq
ZWN0UHJpbWFyeUFzc29jaWF0aW9uc3N1YmplY3Quc3ViamVjdFNlY29uZGFyeUFzc29jaWF0aW9u
cwEAGlJFUE9SVF9VUkxfSEFORExFUl9GQUNUT1JZAQAVUkVQT1JUX1BBUkFNRVRFUlNfTUFQAQAR
UkVQT1JUX0NPTk5FQ1RJT04BABRJU19JR05PUkVfUEFHSU5BVElPTgEAEV9EU19GQUNUT1JZX1BB
UkFNAQASUkVQT1JUX1ZJUlRVQUxJWkVSAQAKc3ViamVjdFVybAEAEFJFUE9SVF9TQ1JJUFRMRVQB
ABBSRVBPUlRfTUFYX0NPVU5UAQAkc3ViamVjdC5zb3VyY2VEZXJpdmVkQXR0cmlidXRlc1szOTld
AQAsbmV0L3NmL2phc3BlcnJlcG9ydHMvZW5naW5lL2ZpbGwvSlJGaWxsRmllbGQBAAlzdWJqZWN0
LjkBABFzdWJqZWN0Lmhhc0FjY2VzcwEACnN1YmplY3QuaWQBABdzdWJqZWN0LmNvcmVEZXRhaWwu
bmFtZQEAJHN1YmplY3Quc291cmNlRGVyaXZlZEF0dHJpYnV0ZXNbNDAzXQEAJHN1YmplY3Quc3Vi
amVjdFNlY29uZGFyeUFzc29jaWF0aW9ucwEAC1BBR0VfTlVNQkVSAQAvbmV0L3NmL2phc3BlcnJl
cG9ydHMvZW5naW5lL2ZpbGwvSlJGaWxsVmFyaWFibGUBAA1DT0xVTU5fTlVNQkVSAQAMUkVQT1JU
X0NPVU5UAQAKUEFHRV9DT1VOVAEADENPTFVNTl9DT1VOVAEAEWphdmEvbGFuZy9JbnRlZ2VyDAB+
AO8MAPAA8QEAG2NvbS96eW5hcC9kb21haW4vYWRtaW4vVXNlcgEARmNvbS96eW5hcC90YWxlbnRz
dHVkaW8vYW5hbHlzaXMvcmVwb3J0cy9qYXNwZXIvSmFzcGVyRGF0YVNvdXJjZUZhY3RvcnkBAC5j
b20venluYXAvdGFsZW50c3R1ZGlvL2FuYWx5c2lzL3JlcG9ydHMvUmVwb3J0AQAUamF2YS91dGls
L0NvbGxlY3Rpb24MAPIA8wEAKG5ldC9zZi9qYXNwZXJyZXBvcnRzL2VuZ2luZS9KYXNwZXJSZXBv
cnQBABBqYXZhL2xhbmcvU3RyaW5nBwD0DAD1APYBABdqYXZhL2xhbmcvU3RyaW5nQnVpbGRlcgEA
H19fc3ViamVjdFVybF9fJmNvbW1hbmQubm9kZS5pZD0MAPcA+AEACyZoYXNBY2Nlc3M9DAD5APoM
APsA8QEAIEJhc2ljX1N1Yl8xXzExODc5NTc1NjE1ODhfODQ2NTIwAQAsbmV0L3NmL2phc3BlcnJl
cG9ydHMvZW5naW5lL2ZpbGwvSlJFdmFsdWF0b3IBABNqYXZhL2xhbmcvVGhyb3dhYmxlAQANamF2
YS91dGlsL01hcAEAA2dldAEAJihMamF2YS9sYW5nL09iamVjdDspTGphdmEvbGFuZy9PYmplY3Q7
AQAEKEkpVgEACGdldFZhbHVlAQAUKClMamF2YS9sYW5nL09iamVjdDsBAB9nZXRBc3NvY2lhdGVk
QXJ0ZWZhY3REYXRhU291cmNlAQCPKExjb20venluYXAvdGFsZW50c3R1ZGlvL2FuYWx5c2lzL3Jl
cG9ydHMvUmVwb3J0O0xqYXZhL3V0aWwvQ29sbGVjdGlvbjtMY29tL3p5bmFwL2RvbWFpbi9hZG1p
bi9Vc2VyOylMbmV0L3NmL2phc3BlcnJlcG9ydHMvZW5naW5lL0pSRGF0YVNvdXJjZTsBADVjb20v
enluYXAvdGFsZW50c3R1ZGlvL2FuYWx5c2lzL3JlcG9ydHMvRGF0YUZvcm1hdHRlcgEAC2Zvcm1h
dFZhbHVlAQAmKExqYXZhL2xhbmcvT2JqZWN0OylMamF2YS9sYW5nL1N0cmluZzsBAAZhcHBlbmQB
AC0oTGphdmEvbGFuZy9TdHJpbmc7KUxqYXZhL2xhbmcvU3RyaW5nQnVpbGRlcjsBAAh0b1N0cmlu
ZwEAFCgpTGphdmEvbGFuZy9TdHJpbmc7AQALZ2V0T2xkVmFsdWUAIQBaAFsAAAAfAAIAXABdAAAA
AgBeAF0AAAACAF8AXQAAAAIAYABdAAAAAgBhAF0AAAACAGIAXQAAAAIAYwBdAAAAAgBkAF0AAAAC
AGUAXQAAAAIAZgBdAAAAAgBnAF0AAAACAGgAXQAAAAIAaQBdAAAAAgBqAF0AAAACAGsAXQAAAAIA
bABdAAAAAgBtAF0AAAACAG4AXQAAAAIAbwBdAAAAAgBwAHEAAAACAHIAcQAAAAIAcwBxAAAAAgB0
AHEAAAACAHUAcQAAAAIAdgBxAAAAAgB3AHEAAAACAHgAeQAAAAIAegB5AAAAAgB7AHkAAAACAHwA
eQAAAAIAfQB5AAAACAABAH4AfwABAIAAAAE0AAIAAQAAAKAqtwABKgG1AAIqAbUAAyoBtQAEKgG1
AAUqAbUABioBtQAHKgG1AAgqAbUACSoBtQAKKgG1AAsqAbUADCoBtQANKgG1AA4qAbUADyoBtQAQ
KgG1ABEqAbUAEioBtQATKgG1ABQqAbUAFSoBtQAWKgG1ABcqAbUAGCoBtQAZKgG1ABoqAbUAGyoB
tQAcKgG1AB0qAbUAHioBtQAfKgG1ACCxAAAAAQCBAAAAggAgAAAAEgAEABkACQAaAA4AGwATABwA
GAAdAB0AHgAiAB8AJwAgACwAIQAxACIANgAjADsAJABAACUARQAmAEoAJwBPACgAVAApAFkAKgBe
ACsAYwAsAGgALQBtAC4AcgAvAHcAMAB8ADEAgQAyAIYAMwCLADQAkAA1AJUANgCaADcAAQCCAIMA
AQCAAAAANAACAAQAAAAQKiu3ACEqLLcAIiottwAjsQAAAAEAgQAAABIABAAAAEMABQBEAAoARQAP
AEYAAgCEAIUAAQCAAAABggADAAIAAAEeKisSJLkAJQIAwAAmtQACKisSJ7kAJQIAwAAmtQADKisS
KLkAJQIAwAAmtQAEKisSKbkAJQIAwAAmtQAFKisSKrkAJQIAwAAmtQAGKisSK7kAJQIAwAAmtQAH
KisSLLkAJQIAwAAmtQAIKisSLbkAJQIAwAAmtQAJKisSLrkAJQIAwAAmtQAKKisSL7kAJQIAwAAm
tQALKisSMLkAJQIAwAAmtQAMKisSMbkAJQIAwAAmtQANKisSMrkAJQIAwAAmtQAOKisSM7kAJQIA
wAAmtQAPKisSNLkAJQIAwAAmtQAQKisSNbkAJQIAwAAmtQARKisSNrkAJQIAwAAmtQASKisSN7kA
JQIAwAAmtQATKisSOLkAJQIAwAAmtQAUsQAAAAEAgQAAAFIAFAAAAE4ADwBPAB4AUAAtAFEAPABS
AEsAUwBaAFQAaQBVAHgAVgCHAFcAlgBYAKUAWQC0AFoAwwBbANIAXADhAF0A8ABeAP8AXwEOAGAB
HQBhAAIAhgCFAAEAgAAAAJ4AAwACAAAAaiorEjm5ACUCAMAAOrUAFSorEju5ACUCAMAAOrUAFior
Ejy5ACUCAMAAOrUAFyorEj25ACUCAMAAOrUAGCorEj65ACUCAMAAOrUAGSorEj+5ACUCAMAAOrUA
GiorEkC5ACUCAMAAOrUAG7EAAAABAIEAAAAiAAgAAABpAA8AagAeAGsALQBsADwAbQBLAG4AWgBv
AGkAcAACAIcAhQABAIAAAAB4AAMAAgAAAEwqKxJBuQAlAgDAAEK1ABwqKxJDuQAlAgDAAEK1AB0q
KxJEuQAlAgDAAEK1AB4qKxJFuQAlAgDAAEK1AB8qKxJGuQAlAgDAAEK1ACCxAAAAAQCBAAAAGgAG
AAAAeAAPAHkAHgB6AC0AewA8AHwASwB9AAEAiACJAAIAgAAAAkQABAADAAABlAFNG6oAAAGPAAAA
AAAAABEAAABVAAAAYQAAAG0AAAB5AAAAhQAAAJEAAACdAAAAqQAAALUAAADDAAAA0QAAAN8AAAEO
AAABHAAAAS0AAAFfAAABbQAAAX67AEdZBLcASE2nATG7AEdZBLcASE2nASW7AEdZBLcASE2nARm7
AEdZA7cASE2nAQ27AEdZBLcASE2nAQG7AEdZA7cASE2nAPW7AEdZBLcASE2nAOm7AEdZA7cASE2n
AN0qtAADtgBJwABKTacAzyq0ABC2AEnAAEtNpwDBKrQAB7YAScAATE2nALMqtAAQtgBJwABLKrQA
B7YAScAATCq0ABu2AE3AAE4qtAADtgBJwABKtgBPTacAhCq0AAu2AEnAAFBNpwB2KrQAGbYATcAA
UbgAUk2nAGW7AFNZtwBUElW2AFYqtAAYtgBNwABRtgBWEle2AFYqtAAXtgBNwABRtgBWtgBYTacA
Myq0ABa2AE24AFJNpwAlKrQAFbYATcAAR7gAUk2nABQqtAAatgBNwABHuABSTacAAyywAAAAAQCB
AAAAngAnAAAAhQACAIcAWACLAGEAjABkAJAAbQCRAHAAlQB5AJYAfACaAIUAmwCIAJ8AkQCgAJQA
pACdAKUAoACpAKkAqgCsAK4AtQCvALgAswDDALQAxgC4ANEAuQDUAL0A3wC+AOIAwgEOAMMBEQDH
ARwAyAEfAMwBLQDNATAA0QFfANIBYgDWAW0A1wFwANsBfgDcAYEA4AGPAOEBkgDoAIoAAAAEAAEA
iwABAIwAiQACAIAAAAJEAAQAAwAAAZQBTRuqAAABjwAAAAAAAAARAAAAVQAAAGEAAABtAAAAeQAA
AIUAAACRAAAAnQAAAKkAAAC1AAAAwwAAANEAAADfAAABDgAAARwAAAEtAAABXwAAAW0AAAF+uwBH
WQS3AEhNpwExuwBHWQS3AEhNpwEluwBHWQS3AEhNpwEZuwBHWQO3AEhNpwENuwBHWQS3AEhNpwEB
uwBHWQO3AEhNpwD1uwBHWQS3AEhNpwDpuwBHWQO3AEhNpwDdKrQAA7YAScAASk2nAM8qtAAQtgBJ
wABLTacAwSq0AAe2AEnAAExNpwCzKrQAELYAScAASyq0AAe2AEnAAEwqtAAbtgBZwABOKrQAA7YA
ScAASrYAT02nAIQqtAALtgBJwABQTacAdiq0ABm2AFnAAFG4AFJNpwBluwBTWbcAVBJVtgBWKrQA
GLYAWcAAUbYAVhJXtgBWKrQAF7YAWcAAUbYAVrYAWE2nADMqtAAWtgBZuABSTacAJSq0ABW2AFnA
AEe4AFJNpwAUKrQAGrYAWcAAR7gAUk2nAAMssAAAAAEAgQAAAJ4AJwAAAPEAAgDzAFgA9wBhAPgA
ZAD8AG0A/QBwAQEAeQECAHwBBgCFAQcAiAELAJEBDACUARAAnQERAKABFQCpARYArAEaALUBGwC4
AR8AwwEgAMYBJADRASUA1AEpAN8BKgDiAS4BDgEvAREBMwEcATQBHwE4AS0BOQEwAT0BXwE+AWIB
QgFtAUMBcAFHAX4BSAGBAUwBjwFNAZIBVACKAAAABAABAIsAAQCNAIkAAgCAAAACRAAEAAMAAAGU
AU0bqgAAAY8AAAAAAAAAEQAAAFUAAABhAAAAbQAAAHkAAACFAAAAkQAAAJ0AAACpAAAAtQAAAMMA
AADRAAAA3wAAAQ4AAAEcAAABLQAAAV8AAAFtAAABfrsAR1kEtwBITacBMbsAR1kEtwBITacBJbsA
R1kEtwBITacBGbsAR1kDtwBITacBDbsAR1kEtwBITacBAbsAR1kDtwBITacA9bsAR1kEtwBITacA
6bsAR1kDtwBITacA3Sq0AAO2AEnAAEpNpwDPKrQAELYAScAAS02nAMEqtAAHtgBJwABMTacAsyq0
ABC2AEnAAEsqtAAHtgBJwABMKrQAG7YATcAATiq0AAO2AEnAAEq2AE9NpwCEKrQAC7YAScAAUE2n
AHYqtAAZtgBNwABRuABSTacAZbsAU1m3AFQSVbYAViq0ABi2AE3AAFG2AFYSV7YAViq0ABe2AE3A
AFG2AFa2AFhNpwAzKrQAFrYATbgAUk2nACUqtAAVtgBNwABHuABSTacAFCq0ABq2AE3AAEe4AFJN
pwADLLAAAAABAIEAAACeACcAAAFdAAIBXwBYAWMAYQFkAGQBaABtAWkAcAFtAHkBbgB8AXIAhQFz
AIgBdwCRAXgAlAF8AJ0BfQCgAYEAqQGCAKwBhgC1AYcAuAGLAMMBjADGAZAA0QGRANQBlQDfAZYA
4gGaAQ4BmwERAZ8BHAGgAR8BpAEtAaUBMAGpAV8BqgFiAa4BbQGvAXABswF+AbQBgQG4AY8BuQGS
AcAAigAAAAQAAQCLAAEAjgAAAAIAj3QAFV8xMTg3OTU3NTYxNTg4Xzg0NjUyMHEAfgG9cQB+Ab5x
AH4AbnNxAH4AAHNxAH4ABQAAAAAAAAAHAAAAAAAAAV4AAAAAAAAAAAEAAADwAAAYnAEAAAAAAAAA
AAFwcHBwcHNxAH4AEgFwcHBwcHBwcHB0AAVBcmlhbHNxAH4AGwAAAAxwcHBxAH4AH3EAfgAfcQB+
AB9xAH4AH3BxAH4AH3BwcHBwdAATdGVtcGxhdGVEZXRhaWxTdHlsZXBwcHQABkNwMTI1MnQACUhl
bHZldGljYXBwcHBwcHBwcHBwcHBzcQB+ACNzcQB+ACkAAAAHdwQAAAAKc3EAfgBvAAAADwABAQAC
AAAAAV4AAAAAAAAAAHBxAH4Ci3EAfgKScHBwcQB+AoxwcHBwcHBwcHBwcHBwcHBwcHBwcHBwcHBw
cHBwcHBwcAAAAAABAQABcHBzcQB+ADIAAAAIdXEAfgA1AAAAA3NxAH4ANwF0AEJjb20uenluYXAu
dGFsZW50c3R1ZGlvLmFuYWx5c2lzLnJlcG9ydHMuRGF0YUZvcm1hdHRlci5mb3JtYXRWYWx1ZShz
cQB+ADcDdAAkcG9zaXRpb24udGFyZ2V0RGVyaXZlZEF0dHJpYnV0ZXNbMjFdc3EAfgA3AXQAASlx
AH4Ae3BwcHBwcHBwc3EAfgBvAAAADwABAQACAAAAAV4AAAFeAAAAAHBxAH4Ci3EAfgKScHBwcQB+
AoxwcHBwcHBwcHBwcHBwcHBwcHBwcHBwcHBwcHBwcHBwcAAAAAABAQABcHBzcQB+ADIAAAAJdXEA
fgA1AAAAA3NxAH4ANwF0AEJjb20uenluYXAudGFsZW50c3R1ZGlvLmFuYWx5c2lzLnJlcG9ydHMu
RGF0YUZvcm1hdHRlci5mb3JtYXRWYWx1ZShzcQB+ADcDdAAlcG9zaXRpb24udGFyZ2V0RGVyaXZl
ZEF0dHJpYnV0ZXNbMzk5XXNxAH4ANwF0AAEpcQB+AHtwcHBwcHBwcHNxAH4AbwAAAA8AAQEAAgAA
AAFeAAACvAAAAABwcQB+AotxAH4CknBwcHEAfgKMcHBwcHBwcHBwcHBwcHBwcHBwcHBwcHBwcHBw
cHBwcHAAAAAAAQEAAXBwc3EAfgAyAAAACnVxAH4ANQAAAANzcQB+ADcBdABCY29tLnp5bmFwLnRh
bGVudHN0dWRpby5hbmFseXNpcy5yZXBvcnRzLkRhdGFGb3JtYXR0ZXIuZm9ybWF0VmFsdWUoc3EA
fgA3A3QADnBvc2l0aW9uLnRpdGxlc3EAfgA3AXQAASlxAH4Ae3BwcHNxAH4AMgAAAAt1cQB+ADUA
AAAEc3EAfgA3AXQAJSJfX3Bvc2l0aW9uVXJsX18mY29tbWFuZC5ub2RlLmlkPSIgKyBzcQB+ADcD
dAALcG9zaXRpb24uaWRzcQB+ADcBdAAUICArICImaGFzQWNjZXNzPSIgKyBzcQB+ADcDdAAScG9z
aXRpb24uaGFzQWNjZXNzcQB+AHtwcHEAfgCEcHNxAH4AbwAAAA8AAQEAAgAAAAFeAAAEGgAAAABw
cQB+AotxAH4CknBwcHEAfgKMcHBwcHBwcHBwcHBwcHBwcHBwcHBwcHBwcHBwcHBwcHAAAAAAAQEA
AXBwc3EAfgAyAAAADHVxAH4ANQAAAANzcQB+ADcBdABCY29tLnp5bmFwLnRhbGVudHN0dWRpby5h
bmFseXNpcy5yZXBvcnRzLkRhdGFGb3JtYXR0ZXIuZm9ybWF0VmFsdWUoc3EAfgA3A3QAH3Bvc2l0
aW9uLm9yZ2FuaXNhdGlvblVuaXQubGFiZWxzcQB+ADcBdAABKXEAfgB7cHBwcHBwcHBzcQB+AG8A
AAAPAAEBAAIAAAABXgAABXgAAAAAcHEAfgKLcQB+ApJwcHBxAH4CjHBwcHBwcHBwcHBwcHBwcHBw
cHBwcHBwcHBwcHBwcHBwAAAAAAEBAAFwcHNxAH4AMgAAAA11cQB+ADUAAAADc3EAfgA3AXQAQmNv
bS56eW5hcC50YWxlbnRzdHVkaW8uYW5hbHlzaXMucmVwb3J0cy5EYXRhRm9ybWF0dGVyLmZvcm1h
dFZhbHVlKHNxAH4ANwN0AAtwb3NpdGlvbi4zOXNxAH4ANwF0AAEpcQB+AHtwcHBwcHBwcHNxAH4A
bwAAAA8AAQEAAgAAAAFeAAAG1gAAAABwcQB+AotxAH4CknBwcHEAfgKMcHBwcHBwcHBwcHBwcHBw
cHBwcHBwcHBwcHBwcHBwcHAAAAAAAQEAAXBwc3EAfgAyAAAADnVxAH4ANQAAAANzcQB+ADcBdABC
Y29tLnp5bmFwLnRhbGVudHN0dWRpby5hbmFseXNpcy5yZXBvcnRzLkRhdGFGb3JtYXR0ZXIuZm9y
bWF0VmFsdWUoc3EAfgA3A3QAJHBvc2l0aW9uLnRhcmdldERlcml2ZWRBdHRyaWJ1dGVzWzE5XXNx
AH4ANwF0AAEpcQB+AHtwcHBwcHBwcHNxAH4AbwAAAA8AAQEAAgAAAAFeAAAINAAAAABwcQB+Aotx
AH4CknBwcHEAfgKMcHBwcHBwcHBwcHBwcHBwcHBwcHBwcHBwcHBwcHBwcHAAAAAAAQEAAXBwc3EA
fgAyAAAAD3VxAH4ANQAAAANzcQB+ADcBdABCY29tLnp5bmFwLnRhbGVudHN0dWRpby5hbmFseXNp
cy5yZXBvcnRzLkRhdGFGb3JtYXR0ZXIuZm9ybWF0VmFsdWUoc3EAfgA3A3QAJXBvc2l0aW9uLnRh
cmdldERlcml2ZWRBdHRyaWJ1dGVzWzQwM11zcQB+ADcBdAABKXEAfgB7cHBwcHBwcHB4cAAAAIwB
cHBwcHQABGphdmFwc3EAfgC8AQF1cQB+AMUAAAAJc3EAfgDHcHQAJHBvc2l0aW9uLnRhcmdldERl
cml2ZWRBdHRyaWJ1dGVzWzIxXXEAfgDWc3EAfgDHcHQAJXBvc2l0aW9uLnRhcmdldERlcml2ZWRB
dHRyaWJ1dGVzWzM5OV1xAH4A1nNxAH4Ax3B0AA5wb3NpdGlvbi50aXRsZXEAfgB7c3EAfgDHcHQA
EnBvc2l0aW9uLmhhc0FjY2Vzc3EAfgB7c3EAfgDHcHQAC3Bvc2l0aW9uLmlkcQB+AHtzcQB+AMdw
dAAfcG9zaXRpb24ub3JnYW5pc2F0aW9uVW5pdC5sYWJlbHEAfgB7c3EAfgDHcHQAC3Bvc2l0aW9u
LjM5cQB+ANNzcQB+AMdwdAAkcG9zaXRpb24udGFyZ2V0RGVyaXZlZEF0dHJpYnV0ZXNbMTldcQB+
ANZzcQB+AMdwdAAlcG9zaXRpb24udGFyZ2V0RGVyaXZlZEF0dHJpYnV0ZXNbNDAzXXEAfgDWcHB0
AAtCYXNpY19TdWJfMXVxAH4A3gAAABJzcQB+AOABAXBwcQB+AOJxAH4A43NxAH4A4AEBcHBxAH4A
5XEAfgDmc3EAfgDgAQFwcHEAfgDocQB+ANZzcQB+AOABAXBwcQB+AOpxAH4ASnNxAH4A4AEBcHBx
AH4A7HEAfgDtc3EAfgDgAQFwcHEAfgDvcQB+APBzcQB+AOABAXBwcQB+APJxAH4A83NxAH4A4AEB
cHBxAH4A9XEAfgD2c3EAfgDgAQFwcHEAfgD4cQB+APlzcQB+AOABAXBwcQB+APtxAH4A/HNxAH4A
4AEBcHBxAH4A/nEAfgD/c3EAfgDgAQFwcHEAfgEBcQB+AQJzcQB+AOABAXBwcQB+AQRxAH4BBXNx
AH4A4AEAcHB0AApzdWJqZWN0VXJsdAAQamF2YS5sYW5nLlN0cmluZ3NxAH4A4AEAcHB0AAtwb3Np
dGlvblVybHQAEGphdmEubGFuZy5TdHJpbmdzcQB+AOABAHBwdAAGcmVwb3J0dAAuY29tLnp5bmFw
LnRhbGVudHN0dWRpby5hbmFseXNpcy5yZXBvcnRzLlJlcG9ydHNxAH4A4AEAcHB0ABFfRFNfRkFD
VE9SWV9QQVJBTXQARmNvbS56eW5hcC50YWxlbnRzdHVkaW8uYW5hbHlzaXMucmVwb3J0cy5qYXNw
ZXIuSmFzcGVyRGF0YVNvdXJjZUZhY3RvcnlzcQB+AOABAHBwdAAEdXNlcnQAG2NvbS56eW5hcC5k
b21haW4uYWRtaW4uVXNlcnNxAH4BGXNxAH4BG3cEAAAAAHhwcHBwdXEAfgEdAAAABXNxAH4BHwgF
AQFwcHBzcQB+ADIAAAAAdXEAfgA1AAAAAXNxAH4ANwF0AA5uZXcgSW50ZWdlcigxKXEAfgDWcQB+
ASVwcQB+ANZzcQB+AR8IBQECcHBwc3EAfgAyAAAAAXVxAH4ANQAAAAFzcQB+ADcBdAAObmV3IElu
dGVnZXIoMSlxAH4A1nEAfgErcHEAfgDWc3EAfgEfAQUBAXNxAH4AMgAAAAJ1cQB+ADUAAAABc3EA
fgA3AXQADm5ldyBJbnRlZ2VyKDEpcQB+ANZwcHNxAH4AMgAAAAN1cQB+ADUAAAABc3EAfgA3AXQA
Dm5ldyBJbnRlZ2VyKDApcQB+ANZxAH4BNXBxAH4A1nNxAH4BHwEFAQJzcQB+ADIAAAAEdXEAfgA1
AAAAAXNxAH4ANwF0AA5uZXcgSW50ZWdlcigxKXEAfgDWcHBzcQB+ADIAAAAFdXEAfgA1AAAAAXNx
AH4ANwF0AA5uZXcgSW50ZWdlcigwKXEAfgDWcQB+AT9wcQB+ANZzcQB+AR8BBQEDc3EAfgAyAAAA
BnVxAH4ANQAAAAFzcQB+ADcBdAAObmV3IEludGVnZXIoMSlxAH4A1nBwc3EAfgAyAAAAB3VxAH4A
NQAAAAFzcQB+ADcBdAAObmV3IEludGVnZXIoMClxAH4A1nEAfgFJcHEAfgDWcQB+AvJwcHVxAH4B
rQAAAANxAH4CjHNxAH4AEgBwcHBwcHBwcHB0AAVBcmlhbHNxAH4AGwAAAAxwcHBxAH4BUHEAfgAf
cQB+AB9xAH4AH3BxAH4AH3BwcHBwdAATdGVtcGxhdGVIZWFkZXJTdHlsZXBwcHQABkNwMTI1MnQA
DkhlbHZldGljYS1Cb2xkcHBwcHBwcHBwcHBwcHNxAH4AEgBwcHBwcHBwcHB0AAVBcmlhbHNxAH4A
GwAAAAxwcHBxAH4BUHEAfgAfcQB+AB9xAH4AH3BxAH4AH3BwcHBwdAASdGVtcGxhdGVHcm91cFN0
eWxlcHBwdAAGQ3AxMjUydAAOSGVsdmV0aWNhLUJvbGRwcHBwcHBwcHBwcHBwcHBzcQB+AbVzcQB+
Abc/QAAAAAAADHcIAAAAEAAAAAB4c3EAfgG3P0AAAAAAAAx3CAAAABAAAAAAeHVxAH4BugAAGNzK
/rq+AAAAMQDyCgBWAIwJAFUAjQkAVQCOCQBVAI8JAFUAkAkAVQCRCQBVAJIJAFUAkwkAVQCUCQBV
AJUJAFUAlgkAVQCXCQBVAJgJAFUAmQkAVQCaCQBVAJsJAFUAnAkAVQCdCQBVAJ4JAFUAnwkAVQCg
CQBVAKEJAFUAogkAVQCjCQBVAKQJAFUApQkAVQCmCQBVAKcJAFUAqAkAVQCpCQBVAKoJAFUAqwkA
VQCsCgBVAK0KAFUArgoAVQCvCACwCwCxALIHALMIALQIALUIALYIALcIALgIALkIALoIALsIALwI
AL0IAL4IAL8IAMAIAMEIAMIIAMMIAMQIAMUHAMYIAMcIAMgIAMkIAMoIAMsIAMwIAM0IAM4IAM8H
ANAIANEIANIIANMIANQHANUKAEkA1goAOgDXCgDYANkHANoHANsKAE4AjAgA3AoATgDdCADeCgBO
AN8KADoA4AcA4QcA4gEAIHBhcmFtZXRlcl9SRVBPUlRfUkVTT1VSQ0VfQlVORExFAQAyTG5ldC9z
Zi9qYXNwZXJyZXBvcnRzL2VuZ2luZS9maWxsL0pSRmlsbFBhcmFtZXRlcjsBAA5wYXJhbWV0ZXJf
dXNlcgEAJHBhcmFtZXRlcl9SRVBPUlRfREFURV9GT1JNQVRfRkFDVE9SWQEAHXBhcmFtZXRlcl9S
RVBPUlRfQ0xBU1NfTE9BREVSAQAacGFyYW1ldGVyX1JFUE9SVF9USU1FX1pPTkUBABBwYXJhbWV0
ZXJfcmVwb3J0AQAVcGFyYW1ldGVyX3Bvc2l0aW9uVXJsAQAccGFyYW1ldGVyX1JFUE9SVF9EQVRB
X1NPVVJDRQEAF3BhcmFtZXRlcl9SRVBPUlRfTE9DQUxFAQAkcGFyYW1ldGVyX1JFUE9SVF9VUkxf
SEFORExFUl9GQUNUT1JZAQAfcGFyYW1ldGVyX1JFUE9SVF9QQVJBTUVURVJTX01BUAEAG3BhcmFt
ZXRlcl9SRVBPUlRfQ09OTkVDVElPTgEAHnBhcmFtZXRlcl9JU19JR05PUkVfUEFHSU5BVElPTgEA
G3BhcmFtZXRlcl9fRFNfRkFDVE9SWV9QQVJBTQEAHHBhcmFtZXRlcl9SRVBPUlRfVklSVFVBTEla
RVIBABRwYXJhbWV0ZXJfc3ViamVjdFVybAEAGnBhcmFtZXRlcl9SRVBPUlRfU0NSSVBUTEVUAQAa
cGFyYW1ldGVyX1JFUE9SVF9NQVhfQ09VTlQBAC1maWVsZF9wb3NpdGlvbjQ2dGFyZ2V0RGVyaXZl
ZEF0dHJpYnV0ZXM5MTIxOTMBAC5MbmV0L3NmL2phc3BlcnJlcG9ydHMvZW5naW5lL2ZpbGwvSlJG
aWxsRmllbGQ7AQASZmllbGRfcG9zaXRpb240NmlkAQAuZmllbGRfcG9zaXRpb240NnRhcmdldERl
cml2ZWRBdHRyaWJ1dGVzOTE0MDM5MwEAEmZpZWxkX3Bvc2l0aW9uNDYzOQEAFWZpZWxkX3Bvc2l0
aW9uNDZ0aXRsZQEALWZpZWxkX3Bvc2l0aW9uNDZ0YXJnZXREZXJpdmVkQXR0cmlidXRlczkxMTk5
MwEALmZpZWxkX3Bvc2l0aW9uNDZ0YXJnZXREZXJpdmVkQXR0cmlidXRlczkxMzk5OTMBACdmaWVs
ZF9wb3NpdGlvbjQ2b3JnYW5pc2F0aW9uVW5pdDQ2bGFiZWwBABlmaWVsZF9wb3NpdGlvbjQ2aGFz
QWNjZXNzAQAUdmFyaWFibGVfUEFHRV9OVU1CRVIBADFMbmV0L3NmL2phc3BlcnJlcG9ydHMvZW5n
aW5lL2ZpbGwvSlJGaWxsVmFyaWFibGU7AQAWdmFyaWFibGVfQ09MVU1OX05VTUJFUgEAFXZhcmlh
YmxlX1JFUE9SVF9DT1VOVAEAE3ZhcmlhYmxlX1BBR0VfQ09VTlQBABV2YXJpYWJsZV9DT0xVTU5f
Q09VTlQBAAY8aW5pdD4BAAMoKVYBAARDb2RlAQAPTGluZU51bWJlclRhYmxlAQAOY3VzdG9taXpl
ZEluaXQBADAoTGphdmEvdXRpbC9NYXA7TGphdmEvdXRpbC9NYXA7TGphdmEvdXRpbC9NYXA7KVYB
AAppbml0UGFyYW1zAQASKExqYXZhL3V0aWwvTWFwOylWAQAKaW5pdEZpZWxkcwEACGluaXRWYXJz
AQAIZXZhbHVhdGUBABUoSSlMamF2YS9sYW5nL09iamVjdDsBAApFeGNlcHRpb25zBwDjAQALZXZh
bHVhdGVPbGQBABFldmFsdWF0ZUVzdGltYXRlZAEAClNvdXJjZUZpbGUBACVCYXNpY19TdWJfMV8x
MTg3OTU3NTU4NTI1Xzg2NjUyNi5qYXZhDAB6AHsMAFcAWAwAWQBYDABaAFgMAFsAWAwAXABYDABd
AFgMAF4AWAwAXwBYDABgAFgMAGEAWAwAYgBYDABjAFgMAGQAWAwAZQBYDABmAFgMAGcAWAwAaABY
DABpAFgMAGoAawwAbABrDABtAGsMAG4AawwAbwBrDABwAGsMAHEAawwAcgBrDABzAGsMAHQAdQwA
dgB1DAB3AHUMAHgAdQwAeQB1DACAAIEMAIIAgQwAgwCBAQAWUkVQT1JUX1JFU09VUkNFX0JVTkRM
RQcA5AwA5QDmAQAwbmV0L3NmL2phc3BlcnJlcG9ydHMvZW5naW5lL2ZpbGwvSlJGaWxsUGFyYW1l
dGVyAQAEdXNlcgEAGlJFUE9SVF9EQVRFX0ZPUk1BVF9GQUNUT1JZAQATUkVQT1JUX0NMQVNTX0xP
QURFUgEAEFJFUE9SVF9USU1FX1pPTkUBAAZyZXBvcnQBAAtwb3NpdGlvblVybAEAElJFUE9SVF9E
QVRBX1NPVVJDRQEADVJFUE9SVF9MT0NBTEUBABpSRVBPUlRfVVJMX0hBTkRMRVJfRkFDVE9SWQEA
FVJFUE9SVF9QQVJBTUVURVJTX01BUAEAEVJFUE9SVF9DT05ORUNUSU9OAQAUSVNfSUdOT1JFX1BB
R0lOQVRJT04BABFfRFNfRkFDVE9SWV9QQVJBTQEAElJFUE9SVF9WSVJUVUFMSVpFUgEACnN1Ympl
Y3RVcmwBABBSRVBPUlRfU0NSSVBUTEVUAQAQUkVQT1JUX01BWF9DT1VOVAEAJHBvc2l0aW9uLnRh
cmdldERlcml2ZWRBdHRyaWJ1dGVzWzIxXQEALG5ldC9zZi9qYXNwZXJyZXBvcnRzL2VuZ2luZS9m
aWxsL0pSRmlsbEZpZWxkAQALcG9zaXRpb24uaWQBACVwb3NpdGlvbi50YXJnZXREZXJpdmVkQXR0
cmlidXRlc1s0MDNdAQALcG9zaXRpb24uMzkBAA5wb3NpdGlvbi50aXRsZQEAJHBvc2l0aW9uLnRh
cmdldERlcml2ZWRBdHRyaWJ1dGVzWzE5XQEAJXBvc2l0aW9uLnRhcmdldERlcml2ZWRBdHRyaWJ1
dGVzWzM5OV0BAB9wb3NpdGlvbi5vcmdhbmlzYXRpb25Vbml0LmxhYmVsAQAScG9zaXRpb24uaGFz
QWNjZXNzAQALUEFHRV9OVU1CRVIBAC9uZXQvc2YvamFzcGVycmVwb3J0cy9lbmdpbmUvZmlsbC9K
UkZpbGxWYXJpYWJsZQEADUNPTFVNTl9OVU1CRVIBAAxSRVBPUlRfQ09VTlQBAApQQUdFX0NPVU5U
AQAMQ09MVU1OX0NPVU5UAQARamF2YS9sYW5nL0ludGVnZXIMAHoA5wwA6ADpBwDqDADrAOwBABBq
YXZhL2xhbmcvU3RyaW5nAQAXamF2YS9sYW5nL1N0cmluZ0J1aWxkZXIBACBfX3Bvc2l0aW9uVXJs
X18mY29tbWFuZC5ub2RlLmlkPQwA7QDuAQALJmhhc0FjY2Vzcz0MAO8A8AwA8QDpAQAgQmFzaWNf
U3ViXzFfMTE4Nzk1NzU1ODUyNV84NjY1MjYBACxuZXQvc2YvamFzcGVycmVwb3J0cy9lbmdpbmUv
ZmlsbC9KUkV2YWx1YXRvcgEAE2phdmEvbGFuZy9UaHJvd2FibGUBAA1qYXZhL3V0aWwvTWFwAQAD
Z2V0AQAmKExqYXZhL2xhbmcvT2JqZWN0OylMamF2YS9sYW5nL09iamVjdDsBAAQoSSlWAQAIZ2V0
VmFsdWUBABQoKUxqYXZhL2xhbmcvT2JqZWN0OwEANWNvbS96eW5hcC90YWxlbnRzdHVkaW8vYW5h
bHlzaXMvcmVwb3J0cy9EYXRhRm9ybWF0dGVyAQALZm9ybWF0VmFsdWUBACYoTGphdmEvbGFuZy9P
YmplY3Q7KUxqYXZhL2xhbmcvU3RyaW5nOwEABmFwcGVuZAEALShMamF2YS9sYW5nL1N0cmluZzsp
TGphdmEvbGFuZy9TdHJpbmdCdWlsZGVyOwEACHRvU3RyaW5nAQAUKClMamF2YS9sYW5nL1N0cmlu
ZzsBAAtnZXRPbGRWYWx1ZQAhAFUAVgAAACAAAgBXAFgAAAACAFkAWAAAAAIAWgBYAAAAAgBbAFgA
AAACAFwAWAAAAAIAXQBYAAAAAgBeAFgAAAACAF8AWAAAAAIAYABYAAAAAgBhAFgAAAACAGIAWAAA
AAIAYwBYAAAAAgBkAFgAAAACAGUAWAAAAAIAZgBYAAAAAgBnAFgAAAACAGgAWAAAAAIAaQBYAAAA
AgBqAGsAAAACAGwAawAAAAIAbQBrAAAAAgBuAGsAAAACAG8AawAAAAIAcABrAAAAAgBxAGsAAAAC
AHIAawAAAAIAcwBrAAAAAgB0AHUAAAACAHYAdQAAAAIAdwB1AAAAAgB4AHUAAAACAHkAdQAAAAgA
AQB6AHsAAQB8AAABPQACAAEAAAClKrcAASoBtQACKgG1AAMqAbUABCoBtQAFKgG1AAYqAbUAByoB
tQAIKgG1AAkqAbUACioBtQALKgG1AAwqAbUADSoBtQAOKgG1AA8qAbUAECoBtQARKgG1ABIqAbUA
EyoBtQAUKgG1ABUqAbUAFioBtQAXKgG1ABgqAbUAGSoBtQAaKgG1ABsqAbUAHCoBtQAdKgG1AB4q
AbUAHyoBtQAgKgG1ACGxAAAAAQB9AAAAhgAhAAAAEgAEABkACQAaAA4AGwATABwAGAAdAB0AHgAi
AB8AJwAgACwAIQAxACIANgAjADsAJABAACUARQAmAEoAJwBPACgAVAApAFkAKgBeACsAYwAsAGgA
LQBtAC4AcgAvAHcAMAB8ADEAgQAyAIYAMwCLADQAkAA1AJUANgCaADcAnwA4AAEAfgB/AAEAfAAA
ADQAAgAEAAAAECortwAiKiy3ACMqLbcAJLEAAAABAH0AAAASAAQAAABEAAUARQAKAEYADwBHAAIA
gACBAAEAfAAAAW8AAwACAAABDyorEiW5ACYCAMAAJ7UAAiorEii5ACYCAMAAJ7UAAyorEim5ACYC
AMAAJ7UABCorEiq5ACYCAMAAJ7UABSorEiu5ACYCAMAAJ7UABiorEiy5ACYCAMAAJ7UAByorEi25
ACYCAMAAJ7UACCorEi65ACYCAMAAJ7UACSorEi+5ACYCAMAAJ7UACiorEjC5ACYCAMAAJ7UACyor
EjG5ACYCAMAAJ7UADCorEjK5ACYCAMAAJ7UADSorEjO5ACYCAMAAJ7UADiorEjS5ACYCAMAAJ7UA
DyorEjW5ACYCAMAAJ7UAECorEja5ACYCAMAAJ7UAESorEje5ACYCAMAAJ7UAEiorEji5ACYCAMAA
J7UAE7EAAAABAH0AAABOABMAAABPAA8AUAAeAFEALQBSADwAUwBLAFQAWgBVAGkAVgB4AFcAhwBY
AJYAWQClAFoAtABbAMMAXADSAF0A4QBeAPAAXwD/AGABDgBhAAIAggCBAAEAfAAAAMQAAwACAAAA
iCorEjm5ACYCAMAAOrUAFCorEju5ACYCAMAAOrUAFSorEjy5ACYCAMAAOrUAFiorEj25ACYCAMAA
OrUAFyorEj65ACYCAMAAOrUAGCorEj+5ACYCAMAAOrUAGSorEkC5ACYCAMAAOrUAGiorEkG5ACYC
AMAAOrUAGyorEkK5ACYCAMAAOrUAHLEAAAABAH0AAAAqAAoAAABpAA8AagAeAGsALQBsADwAbQBL
AG4AWgBvAGkAcAB4AHEAhwByAAIAgwCBAAEAfAAAAHgAAwACAAAATCorEkO5ACYCAMAARLUAHSor
EkW5ACYCAMAARLUAHiorEka5ACYCAMAARLUAHyorEke5ACYCAMAARLUAICorEki5ACYCAMAARLUA
IbEAAAABAH0AAAAaAAYAAAB6AA8AewAeAHwALQB9ADwAfgBLAH8AAQCEAIUAAgB8AAAB+AADAAMA
AAFYAU0bqgAAAVMAAAAAAAAADwAAAE0AAABZAAAAZQAAAHEAAAB9AAAAiQAAAJUAAAChAAAArQAA
AL4AAADPAAAA4AAAARIAAAEjAAABMQAAAUK7AElZBLcASk2nAP27AElZBLcASk2nAPG7AElZBLcA
Sk2nAOW7AElZA7cASk2nANm7AElZBLcASk2nAM27AElZA7cASk2nAMG7AElZBLcASk2nALW7AElZ
A7cASk2nAKkqtAAUtgBLwABJuABMTacAmCq0ABq2AEvAAEm4AExNpwCHKrQAGLYAS8AATbgATE2n
AHa7AE5ZtwBPElC2AFEqtAAVtgBLwABNtgBRElK2AFEqtAActgBLwABNtgBRtgBTTacARCq0ABu2
AEvAAE24AExNpwAzKrQAF7YAS7gATE2nACUqtAAZtgBLwABJuABMTacAFCq0ABa2AEvAAEm4AExN
pwADLLAAAAABAH0AAACOACMAAACHAAIAiQBQAI0AWQCOAFwAkgBlAJMAaACXAHEAmAB0AJwAfQCd
AIAAoQCJAKIAjACmAJUApwCYAKsAoQCsAKQAsACtALEAsAC1AL4AtgDBALoAzwC7ANIAvwDgAMAA
4wDEARIAxQEVAMkBIwDKASYAzgExAM8BNADTAUIA1AFFANgBUwDZAVYA4ACGAAAABAABAIcAAQCI
AIUAAgB8AAAB+AADAAMAAAFYAU0bqgAAAVMAAAAAAAAADwAAAE0AAABZAAAAZQAAAHEAAAB9AAAA
iQAAAJUAAAChAAAArQAAAL4AAADPAAAA4AAAARIAAAEjAAABMQAAAUK7AElZBLcASk2nAP27AElZ
BLcASk2nAPG7AElZBLcASk2nAOW7AElZA7cASk2nANm7AElZBLcASk2nAM27AElZA7cASk2nAMG7
AElZBLcASk2nALW7AElZA7cASk2nAKkqtAAUtgBUwABJuABMTacAmCq0ABq2AFTAAEm4AExNpwCH
KrQAGLYAVMAATbgATE2nAHa7AE5ZtwBPElC2AFEqtAAVtgBUwABNtgBRElK2AFEqtAActgBUwABN
tgBRtgBTTacARCq0ABu2AFTAAE24AExNpwAzKrQAF7YAVLgATE2nACUqtAAZtgBUwABJuABMTacA
FCq0ABa2AFTAAEm4AExNpwADLLAAAAABAH0AAACOACMAAADpAAIA6wBQAO8AWQDwAFwA9ABlAPUA
aAD5AHEA+gB0AP4AfQD/AIABAwCJAQQAjAEIAJUBCQCYAQ0AoQEOAKQBEgCtARMAsAEXAL4BGADB
ARwAzwEdANIBIQDgASIA4wEmARIBJwEVASsBIwEsASYBMAExATEBNAE1AUIBNgFFAToBUwE7AVYB
QgCGAAAABAABAIcAAQCJAIUAAgB8AAAB+AADAAMAAAFYAU0bqgAAAVMAAAAAAAAADwAAAE0AAABZ
AAAAZQAAAHEAAAB9AAAAiQAAAJUAAAChAAAArQAAAL4AAADPAAAA4AAAARIAAAEjAAABMQAAAUK7
AElZBLcASk2nAP27AElZBLcASk2nAPG7AElZBLcASk2nAOW7AElZA7cASk2nANm7AElZBLcASk2n
AM27AElZA7cASk2nAMG7AElZBLcASk2nALW7AElZA7cASk2nAKkqtAAUtgBLwABJuABMTacAmCq0
ABq2AEvAAEm4AExNpwCHKrQAGLYAS8AATbgATE2nAHa7AE5ZtwBPElC2AFEqtAAVtgBLwABNtgBR
ElK2AFEqtAActgBLwABNtgBRtgBTTacARCq0ABu2AEvAAE24AExNpwAzKrQAF7YAS7gATE2nACUq
tAAZtgBLwABJuABMTacAFCq0ABa2AEvAAEm4AExNpwADLLAAAAABAH0AAACOACMAAAFLAAIBTQBQ
AVEAWQFSAFwBVgBlAVcAaAFbAHEBXAB0AWAAfQFhAIABZQCJAWYAjAFqAJUBawCYAW8AoQFwAKQB
dACtAXUAsAF5AL4BegDBAX4AzwF/ANIBgwDgAYQA4wGIARIBiQEVAY0BIwGOASYBkgExAZMBNAGX
AUIBmAFFAZwBUwGdAVYBpACGAAAABAABAIcAAQCKAAAAAgCLdAAVXzExODc5NTc1NTg1MjVfODY2
NTI2cQB+Ab1xAH4Bvng="/>
    <REPORT_COLUMNS SOURCE="NA" ID="-116" REF_VALUE="subjectPrimaryAssociations.subject.subjectSecondaryAssociations.position.targetDerivedAttributes[21]" LABEL="Current Holder Succession Position Secondary Provisional Subordinate Count" REP_ID="-101" POSITION="15" COLUMN_TYPE="targetDerivedAttributes" MANDATORY="F" IS_COLOR_DISPLAYABLE="F" IS_FORMULA="F" IS_GROUPED="F"/>
    <REPORT_COLUMNS SOURCE="NA" ID="-101" REF_VALUE="title" LABEL="Title" REP_ID="-101" POSITION="0" COLUMN_TYPE="TEXT" MANDATORY="F" IS_COLOR_DISPLAYABLE="F" IS_FORMULA="F" IS_GROUPED="F"/>
    <REPORT_COLUMNS SOURCE="NA" ID="-117" REF_VALUE="subjectPrimaryAssociations.subject.subjectSecondaryAssociations.position.targetDerivedAttributes[399]" LABEL="Current Holder Succession Position Primary Acting Person Count" REP_ID="-101" POSITION="16" COLUMN_TYPE="targetDerivedAttributes" MANDATORY="F" IS_COLOR_DISPLAYABLE="F" IS_FORMULA="F" IS_GROUPED="F"/>
    <REPORT_COLUMNS SOURCE="NA" ID="-102" REF_VALUE="organisationUnit.label" LABEL="Organisation Unit" REP_ID="-101" POSITION="1" COLUMN_TYPE="TEXT" MANDATORY="F" IS_COLOR_DISPLAYABLE="F" IS_FORMULA="F" IS_GROUPED="F"/>
    <REPORT_COLUMNS SOURCE="NA" ID="-103" REF_VALUE="39" LABEL="Preferred Language" REP_ID="-101" POSITION="2" COLUMN_TYPE="STRUCT" MANDATORY="F" IS_COLOR_DISPLAYABLE="F" IS_FORMULA="F" IS_GROUPED="F"/>
    <REPORT_COLUMNS SOURCE="NA" ID="-104" REF_VALUE="targetDerivedAttributes[19]" LABEL="Primary Direct Subordinate Count" REP_ID="-101" POSITION="3" COLUMN_TYPE="targetDerivedAttributes" MANDATORY="F" IS_COLOR_DISPLAYABLE="F" IS_FORMULA="F" IS_GROUPED="F"/>
    <REPORT_COLUMNS SOURCE="NA" ID="-105" REF_VALUE="targetDerivedAttributes[21]" LABEL="Secondary Provisional Subordinate Count" REP_ID="-101" POSITION="4" COLUMN_TYPE="targetDerivedAttributes" MANDATORY="F" IS_COLOR_DISPLAYABLE="F" IS_FORMULA="F" IS_GROUPED="F"/>
    <REPORT_COLUMNS SOURCE="NA" ID="-106" REF_VALUE="targetDerivedAttributes[399]" LABEL="Primary Acting Person Count" REP_ID="-101" POSITION="5" COLUMN_TYPE="targetDerivedAttributes" MANDATORY="F" IS_COLOR_DISPLAYABLE="F" IS_FORMULA="F" IS_GROUPED="F"/>
    <REPORT_COLUMNS SOURCE="NA" ID="-107" REF_VALUE="targetDerivedAttributes[403]" LABEL="Secondary Emergency Person Count" REP_ID="-101" POSITION="6" COLUMN_TYPE="targetDerivedAttributes" MANDATORY="F" IS_COLOR_DISPLAYABLE="F" IS_FORMULA="F" IS_GROUPED="F"/>
    <REPORT_COLUMNS SOURCE="NA" ID="-108" REF_VALUE="subjectPrimaryAssociations.subject.coreDetail.name" LABEL="Current Holder Full Name" REP_ID="-101" POSITION="7" COLUMN_TYPE="TEXT" MANDATORY="F" IS_COLOR_DISPLAYABLE="F" IS_FORMULA="F" IS_GROUPED="F"/>
    <REPORT_COLUMNS SOURCE="NA" ID="-109" REF_VALUE="subjectPrimaryAssociations.subject.9" LABEL="Current Holder Gender" REP_ID="-101" POSITION="8" COLUMN_TYPE="STRUCT" MANDATORY="F" IS_COLOR_DISPLAYABLE="F" IS_FORMULA="F" IS_GROUPED="F"/>
    <REPORT_COLUMNS SOURCE="NA" ID="-110" REF_VALUE="subjectPrimaryAssociations.subject.sourceDerivedAttributes[399]" LABEL="Current Holder Primary Acting Position Count" REP_ID="-101" POSITION="9" COLUMN_TYPE="sourceDerivedAttributes" MANDATORY="F" IS_COLOR_DISPLAYABLE="F" IS_FORMULA="F" IS_GROUPED="F"/>
    <REPORT_COLUMNS SOURCE="NA" ID="-111" REF_VALUE="subjectPrimaryAssociations.subject.sourceDerivedAttributes[403]" LABEL="Current Holder Secondary Emergency Position Count" REP_ID="-101" POSITION="10" COLUMN_TYPE="sourceDerivedAttributes" MANDATORY="F" IS_COLOR_DISPLAYABLE="F" IS_FORMULA="F" IS_GROUPED="F"/>
    <REPORT_COLUMNS SOURCE="NA" ID="-112" REF_VALUE="subjectPrimaryAssociations.subject.subjectSecondaryAssociations.position.title" LABEL="Current Holder Succession Position Title" REP_ID="-101" POSITION="11" COLUMN_TYPE="TEXT" MANDATORY="F" IS_COLOR_DISPLAYABLE="F" IS_FORMULA="F" IS_GROUPED="F"/>
    <REPORT_COLUMNS SOURCE="NA" ID="-113" REF_VALUE="subjectPrimaryAssociations.subject.subjectSecondaryAssociations.position.organisationUnit.label" LABEL="Current Holder Succession Position Organisation Unit" REP_ID="-101" POSITION="12" COLUMN_TYPE="TEXT" MANDATORY="F" IS_COLOR_DISPLAYABLE="F" IS_FORMULA="F" IS_GROUPED="F"/>
    <REPORT_COLUMNS SOURCE="NA" ID="-114" REF_VALUE="subjectPrimaryAssociations.subject.subjectSecondaryAssociations.position.39" LABEL="Current Holder Succession Position Preferred Language" REP_ID="-101" POSITION="13" COLUMN_TYPE="STRUCT" MANDATORY="F" IS_COLOR_DISPLAYABLE="F" IS_FORMULA="F" IS_GROUPED="F"/>
    <REPORT_COLUMNS SOURCE="NA" ID="-115" REF_VALUE="subjectPrimaryAssociations.subject.subjectSecondaryAssociations.position.targetDerivedAttributes[19]" LABEL="Current Holder Succession Position Primary Direct Subordinate Count" REP_ID="-101" POSITION="14" COLUMN_TYPE="targetDerivedAttributes" MANDATORY="F" IS_COLOR_DISPLAYABLE="F" IS_FORMULA="F" IS_GROUPED="F"/>
    <REPORT_COLUMNS SOURCE="NA" ID="-118" REF_VALUE="subjectPrimaryAssociations.subject.subjectSecondaryAssociations.position.targetDerivedAttributes[403]" LABEL="Current Holder Succession Position Secondary Emergency Person Count" REP_ID="-101" POSITION="17" COLUMN_TYPE="targetDerivedAttributes" MANDATORY="F" IS_COLOR_DISPLAYABLE="F" IS_FORMULA="F" IS_GROUPED="F"/>
</dataset>
