<?xml version='1.0' encoding='UTF-8'?>
<dataset>
    <NODES ID="-32" NODE_TYPE="S" IS_ACTIVE="T"/>
    <NODES ID="-33" NODE_TYPE="S" IS_ACTIVE="T"/>
    <NODES ID="-34" NODE_TYPE="S" IS_ACTIVE="T"/>
    <NODES ID="-35" NODE_TYPE="S" IS_ACTIVE="T"/>
    <NODES ID="-22" NODE_TYPE="O" IS_ACTIVE="T"/>
    <NODES ID="-23" NODE_TYPE="O" IS_ACTIVE="T"/>
    <NODES ID="-24" NODE_TYPE="O" IS_ACTIVE="T"/>
    <NODES ID="-25" NODE_TYPE="O" IS_ACTIVE="T"/>
    <NODES ID="-9" NODE_TYPE="O" IS_ACTIVE="T"/>
    <NODES ID="-10" NODE_TYPE="O" IS_ACTIVE="T"/>
    <NODES ID="-6" NODE_TYPE="P" IS_ACTIVE="T"/>
    <NODES ID="-7" NODE_TYPE="P" IS_ACTIVE="T"/>
    <NODES ID="-8" NODE_TYPE="P" IS_ACTIVE="T"/>
    <NODES ID="-11" NODE_TYPE="P" IS_ACTIVE="T"/>
    <ORGANIZATION_UNITS NODE_ID="-22" PARENT_ID="0" LABEL="Marketing"/>
    <ORGANIZATION_UNITS NODE_ID="-23" PARENT_ID="0" LABEL="Accounts"/>
    <ORGANIZATION_UNITS NODE_ID="-24" PARENT_ID="0" LABEL="IT"/>
    <ORGANIZATION_UNITS NODE_ID="-25" PARENT_ID="-24" LABEL="Engineering"/>
    <ORGANIZATION_UNITS NODE_ID="-10" PARENT_ID="-25" LABEL="Development"/>
    <ORGANIZATION_UNITS NODE_ID="-9" PARENT_ID="-10" LABEL="Java"/>
    <POSITIONS NODE_ID="-6" PARENT_ID="1" ORG_UNIT_ID="-22" TITLE="Head Of Marketing" CURRENT_HOLDER_INFO="SSSSS"/>
    <POSITIONS NODE_ID="-7" PARENT_ID="1" ORG_UNIT_ID="-23" TITLE="Head Of Accounts" CURRENT_HOLDER_INFO="SSSSS"/>
    <POSITIONS NODE_ID="-8" PARENT_ID="1" ORG_UNIT_ID="-24" TITLE="Head Of IT" CURRENT_HOLDER_INFO="SSSSS"/>
    <POSITIONS NODE_ID="-11" PARENT_ID="-8" ORG_UNIT_ID="-25" TITLE="Head Of Engineering" CURRENT_HOLDER_INFO="SSSSS"/>
    
    <CORE_DETAILS ID="-32" FIRST_NAME="Peter" TITLE="Mr" PREF_GIVEN_NAME="Peter Sellers" SECOND_NAME="Sellers"/>
    <CORE_DETAILS ID="-33" FIRST_NAME="Daniel" TITLE="Mr" PREF_GIVEN_NAME="Danny" SECOND_NAME="Deronda"/>
    <CORE_DETAILS ID="-34" FIRST_NAME="Jane" TITLE="Miss" PREF_GIVEN_NAME="Janey" SECOND_NAME="Eyre"/>
    <CORE_DETAILS ID="-35" FIRST_NAME="Agatha" TITLE="Miss" PREF_GIVEN_NAME="Agatha Christie" SECOND_NAME="Christie"/>

    <USERS CD_ID="-32" ID="-132" USER_TYPE="SYSTEMSUBJECT" IS_ACTIVE="T" IS_ROOT="F"/>
    <USERS CD_ID="-33" ID="-133" USER_TYPE="SYSTEMSUBJECT" IS_ACTIVE="T" IS_ROOT="F"/>
    <USERS CD_ID="-34" ID="-134" USER_TYPE="SYSTEMSUBJECT" IS_ACTIVE="T" IS_ROOT="F"/>
    <USERS CD_ID="-35" ID="-135" USER_TYPE="SYSTEM" IS_ACTIVE="T" IS_ROOT="F"/>

    <SUBJECTS CD_ID="-32" NODE_ID="-32" USER_ID="-132" HAS_PICTURE="F" CURRENT_JOB_INFO="fdfsdfsd"/>
    <SUBJECTS CD_ID="-33" NODE_ID="-33" USER_ID="-133" HAS_PICTURE="F" CURRENT_JOB_INFO="fdfsdfsd"/>
    <SUBJECTS CD_ID="-34" NODE_ID="-34" USER_ID="-134" HAS_PICTURE="F" CURRENT_JOB_INFO="fdfsdfsd"/>
    <SUBJECTS CD_ID="-35" NODE_ID="-35" USER_ID="-135" HAS_PICTURE="F" CURRENT_JOB_INFO="fdfsdfsd"/>

    <APP_ROLES_USERS USER_ID="-133" ROLE_ID="1"/>
    <APP_ROLES_USERS USER_ID="-135" ROLE_ID="8"/>

    <POSITION_ASSOCIATIONS ID="-43" SOURCE_ID="-6" TARGET_ID="1" VALUE_ID="19"/>
    <POSITION_ASSOCIATIONS ID="-44" SOURCE_ID="-6" TARGET_ID="-7" VALUE_ID="21"/>
    <POSITION_ASSOCIATIONS ID="-45" SOURCE_ID="-7" TARGET_ID="1" VALUE_ID="19"/>
    <POSITION_ASSOCIATIONS ID="-46" SOURCE_ID="-8" TARGET_ID="1" VALUE_ID="19"/>
    <POSITION_ASSOCIATIONS ID="-47" SOURCE_ID="-11" TARGET_ID="-8" VALUE_ID="19"/>

    <SUBJECT_ASSOCIATIONS VALUE_ID="399" ID="-159" POSITION_ID="1" SUBJECT_ID="-32"/>
    <SUBJECT_ASSOCIATIONS VALUE_ID="399" ID="-160" POSITION_ID="-6" SUBJECT_ID="-33"/>
    <SUBJECT_ASSOCIATIONS VALUE_ID="402" ID="-162" POSITION_ID="-7" SUBJECT_ID="-34"/>
    <SUBJECT_ASSOCIATIONS VALUE_ID="402" ID="-12" POSITION_ID="-8" SUBJECT_ID="-35"/>

    <LOGINS USER_ID="-132" USERNAME="peter" PASSWORD="8A65E0E80532B5FA" EXPIRES="2030-04-30" LOCKED="F" FORCE_PWD_CHANGE="F"/>
    <LOGINS USER_ID="-133" USERNAME="daniel" PASSWORD="8A65E0E80532B5FA" EXPIRES="2030-04-30" LOCKED="F" FORCE_PWD_CHANGE="F"/>
    <LOGINS USER_ID="-134" USERNAME="janey" PASSWORD="8A65E0E80532B5FA" EXPIRES="2030-04-30" LOCKED="F" FORCE_PWD_CHANGE="F"/>
    <LOGINS USER_ID="-135" USERNAME="agatha" PASSWORD="8A65E0E80532B5FA" EXPIRES="2030-04-30" LOCKED="F" FORCE_PWD_CHANGE="F"/>

</dataset>
